<?xml version="1.0" encoding="UTF-8"?>
<testsuites name="TS03 - Payment Method - eWallet" time="52.357" tests="2" failures="0" errors="0">
   <testsuite name="TS03 - Payment Method - eWallet" tests="2" failures="0" errors="0" time="52.357" skipped="0" timestamp="2022-05-10 19:13:42" hostname="220005 - LAP-IT-ROBI.mshome.net" id="Test Suites/TS03 - Payment Method - eWallet">
      <properties>
         <property name="deviceName" value=""/>
         <property name="devicePlatform" value=""/>
         <property name="logFolder" value="C:\\Users\\220005\\Katalon Studio\\SmallProject1_Yulia\\Reports\\20220510_191332\\TS03 - Payment Method - eWallet\\20220510_191332"/>
         <property name="logFiles" value="C:\\Users\\220005\\Katalon Studio\\SmallProject1_Yulia\\Reports\\20220510_191332\\TS03 - Payment Method - eWallet\\20220510_191332\\execution0.log"/>
         <property name="attachments" value="C:\\Users\\220005\\Katalon Studio\\SmallProject1_Yulia\\Reports\\20220510_191332\\TS03 - Payment Method - eWallet\\20220510_191332\\1652184834528.png, C:\\Users\\220005\\Katalon Studio\\SmallProject1_Yulia\\Reports\\20220510_191332\\TS03 - Payment Method - eWallet\\20220510_191332\\1652184839156.png, C:\\Users\\220005\\Katalon Studio\\SmallProject1_Yulia\\Reports\\20220510_191332\\TS03 - Payment Method - eWallet\\20220510_191332\\1652184859749.png, C:\\Users\\220005\\Katalon Studio\\SmallProject1_Yulia\\Reports\\20220510_191332\\TS03 - Payment Method - eWallet\\20220510_191332\\1652184864240.png"/>
         <property name="hostName" value="220005 - LAP-IT-ROBI.mshome.net"/>
         <property name="os" value="Windows 10 64bit"/>
         <property name="katalonVersion" value="8.2.5.208"/>
         <property name="browser" value="Chrome 101.0.4951.54"/>
         <property name="hostAddress" value="172.22.208.1"/>
         <property name="sessionId" value="e1249db6514f1523e0a1942b185021c3"/>
         <property name="seleniumVersion" value="3.141.59"/>
         <property name="proxyInformation" value="ProxyInformation { proxyOption=NO_PROXY, proxyServerType=HTTP, username=, password=********, proxyServerAddress=, proxyServerPort=0, executionList=&quot;&quot;, isApplyToDesiredCapabilities=true }"/>
         <property name="platform" value="Windows 10"/>
      </properties>
      <testcase name="Test Cases/SmallProject1_Version2/TC66_UserSelectMethod_GOPAY" time="27.295" classname="Test Cases/SmallProject1_Version2/TC66_UserSelectMethod_GOPAY" status="PASSED">
         <system-out><![CDATA[2022-05-10 19:13:42 - [TEST_CASE][PASSED] - Test Cases/SmallProject1_Version2/TC66_UserSelectMethod_GOPAY: Test Cases/SmallProject1_Version2/TC66_UserSelectMethod_GOPAY

2022-05-10 19:13:43 - [TEST_STEP][PASSED] - callTestCase(findTestCase("SmallProject1_Version2/TC32_UserSuccessCheckout"), [:], STOP_ON_FAILURE): Call Test Case 'Test Cases/SmallProject1_Version2/TC32_UserSuccessCheckout' successfully

2022-05-10 19:13:43 - [TEST_CASE][PASSED] - Test Cases/SmallProject1_Version2/TC32_UserSuccessCheckout: Test Cases/SmallProject1_Version2/TC32_UserSuccessCheckout

2022-05-10 19:13:43 - [TEST_STEP][PASSED] - openBrowser(""): Browser is opened with url: ''

2022-05-10 19:13:43 - [MESSAGE][INFO] - Starting 'Chrome' driver

2022-05-10 19:13:44 - [MESSAGE][INFO] - Action delay is set to 0 milliseconds

2022-05-10 19:13:46 - [MESSAGE][PASSED] - Browser is opened with url: ''

2022-05-10 19:13:46 - [TEST_STEP][PASSED] - maximizeWindow(): Current window maximized

2022-05-10 19:13:46 - [MESSAGE][PASSED] - Current window maximized

2022-05-10 19:13:46 - [TEST_STEP][PASSED] - navigateToUrl("https://demo.midtrans.com/"): Navigate to 'https://demo.midtrans.com/' successfully

2022-05-10 19:13:46 - [MESSAGE][PASSED] - Navigate to 'https://demo.midtrans.com/' successfully

2022-05-10 19:13:46 - [TEST_STEP][PASSED] - click(findTestObject("3. Checkout/a_BUY NOW")): Object: 'Object Repository/3. Checkout/a_BUY NOW' is clicked on

2022-05-10 19:13:47 - [MESSAGE][PASSED] - Object: 'Object Repository/3. Checkout/a_BUY NOW' is clicked on

2022-05-10 19:13:47 - [TEST_STEP][PASSED] - verifyElementVisibleInViewport(findTestObject("3. Checkout/Verify_ShoppingCart"), 0): Object 'Object Repository/3. Checkout/Verify_ShoppingCart' is present and visible in viewport

2022-05-10 19:13:47 - [MESSAGE][WARNING] - Timeout '0' is invalid. Using default page load timeout: '30'

2022-05-10 19:13:48 - [MESSAGE][PASSED] - Object 'Object Repository/3. Checkout/Verify_ShoppingCart' is present and visible in viewport

2022-05-10 19:13:48 - [TEST_STEP][PASSED] - verifyElementText(findTestObject("3. Checkout/Verify_TotalAmount"), "20,000"): Actual text and expected text of test object 'Object Repository/3. Checkout/Verify_TotalAmount' are matched.

2022-05-10 19:13:48 - [MESSAGE][PASSED] - Actual text and expected text of test object 'Object Repository/3. Checkout/Verify_TotalAmount' are matched.

2022-05-10 19:13:48 - [TEST_STEP][PASSED] - verifyElementText(findTestObject("3. Checkout/Verify_CustomerDetail"), "Customer Details"): Actual text and expected text of test object 'Object Repository/3. Checkout/Verify_CustomerDetail' are matched.

2022-05-10 19:13:48 - [MESSAGE][PASSED] - Actual text and expected text of test object 'Object Repository/3. Checkout/Verify_CustomerDetail' are matched.

2022-05-10 19:13:48 - [TEST_STEP][PASSED] - setText(findTestObject("3. Checkout/Field_Name"), Name): Text 'Yulia' is set on object 'Object Repository/3. Checkout/Field_Name'

2022-05-10 19:13:49 - [MESSAGE][PASSED] - Text 'Yulia' is set on object 'Object Repository/3. Checkout/Field_Name'

2022-05-10 19:13:49 - [TEST_STEP][PASSED] - setText(findTestObject("3. Checkout/Field_Email"), Email): Text 'yulia@email.com' is set on object 'Object Repository/3. Checkout/Field_Email'

2022-05-10 19:13:50 - [MESSAGE][PASSED] - Text 'yulia@email.com' is set on object 'Object Repository/3. Checkout/Field_Email'

2022-05-10 19:13:50 - [TEST_STEP][PASSED] - setText(findTestObject("3. Checkout/Field_Phone"), Phone): Text '081234567890' is set on object 'Object Repository/3. Checkout/Field_Phone'

2022-05-10 19:13:50 - [MESSAGE][PASSED] - Text '081234567890' is set on object 'Object Repository/3. Checkout/Field_Phone'

2022-05-10 19:13:50 - [TEST_STEP][PASSED] - setText(findTestObject("3. Checkout/Field_City"), City): Text 'Jakarta' is set on object 'Object Repository/3. Checkout/Field_City'

2022-05-10 19:13:51 - [MESSAGE][PASSED] - Text 'Jakarta' is set on object 'Object Repository/3. Checkout/Field_City'

2022-05-10 19:13:51 - [TEST_STEP][PASSED] - setText(findTestObject("3. Checkout/Field_Address"), Address): Text 'Jalan Jend. Sudirman Kav 10' is set on object 'Object Repository/3. Checkout/Field_Address'

2022-05-10 19:13:52 - [MESSAGE][PASSED] - Text 'Jalan Jend. Sudirman Kav 10' is set on object 'Object Repository/3. Checkout/Field_Address'

2022-05-10 19:13:52 - [TEST_STEP][PASSED] - setText(findTestObject("3. Checkout/Field_PostalCode"), PostalCode): Text '12345' is set on object 'Object Repository/3. Checkout/Field_PostalCode'

2022-05-10 19:13:53 - [MESSAGE][PASSED] - Text '12345' is set on object 'Object Repository/3. Checkout/Field_PostalCode'

2022-05-10 19:13:53 - [TEST_STEP][PASSED] - click(findTestObject("3. Checkout/Button_Checkout")): Object: 'Object Repository/3. Checkout/Button_Checkout' is clicked on

2022-05-10 19:13:53 - [MESSAGE][PASSED] - Object: 'Object Repository/3. Checkout/Button_Checkout' is clicked on

2022-05-10 19:13:53 - [TEST_STEP][PASSED] - delay(1): Delayed 1 second(s)

2022-05-10 19:13:54 - [MESSAGE][PASSED] - Delayed 1 second(s)

2022-05-10 19:13:54 - [TEST_STEP][PASSED] - takeFullPageScreenshot(): Taking screenshot successfully

2022-05-10 19:13:55 - [MESSAGE][INFO] - 0 hidden object(s)

2022-05-10 19:13:55 - [MESSAGE][PASSED] - Taking screenshot successfully
[[ATTACHMENT|C:\\Users\\220005\\Katalon Studio\\SmallProject1_Yulia\\Reports\\20220510_191332\\TS03 - Payment Method - eWallet\\20220510_191332\\1652184834528.png]]

2022-05-10 19:13:55 - [TEST_STEP][PASSED] - verifyElementVisible(findTestObject("5. PopUp Detail/Time_PayWithin"), STOP_ON_FAILURE): Object 'Object Repository/5. PopUp Detail/Time_PayWithin' is visible

2022-05-10 19:13:55 - [MESSAGE][PASSED] - Object 'Object Repository/5. PopUp Detail/Time_PayWithin' is visible

2022-05-10 19:13:55 - [TEST_STEP][PASSED] - verifyElementVisible(findTestObject("5. PopUp Detail/Verify_OrderID_PopUp")): Object 'Object Repository/5. PopUp Detail/Verify_OrderID_PopUp' is visible

2022-05-10 19:13:56 - [MESSAGE][PASSED] - Object 'Object Repository/5. PopUp Detail/Verify_OrderID_PopUp' is visible

2022-05-10 19:13:56 - [TEST_STEP][PASSED] - verifyElementVisible(findTestObject("3. Checkout/Verify_MethodList")): Object 'Object Repository/3. Checkout/Verify_MethodList' is visible

2022-05-10 19:13:56 - [MESSAGE][PASSED] - Object 'Object Repository/3. Checkout/Verify_MethodList' is visible

2022-05-10 19:13:56 - [MESSAGE][PASSED] - Call Test Case 'Test Cases/SmallProject1_Version2/TC32_UserSuccessCheckout' successfully

2022-05-10 19:13:56 - [TEST_STEP][PASSED] - verifyElementVisible(findTestObject("4. Payment/Payment_eWallet/Title_Gopay")): Object 'Object Repository/4. Payment/Payment_eWallet/Title_Gopay' is visible

2022-05-10 19:13:57 - [MESSAGE][PASSED] - Object 'Object Repository/4. Payment/Payment_eWallet/Title_Gopay' is visible

2022-05-10 19:13:57 - [TEST_STEP][PASSED] - verifyElementVisible(findTestObject("4. Payment/Payment_eWallet/Logo_Gopay")): Object 'Object Repository/4. Payment/Payment_eWallet/Logo_Gopay' is visible

2022-05-10 19:13:57 - [MESSAGE][PASSED] - Object 'Object Repository/4. Payment/Payment_eWallet/Logo_Gopay' is visible

2022-05-10 19:13:57 - [TEST_STEP][PASSED] - click(findTestObject("4. Payment/Payment_eWallet/Button_GOPAY")): Object: 'Object Repository/4. Payment/Payment_eWallet/Button_GOPAY' is clicked on

2022-05-10 19:13:58 - [MESSAGE][PASSED] - Object: 'Object Repository/4. Payment/Payment_eWallet/Button_GOPAY' is clicked on

2022-05-10 19:13:58 - [TEST_STEP][PASSED] - delay(1): Delayed 1 second(s)

2022-05-10 19:13:59 - [MESSAGE][PASSED] - Delayed 1 second(s)

2022-05-10 19:13:59 - [TEST_STEP][PASSED] - takeFullPageScreenshot(): Taking screenshot successfully

2022-05-10 19:13:59 - [MESSAGE][INFO] - 0 hidden object(s)

2022-05-10 19:13:59 - [MESSAGE][PASSED] - Taking screenshot successfully
[[ATTACHMENT|C:\\Users\\220005\\Katalon Studio\\SmallProject1_Yulia\\Reports\\20220510_191332\\TS03 - Payment Method - eWallet\\20220510_191332\\1652184839156.png]]

2022-05-10 19:13:59 - [TEST_STEP][PASSED] - verifyElementText(findTestObject("4. Payment/a_Header_Details"), "GoPay"): Actual text and expected text of test object 'Object Repository/4. Payment/a_Header_Details' are matched.

2022-05-10 19:14:00 - [MESSAGE][PASSED] - Actual text and expected text of test object 'Object Repository/4. Payment/a_Header_Details' are matched.

2022-05-10 19:14:00 - [TEST_STEP][PASSED] - verifyElementVisible(findTestObject("4. Payment/Payment_eWallet/a_IMG_QR_eWallet"), STOP_ON_FAILURE): Object 'Object Repository/4. Payment/Payment_eWallet/a_IMG_QR_eWallet' is visible

2022-05-10 19:14:00 - [MESSAGE][PASSED] - Object 'Object Repository/4. Payment/Payment_eWallet/a_IMG_QR_eWallet' is visible

2022-05-10 19:14:00 - [TEST_STEP][PASSED] - click(findTestObject("5. PopUp Detail/Button_Float_Down")): Object: 'Object Repository/5. PopUp Detail/Button_Float_Down' is clicked on

2022-05-10 19:14:01 - [MESSAGE][PASSED] - Object: 'Object Repository/5. PopUp Detail/Button_Float_Down' is clicked on

2022-05-10 19:14:01 - [TEST_STEP][PASSED] - verifyElementText(findTestObject("5. PopUp Detail/Verify_AmountMidtransPillow"), "Rp20.000"): Actual text and expected text of test object 'Object Repository/5. PopUp Detail/Verify_AmountMidtransPillow' are matched.

2022-05-10 19:14:01 - [MESSAGE][PASSED] - Actual text and expected text of test object 'Object Repository/5. PopUp Detail/Verify_AmountMidtransPillow' are matched.

2022-05-10 19:14:01 - [TEST_STEP][PASSED] - total1 = verifyElementText(findTestObject("5. PopUp Detail/Verify_TotalAmount_PopUp"), "Rp20.000"): Actual text and expected text of test object 'Object Repository/5. PopUp Detail/Verify_TotalAmount_PopUp' are matched.

2022-05-10 19:14:01 - [MESSAGE][PASSED] - Actual text and expected text of test object 'Object Repository/5. PopUp Detail/Verify_TotalAmount_PopUp' are matched.

2022-05-10 19:14:01 - [TEST_STEP][PASSED] - total2 = verifyElementText(findTestObject("5. PopUp Detail/Verify_TotalAmount_Summary"), "Rp20.000"): Actual text and expected text of test object 'Object Repository/5. PopUp Detail/Verify_TotalAmount_Summary' are matched.

2022-05-10 19:14:02 - [MESSAGE][PASSED] - Actual text and expected text of test object 'Object Repository/5. PopUp Detail/Verify_TotalAmount_Summary' are matched.

2022-05-10 19:14:02 - [TEST_STEP][PASSED] - verifyEqual(total1, total2, STOP_ON_FAILURE): Actual object 'true' and expected object 'true' are equal

2022-05-10 19:14:02 - [MESSAGE][PASSED] - Actual object 'true' and expected object 'true' are equal

2022-05-10 19:14:02 - [TEST_STEP][PASSED] - verifyElementText(findTestObject("5. PopUp Detail/Verify_Name_Summary"), Name): Actual text and expected text of test object 'Object Repository/5. PopUp Detail/Verify_Name_Summary' are matched.

2022-05-10 19:14:02 - [MESSAGE][PASSED] - Actual text and expected text of test object 'Object Repository/5. PopUp Detail/Verify_Name_Summary' are matched.

2022-05-10 19:14:02 - [TEST_STEP][PASSED] - verifyElementText(findTestObject("5. PopUp Detail/Verify_Addess_Summary"), Address_2): Actual text and expected text of test object 'Object Repository/5. PopUp Detail/Verify_Addess_Summary' are matched.

2022-05-10 19:14:03 - [MESSAGE][PASSED] - Actual text and expected text of test object 'Object Repository/5. PopUp Detail/Verify_Addess_Summary' are matched.

2022-05-10 19:14:03 - [TEST_STEP][PASSED] - verifyElementText(findTestObject("5. PopUp Detail/Verify_Phone_Summary"), Phone_2): Actual text and expected text of test object 'Object Repository/5. PopUp Detail/Verify_Phone_Summary' are matched.

2022-05-10 19:14:03 - [MESSAGE][PASSED] - Actual text and expected text of test object 'Object Repository/5. PopUp Detail/Verify_Phone_Summary' are matched.

2022-05-10 19:14:03 - [TEST_STEP][PASSED] - click(findTestObject("5. PopUp Detail/Button_Float_Up")): Object: 'Object Repository/5. PopUp Detail/Button_Float_Up' is clicked on

2022-05-10 19:14:04 - [MESSAGE][PASSED] - Object: 'Object Repository/5. PopUp Detail/Button_Float_Up' is clicked on

2022-05-10 19:14:04 - [TEST_STEP][PASSED] - click(findTestObject("4. Payment/a_Button_HowToPay")): Object: 'Object Repository/4. Payment/a_Button_HowToPay' is clicked on

2022-05-10 19:14:04 - [MESSAGE][PASSED] - Object: 'Object Repository/4. Payment/a_Button_HowToPay' is clicked on

2022-05-10 19:14:04 - [TEST_STEP][PASSED] - verifyElementText(findTestObject("4. Payment/Payment_eWallet/Verify_Step1_eWallet"), "Open your Gojek or other e-wallet apps."): Actual text and expected text of test object 'Object Repository/4. Payment/Payment_eWallet/Verify_Step1_eWallet' are matched.

2022-05-10 19:14:04 - [MESSAGE][PASSED] - Actual text and expected text of test object 'Object Repository/4. Payment/Payment_eWallet/Verify_Step1_eWallet' are matched.

2022-05-10 19:14:04 - [TEST_STEP][PASSED] - verifyElementText(findTestObject("4. Payment/Payment_eWallet/Verify_Step2_eWallet"), "Scan the QR code on your monitor."): Actual text and expected text of test object 'Object Repository/4. Payment/Payment_eWallet/Verify_Step2_eWallet' are matched.

2022-05-10 19:14:05 - [MESSAGE][PASSED] - Actual text and expected text of test object 'Object Repository/4. Payment/Payment_eWallet/Verify_Step2_eWallet' are matched.

2022-05-10 19:14:05 - [TEST_STEP][PASSED] - verifyElementText(findTestObject("4. Payment/Payment_eWallet/Verify_Step3_eWallet"), "Confirm payment in the app."): Actual text and expected text of test object 'Object Repository/4. Payment/Payment_eWallet/Verify_Step3_eWallet' are matched.

2022-05-10 19:14:05 - [MESSAGE][PASSED] - Actual text and expected text of test object 'Object Repository/4. Payment/Payment_eWallet/Verify_Step3_eWallet' are matched.

2022-05-10 19:14:05 - [TEST_STEP][PASSED] - verifyElementText(findTestObject("4. Payment/Payment_eWallet/Verify_Step4_eWallet"), "Payment complete."): Actual text and expected text of test object 'Object Repository/4. Payment/Payment_eWallet/Verify_Step4_eWallet' are matched.

2022-05-10 19:14:06 - [MESSAGE][PASSED] - Actual text and expected text of test object 'Object Repository/4. Payment/Payment_eWallet/Verify_Step4_eWallet' are matched.

2022-05-10 19:14:06 - [TEST_STEP][PASSED] - click(findTestObject("4. Payment/Payment_ATMBankTransfer/Button_IHavePaid")): Object: 'Object Repository/4. Payment/Payment_ATMBankTransfer/Button_IHavePaid' is clicked on

2022-05-10 19:14:06 - [MESSAGE][PASSED] - Object: 'Object Repository/4. Payment/Payment_ATMBankTransfer/Button_IHavePaid' is clicked on

2022-05-10 19:14:06 - [TEST_STEP][PASSED] - verifyElementText(findTestObject("4. Payment/Payment_ATMBankTransfer/Verify_YourTrxBeingProcess"), "Your transaction is being processed"): Actual text and expected text of test object 'Object Repository/4. Payment/Payment_ATMBankTransfer/Verify_YourTrxBeingProcess' are matched.

2022-05-10 19:14:07 - [MESSAGE][PASSED] - Actual text and expected text of test object 'Object Repository/4. Payment/Payment_ATMBankTransfer/Verify_YourTrxBeingProcess' are matched.

2022-05-10 19:14:07 - [TEST_STEP][PASSED] - verifyElementText(findTestObject("4. Payment/Payment_ATMBankTransfer/Verify_Success_TotalAmount"), "Rp20.000"): Actual text and expected text of test object 'Object Repository/4. Payment/Payment_ATMBankTransfer/Verify_Success_TotalAmount' are matched.

2022-05-10 19:14:07 - [MESSAGE][PASSED] - Actual text and expected text of test object 'Object Repository/4. Payment/Payment_ATMBankTransfer/Verify_Success_TotalAmount' are matched.

2022-05-10 19:14:07 - [TEST_STEP][PASSED] - verifyElementText(findTestObject("4. Payment/Payment_ATMBankTransfer/Verify_Success_TextInfo1"), "If you make a payment using an e-wallet or a credit/debit card, you have completed your payment."): Actual text and expected text of test object 'Object Repository/4. Payment/Payment_ATMBankTransfer/Verify_Success_TextInfo1' are matched.

2022-05-10 19:14:08 - [MESSAGE][PASSED] - Actual text and expected text of test object 'Object Repository/4. Payment/Payment_ATMBankTransfer/Verify_Success_TextInfo1' are matched.

2022-05-10 19:14:08 - [TEST_STEP][PASSED] - verifyElementText(findTestObject("4. Payment/Payment_ATMBankTransfer/Verify_Success_TextInfo2"), "If you made a payment via bank transfer, please continue the payment process."): Actual text and expected text of test object 'Object Repository/4. Payment/Payment_ATMBankTransfer/Verify_Success_TextInfo2' are matched.

2022-05-10 19:14:08 - [MESSAGE][PASSED] - Actual text and expected text of test object 'Object Repository/4. Payment/Payment_ATMBankTransfer/Verify_Success_TextInfo2' are matched.

2022-05-10 19:14:08 - [TEST_STEP][PASSED] - click(findTestObject("4. Payment/Payment_CC/Button_BackToMerchantsWeb")): Object: 'Object Repository/4. Payment/Payment_CC/Button_BackToMerchantsWeb' is clicked on

2022-05-10 19:14:08 - [MESSAGE][PASSED] - Object: 'Object Repository/4. Payment/Payment_CC/Button_BackToMerchantsWeb' is clicked on

2022-05-10 19:14:09 - [TEST_STEP][PASSED] - verifyElementVisible(findTestObject("4. Payment/Payment_ATMBankTransfer/Verify_BookedPayment"), STOP_ON_FAILURE): Object 'Object Repository/4. Payment/Payment_ATMBankTransfer/Verify_BookedPayment' is visible

2022-05-10 19:14:09 - [MESSAGE][PASSED] - Object 'Object Repository/4. Payment/Payment_ATMBankTransfer/Verify_BookedPayment' is visible

2022-05-10 19:14:09 - [TEST_STEP][PASSED] - closeBrowser(): Browser is closed

2022-05-10 19:14:10 - [MESSAGE][PASSED] - Browser is closed]]></system-out>
         <system-err><![CDATA[]]></system-err>
      </testcase>
      <testcase name="Test Cases/SmallProject1_Version2/TC68_UserSelectMethod_ShopeePay" time="24.78" classname="Test Cases/SmallProject1_Version2/TC68_UserSelectMethod_ShopeePay" status="PASSED">
         <system-out><![CDATA[2022-05-10 19:14:10 - [TEST_CASE][PASSED] - Test Cases/SmallProject1_Version2/TC68_UserSelectMethod_ShopeePay: Test Cases/SmallProject1_Version2/TC68_UserSelectMethod_ShopeePay

2022-05-10 19:14:10 - [TEST_STEP][PASSED] - callTestCase(findTestCase("SmallProject1_Version2/TC32_UserSuccessCheckout"), [:], STOP_ON_FAILURE): Call Test Case 'Test Cases/SmallProject1_Version2/TC32_UserSuccessCheckout' successfully

2022-05-10 19:14:10 - [TEST_CASE][PASSED] - Test Cases/SmallProject1_Version2/TC32_UserSuccessCheckout: Test Cases/SmallProject1_Version2/TC32_UserSuccessCheckout

2022-05-10 19:14:10 - [TEST_STEP][PASSED] - openBrowser(""): Browser is opened with url: ''

2022-05-10 19:14:10 - [MESSAGE][INFO] - Starting 'Chrome' driver

2022-05-10 19:14:10 - [MESSAGE][INFO] - Action delay is set to 0 milliseconds

2022-05-10 19:14:11 - [MESSAGE][PASSED] - Browser is opened with url: ''

2022-05-10 19:14:11 - [TEST_STEP][PASSED] - maximizeWindow(): Current window maximized

2022-05-10 19:14:11 - [MESSAGE][PASSED] - Current window maximized

2022-05-10 19:14:11 - [TEST_STEP][PASSED] - navigateToUrl("https://demo.midtrans.com/"): Navigate to 'https://demo.midtrans.com/' successfully

2022-05-10 19:14:12 - [MESSAGE][PASSED] - Navigate to 'https://demo.midtrans.com/' successfully

2022-05-10 19:14:12 - [TEST_STEP][PASSED] - click(findTestObject("3. Checkout/a_BUY NOW")): Object: 'Object Repository/3. Checkout/a_BUY NOW' is clicked on

2022-05-10 19:14:12 - [MESSAGE][PASSED] - Object: 'Object Repository/3. Checkout/a_BUY NOW' is clicked on

2022-05-10 19:14:12 - [TEST_STEP][PASSED] - verifyElementVisibleInViewport(findTestObject("3. Checkout/Verify_ShoppingCart"), 0): Object 'Object Repository/3. Checkout/Verify_ShoppingCart' is present and visible in viewport

2022-05-10 19:14:12 - [MESSAGE][WARNING] - Timeout '0' is invalid. Using default page load timeout: '30'

2022-05-10 19:14:13 - [MESSAGE][PASSED] - Object 'Object Repository/3. Checkout/Verify_ShoppingCart' is present and visible in viewport

2022-05-10 19:14:13 - [TEST_STEP][PASSED] - verifyElementText(findTestObject("3. Checkout/Verify_TotalAmount"), "20,000"): Actual text and expected text of test object 'Object Repository/3. Checkout/Verify_TotalAmount' are matched.

2022-05-10 19:14:13 - [MESSAGE][PASSED] - Actual text and expected text of test object 'Object Repository/3. Checkout/Verify_TotalAmount' are matched.

2022-05-10 19:14:13 - [TEST_STEP][PASSED] - verifyElementText(findTestObject("3. Checkout/Verify_CustomerDetail"), "Customer Details"): Actual text and expected text of test object 'Object Repository/3. Checkout/Verify_CustomerDetail' are matched.

2022-05-10 19:14:14 - [MESSAGE][PASSED] - Actual text and expected text of test object 'Object Repository/3. Checkout/Verify_CustomerDetail' are matched.

2022-05-10 19:14:14 - [TEST_STEP][PASSED] - setText(findTestObject("3. Checkout/Field_Name"), Name): Text 'Yulia' is set on object 'Object Repository/3. Checkout/Field_Name'

2022-05-10 19:14:14 - [MESSAGE][PASSED] - Text 'Yulia' is set on object 'Object Repository/3. Checkout/Field_Name'

2022-05-10 19:14:14 - [TEST_STEP][PASSED] - setText(findTestObject("3. Checkout/Field_Email"), Email): Text 'yulia@email.com' is set on object 'Object Repository/3. Checkout/Field_Email'

2022-05-10 19:14:15 - [MESSAGE][PASSED] - Text 'yulia@email.com' is set on object 'Object Repository/3. Checkout/Field_Email'

2022-05-10 19:14:15 - [TEST_STEP][PASSED] - setText(findTestObject("3. Checkout/Field_Phone"), Phone): Text '081234567890' is set on object 'Object Repository/3. Checkout/Field_Phone'

2022-05-10 19:14:16 - [MESSAGE][PASSED] - Text '081234567890' is set on object 'Object Repository/3. Checkout/Field_Phone'

2022-05-10 19:14:16 - [TEST_STEP][PASSED] - setText(findTestObject("3. Checkout/Field_City"), City): Text 'Jakarta' is set on object 'Object Repository/3. Checkout/Field_City'

2022-05-10 19:14:16 - [MESSAGE][PASSED] - Text 'Jakarta' is set on object 'Object Repository/3. Checkout/Field_City'

2022-05-10 19:14:16 - [TEST_STEP][PASSED] - setText(findTestObject("3. Checkout/Field_Address"), Address): Text 'Jalan Jend. Sudirman Kav 10' is set on object 'Object Repository/3. Checkout/Field_Address'

2022-05-10 19:14:17 - [MESSAGE][PASSED] - Text 'Jalan Jend. Sudirman Kav 10' is set on object 'Object Repository/3. Checkout/Field_Address'

2022-05-10 19:14:17 - [TEST_STEP][PASSED] - setText(findTestObject("3. Checkout/Field_PostalCode"), PostalCode): Text '12345' is set on object 'Object Repository/3. Checkout/Field_PostalCode'

2022-05-10 19:14:18 - [MESSAGE][PASSED] - Text '12345' is set on object 'Object Repository/3. Checkout/Field_PostalCode'

2022-05-10 19:14:18 - [TEST_STEP][PASSED] - click(findTestObject("3. Checkout/Button_Checkout")): Object: 'Object Repository/3. Checkout/Button_Checkout' is clicked on

2022-05-10 19:14:18 - [MESSAGE][PASSED] - Object: 'Object Repository/3. Checkout/Button_Checkout' is clicked on

2022-05-10 19:14:18 - [TEST_STEP][PASSED] - delay(1): Delayed 1 second(s)

2022-05-10 19:14:19 - [MESSAGE][PASSED] - Delayed 1 second(s)

2022-05-10 19:14:19 - [TEST_STEP][PASSED] - takeFullPageScreenshot(): Taking screenshot successfully

2022-05-10 19:14:20 - [MESSAGE][INFO] - 0 hidden object(s)

2022-05-10 19:14:20 - [MESSAGE][PASSED] - Taking screenshot successfully
[[ATTACHMENT|C:\\Users\\220005\\Katalon Studio\\SmallProject1_Yulia\\Reports\\20220510_191332\\TS03 - Payment Method - eWallet\\20220510_191332\\1652184859749.png]]

2022-05-10 19:14:20 - [TEST_STEP][PASSED] - verifyElementVisible(findTestObject("5. PopUp Detail/Time_PayWithin"), STOP_ON_FAILURE): Object 'Object Repository/5. PopUp Detail/Time_PayWithin' is visible

2022-05-10 19:14:20 - [MESSAGE][PASSED] - Object 'Object Repository/5. PopUp Detail/Time_PayWithin' is visible

2022-05-10 19:14:20 - [TEST_STEP][PASSED] - verifyElementVisible(findTestObject("5. PopUp Detail/Verify_OrderID_PopUp")): Object 'Object Repository/5. PopUp Detail/Verify_OrderID_PopUp' is visible

2022-05-10 19:14:21 - [MESSAGE][PASSED] - Object 'Object Repository/5. PopUp Detail/Verify_OrderID_PopUp' is visible

2022-05-10 19:14:21 - [TEST_STEP][PASSED] - verifyElementVisible(findTestObject("3. Checkout/Verify_MethodList")): Object 'Object Repository/3. Checkout/Verify_MethodList' is visible

2022-05-10 19:14:21 - [MESSAGE][PASSED] - Object 'Object Repository/3. Checkout/Verify_MethodList' is visible

2022-05-10 19:14:21 - [MESSAGE][PASSED] - Call Test Case 'Test Cases/SmallProject1_Version2/TC32_UserSuccessCheckout' successfully

2022-05-10 19:14:21 - [TEST_STEP][PASSED] - verifyElementVisible(findTestObject("4. Payment/Payment_eWallet/Title_ShopeePay")): Object 'Object Repository/4. Payment/Payment_eWallet/Title_ShopeePay' is visible

2022-05-10 19:14:22 - [MESSAGE][PASSED] - Object 'Object Repository/4. Payment/Payment_eWallet/Title_ShopeePay' is visible

2022-05-10 19:14:22 - [TEST_STEP][PASSED] - verifyElementVisible(findTestObject("4. Payment/Payment_eWallet/Logo_ShopeePay")): Object 'Object Repository/4. Payment/Payment_eWallet/Logo_ShopeePay' is visible

2022-05-10 19:14:22 - [MESSAGE][PASSED] - Object 'Object Repository/4. Payment/Payment_eWallet/Logo_ShopeePay' is visible

2022-05-10 19:14:22 - [TEST_STEP][PASSED] - click(findTestObject("4. Payment/Payment_eWallet/Button_ShopeePay")): Object: 'Object Repository/4. Payment/Payment_eWallet/Button_ShopeePay' is clicked on

2022-05-10 19:14:23 - [MESSAGE][PASSED] - Object: 'Object Repository/4. Payment/Payment_eWallet/Button_ShopeePay' is clicked on

2022-05-10 19:14:23 - [TEST_STEP][PASSED] - delay(1): Delayed 1 second(s)

2022-05-10 19:14:24 - [MESSAGE][PASSED] - Delayed 1 second(s)

2022-05-10 19:14:24 - [TEST_STEP][PASSED] - takeFullPageScreenshot(): Taking screenshot successfully

2022-05-10 19:14:24 - [MESSAGE][INFO] - 0 hidden object(s)

2022-05-10 19:14:24 - [MESSAGE][PASSED] - Taking screenshot successfully
[[ATTACHMENT|C:\\Users\\220005\\Katalon Studio\\SmallProject1_Yulia\\Reports\\20220510_191332\\TS03 - Payment Method - eWallet\\20220510_191332\\1652184864240.png]]

2022-05-10 19:14:24 - [TEST_STEP][PASSED] - verifyElementText(findTestObject("4. Payment/a_Header_Details"), "ShopeePay"): Actual text and expected text of test object 'Object Repository/4. Payment/a_Header_Details' are matched.

2022-05-10 19:14:25 - [MESSAGE][PASSED] - Actual text and expected text of test object 'Object Repository/4. Payment/a_Header_Details' are matched.

2022-05-10 19:14:25 - [TEST_STEP][PASSED] - verifyElementVisible(findTestObject("4. Payment/Payment_eWallet/a_IMG_QR_eWallet"), STOP_ON_FAILURE): Object 'Object Repository/4. Payment/Payment_eWallet/a_IMG_QR_eWallet' is visible

2022-05-10 19:14:25 - [MESSAGE][PASSED] - Object 'Object Repository/4. Payment/Payment_eWallet/a_IMG_QR_eWallet' is visible

2022-05-10 19:14:25 - [TEST_STEP][PASSED] - click(findTestObject("5. PopUp Detail/Button_Float_Down")): Object: 'Object Repository/5. PopUp Detail/Button_Float_Down' is clicked on

2022-05-10 19:14:26 - [MESSAGE][PASSED] - Object: 'Object Repository/5. PopUp Detail/Button_Float_Down' is clicked on

2022-05-10 19:14:26 - [TEST_STEP][PASSED] - verifyElementText(findTestObject("5. PopUp Detail/Verify_AmountMidtransPillow"), "Rp20.000"): Actual text and expected text of test object 'Object Repository/5. PopUp Detail/Verify_AmountMidtransPillow' are matched.

2022-05-10 19:14:26 - [MESSAGE][PASSED] - Actual text and expected text of test object 'Object Repository/5. PopUp Detail/Verify_AmountMidtransPillow' are matched.

2022-05-10 19:14:26 - [TEST_STEP][PASSED] - total1 = verifyElementText(findTestObject("5. PopUp Detail/Verify_TotalAmount_PopUp"), "Rp20.000"): Actual text and expected text of test object 'Object Repository/5. PopUp Detail/Verify_TotalAmount_PopUp' are matched.

2022-05-10 19:14:26 - [MESSAGE][PASSED] - Actual text and expected text of test object 'Object Repository/5. PopUp Detail/Verify_TotalAmount_PopUp' are matched.

2022-05-10 19:14:26 - [TEST_STEP][PASSED] - total2 = verifyElementText(findTestObject("5. PopUp Detail/Verify_TotalAmount_Summary"), "Rp20.000"): Actual text and expected text of test object 'Object Repository/5. PopUp Detail/Verify_TotalAmount_Summary' are matched.

2022-05-10 19:14:27 - [MESSAGE][PASSED] - Actual text and expected text of test object 'Object Repository/5. PopUp Detail/Verify_TotalAmount_Summary' are matched.

2022-05-10 19:14:27 - [TEST_STEP][PASSED] - verifyEqual(total1, total2, STOP_ON_FAILURE): Actual object 'true' and expected object 'true' are equal

2022-05-10 19:14:27 - [MESSAGE][PASSED] - Actual object 'true' and expected object 'true' are equal

2022-05-10 19:14:27 - [TEST_STEP][PASSED] - verifyElementText(findTestObject("5. PopUp Detail/Verify_Name_Summary"), Name): Actual text and expected text of test object 'Object Repository/5. PopUp Detail/Verify_Name_Summary' are matched.

2022-05-10 19:14:27 - [MESSAGE][PASSED] - Actual text and expected text of test object 'Object Repository/5. PopUp Detail/Verify_Name_Summary' are matched.

2022-05-10 19:14:27 - [TEST_STEP][PASSED] - verifyElementText(findTestObject("5. PopUp Detail/Verify_Addess_Summary"), Address_2): Actual text and expected text of test object 'Object Repository/5. PopUp Detail/Verify_Addess_Summary' are matched.

2022-05-10 19:14:28 - [MESSAGE][PASSED] - Actual text and expected text of test object 'Object Repository/5. PopUp Detail/Verify_Addess_Summary' are matched.

2022-05-10 19:14:28 - [TEST_STEP][PASSED] - verifyElementText(findTestObject("5. PopUp Detail/Verify_Phone_Summary"), Phone_2): Actual text and expected text of test object 'Object Repository/5. PopUp Detail/Verify_Phone_Summary' are matched.

2022-05-10 19:14:28 - [MESSAGE][PASSED] - Actual text and expected text of test object 'Object Repository/5. PopUp Detail/Verify_Phone_Summary' are matched.

2022-05-10 19:14:28 - [TEST_STEP][PASSED] - click(findTestObject("5. PopUp Detail/Button_Float_Up")): Object: 'Object Repository/5. PopUp Detail/Button_Float_Up' is clicked on

2022-05-10 19:14:29 - [MESSAGE][PASSED] - Object: 'Object Repository/5. PopUp Detail/Button_Float_Up' is clicked on

2022-05-10 19:14:29 - [TEST_STEP][PASSED] - click(findTestObject("4. Payment/a_Button_HowToPay")): Object: 'Object Repository/4. Payment/a_Button_HowToPay' is clicked on

2022-05-10 19:14:29 - [MESSAGE][PASSED] - Object: 'Object Repository/4. Payment/a_Button_HowToPay' is clicked on

2022-05-10 19:14:29 - [TEST_STEP][PASSED] - verifyElementText(findTestObject("4. Payment/Payment_eWallet/Verify_Step1_eWallet"), "Open your Shopee or other e-wallet app."): Actual text and expected text of test object 'Object Repository/4. Payment/Payment_eWallet/Verify_Step1_eWallet' are matched.

2022-05-10 19:14:29 - [MESSAGE][PASSED] - Actual text and expected text of test object 'Object Repository/4. Payment/Payment_eWallet/Verify_Step1_eWallet' are matched.

2022-05-10 19:14:29 - [TEST_STEP][PASSED] - verifyElementText(findTestObject("4. Payment/Payment_eWallet/Verify_Step2_eWallet"), "Scan the QR code on your monitor."): Actual text and expected text of test object 'Object Repository/4. Payment/Payment_eWallet/Verify_Step2_eWallet' are matched.

2022-05-10 19:14:30 - [MESSAGE][PASSED] - Actual text and expected text of test object 'Object Repository/4. Payment/Payment_eWallet/Verify_Step2_eWallet' are matched.

2022-05-10 19:14:30 - [TEST_STEP][PASSED] - verifyElementText(findTestObject("4. Payment/Payment_eWallet/Verify_Step3_eWallet"), "Confirm payment in the app."): Actual text and expected text of test object 'Object Repository/4. Payment/Payment_eWallet/Verify_Step3_eWallet' are matched.

2022-05-10 19:14:30 - [MESSAGE][PASSED] - Actual text and expected text of test object 'Object Repository/4. Payment/Payment_eWallet/Verify_Step3_eWallet' are matched.

2022-05-10 19:14:30 - [TEST_STEP][PASSED] - verifyElementText(findTestObject("4. Payment/Payment_eWallet/Verify_Step4_eWallet"), "Payment complete."): Actual text and expected text of test object 'Object Repository/4. Payment/Payment_eWallet/Verify_Step4_eWallet' are matched.

2022-05-10 19:14:31 - [MESSAGE][PASSED] - Actual text and expected text of test object 'Object Repository/4. Payment/Payment_eWallet/Verify_Step4_eWallet' are matched.

2022-05-10 19:14:31 - [TEST_STEP][PASSED] - click(findTestObject("4. Payment/Payment_ATMBankTransfer/Button_IHavePaid")): Object: 'Object Repository/4. Payment/Payment_ATMBankTransfer/Button_IHavePaid' is clicked on

2022-05-10 19:14:31 - [MESSAGE][PASSED] - Object: 'Object Repository/4. Payment/Payment_ATMBankTransfer/Button_IHavePaid' is clicked on

2022-05-10 19:14:31 - [TEST_STEP][PASSED] - verifyElementText(findTestObject("4. Payment/Payment_ATMBankTransfer/Verify_YourTrxBeingProcess"), "Your transaction is being processed"): Actual text and expected text of test object 'Object Repository/4. Payment/Payment_ATMBankTransfer/Verify_YourTrxBeingProcess' are matched.

2022-05-10 19:14:32 - [MESSAGE][PASSED] - Actual text and expected text of test object 'Object Repository/4. Payment/Payment_ATMBankTransfer/Verify_YourTrxBeingProcess' are matched.

2022-05-10 19:14:32 - [TEST_STEP][PASSED] - verifyElementText(findTestObject("4. Payment/Payment_ATMBankTransfer/Verify_Success_TotalAmount"), "Rp20.000"): Actual text and expected text of test object 'Object Repository/4. Payment/Payment_ATMBankTransfer/Verify_Success_TotalAmount' are matched.

2022-05-10 19:14:32 - [MESSAGE][PASSED] - Actual text and expected text of test object 'Object Repository/4. Payment/Payment_ATMBankTransfer/Verify_Success_TotalAmount' are matched.

2022-05-10 19:14:32 - [TEST_STEP][PASSED] - verifyElementText(findTestObject("4. Payment/Payment_ATMBankTransfer/Verify_Success_TextInfo1"), "If you make a payment using an e-wallet or a credit/debit card, you have completed your payment."): Actual text and expected text of test object 'Object Repository/4. Payment/Payment_ATMBankTransfer/Verify_Success_TextInfo1' are matched.

2022-05-10 19:14:32 - [MESSAGE][PASSED] - Actual text and expected text of test object 'Object Repository/4. Payment/Payment_ATMBankTransfer/Verify_Success_TextInfo1' are matched.

2022-05-10 19:14:32 - [TEST_STEP][PASSED] - verifyElementText(findTestObject("4. Payment/Payment_ATMBankTransfer/Verify_Success_TextInfo2"), "If you made a payment via bank transfer, please continue the payment process."): Actual text and expected text of test object 'Object Repository/4. Payment/Payment_ATMBankTransfer/Verify_Success_TextInfo2' are matched.

2022-05-10 19:14:33 - [MESSAGE][PASSED] - Actual text and expected text of test object 'Object Repository/4. Payment/Payment_ATMBankTransfer/Verify_Success_TextInfo2' are matched.

2022-05-10 19:14:33 - [TEST_STEP][PASSED] - click(findTestObject("4. Payment/Payment_CC/Button_BackToMerchantsWeb")): Object: 'Object Repository/4. Payment/Payment_CC/Button_BackToMerchantsWeb' is clicked on

2022-05-10 19:14:33 - [MESSAGE][PASSED] - Object: 'Object Repository/4. Payment/Payment_CC/Button_BackToMerchantsWeb' is clicked on

2022-05-10 19:14:33 - [TEST_STEP][PASSED] - verifyElementVisible(findTestObject("4. Payment/Payment_ATMBankTransfer/Verify_BookedPayment"), STOP_ON_FAILURE): Object 'Object Repository/4. Payment/Payment_ATMBankTransfer/Verify_BookedPayment' is visible

2022-05-10 19:14:34 - [MESSAGE][PASSED] - Object 'Object Repository/4. Payment/Payment_ATMBankTransfer/Verify_BookedPayment' is visible

2022-05-10 19:14:34 - [TEST_STEP][PASSED] - closeBrowser(): Browser is closed

2022-05-10 19:14:35 - [MESSAGE][PASSED] - Browser is closed]]></system-out>
         <system-err><![CDATA[]]></system-err>
      </testcase>
      <system-out><![CDATA[2022-05-10 19:13:42 - [TEST_SUITE][PASSED] - TS03 - Payment Method - eWallet: Test Cases/SmallProject1_Version2/TC68_UserSelectMethod_ShopeePay]]></system-out>
      <system-err><![CDATA[]]></system-err>
   </testsuite>
</testsuites>
