<?xml version="1.0" encoding="UTF-8"?>
<testsuites name="TS03 - Payment Method - CreditDebit Card" time="551.364" tests="11" failures="1" errors="0">
   <testsuite name="TS03 - Payment Method - CreditDebit Card" tests="11" failures="1" errors="0" time="551.364" skipped="0" timestamp="2022-05-10 18:53:20" hostname="220005 - LAP-IT-ROBI.mshome.net" id="Test Suites/TS03 - Payment Method - CreditDebit Card">
      <properties>
         <property name="deviceName" value=""/>
         <property name="devicePlatform" value=""/>
         <property name="logFolder" value="C:\\Users\\220005\\Katalon Studio\\SmallProject1_Yulia\\Reports\\20220510_185310\\TS03 - Payment Method - CreditDebit Card\\20220510_185310"/>
         <property name="logFiles" value="C:\\Users\\220005\\Katalon Studio\\SmallProject1_Yulia\\Reports\\20220510_185310\\TS03 - Payment Method - CreditDebit Card\\20220510_185310\\execution0.log"/>
         <property name="attachments" value="C:\\Users\\220005\\Katalon Studio\\SmallProject1_Yulia\\Reports\\20220510_185310\\TS03 - Payment Method - CreditDebit Card\\20220510_185310\\1652183612332.png, C:\\Users\\220005\\Katalon Studio\\SmallProject1_Yulia\\Reports\\20220510_185310\\TS03 - Payment Method - CreditDebit Card\\20220510_185310\\1652183616748.png, C:\\Users\\220005\\Katalon Studio\\SmallProject1_Yulia\\Reports\\20220510_185310\\TS03 - Payment Method - CreditDebit Card\\20220510_185310\\1652183674770.png, C:\\Users\\220005\\Katalon Studio\\SmallProject1_Yulia\\Reports\\20220510_185310\\TS03 - Payment Method - CreditDebit Card\\20220510_185310\\1652183679098.png, C:\\Users\\220005\\Katalon Studio\\SmallProject1_Yulia\\Reports\\20220510_185310\\TS03 - Payment Method - CreditDebit Card\\20220510_185310\\1652183736077.png, C:\\Users\\220005\\Katalon Studio\\SmallProject1_Yulia\\Reports\\20220510_185310\\TS03 - Payment Method - CreditDebit Card\\20220510_185310\\1652183740413.png, C:\\Users\\220005\\Katalon Studio\\SmallProject1_Yulia\\Reports\\20220510_185310\\TS03 - Payment Method - CreditDebit Card\\20220510_185310\\1652183797233.png, C:\\Users\\220005\\Katalon Studio\\SmallProject1_Yulia\\Reports\\20220510_185310\\TS03 - Payment Method - CreditDebit Card\\20220510_185310\\1652183801603.png, C:\\Users\\220005\\Katalon Studio\\SmallProject1_Yulia\\Reports\\20220510_185310\\TS03 - Payment Method - CreditDebit Card\\20220510_185310\\1652183874508.png, C:\\Users\\220005\\Katalon Studio\\SmallProject1_Yulia\\Reports\\20220510_185310\\TS03 - Payment Method - CreditDebit Card\\20220510_185310\\1652183874690.png, C:\\Users\\220005\\Katalon Studio\\SmallProject1_Yulia\\Reports\\20220510_185310\\TS03 - Payment Method - CreditDebit Card\\20220510_185310\\1652183884837.png, C:\\Users\\220005\\Katalon Studio\\SmallProject1_Yulia\\Reports\\20220510_185310\\TS03 - Payment Method - CreditDebit Card\\20220510_185310\\1652183889200.png, C:\\Users\\220005\\Katalon Studio\\SmallProject1_Yulia\\Reports\\20220510_185310\\TS03 - Payment Method - CreditDebit Card\\20220510_185310\\1652183946055.png, C:\\Users\\220005\\Katalon Studio\\SmallProject1_Yulia\\Reports\\20220510_185310\\TS03 - Payment Method - CreditDebit Card\\20220510_185310\\1652184006718.png, C:\\Users\\220005\\Katalon Studio\\SmallProject1_Yulia\\Reports\\20220510_185310\\TS03 - Payment Method - CreditDebit Card\\20220510_185310\\1652184062709.png, C:\\Users\\220005\\Katalon Studio\\SmallProject1_Yulia\\Reports\\20220510_185310\\TS03 - Payment Method - CreditDebit Card\\20220510_185310\\1652184089436.png, C:\\Users\\220005\\Katalon Studio\\SmallProject1_Yulia\\Reports\\20220510_185310\\TS03 - Payment Method - CreditDebit Card\\20220510_185310\\1652184112678.png, C:\\Users\\220005\\Katalon Studio\\SmallProject1_Yulia\\Reports\\20220510_185310\\TS03 - Payment Method - CreditDebit Card\\20220510_185310\\1652184138676.png"/>
         <property name="hostName" value="220005 - LAP-IT-ROBI.mshome.net"/>
         <property name="os" value="Windows 10 64bit"/>
         <property name="katalonVersion" value="8.2.5.208"/>
         <property name="browser" value="Chrome 101.0.4951.54"/>
         <property name="hostAddress" value="172.22.208.1"/>
         <property name="sessionId" value="2f4f9a7f36b1bcde9c462aede233e654"/>
         <property name="seleniumVersion" value="3.141.59"/>
         <property name="proxyInformation" value="ProxyInformation { proxyOption=NO_PROXY, proxyServerType=HTTP, username=, password=********, proxyServerAddress=, proxyServerPort=0, executionList=&quot;&quot;, isApplyToDesiredCapabilities=true }"/>
         <property name="platform" value="Windows 10"/>
      </properties>
      <testcase name="Test Cases/SmallProject1_Version2/TC34_UserSuccessPaidUsingCC_WithoutPromo" time="64.404" classname="Test Cases/SmallProject1_Version2/TC34_UserSuccessPaidUsingCC_WithoutPromo" status="PASSED">
         <system-out><![CDATA[2022-05-10 18:53:20 - [TEST_CASE][PASSED] - Test Cases/SmallProject1_Version2/TC34_UserSuccessPaidUsingCC_WithoutPromo: Test Cases/SmallProject1_Version2/TC34_UserSuccessPaidUsingCC_WithoutPromo

2022-05-10 18:53:21 - [TEST_STEP][PASSED] - callTestCase(findTestCase("SmallProject1_Version2/TC32_UserSuccessCheckout"), [:], STOP_ON_FAILURE): Call Test Case 'Test Cases/SmallProject1_Version2/TC32_UserSuccessCheckout' successfully

2022-05-10 18:53:21 - [TEST_CASE][PASSED] - Test Cases/SmallProject1_Version2/TC32_UserSuccessCheckout: Test Cases/SmallProject1_Version2/TC32_UserSuccessCheckout

2022-05-10 18:53:21 - [TEST_STEP][PASSED] - openBrowser(""): Browser is opened with url: ''

2022-05-10 18:53:21 - [MESSAGE][INFO] - Starting 'Chrome' driver

2022-05-10 18:53:21 - [MESSAGE][INFO] - Action delay is set to 0 milliseconds

2022-05-10 18:53:23 - [MESSAGE][PASSED] - Browser is opened with url: ''

2022-05-10 18:53:23 - [TEST_STEP][PASSED] - maximizeWindow(): Current window maximized

2022-05-10 18:53:24 - [MESSAGE][PASSED] - Current window maximized

2022-05-10 18:53:24 - [TEST_STEP][PASSED] - navigateToUrl("https://demo.midtrans.com/"): Navigate to 'https://demo.midtrans.com/' successfully

2022-05-10 18:53:24 - [MESSAGE][PASSED] - Navigate to 'https://demo.midtrans.com/' successfully

2022-05-10 18:53:24 - [TEST_STEP][PASSED] - click(findTestObject("3. Checkout/a_BUY NOW")): Object: 'Object Repository/3. Checkout/a_BUY NOW' is clicked on

2022-05-10 18:53:25 - [MESSAGE][PASSED] - Object: 'Object Repository/3. Checkout/a_BUY NOW' is clicked on

2022-05-10 18:53:25 - [TEST_STEP][PASSED] - verifyElementVisibleInViewport(findTestObject("3. Checkout/Verify_ShoppingCart"), 0): Object 'Object Repository/3. Checkout/Verify_ShoppingCart' is present and visible in viewport

2022-05-10 18:53:25 - [MESSAGE][WARNING] - Timeout '0' is invalid. Using default page load timeout: '30'

2022-05-10 18:53:25 - [MESSAGE][PASSED] - Object 'Object Repository/3. Checkout/Verify_ShoppingCart' is present and visible in viewport

2022-05-10 18:53:25 - [TEST_STEP][PASSED] - verifyElementText(findTestObject("3. Checkout/Verify_TotalAmount"), "20,000"): Actual text and expected text of test object 'Object Repository/3. Checkout/Verify_TotalAmount' are matched.

2022-05-10 18:53:26 - [MESSAGE][PASSED] - Actual text and expected text of test object 'Object Repository/3. Checkout/Verify_TotalAmount' are matched.

2022-05-10 18:53:26 - [TEST_STEP][PASSED] - verifyElementText(findTestObject("3. Checkout/Verify_CustomerDetail"), "Customer Details"): Actual text and expected text of test object 'Object Repository/3. Checkout/Verify_CustomerDetail' are matched.

2022-05-10 18:53:26 - [MESSAGE][PASSED] - Actual text and expected text of test object 'Object Repository/3. Checkout/Verify_CustomerDetail' are matched.

2022-05-10 18:53:26 - [TEST_STEP][PASSED] - setText(findTestObject("3. Checkout/Field_Name"), Name): Text 'Yulia' is set on object 'Object Repository/3. Checkout/Field_Name'

2022-05-10 18:53:27 - [MESSAGE][PASSED] - Text 'Yulia' is set on object 'Object Repository/3. Checkout/Field_Name'

2022-05-10 18:53:27 - [TEST_STEP][PASSED] - setText(findTestObject("3. Checkout/Field_Email"), Email): Text 'yulia@email.com' is set on object 'Object Repository/3. Checkout/Field_Email'

2022-05-10 18:53:28 - [MESSAGE][PASSED] - Text 'yulia@email.com' is set on object 'Object Repository/3. Checkout/Field_Email'

2022-05-10 18:53:28 - [TEST_STEP][PASSED] - setText(findTestObject("3. Checkout/Field_Phone"), Phone): Text '081234567890' is set on object 'Object Repository/3. Checkout/Field_Phone'

2022-05-10 18:53:28 - [MESSAGE][PASSED] - Text '081234567890' is set on object 'Object Repository/3. Checkout/Field_Phone'

2022-05-10 18:53:28 - [TEST_STEP][PASSED] - setText(findTestObject("3. Checkout/Field_City"), City): Text 'Jakarta' is set on object 'Object Repository/3. Checkout/Field_City'

2022-05-10 18:53:29 - [MESSAGE][PASSED] - Text 'Jakarta' is set on object 'Object Repository/3. Checkout/Field_City'

2022-05-10 18:53:29 - [TEST_STEP][PASSED] - setText(findTestObject("3. Checkout/Field_Address"), Address): Text 'Jalan Jend. Sudirman Kav 10' is set on object 'Object Repository/3. Checkout/Field_Address'

2022-05-10 18:53:30 - [MESSAGE][PASSED] - Text 'Jalan Jend. Sudirman Kav 10' is set on object 'Object Repository/3. Checkout/Field_Address'

2022-05-10 18:53:30 - [TEST_STEP][PASSED] - setText(findTestObject("3. Checkout/Field_PostalCode"), PostalCode): Text '12345' is set on object 'Object Repository/3. Checkout/Field_PostalCode'

2022-05-10 18:53:30 - [MESSAGE][PASSED] - Text '12345' is set on object 'Object Repository/3. Checkout/Field_PostalCode'

2022-05-10 18:53:30 - [TEST_STEP][PASSED] - click(findTestObject("3. Checkout/Button_Checkout")): Object: 'Object Repository/3. Checkout/Button_Checkout' is clicked on

2022-05-10 18:53:31 - [MESSAGE][PASSED] - Object: 'Object Repository/3. Checkout/Button_Checkout' is clicked on

2022-05-10 18:53:31 - [TEST_STEP][PASSED] - delay(1): Delayed 1 second(s)

2022-05-10 18:53:32 - [MESSAGE][PASSED] - Delayed 1 second(s)

2022-05-10 18:53:32 - [TEST_STEP][PASSED] - takeFullPageScreenshot(): Taking screenshot successfully

2022-05-10 18:53:32 - [MESSAGE][INFO] - 0 hidden object(s)

2022-05-10 18:53:33 - [MESSAGE][PASSED] - Taking screenshot successfully
[[ATTACHMENT|C:\\Users\\220005\\Katalon Studio\\SmallProject1_Yulia\\Reports\\20220510_185310\\TS03 - Payment Method - CreditDebit Card\\20220510_185310\\1652183612332.png]]

2022-05-10 18:53:33 - [TEST_STEP][PASSED] - verifyElementVisible(findTestObject("5. PopUp Detail/Time_PayWithin"), STOP_ON_FAILURE): Object 'Object Repository/5. PopUp Detail/Time_PayWithin' is visible

2022-05-10 18:53:33 - [MESSAGE][PASSED] - Object 'Object Repository/5. PopUp Detail/Time_PayWithin' is visible

2022-05-10 18:53:33 - [TEST_STEP][PASSED] - verifyElementVisible(findTestObject("5. PopUp Detail/Verify_OrderID_PopUp")): Object 'Object Repository/5. PopUp Detail/Verify_OrderID_PopUp' is visible

2022-05-10 18:53:33 - [MESSAGE][PASSED] - Object 'Object Repository/5. PopUp Detail/Verify_OrderID_PopUp' is visible

2022-05-10 18:53:33 - [TEST_STEP][PASSED] - verifyElementVisible(findTestObject("3. Checkout/Verify_MethodList")): Object 'Object Repository/3. Checkout/Verify_MethodList' is visible

2022-05-10 18:53:34 - [MESSAGE][PASSED] - Object 'Object Repository/3. Checkout/Verify_MethodList' is visible

2022-05-10 18:53:34 - [MESSAGE][PASSED] - Call Test Case 'Test Cases/SmallProject1_Version2/TC32_UserSuccessCheckout' successfully

2022-05-10 18:53:34 - [TEST_STEP][PASSED] - verifyElementVisible(findTestObject("4. Payment/Payment_CC/Title_CC")): Object 'Object Repository/4. Payment/Payment_CC/Title_CC' is visible

2022-05-10 18:53:34 - [MESSAGE][PASSED] - Object 'Object Repository/4. Payment/Payment_CC/Title_CC' is visible

2022-05-10 18:53:34 - [TEST_STEP][PASSED] - verifyElementVisible(findTestObject("4. Payment/Payment_CC/Logo_CC")): Object 'Object Repository/4. Payment/Payment_CC/Logo_CC' is visible

2022-05-10 18:53:35 - [MESSAGE][PASSED] - Object 'Object Repository/4. Payment/Payment_CC/Logo_CC' is visible

2022-05-10 18:53:35 - [TEST_STEP][PASSED] - click(findTestObject("4. Payment/Payment_CC/a_CreditDebit CardPay with Visa, MasterCard, JCB, or Amexpromo")): Object: 'Object Repository/4. Payment/Payment_CC/a_CreditDebit CardPay with Visa, MasterCard, JCB, or Amexpromo' is clicked on

2022-05-10 18:53:35 - [MESSAGE][PASSED] - Object: 'Object Repository/4. Payment/Payment_CC/a_CreditDebit CardPay with Visa, MasterCard, JCB, or Amexpromo' is clicked on

2022-05-10 18:53:35 - [TEST_STEP][PASSED] - delay(1): Delayed 1 second(s)

2022-05-10 18:53:36 - [MESSAGE][PASSED] - Delayed 1 second(s)

2022-05-10 18:53:36 - [TEST_STEP][PASSED] - takeFullPageScreenshot(): Taking screenshot successfully

2022-05-10 18:53:37 - [MESSAGE][INFO] - 0 hidden object(s)

2022-05-10 18:53:37 - [MESSAGE][PASSED] - Taking screenshot successfully
[[ATTACHMENT|C:\\Users\\220005\\Katalon Studio\\SmallProject1_Yulia\\Reports\\20220510_185310\\TS03 - Payment Method - CreditDebit Card\\20220510_185310\\1652183616748.png]]

2022-05-10 18:53:37 - [TEST_STEP][PASSED] - verifyElementText(findTestObject("4. Payment/Payment_CC/Header_CreditDebitCard"), "Credit/debit card"): Actual text and expected text of test object 'Object Repository/4. Payment/Payment_CC/Header_CreditDebitCard' are matched.

2022-05-10 18:53:37 - [MESSAGE][PASSED] - Actual text and expected text of test object 'Object Repository/4. Payment/Payment_CC/Header_CreditDebitCard' are matched.

2022-05-10 18:53:37 - [TEST_STEP][PASSED] - verifyElementNotClickable(findTestObject("4. Payment/Payment_CC/Promo_Installment"), STOP_ON_FAILURE): Object 'Object Repository/4. Payment/Payment_CC/Promo_Installment' is NOT clickable

2022-05-10 18:53:38 - [MESSAGE][PASSED] - Object 'Object Repository/4. Payment/Payment_CC/Promo_Installment' is NOT clickable

2022-05-10 18:53:38 - [TEST_STEP][PASSED] - verifyElementNotClickable(findTestObject("4. Payment/Payment_CC/Promo_10Persen"), STOP_ON_FAILURE): Object 'Object Repository/4. Payment/Payment_CC/Promo_10Persen' is NOT clickable

2022-05-10 18:53:38 - [MESSAGE][PASSED] - Object 'Object Repository/4. Payment/Payment_CC/Promo_10Persen' is NOT clickable

2022-05-10 18:53:38 - [TEST_STEP][PASSED] - verifyElementNotClickable(findTestObject("4. Payment/Payment_CC/Promo_Midtrans")): Object 'Object Repository/4. Payment/Payment_CC/Promo_Midtrans' is NOT clickable

2022-05-10 18:53:38 - [MESSAGE][PASSED] - Object 'Object Repository/4. Payment/Payment_CC/Promo_Midtrans' is NOT clickable

2022-05-10 18:53:38 - [TEST_STEP][PASSED] - verifyElementNotClickable(findTestObject("4. Payment/Payment_CC/Promo_MasterCard"), STOP_ON_FAILURE): Object 'Object Repository/4. Payment/Payment_CC/Promo_MasterCard' is NOT clickable

2022-05-10 18:53:39 - [MESSAGE][PASSED] - Object 'Object Repository/4. Payment/Payment_CC/Promo_MasterCard' is NOT clickable

2022-05-10 18:53:39 - [TEST_STEP][PASSED] - verifyElementNotClickable(findTestObject("4. Payment/Payment_CC/Promo_10Rupiah"), STOP_ON_FAILURE): Object 'Object Repository/4. Payment/Payment_CC/Promo_10Rupiah' is NOT clickable

2022-05-10 18:53:39 - [MESSAGE][PASSED] - Object 'Object Repository/4. Payment/Payment_CC/Promo_10Rupiah' is NOT clickable

2022-05-10 18:53:39 - [TEST_STEP][PASSED] - verifyElementClickable(findTestObject("4. Payment/Payment_CC/No_Promo"), STOP_ON_FAILURE): Object 'Object Repository/4. Payment/Payment_CC/No_Promo' is clickable

2022-05-10 18:53:40 - [MESSAGE][PASSED] - Object 'Object Repository/4. Payment/Payment_CC/No_Promo' is clickable

2022-05-10 18:53:40 - [TEST_STEP][PASSED] - setText(findTestObject("4. Payment/Payment_CC/Field_CardNumber"), findTestData("Success_CardNumber").getValue(1, 1)): Text '4811111111111114' is set on object 'Object Repository/4. Payment/Payment_CC/Field_CardNumber'

2022-05-10 18:53:40 - [MESSAGE][PASSED] - Text '4811111111111114' is set on object 'Object Repository/4. Payment/Payment_CC/Field_CardNumber'

2022-05-10 18:53:40 - [TEST_STEP][PASSED] - setText(findTestObject("4. Payment/Payment_CC/Field_ExpireDate"), findTestData("Success_CardNumber").getValue(2, 1)): Text '05/22' is set on object 'Object Repository/4. Payment/Payment_CC/Field_ExpireDate'

2022-05-10 18:53:41 - [MESSAGE][PASSED] - Text '05/22' is set on object 'Object Repository/4. Payment/Payment_CC/Field_ExpireDate'

2022-05-10 18:53:41 - [TEST_STEP][PASSED] - setText(findTestObject("4. Payment/Payment_CC/Field_CVV"), findTestData("Success_CardNumber").getValue(3, 1)): Text '123' is set on object 'Object Repository/4. Payment/Payment_CC/Field_CVV'

2022-05-10 18:53:41 - [MESSAGE][PASSED] - Text '123' is set on object 'Object Repository/4. Payment/Payment_CC/Field_CVV'

2022-05-10 18:53:41 - [TEST_STEP][PASSED] - verifyElementVisible(findTestObject("4. Payment/Payment_CC/Banner_Visa_AfterInputCardNumber")): Object 'Object Repository/4. Payment/Payment_CC/Banner_Visa_AfterInputCardNumber' is visible

2022-05-10 18:53:42 - [MESSAGE][PASSED] - Object 'Object Repository/4. Payment/Payment_CC/Banner_Visa_AfterInputCardNumber' is visible

2022-05-10 18:53:42 - [TEST_STEP][PASSED] - verifyElementClickable(findTestObject("4. Payment/Payment_CC/Promo_Installment"), STOP_ON_FAILURE): Object 'Object Repository/4. Payment/Payment_CC/Promo_Installment' is clickable

2022-05-10 18:53:42 - [MESSAGE][PASSED] - Object 'Object Repository/4. Payment/Payment_CC/Promo_Installment' is clickable

2022-05-10 18:53:42 - [TEST_STEP][PASSED] - verifyElementClickable(findTestObject("4. Payment/Payment_CC/Promo_10Persen"), STOP_ON_FAILURE): Object 'Object Repository/4. Payment/Payment_CC/Promo_10Persen' is clickable

2022-05-10 18:53:43 - [MESSAGE][PASSED] - Object 'Object Repository/4. Payment/Payment_CC/Promo_10Persen' is clickable

2022-05-10 18:53:43 - [TEST_STEP][PASSED] - verifyElementClickable(findTestObject("4. Payment/Payment_CC/Promo_Midtrans"), STOP_ON_FAILURE): Object 'Object Repository/4. Payment/Payment_CC/Promo_Midtrans' is clickable

2022-05-10 18:53:43 - [MESSAGE][PASSED] - Object 'Object Repository/4. Payment/Payment_CC/Promo_Midtrans' is clickable

2022-05-10 18:53:43 - [TEST_STEP][PASSED] - verifyElementNotClickable(findTestObject("4. Payment/Payment_CC/Promo_MasterCard"), STOP_ON_FAILURE): Object 'Object Repository/4. Payment/Payment_CC/Promo_MasterCard' is NOT clickable

2022-05-10 18:53:43 - [MESSAGE][PASSED] - Object 'Object Repository/4. Payment/Payment_CC/Promo_MasterCard' is NOT clickable

2022-05-10 18:53:43 - [TEST_STEP][PASSED] - verifyElementClickable(findTestObject("4. Payment/Payment_CC/Promo_10Rupiah"), STOP_ON_FAILURE): Object 'Object Repository/4. Payment/Payment_CC/Promo_10Rupiah' is clickable

2022-05-10 18:53:44 - [MESSAGE][PASSED] - Object 'Object Repository/4. Payment/Payment_CC/Promo_10Rupiah' is clickable

2022-05-10 18:53:44 - [TEST_STEP][PASSED] - enhancedClick(findTestObject("4. Payment/Payment_CC/No_Promo"), STOP_ON_FAILURE): Object: 'Object Repository/4. Payment/Payment_CC/No_Promo' is clicked on

2022-05-10 18:54:15 - [MESSAGE][PASSED] - Object: 'Object Repository/4. Payment/Payment_CC/No_Promo' is clicked on

2022-05-10 18:54:15 - [TEST_STEP][PASSED] - click(findTestObject("5. PopUp Detail/Button_Float_Down")): Object: 'Object Repository/5. PopUp Detail/Button_Float_Down' is clicked on

2022-05-10 18:54:15 - [MESSAGE][PASSED] - Object: 'Object Repository/5. PopUp Detail/Button_Float_Down' is clicked on

2022-05-10 18:54:15 - [TEST_STEP][PASSED] - verifyElementText(findTestObject("5. PopUp Detail/Verify_AmountMidtransPillow"), "Rp20.000"): Actual text and expected text of test object 'Object Repository/5. PopUp Detail/Verify_AmountMidtransPillow' are matched.

2022-05-10 18:54:16 - [MESSAGE][PASSED] - Actual text and expected text of test object 'Object Repository/5. PopUp Detail/Verify_AmountMidtransPillow' are matched.

2022-05-10 18:54:16 - [TEST_STEP][PASSED] - verifyElementText(findTestObject("5. PopUp Detail/Verify_Name_Summary"), Name): Actual text and expected text of test object 'Object Repository/5. PopUp Detail/Verify_Name_Summary' are matched.

2022-05-10 18:54:16 - [MESSAGE][PASSED] - Actual text and expected text of test object 'Object Repository/5. PopUp Detail/Verify_Name_Summary' are matched.

2022-05-10 18:54:16 - [TEST_STEP][PASSED] - verifyElementText(findTestObject("5. PopUp Detail/Verify_Addess_Summary"), Address_2): Actual text and expected text of test object 'Object Repository/5. PopUp Detail/Verify_Addess_Summary' are matched.

2022-05-10 18:54:16 - [MESSAGE][PASSED] - Actual text and expected text of test object 'Object Repository/5. PopUp Detail/Verify_Addess_Summary' are matched.

2022-05-10 18:54:17 - [TEST_STEP][PASSED] - verifyElementText(findTestObject("5. PopUp Detail/Verify_Phone_Summary"), Phone_2): Actual text and expected text of test object 'Object Repository/5. PopUp Detail/Verify_Phone_Summary' are matched.

2022-05-10 18:54:17 - [MESSAGE][PASSED] - Actual text and expected text of test object 'Object Repository/5. PopUp Detail/Verify_Phone_Summary' are matched.

2022-05-10 18:54:17 - [TEST_STEP][PASSED] - total1 = verifyElementText(findTestObject("5. PopUp Detail/Verify_TotalAmount_PopUp"), "Rp20.000"): Actual text and expected text of test object 'Object Repository/5. PopUp Detail/Verify_TotalAmount_PopUp' are matched.

2022-05-10 18:54:17 - [MESSAGE][PASSED] - Actual text and expected text of test object 'Object Repository/5. PopUp Detail/Verify_TotalAmount_PopUp' are matched.

2022-05-10 18:54:17 - [TEST_STEP][PASSED] - total2 = verifyElementText(findTestObject("5. PopUp Detail/Verify_TotalAmount_Summary"), "Rp20.000"): Actual text and expected text of test object 'Object Repository/5. PopUp Detail/Verify_TotalAmount_Summary' are matched.

2022-05-10 18:54:18 - [MESSAGE][PASSED] - Actual text and expected text of test object 'Object Repository/5. PopUp Detail/Verify_TotalAmount_Summary' are matched.

2022-05-10 18:54:18 - [TEST_STEP][PASSED] - verifyEqual(total1, total2, STOP_ON_FAILURE): Actual object 'true' and expected object 'true' are equal

2022-05-10 18:54:18 - [MESSAGE][PASSED] - Actual object 'true' and expected object 'true' are equal

2022-05-10 18:54:18 - [TEST_STEP][PASSED] - click(findTestObject("5. PopUp Detail/Button_Float_Up")): Object: 'Object Repository/5. PopUp Detail/Button_Float_Up' is clicked on

2022-05-10 18:54:18 - [MESSAGE][PASSED] - Object: 'Object Repository/5. PopUp Detail/Button_Float_Up' is clicked on

2022-05-10 18:54:18 - [TEST_STEP][PASSED] - click(findTestObject("5. PopUp Detail/Button_PayNow")): Object: 'Object Repository/5. PopUp Detail/Button_PayNow' is clicked on

2022-05-10 18:54:19 - [MESSAGE][PASSED] - Object: 'Object Repository/5. PopUp Detail/Button_PayNow' is clicked on

2022-05-10 18:54:19 - [TEST_STEP][PASSED] - verifyElementText(findTestObject("4. Payment/Payment_CC/a_IssuingBank/Verify_Amount_IssuingBank"), "20000.00"): Actual text and expected text of test object 'Object Repository/4. Payment/Payment_CC/a_IssuingBank/Verify_Amount_IssuingBank' are matched.

2022-05-10 18:54:20 - [MESSAGE][PASSED] - Actual text and expected text of test object 'Object Repository/4. Payment/Payment_CC/a_IssuingBank/Verify_Amount_IssuingBank' are matched.

2022-05-10 18:54:20 - [TEST_STEP][PASSED] - setEncryptedText(findTestObject("4. Payment/Payment_CC/a_IssuingBank/input_Password_PaRes"), "4tAN/DuJV7Y="): Text ****** has been set on object 'Object Repository/4. Payment/Payment_CC/a_IssuingBank/input_Password_PaRes'

2022-05-10 18:54:20 - [MESSAGE][PASSED] - Text ****** has been set on object 'Object Repository/4. Payment/Payment_CC/a_IssuingBank/input_Password_PaRes'

2022-05-10 18:54:20 - [TEST_STEP][PASSED] - click(findTestObject("4. Payment/Payment_CC/a_IssuingBank/Button_OK")): Object: 'Object Repository/4. Payment/Payment_CC/a_IssuingBank/Button_OK' is clicked on

2022-05-10 18:54:21 - [MESSAGE][PASSED] - Object: 'Object Repository/4. Payment/Payment_CC/a_IssuingBank/Button_OK' is clicked on

2022-05-10 18:54:21 - [TEST_STEP][PASSED] - verifyElementText(findTestObject("4. Payment/Payment_CC/Verify_Success_TextPaymentSuccessful"), "Payment successful"): Actual text and expected text of test object 'Object Repository/4. Payment/Payment_CC/Verify_Success_TextPaymentSuccessful' are matched.

2022-05-10 18:54:22 - [MESSAGE][PASSED] - Actual text and expected text of test object 'Object Repository/4. Payment/Payment_CC/Verify_Success_TextPaymentSuccessful' are matched.

2022-05-10 18:54:22 - [TEST_STEP][PASSED] - verifyElementText(findTestObject("4. Payment/Payment_CC/Verify_Success_TotalPrice"), "Rp20.000"): Actual text and expected text of test object 'Object Repository/4. Payment/Payment_CC/Verify_Success_TotalPrice' are matched.

2022-05-10 18:54:22 - [MESSAGE][PASSED] - Actual text and expected text of test object 'Object Repository/4. Payment/Payment_CC/Verify_Success_TotalPrice' are matched.

2022-05-10 18:54:22 - [TEST_STEP][PASSED] - verifyElementVisible(findTestObject("4. Payment/Payment_CC/Verify_Success_OrderID")): Object 'Object Repository/4. Payment/Payment_CC/Verify_Success_OrderID' is visible

2022-05-10 18:54:23 - [MESSAGE][PASSED] - Object 'Object Repository/4. Payment/Payment_CC/Verify_Success_OrderID' is visible

2022-05-10 18:54:23 - [TEST_STEP][PASSED] - verifyElementVisible(findTestObject("4. Payment/Payment_CC/Verify_Success_Redirectingbackautomatically_in1second")): Object 'Object Repository/4. Payment/Payment_CC/Verify_Success_Redirectingbackautomatically_in1second' is visible

2022-05-10 18:54:23 - [MESSAGE][PASSED] - Object 'Object Repository/4. Payment/Payment_CC/Verify_Success_Redirectingbackautomatically_in1second' is visible

2022-05-10 18:54:23 - [TEST_STEP][PASSED] - click(findTestObject("4. Payment/Payment_CC/Button_BackToMerchantsWeb")): Object: 'Object Repository/4. Payment/Payment_CC/Button_BackToMerchantsWeb' is clicked on

2022-05-10 18:54:24 - [MESSAGE][PASSED] - Object: 'Object Repository/4. Payment/Payment_CC/Button_BackToMerchantsWeb' is clicked on

2022-05-10 18:54:24 - [TEST_STEP][PASSED] - verifyElementVisible(findTestObject("4. Payment/Payment_CC/Verify_ThankYou"), STOP_ON_FAILURE): Object 'Object Repository/4. Payment/Payment_CC/Verify_ThankYou' is visible

2022-05-10 18:54:24 - [MESSAGE][PASSED] - Object 'Object Repository/4. Payment/Payment_CC/Verify_ThankYou' is visible

2022-05-10 18:54:24 - [TEST_STEP][PASSED] - closeBrowser(): Browser is closed

2022-05-10 18:54:25 - [MESSAGE][PASSED] - Browser is closed]]></system-out>
         <system-err><![CDATA[]]></system-err>
      </testcase>
      <testcase name="Test Cases/SmallProject1_Version2/TC35_UserSuccessPaidUsingCC_WithPromoInstallment" time="61.367" classname="Test Cases/SmallProject1_Version2/TC35_UserSuccessPaidUsingCC_WithPromoInstallment" status="PASSED">
         <system-out><![CDATA[2022-05-10 18:54:25 - [TEST_CASE][PASSED] - Test Cases/SmallProject1_Version2/TC35_UserSuccessPaidUsingCC_WithPromoInstallment: Test Cases/SmallProject1_Version2/TC35_UserSuccessPaidUsingCC_WithPromoInstallment

2022-05-10 18:54:25 - [TEST_STEP][PASSED] - callTestCase(findTestCase("SmallProject1_Version2/TC32_UserSuccessCheckout"), [:], STOP_ON_FAILURE): Call Test Case 'Test Cases/SmallProject1_Version2/TC32_UserSuccessCheckout' successfully

2022-05-10 18:54:25 - [TEST_CASE][PASSED] - Test Cases/SmallProject1_Version2/TC32_UserSuccessCheckout: Test Cases/SmallProject1_Version2/TC32_UserSuccessCheckout

2022-05-10 18:54:25 - [TEST_STEP][PASSED] - openBrowser(""): Browser is opened with url: ''

2022-05-10 18:54:25 - [MESSAGE][INFO] - Starting 'Chrome' driver

2022-05-10 18:54:25 - [MESSAGE][INFO] - Action delay is set to 0 milliseconds

2022-05-10 18:54:26 - [MESSAGE][PASSED] - Browser is opened with url: ''

2022-05-10 18:54:26 - [TEST_STEP][PASSED] - maximizeWindow(): Current window maximized

2022-05-10 18:54:26 - [MESSAGE][PASSED] - Current window maximized

2022-05-10 18:54:26 - [TEST_STEP][PASSED] - navigateToUrl("https://demo.midtrans.com/"): Navigate to 'https://demo.midtrans.com/' successfully

2022-05-10 18:54:27 - [MESSAGE][PASSED] - Navigate to 'https://demo.midtrans.com/' successfully

2022-05-10 18:54:27 - [TEST_STEP][PASSED] - click(findTestObject("3. Checkout/a_BUY NOW")): Object: 'Object Repository/3. Checkout/a_BUY NOW' is clicked on

2022-05-10 18:54:28 - [MESSAGE][PASSED] - Object: 'Object Repository/3. Checkout/a_BUY NOW' is clicked on

2022-05-10 18:54:28 - [TEST_STEP][PASSED] - verifyElementVisibleInViewport(findTestObject("3. Checkout/Verify_ShoppingCart"), 0): Object 'Object Repository/3. Checkout/Verify_ShoppingCart' is present and visible in viewport

2022-05-10 18:54:28 - [MESSAGE][WARNING] - Timeout '0' is invalid. Using default page load timeout: '30'

2022-05-10 18:54:28 - [MESSAGE][PASSED] - Object 'Object Repository/3. Checkout/Verify_ShoppingCart' is present and visible in viewport

2022-05-10 18:54:28 - [TEST_STEP][PASSED] - verifyElementText(findTestObject("3. Checkout/Verify_TotalAmount"), "20,000"): Actual text and expected text of test object 'Object Repository/3. Checkout/Verify_TotalAmount' are matched.

2022-05-10 18:54:28 - [MESSAGE][PASSED] - Actual text and expected text of test object 'Object Repository/3. Checkout/Verify_TotalAmount' are matched.

2022-05-10 18:54:28 - [TEST_STEP][PASSED] - verifyElementText(findTestObject("3. Checkout/Verify_CustomerDetail"), "Customer Details"): Actual text and expected text of test object 'Object Repository/3. Checkout/Verify_CustomerDetail' are matched.

2022-05-10 18:54:29 - [MESSAGE][PASSED] - Actual text and expected text of test object 'Object Repository/3. Checkout/Verify_CustomerDetail' are matched.

2022-05-10 18:54:29 - [TEST_STEP][PASSED] - setText(findTestObject("3. Checkout/Field_Name"), Name): Text 'Yulia' is set on object 'Object Repository/3. Checkout/Field_Name'

2022-05-10 18:54:29 - [MESSAGE][PASSED] - Text 'Yulia' is set on object 'Object Repository/3. Checkout/Field_Name'

2022-05-10 18:54:29 - [TEST_STEP][PASSED] - setText(findTestObject("3. Checkout/Field_Email"), Email): Text 'yulia@email.com' is set on object 'Object Repository/3. Checkout/Field_Email'

2022-05-10 18:54:30 - [MESSAGE][PASSED] - Text 'yulia@email.com' is set on object 'Object Repository/3. Checkout/Field_Email'

2022-05-10 18:54:30 - [TEST_STEP][PASSED] - setText(findTestObject("3. Checkout/Field_Phone"), Phone): Text '081234567890' is set on object 'Object Repository/3. Checkout/Field_Phone'

2022-05-10 18:54:31 - [MESSAGE][PASSED] - Text '081234567890' is set on object 'Object Repository/3. Checkout/Field_Phone'

2022-05-10 18:54:31 - [TEST_STEP][PASSED] - setText(findTestObject("3. Checkout/Field_City"), City): Text 'Jakarta' is set on object 'Object Repository/3. Checkout/Field_City'

2022-05-10 18:54:32 - [MESSAGE][PASSED] - Text 'Jakarta' is set on object 'Object Repository/3. Checkout/Field_City'

2022-05-10 18:54:32 - [TEST_STEP][PASSED] - setText(findTestObject("3. Checkout/Field_Address"), Address): Text 'Jalan Jend. Sudirman Kav 10' is set on object 'Object Repository/3. Checkout/Field_Address'

2022-05-10 18:54:32 - [MESSAGE][PASSED] - Text 'Jalan Jend. Sudirman Kav 10' is set on object 'Object Repository/3. Checkout/Field_Address'

2022-05-10 18:54:32 - [TEST_STEP][PASSED] - setText(findTestObject("3. Checkout/Field_PostalCode"), PostalCode): Text '12345' is set on object 'Object Repository/3. Checkout/Field_PostalCode'

2022-05-10 18:54:33 - [MESSAGE][PASSED] - Text '12345' is set on object 'Object Repository/3. Checkout/Field_PostalCode'

2022-05-10 18:54:33 - [TEST_STEP][PASSED] - click(findTestObject("3. Checkout/Button_Checkout")): Object: 'Object Repository/3. Checkout/Button_Checkout' is clicked on

2022-05-10 18:54:33 - [MESSAGE][PASSED] - Object: 'Object Repository/3. Checkout/Button_Checkout' is clicked on

2022-05-10 18:54:33 - [TEST_STEP][PASSED] - delay(1): Delayed 1 second(s)

2022-05-10 18:54:34 - [MESSAGE][PASSED] - Delayed 1 second(s)

2022-05-10 18:54:34 - [TEST_STEP][PASSED] - takeFullPageScreenshot(): Taking screenshot successfully

2022-05-10 18:54:35 - [MESSAGE][INFO] - 0 hidden object(s)

2022-05-10 18:54:35 - [MESSAGE][PASSED] - Taking screenshot successfully
[[ATTACHMENT|C:\\Users\\220005\\Katalon Studio\\SmallProject1_Yulia\\Reports\\20220510_185310\\TS03 - Payment Method - CreditDebit Card\\20220510_185310\\1652183674770.png]]

2022-05-10 18:54:35 - [TEST_STEP][PASSED] - verifyElementVisible(findTestObject("5. PopUp Detail/Time_PayWithin"), STOP_ON_FAILURE): Object 'Object Repository/5. PopUp Detail/Time_PayWithin' is visible

2022-05-10 18:54:35 - [MESSAGE][PASSED] - Object 'Object Repository/5. PopUp Detail/Time_PayWithin' is visible

2022-05-10 18:54:35 - [TEST_STEP][PASSED] - verifyElementVisible(findTestObject("5. PopUp Detail/Verify_OrderID_PopUp")): Object 'Object Repository/5. PopUp Detail/Verify_OrderID_PopUp' is visible

2022-05-10 18:54:36 - [MESSAGE][PASSED] - Object 'Object Repository/5. PopUp Detail/Verify_OrderID_PopUp' is visible

2022-05-10 18:54:36 - [TEST_STEP][PASSED] - verifyElementVisible(findTestObject("3. Checkout/Verify_MethodList")): Object 'Object Repository/3. Checkout/Verify_MethodList' is visible

2022-05-10 18:54:36 - [MESSAGE][PASSED] - Object 'Object Repository/3. Checkout/Verify_MethodList' is visible

2022-05-10 18:54:36 - [MESSAGE][PASSED] - Call Test Case 'Test Cases/SmallProject1_Version2/TC32_UserSuccessCheckout' successfully

2022-05-10 18:54:36 - [TEST_STEP][PASSED] - verifyElementVisible(findTestObject("4. Payment/Payment_CC/Title_CC")): Object 'Object Repository/4. Payment/Payment_CC/Title_CC' is visible

2022-05-10 18:54:37 - [MESSAGE][PASSED] - Object 'Object Repository/4. Payment/Payment_CC/Title_CC' is visible

2022-05-10 18:54:37 - [TEST_STEP][PASSED] - verifyElementVisible(findTestObject("4. Payment/Payment_CC/Logo_CC")): Object 'Object Repository/4. Payment/Payment_CC/Logo_CC' is visible

2022-05-10 18:54:37 - [MESSAGE][PASSED] - Object 'Object Repository/4. Payment/Payment_CC/Logo_CC' is visible

2022-05-10 18:54:37 - [TEST_STEP][PASSED] - click(findTestObject("4. Payment/Payment_CC/a_CreditDebit CardPay with Visa, MasterCard, JCB, or Amexpromo")): Object: 'Object Repository/4. Payment/Payment_CC/a_CreditDebit CardPay with Visa, MasterCard, JCB, or Amexpromo' is clicked on

2022-05-10 18:54:38 - [MESSAGE][PASSED] - Object: 'Object Repository/4. Payment/Payment_CC/a_CreditDebit CardPay with Visa, MasterCard, JCB, or Amexpromo' is clicked on

2022-05-10 18:54:38 - [TEST_STEP][PASSED] - delay(1): Delayed 1 second(s)

2022-05-10 18:54:39 - [MESSAGE][PASSED] - Delayed 1 second(s)

2022-05-10 18:54:39 - [TEST_STEP][PASSED] - takeFullPageScreenshot(): Taking screenshot successfully

2022-05-10 18:54:39 - [MESSAGE][INFO] - 0 hidden object(s)

2022-05-10 18:54:39 - [MESSAGE][PASSED] - Taking screenshot successfully
[[ATTACHMENT|C:\\Users\\220005\\Katalon Studio\\SmallProject1_Yulia\\Reports\\20220510_185310\\TS03 - Payment Method - CreditDebit Card\\20220510_185310\\1652183679098.png]]

2022-05-10 18:54:39 - [TEST_STEP][PASSED] - verifyElementText(findTestObject("4. Payment/Payment_CC/Header_CreditDebitCard"), "Credit/debit card"): Actual text and expected text of test object 'Object Repository/4. Payment/Payment_CC/Header_CreditDebitCard' are matched.

2022-05-10 18:54:39 - [MESSAGE][PASSED] - Actual text and expected text of test object 'Object Repository/4. Payment/Payment_CC/Header_CreditDebitCard' are matched.

2022-05-10 18:54:40 - [TEST_STEP][PASSED] - verifyElementNotClickable(findTestObject("4. Payment/Payment_CC/Promo_Installment"), STOP_ON_FAILURE): Object 'Object Repository/4. Payment/Payment_CC/Promo_Installment' is NOT clickable

2022-05-10 18:54:40 - [MESSAGE][PASSED] - Object 'Object Repository/4. Payment/Payment_CC/Promo_Installment' is NOT clickable

2022-05-10 18:54:40 - [TEST_STEP][PASSED] - verifyElementNotClickable(findTestObject("4. Payment/Payment_CC/Promo_10Persen"), STOP_ON_FAILURE): Object 'Object Repository/4. Payment/Payment_CC/Promo_10Persen' is NOT clickable

2022-05-10 18:54:40 - [MESSAGE][PASSED] - Object 'Object Repository/4. Payment/Payment_CC/Promo_10Persen' is NOT clickable

2022-05-10 18:54:40 - [TEST_STEP][PASSED] - verifyElementNotClickable(findTestObject("4. Payment/Payment_CC/Promo_Midtrans")): Object 'Object Repository/4. Payment/Payment_CC/Promo_Midtrans' is NOT clickable

2022-05-10 18:54:41 - [MESSAGE][PASSED] - Object 'Object Repository/4. Payment/Payment_CC/Promo_Midtrans' is NOT clickable

2022-05-10 18:54:41 - [TEST_STEP][PASSED] - verifyElementNotClickable(findTestObject("4. Payment/Payment_CC/Promo_MasterCard"), STOP_ON_FAILURE): Object 'Object Repository/4. Payment/Payment_CC/Promo_MasterCard' is NOT clickable

2022-05-10 18:54:41 - [MESSAGE][PASSED] - Object 'Object Repository/4. Payment/Payment_CC/Promo_MasterCard' is NOT clickable

2022-05-10 18:54:41 - [TEST_STEP][PASSED] - verifyElementNotClickable(findTestObject("4. Payment/Payment_CC/Promo_10Rupiah"), STOP_ON_FAILURE): Object 'Object Repository/4. Payment/Payment_CC/Promo_10Rupiah' is NOT clickable

2022-05-10 18:54:42 - [MESSAGE][PASSED] - Object 'Object Repository/4. Payment/Payment_CC/Promo_10Rupiah' is NOT clickable

2022-05-10 18:54:42 - [TEST_STEP][PASSED] - verifyElementClickable(findTestObject("4. Payment/Payment_CC/No_Promo"), STOP_ON_FAILURE): Object 'Object Repository/4. Payment/Payment_CC/No_Promo' is clickable

2022-05-10 18:54:42 - [MESSAGE][PASSED] - Object 'Object Repository/4. Payment/Payment_CC/No_Promo' is clickable

2022-05-10 18:54:42 - [TEST_STEP][PASSED] - setText(findTestObject("4. Payment/Payment_CC/Field_CardNumber"), findTestData("Success_CardNumber").getValue(1, 1)): Text '4811111111111114' is set on object 'Object Repository/4. Payment/Payment_CC/Field_CardNumber'

2022-05-10 18:54:43 - [MESSAGE][PASSED] - Text '4811111111111114' is set on object 'Object Repository/4. Payment/Payment_CC/Field_CardNumber'

2022-05-10 18:54:43 - [TEST_STEP][PASSED] - setText(findTestObject("4. Payment/Payment_CC/Field_ExpireDate"), findTestData("Success_CardNumber").getValue(2, 1)): Text '05/22' is set on object 'Object Repository/4. Payment/Payment_CC/Field_ExpireDate'

2022-05-10 18:54:43 - [MESSAGE][PASSED] - Text '05/22' is set on object 'Object Repository/4. Payment/Payment_CC/Field_ExpireDate'

2022-05-10 18:54:43 - [TEST_STEP][PASSED] - setText(findTestObject("4. Payment/Payment_CC/Field_CVV"), findTestData("Success_CardNumber").getValue(3, 1)): Text '123' is set on object 'Object Repository/4. Payment/Payment_CC/Field_CVV'

2022-05-10 18:54:44 - [MESSAGE][PASSED] - Text '123' is set on object 'Object Repository/4. Payment/Payment_CC/Field_CVV'

2022-05-10 18:54:44 - [TEST_STEP][PASSED] - verifyElementVisible(findTestObject("4. Payment/Payment_CC/Banner_Visa_AfterInputCardNumber")): Object 'Object Repository/4. Payment/Payment_CC/Banner_Visa_AfterInputCardNumber' is visible

2022-05-10 18:54:44 - [MESSAGE][PASSED] - Object 'Object Repository/4. Payment/Payment_CC/Banner_Visa_AfterInputCardNumber' is visible

2022-05-10 18:54:44 - [TEST_STEP][PASSED] - verifyElementNotClickable(findTestObject("4. Payment/Payment_CC/Promo_MasterCard"), STOP_ON_FAILURE): Object 'Object Repository/4. Payment/Payment_CC/Promo_MasterCard' is NOT clickable

2022-05-10 18:54:44 - [MESSAGE][PASSED] - Object 'Object Repository/4. Payment/Payment_CC/Promo_MasterCard' is NOT clickable

2022-05-10 18:54:44 - [TEST_STEP][PASSED] - enhancedClick(findTestObject("4. Payment/Payment_CC/Promo_Installment"), STOP_ON_FAILURE): Object: 'Object Repository/4. Payment/Payment_CC/Promo_Installment' is clicked on

2022-05-10 18:55:15 - [MESSAGE][PASSED] - Object: 'Object Repository/4. Payment/Payment_CC/Promo_Installment' is clicked on

2022-05-10 18:55:15 - [TEST_STEP][PASSED] - click(findTestObject("5. PopUp Detail/Button_Float_Down")): Object: 'Object Repository/5. PopUp Detail/Button_Float_Down' is clicked on

2022-05-10 18:55:16 - [MESSAGE][PASSED] - Object: 'Object Repository/5. PopUp Detail/Button_Float_Down' is clicked on

2022-05-10 18:55:16 - [TEST_STEP][PASSED] - verifyElementText(findTestObject("5. PopUp Detail/Verify_AmountMidtransPillow"), "Rp20.000"): Actual text and expected text of test object 'Object Repository/5. PopUp Detail/Verify_AmountMidtransPillow' are matched.

2022-05-10 18:55:16 - [MESSAGE][PASSED] - Actual text and expected text of test object 'Object Repository/5. PopUp Detail/Verify_AmountMidtransPillow' are matched.

2022-05-10 18:55:16 - [TEST_STEP][PASSED] - verifyElementText(findTestObject("5. PopUp Detail/Verify_TotalAmount_Summary"), "Rp20.000"): Actual text and expected text of test object 'Object Repository/5. PopUp Detail/Verify_TotalAmount_Summary' are matched.

2022-05-10 18:55:17 - [MESSAGE][PASSED] - Actual text and expected text of test object 'Object Repository/5. PopUp Detail/Verify_TotalAmount_Summary' are matched.

2022-05-10 18:55:17 - [TEST_STEP][PASSED] - verifyElementText(findTestObject("4. Payment/Payment_CC/Verify_Promo"), "Rp5.000"): Actual text and expected text of test object 'Object Repository/4. Payment/Payment_CC/Verify_Promo' are matched.

2022-05-10 18:55:17 - [MESSAGE][PASSED] - Actual text and expected text of test object 'Object Repository/4. Payment/Payment_CC/Verify_Promo' are matched.

2022-05-10 18:55:17 - [TEST_STEP][PASSED] - total1 = verifyElementText(findTestObject("4. Payment/Payment_CC/Verify_Total_AfterPromo"), "Rp15.000"): Actual text and expected text of test object 'Object Repository/4. Payment/Payment_CC/Verify_Total_AfterPromo' are matched.

2022-05-10 18:55:17 - [MESSAGE][PASSED] - Actual text and expected text of test object 'Object Repository/4. Payment/Payment_CC/Verify_Total_AfterPromo' are matched.

2022-05-10 18:55:17 - [TEST_STEP][PASSED] - total2 = verifyElementText(findTestObject("5. PopUp Detail/Verify_TotalAmount_PopUp"), "Rp15.000"): Actual text and expected text of test object 'Object Repository/5. PopUp Detail/Verify_TotalAmount_PopUp' are matched.

2022-05-10 18:55:18 - [MESSAGE][PASSED] - Actual text and expected text of test object 'Object Repository/5. PopUp Detail/Verify_TotalAmount_PopUp' are matched.

2022-05-10 18:55:18 - [TEST_STEP][PASSED] - verifyEqual(total1, total2, STOP_ON_FAILURE): Actual object 'true' and expected object 'true' are equal

2022-05-10 18:55:18 - [MESSAGE][PASSED] - Actual object 'true' and expected object 'true' are equal

2022-05-10 18:55:18 - [TEST_STEP][PASSED] - verifyElementText(findTestObject("5. PopUp Detail/Verify_Name_Summary"), Name): Actual text and expected text of test object 'Object Repository/5. PopUp Detail/Verify_Name_Summary' are matched.

2022-05-10 18:55:18 - [MESSAGE][PASSED] - Actual text and expected text of test object 'Object Repository/5. PopUp Detail/Verify_Name_Summary' are matched.

2022-05-10 18:55:18 - [TEST_STEP][PASSED] - verifyElementText(findTestObject("5. PopUp Detail/Verify_Addess_Summary"), Address_2): Actual text and expected text of test object 'Object Repository/5. PopUp Detail/Verify_Addess_Summary' are matched.

2022-05-10 18:55:19 - [MESSAGE][PASSED] - Actual text and expected text of test object 'Object Repository/5. PopUp Detail/Verify_Addess_Summary' are matched.

2022-05-10 18:55:19 - [TEST_STEP][PASSED] - verifyElementText(findTestObject("5. PopUp Detail/Verify_Phone_Summary"), Phone_2): Actual text and expected text of test object 'Object Repository/5. PopUp Detail/Verify_Phone_Summary' are matched.

2022-05-10 18:55:19 - [MESSAGE][PASSED] - Actual text and expected text of test object 'Object Repository/5. PopUp Detail/Verify_Phone_Summary' are matched.

2022-05-10 18:55:19 - [TEST_STEP][PASSED] - click(findTestObject("5. PopUp Detail/Button_Float_Up")): Object: 'Object Repository/5. PopUp Detail/Button_Float_Up' is clicked on

2022-05-10 18:55:20 - [MESSAGE][PASSED] - Object: 'Object Repository/5. PopUp Detail/Button_Float_Up' is clicked on

2022-05-10 18:55:20 - [TEST_STEP][PASSED] - click(findTestObject("5. PopUp Detail/Button_PayNow")): Object: 'Object Repository/5. PopUp Detail/Button_PayNow' is clicked on

2022-05-10 18:55:20 - [MESSAGE][PASSED] - Object: 'Object Repository/5. PopUp Detail/Button_PayNow' is clicked on

2022-05-10 18:55:20 - [TEST_STEP][PASSED] - verifyElementText(findTestObject("4. Payment/Payment_CC/a_IssuingBank/Verify_Amount_IssuingBank"), "15000.00"): Actual text and expected text of test object 'Object Repository/4. Payment/Payment_CC/a_IssuingBank/Verify_Amount_IssuingBank' are matched.

2022-05-10 18:55:21 - [MESSAGE][PASSED] - Actual text and expected text of test object 'Object Repository/4. Payment/Payment_CC/a_IssuingBank/Verify_Amount_IssuingBank' are matched.

2022-05-10 18:55:21 - [TEST_STEP][PASSED] - setEncryptedText(findTestObject("4. Payment/Payment_CC/a_IssuingBank/input_Password_PaRes"), "4tAN/DuJV7Y="): Text ****** has been set on object 'Object Repository/4. Payment/Payment_CC/a_IssuingBank/input_Password_PaRes'

2022-05-10 18:55:22 - [MESSAGE][PASSED] - Text ****** has been set on object 'Object Repository/4. Payment/Payment_CC/a_IssuingBank/input_Password_PaRes'

2022-05-10 18:55:22 - [TEST_STEP][PASSED] - click(findTestObject("4. Payment/Payment_CC/a_IssuingBank/Button_OK")): Object: 'Object Repository/4. Payment/Payment_CC/a_IssuingBank/Button_OK' is clicked on

2022-05-10 18:55:23 - [MESSAGE][PASSED] - Object: 'Object Repository/4. Payment/Payment_CC/a_IssuingBank/Button_OK' is clicked on

2022-05-10 18:55:23 - [TEST_STEP][PASSED] - verifyElementText(findTestObject("4. Payment/Payment_CC/Verify_Success_TextPaymentSuccessful"), "Payment successful"): Actual text and expected text of test object 'Object Repository/4. Payment/Payment_CC/Verify_Success_TextPaymentSuccessful' are matched.

2022-05-10 18:55:23 - [MESSAGE][PASSED] - Actual text and expected text of test object 'Object Repository/4. Payment/Payment_CC/Verify_Success_TextPaymentSuccessful' are matched.

2022-05-10 18:55:23 - [TEST_STEP][PASSED] - verifyElementText(findTestObject("4. Payment/Payment_CC/Verify_Success_TotalPrice"), "Rp15.000"): Actual text and expected text of test object 'Object Repository/4. Payment/Payment_CC/Verify_Success_TotalPrice' are matched.

2022-05-10 18:55:24 - [MESSAGE][PASSED] - Actual text and expected text of test object 'Object Repository/4. Payment/Payment_CC/Verify_Success_TotalPrice' are matched.

2022-05-10 18:55:24 - [TEST_STEP][PASSED] - verifyElementVisible(findTestObject("4. Payment/Payment_CC/Verify_Success_OrderID")): Object 'Object Repository/4. Payment/Payment_CC/Verify_Success_OrderID' is visible

2022-05-10 18:55:24 - [MESSAGE][PASSED] - Object 'Object Repository/4. Payment/Payment_CC/Verify_Success_OrderID' is visible

2022-05-10 18:55:24 - [TEST_STEP][PASSED] - verifyElementVisible(findTestObject("4. Payment/Payment_CC/Verify_Success_Redirectingbackautomatically_in1second")): Object 'Object Repository/4. Payment/Payment_CC/Verify_Success_Redirectingbackautomatically_in1second' is visible

2022-05-10 18:55:24 - [MESSAGE][PASSED] - Object 'Object Repository/4. Payment/Payment_CC/Verify_Success_Redirectingbackautomatically_in1second' is visible

2022-05-10 18:55:24 - [TEST_STEP][PASSED] - click(findTestObject("4. Payment/Payment_CC/Button_BackToMerchantsWeb")): Object: 'Object Repository/4. Payment/Payment_CC/Button_BackToMerchantsWeb' is clicked on

2022-05-10 18:55:25 - [MESSAGE][PASSED] - Object: 'Object Repository/4. Payment/Payment_CC/Button_BackToMerchantsWeb' is clicked on

2022-05-10 18:55:25 - [TEST_STEP][PASSED] - verifyElementVisible(findTestObject("4. Payment/Payment_CC/Verify_ThankYou"), STOP_ON_FAILURE): Object 'Object Repository/4. Payment/Payment_CC/Verify_ThankYou' is visible

2022-05-10 18:55:25 - [MESSAGE][PASSED] - Object 'Object Repository/4. Payment/Payment_CC/Verify_ThankYou' is visible

2022-05-10 18:55:25 - [TEST_STEP][PASSED] - closeBrowser(): Browser is closed

2022-05-10 18:55:26 - [MESSAGE][PASSED] - Browser is closed]]></system-out>
         <system-err><![CDATA[]]></system-err>
      </testcase>
      <testcase name="Test Cases/SmallProject1_Version2/TC36_UserSuccessPaidUsingCC_WithPromo10Percent" time="61.07" classname="Test Cases/SmallProject1_Version2/TC36_UserSuccessPaidUsingCC_WithPromo10Percent" status="PASSED">
         <system-out><![CDATA[2022-05-10 18:55:26 - [TEST_CASE][PASSED] - Test Cases/SmallProject1_Version2/TC36_UserSuccessPaidUsingCC_WithPromo10Percent: Test Cases/SmallProject1_Version2/TC36_UserSuccessPaidUsingCC_WithPromo10Percent

2022-05-10 18:55:26 - [TEST_STEP][PASSED] - callTestCase(findTestCase("SmallProject1_Version2/TC32_UserSuccessCheckout"), [:], STOP_ON_FAILURE): Call Test Case 'Test Cases/SmallProject1_Version2/TC32_UserSuccessCheckout' successfully

2022-05-10 18:55:26 - [TEST_CASE][PASSED] - Test Cases/SmallProject1_Version2/TC32_UserSuccessCheckout: Test Cases/SmallProject1_Version2/TC32_UserSuccessCheckout

2022-05-10 18:55:26 - [TEST_STEP][PASSED] - openBrowser(""): Browser is opened with url: ''

2022-05-10 18:55:26 - [MESSAGE][INFO] - Starting 'Chrome' driver

2022-05-10 18:55:26 - [MESSAGE][INFO] - Action delay is set to 0 milliseconds

2022-05-10 18:55:28 - [MESSAGE][PASSED] - Browser is opened with url: ''

2022-05-10 18:55:28 - [TEST_STEP][PASSED] - maximizeWindow(): Current window maximized

2022-05-10 18:55:28 - [MESSAGE][PASSED] - Current window maximized

2022-05-10 18:55:28 - [TEST_STEP][PASSED] - navigateToUrl("https://demo.midtrans.com/"): Navigate to 'https://demo.midtrans.com/' successfully

2022-05-10 18:55:28 - [MESSAGE][PASSED] - Navigate to 'https://demo.midtrans.com/' successfully

2022-05-10 18:55:28 - [TEST_STEP][PASSED] - click(findTestObject("3. Checkout/a_BUY NOW")): Object: 'Object Repository/3. Checkout/a_BUY NOW' is clicked on

2022-05-10 18:55:29 - [MESSAGE][PASSED] - Object: 'Object Repository/3. Checkout/a_BUY NOW' is clicked on

2022-05-10 18:55:29 - [TEST_STEP][PASSED] - verifyElementVisibleInViewport(findTestObject("3. Checkout/Verify_ShoppingCart"), 0): Object 'Object Repository/3. Checkout/Verify_ShoppingCart' is present and visible in viewport

2022-05-10 18:55:29 - [MESSAGE][WARNING] - Timeout '0' is invalid. Using default page load timeout: '30'

2022-05-10 18:55:29 - [MESSAGE][PASSED] - Object 'Object Repository/3. Checkout/Verify_ShoppingCart' is present and visible in viewport

2022-05-10 18:55:29 - [TEST_STEP][PASSED] - verifyElementText(findTestObject("3. Checkout/Verify_TotalAmount"), "20,000"): Actual text and expected text of test object 'Object Repository/3. Checkout/Verify_TotalAmount' are matched.

2022-05-10 18:55:30 - [MESSAGE][PASSED] - Actual text and expected text of test object 'Object Repository/3. Checkout/Verify_TotalAmount' are matched.

2022-05-10 18:55:30 - [TEST_STEP][PASSED] - verifyElementText(findTestObject("3. Checkout/Verify_CustomerDetail"), "Customer Details"): Actual text and expected text of test object 'Object Repository/3. Checkout/Verify_CustomerDetail' are matched.

2022-05-10 18:55:30 - [MESSAGE][PASSED] - Actual text and expected text of test object 'Object Repository/3. Checkout/Verify_CustomerDetail' are matched.

2022-05-10 18:55:30 - [TEST_STEP][PASSED] - setText(findTestObject("3. Checkout/Field_Name"), Name): Text 'Yulia' is set on object 'Object Repository/3. Checkout/Field_Name'

2022-05-10 18:55:31 - [MESSAGE][PASSED] - Text 'Yulia' is set on object 'Object Repository/3. Checkout/Field_Name'

2022-05-10 18:55:31 - [TEST_STEP][PASSED] - setText(findTestObject("3. Checkout/Field_Email"), Email): Text 'yulia@email.com' is set on object 'Object Repository/3. Checkout/Field_Email'

2022-05-10 18:55:31 - [MESSAGE][PASSED] - Text 'yulia@email.com' is set on object 'Object Repository/3. Checkout/Field_Email'

2022-05-10 18:55:31 - [TEST_STEP][PASSED] - setText(findTestObject("3. Checkout/Field_Phone"), Phone): Text '081234567890' is set on object 'Object Repository/3. Checkout/Field_Phone'

2022-05-10 18:55:32 - [MESSAGE][PASSED] - Text '081234567890' is set on object 'Object Repository/3. Checkout/Field_Phone'

2022-05-10 18:55:32 - [TEST_STEP][PASSED] - setText(findTestObject("3. Checkout/Field_City"), City): Text 'Jakarta' is set on object 'Object Repository/3. Checkout/Field_City'

2022-05-10 18:55:33 - [MESSAGE][PASSED] - Text 'Jakarta' is set on object 'Object Repository/3. Checkout/Field_City'

2022-05-10 18:55:33 - [TEST_STEP][PASSED] - setText(findTestObject("3. Checkout/Field_Address"), Address): Text 'Jalan Jend. Sudirman Kav 10' is set on object 'Object Repository/3. Checkout/Field_Address'

2022-05-10 18:55:34 - [MESSAGE][PASSED] - Text 'Jalan Jend. Sudirman Kav 10' is set on object 'Object Repository/3. Checkout/Field_Address'

2022-05-10 18:55:34 - [TEST_STEP][PASSED] - setText(findTestObject("3. Checkout/Field_PostalCode"), PostalCode): Text '12345' is set on object 'Object Repository/3. Checkout/Field_PostalCode'

2022-05-10 18:55:34 - [MESSAGE][PASSED] - Text '12345' is set on object 'Object Repository/3. Checkout/Field_PostalCode'

2022-05-10 18:55:34 - [TEST_STEP][PASSED] - click(findTestObject("3. Checkout/Button_Checkout")): Object: 'Object Repository/3. Checkout/Button_Checkout' is clicked on

2022-05-10 18:55:35 - [MESSAGE][PASSED] - Object: 'Object Repository/3. Checkout/Button_Checkout' is clicked on

2022-05-10 18:55:35 - [TEST_STEP][PASSED] - delay(1): Delayed 1 second(s)

2022-05-10 18:55:36 - [MESSAGE][PASSED] - Delayed 1 second(s)

2022-05-10 18:55:36 - [TEST_STEP][PASSED] - takeFullPageScreenshot(): Taking screenshot successfully

2022-05-10 18:55:36 - [MESSAGE][INFO] - 0 hidden object(s)

2022-05-10 18:55:36 - [MESSAGE][PASSED] - Taking screenshot successfully
[[ATTACHMENT|C:\\Users\\220005\\Katalon Studio\\SmallProject1_Yulia\\Reports\\20220510_185310\\TS03 - Payment Method - CreditDebit Card\\20220510_185310\\1652183736077.png]]

2022-05-10 18:55:36 - [TEST_STEP][PASSED] - verifyElementVisible(findTestObject("5. PopUp Detail/Time_PayWithin"), STOP_ON_FAILURE): Object 'Object Repository/5. PopUp Detail/Time_PayWithin' is visible

2022-05-10 18:55:37 - [MESSAGE][PASSED] - Object 'Object Repository/5. PopUp Detail/Time_PayWithin' is visible

2022-05-10 18:55:37 - [TEST_STEP][PASSED] - verifyElementVisible(findTestObject("5. PopUp Detail/Verify_OrderID_PopUp")): Object 'Object Repository/5. PopUp Detail/Verify_OrderID_PopUp' is visible

2022-05-10 18:55:37 - [MESSAGE][PASSED] - Object 'Object Repository/5. PopUp Detail/Verify_OrderID_PopUp' is visible

2022-05-10 18:55:37 - [TEST_STEP][PASSED] - verifyElementVisible(findTestObject("3. Checkout/Verify_MethodList")): Object 'Object Repository/3. Checkout/Verify_MethodList' is visible

2022-05-10 18:55:38 - [MESSAGE][PASSED] - Object 'Object Repository/3. Checkout/Verify_MethodList' is visible

2022-05-10 18:55:38 - [MESSAGE][PASSED] - Call Test Case 'Test Cases/SmallProject1_Version2/TC32_UserSuccessCheckout' successfully

2022-05-10 18:55:38 - [TEST_STEP][PASSED] - verifyElementVisible(findTestObject("4. Payment/Payment_CC/Title_CC")): Object 'Object Repository/4. Payment/Payment_CC/Title_CC' is visible

2022-05-10 18:55:38 - [MESSAGE][PASSED] - Object 'Object Repository/4. Payment/Payment_CC/Title_CC' is visible

2022-05-10 18:55:38 - [TEST_STEP][PASSED] - verifyElementVisible(findTestObject("4. Payment/Payment_CC/Logo_CC")): Object 'Object Repository/4. Payment/Payment_CC/Logo_CC' is visible

2022-05-10 18:55:38 - [MESSAGE][PASSED] - Object 'Object Repository/4. Payment/Payment_CC/Logo_CC' is visible

2022-05-10 18:55:38 - [TEST_STEP][PASSED] - click(findTestObject("4. Payment/Payment_CC/a_CreditDebit CardPay with Visa, MasterCard, JCB, or Amexpromo")): Object: 'Object Repository/4. Payment/Payment_CC/a_CreditDebit CardPay with Visa, MasterCard, JCB, or Amexpromo' is clicked on

2022-05-10 18:55:39 - [MESSAGE][PASSED] - Object: 'Object Repository/4. Payment/Payment_CC/a_CreditDebit CardPay with Visa, MasterCard, JCB, or Amexpromo' is clicked on

2022-05-10 18:55:39 - [TEST_STEP][PASSED] - delay(1): Delayed 1 second(s)

2022-05-10 18:55:40 - [MESSAGE][PASSED] - Delayed 1 second(s)

2022-05-10 18:55:40 - [TEST_STEP][PASSED] - takeFullPageScreenshot(): Taking screenshot successfully

2022-05-10 18:55:40 - [MESSAGE][INFO] - 0 hidden object(s)

2022-05-10 18:55:40 - [MESSAGE][PASSED] - Taking screenshot successfully
[[ATTACHMENT|C:\\Users\\220005\\Katalon Studio\\SmallProject1_Yulia\\Reports\\20220510_185310\\TS03 - Payment Method - CreditDebit Card\\20220510_185310\\1652183740413.png]]

2022-05-10 18:55:40 - [TEST_STEP][PASSED] - verifyElementText(findTestObject("4. Payment/Payment_CC/Header_CreditDebitCard"), "Credit/debit card"): Actual text and expected text of test object 'Object Repository/4. Payment/Payment_CC/Header_CreditDebitCard' are matched.

2022-05-10 18:55:41 - [MESSAGE][PASSED] - Actual text and expected text of test object 'Object Repository/4. Payment/Payment_CC/Header_CreditDebitCard' are matched.

2022-05-10 18:55:41 - [TEST_STEP][PASSED] - verifyElementNotClickable(findTestObject("4. Payment/Payment_CC/Promo_Installment"), STOP_ON_FAILURE): Object 'Object Repository/4. Payment/Payment_CC/Promo_Installment' is NOT clickable

2022-05-10 18:55:41 - [MESSAGE][PASSED] - Object 'Object Repository/4. Payment/Payment_CC/Promo_Installment' is NOT clickable

2022-05-10 18:55:41 - [TEST_STEP][PASSED] - verifyElementNotClickable(findTestObject("4. Payment/Payment_CC/Promo_10Persen"), STOP_ON_FAILURE): Object 'Object Repository/4. Payment/Payment_CC/Promo_10Persen' is NOT clickable

2022-05-10 18:55:42 - [MESSAGE][PASSED] - Object 'Object Repository/4. Payment/Payment_CC/Promo_10Persen' is NOT clickable

2022-05-10 18:55:42 - [TEST_STEP][PASSED] - verifyElementNotClickable(findTestObject("4. Payment/Payment_CC/Promo_Midtrans"), STOP_ON_FAILURE): Object 'Object Repository/4. Payment/Payment_CC/Promo_Midtrans' is NOT clickable

2022-05-10 18:55:42 - [MESSAGE][PASSED] - Object 'Object Repository/4. Payment/Payment_CC/Promo_Midtrans' is NOT clickable

2022-05-10 18:55:42 - [TEST_STEP][PASSED] - verifyElementNotClickable(findTestObject("4. Payment/Payment_CC/Promo_MasterCard"), STOP_ON_FAILURE): Object 'Object Repository/4. Payment/Payment_CC/Promo_MasterCard' is NOT clickable

2022-05-10 18:55:42 - [MESSAGE][PASSED] - Object 'Object Repository/4. Payment/Payment_CC/Promo_MasterCard' is NOT clickable

2022-05-10 18:55:42 - [TEST_STEP][PASSED] - verifyElementNotClickable(findTestObject("4. Payment/Payment_CC/Promo_10Rupiah"), STOP_ON_FAILURE): Object 'Object Repository/4. Payment/Payment_CC/Promo_10Rupiah' is NOT clickable

2022-05-10 18:55:43 - [MESSAGE][PASSED] - Object 'Object Repository/4. Payment/Payment_CC/Promo_10Rupiah' is NOT clickable

2022-05-10 18:55:43 - [TEST_STEP][PASSED] - verifyElementClickable(findTestObject("4. Payment/Payment_CC/No_Promo"), STOP_ON_FAILURE): Object 'Object Repository/4. Payment/Payment_CC/No_Promo' is clickable

2022-05-10 18:55:43 - [MESSAGE][PASSED] - Object 'Object Repository/4. Payment/Payment_CC/No_Promo' is clickable

2022-05-10 18:55:43 - [TEST_STEP][PASSED] - setText(findTestObject("4. Payment/Payment_CC/Field_CardNumber"), findTestData("Success_CardNumber").getValue(1, 1)): Text '4811111111111114' is set on object 'Object Repository/4. Payment/Payment_CC/Field_CardNumber'

2022-05-10 18:55:44 - [MESSAGE][PASSED] - Text '4811111111111114' is set on object 'Object Repository/4. Payment/Payment_CC/Field_CardNumber'

2022-05-10 18:55:44 - [TEST_STEP][PASSED] - setText(findTestObject("4. Payment/Payment_CC/Field_ExpireDate"), findTestData("Success_CardNumber").getValue(2, 1)): Text '05/22' is set on object 'Object Repository/4. Payment/Payment_CC/Field_ExpireDate'

2022-05-10 18:55:44 - [MESSAGE][PASSED] - Text '05/22' is set on object 'Object Repository/4. Payment/Payment_CC/Field_ExpireDate'

2022-05-10 18:55:44 - [TEST_STEP][PASSED] - setText(findTestObject("4. Payment/Payment_CC/Field_CVV"), findTestData("Success_CardNumber").getValue(3, 1)): Text '123' is set on object 'Object Repository/4. Payment/Payment_CC/Field_CVV'

2022-05-10 18:55:45 - [MESSAGE][PASSED] - Text '123' is set on object 'Object Repository/4. Payment/Payment_CC/Field_CVV'

2022-05-10 18:55:45 - [TEST_STEP][PASSED] - verifyElementVisible(findTestObject("4. Payment/Payment_CC/Banner_Visa_AfterInputCardNumber")): Object 'Object Repository/4. Payment/Payment_CC/Banner_Visa_AfterInputCardNumber' is visible

2022-05-10 18:55:45 - [MESSAGE][PASSED] - Object 'Object Repository/4. Payment/Payment_CC/Banner_Visa_AfterInputCardNumber' is visible

2022-05-10 18:55:45 - [TEST_STEP][PASSED] - verifyElementNotClickable(findTestObject("4. Payment/Payment_CC/Promo_MasterCard"), STOP_ON_FAILURE): Object 'Object Repository/4. Payment/Payment_CC/Promo_MasterCard' is NOT clickable

2022-05-10 18:55:46 - [MESSAGE][PASSED] - Object 'Object Repository/4. Payment/Payment_CC/Promo_MasterCard' is NOT clickable

2022-05-10 18:55:46 - [TEST_STEP][PASSED] - enhancedClick(findTestObject("4. Payment/Payment_CC/Promo_10Persen")): Object: 'Object Repository/4. Payment/Payment_CC/Promo_10Persen' is clicked on

2022-05-10 18:56:17 - [MESSAGE][PASSED] - Object: 'Object Repository/4. Payment/Payment_CC/Promo_10Persen' is clicked on

2022-05-10 18:56:17 - [TEST_STEP][PASSED] - click(findTestObject("5. PopUp Detail/Button_Float_Down")): Object: 'Object Repository/5. PopUp Detail/Button_Float_Down' is clicked on

2022-05-10 18:56:17 - [MESSAGE][PASSED] - Object: 'Object Repository/5. PopUp Detail/Button_Float_Down' is clicked on

2022-05-10 18:56:17 - [TEST_STEP][PASSED] - verifyElementText(findTestObject("5. PopUp Detail/Verify_AmountMidtransPillow"), "Rp20.000"): Actual text and expected text of test object 'Object Repository/5. PopUp Detail/Verify_AmountMidtransPillow' are matched.

2022-05-10 18:56:18 - [MESSAGE][PASSED] - Actual text and expected text of test object 'Object Repository/5. PopUp Detail/Verify_AmountMidtransPillow' are matched.

2022-05-10 18:56:18 - [TEST_STEP][PASSED] - verifyElementText(findTestObject("5. PopUp Detail/Verify_TotalAmount_Summary"), "Rp20.000"): Actual text and expected text of test object 'Object Repository/5. PopUp Detail/Verify_TotalAmount_Summary' are matched.

2022-05-10 18:56:18 - [MESSAGE][PASSED] - Actual text and expected text of test object 'Object Repository/5. PopUp Detail/Verify_TotalAmount_Summary' are matched.

2022-05-10 18:56:18 - [TEST_STEP][PASSED] - verifyElementText(findTestObject("4. Payment/Payment_CC/Verify_Promo"), "Rp2.000"): Actual text and expected text of test object 'Object Repository/4. Payment/Payment_CC/Verify_Promo' are matched.

2022-05-10 18:56:18 - [MESSAGE][PASSED] - Actual text and expected text of test object 'Object Repository/4. Payment/Payment_CC/Verify_Promo' are matched.

2022-05-10 18:56:18 - [TEST_STEP][PASSED] - total1 = verifyElementText(findTestObject("4. Payment/Payment_CC/Verify_Total_AfterPromo"), "Rp18.000"): Actual text and expected text of test object 'Object Repository/4. Payment/Payment_CC/Verify_Total_AfterPromo' are matched.

2022-05-10 18:56:19 - [MESSAGE][PASSED] - Actual text and expected text of test object 'Object Repository/4. Payment/Payment_CC/Verify_Total_AfterPromo' are matched.

2022-05-10 18:56:19 - [TEST_STEP][PASSED] - total2 = verifyElementText(findTestObject("5. PopUp Detail/Verify_TotalAmount_PopUp"), "Rp18.000"): Actual text and expected text of test object 'Object Repository/5. PopUp Detail/Verify_TotalAmount_PopUp' are matched.

2022-05-10 18:56:19 - [MESSAGE][PASSED] - Actual text and expected text of test object 'Object Repository/5. PopUp Detail/Verify_TotalAmount_PopUp' are matched.

2022-05-10 18:56:19 - [TEST_STEP][PASSED] - verifyEqual(total1, total2, STOP_ON_FAILURE): Actual object 'true' and expected object 'true' are equal

2022-05-10 18:56:19 - [MESSAGE][PASSED] - Actual object 'true' and expected object 'true' are equal

2022-05-10 18:56:19 - [TEST_STEP][PASSED] - verifyElementText(findTestObject("5. PopUp Detail/Verify_Name_Summary"), Name): Actual text and expected text of test object 'Object Repository/5. PopUp Detail/Verify_Name_Summary' are matched.

2022-05-10 18:56:20 - [MESSAGE][PASSED] - Actual text and expected text of test object 'Object Repository/5. PopUp Detail/Verify_Name_Summary' are matched.

2022-05-10 18:56:20 - [TEST_STEP][PASSED] - verifyElementText(findTestObject("5. PopUp Detail/Verify_Addess_Summary"), Address_2): Actual text and expected text of test object 'Object Repository/5. PopUp Detail/Verify_Addess_Summary' are matched.

2022-05-10 18:56:20 - [MESSAGE][PASSED] - Actual text and expected text of test object 'Object Repository/5. PopUp Detail/Verify_Addess_Summary' are matched.

2022-05-10 18:56:20 - [TEST_STEP][PASSED] - verifyElementText(findTestObject("5. PopUp Detail/Verify_Phone_Summary"), Phone_2): Actual text and expected text of test object 'Object Repository/5. PopUp Detail/Verify_Phone_Summary' are matched.

2022-05-10 18:56:20 - [MESSAGE][PASSED] - Actual text and expected text of test object 'Object Repository/5. PopUp Detail/Verify_Phone_Summary' are matched.

2022-05-10 18:56:20 - [TEST_STEP][PASSED] - click(findTestObject("5. PopUp Detail/Button_Float_Up")): Object: 'Object Repository/5. PopUp Detail/Button_Float_Up' is clicked on

2022-05-10 18:56:21 - [MESSAGE][PASSED] - Object: 'Object Repository/5. PopUp Detail/Button_Float_Up' is clicked on

2022-05-10 18:56:21 - [TEST_STEP][PASSED] - click(findTestObject("5. PopUp Detail/Button_PayNow")): Object: 'Object Repository/5. PopUp Detail/Button_PayNow' is clicked on

2022-05-10 18:56:21 - [MESSAGE][PASSED] - Object: 'Object Repository/5. PopUp Detail/Button_PayNow' is clicked on

2022-05-10 18:56:21 - [TEST_STEP][PASSED] - verifyElementText(findTestObject("4. Payment/Payment_CC/a_IssuingBank/Verify_Amount_IssuingBank"), "18000.00"): Actual text and expected text of test object 'Object Repository/4. Payment/Payment_CC/a_IssuingBank/Verify_Amount_IssuingBank' are matched.

2022-05-10 18:56:22 - [MESSAGE][PASSED] - Actual text and expected text of test object 'Object Repository/4. Payment/Payment_CC/a_IssuingBank/Verify_Amount_IssuingBank' are matched.

2022-05-10 18:56:22 - [TEST_STEP][PASSED] - setEncryptedText(findTestObject("4. Payment/Payment_CC/a_IssuingBank/input_Password_PaRes"), "4tAN/DuJV7Y="): Text ****** has been set on object 'Object Repository/4. Payment/Payment_CC/a_IssuingBank/input_Password_PaRes'

2022-05-10 18:56:23 - [MESSAGE][PASSED] - Text ****** has been set on object 'Object Repository/4. Payment/Payment_CC/a_IssuingBank/input_Password_PaRes'

2022-05-10 18:56:23 - [TEST_STEP][PASSED] - click(findTestObject("4. Payment/Payment_CC/a_IssuingBank/Button_OK")): Object: 'Object Repository/4. Payment/Payment_CC/a_IssuingBank/Button_OK' is clicked on

2022-05-10 18:56:24 - [MESSAGE][PASSED] - Object: 'Object Repository/4. Payment/Payment_CC/a_IssuingBank/Button_OK' is clicked on

2022-05-10 18:56:24 - [TEST_STEP][PASSED] - verifyElementText(findTestObject("4. Payment/Payment_CC/Verify_Success_TextPaymentSuccessful"), "Payment successful"): Actual text and expected text of test object 'Object Repository/4. Payment/Payment_CC/Verify_Success_TextPaymentSuccessful' are matched.

2022-05-10 18:56:24 - [MESSAGE][PASSED] - Actual text and expected text of test object 'Object Repository/4. Payment/Payment_CC/Verify_Success_TextPaymentSuccessful' are matched.

2022-05-10 18:56:24 - [TEST_STEP][PASSED] - verifyElementText(findTestObject("4. Payment/Payment_CC/Verify_Success_TotalPrice"), "Rp18.000"): Actual text and expected text of test object 'Object Repository/4. Payment/Payment_CC/Verify_Success_TotalPrice' are matched.

2022-05-10 18:56:25 - [MESSAGE][PASSED] - Actual text and expected text of test object 'Object Repository/4. Payment/Payment_CC/Verify_Success_TotalPrice' are matched.

2022-05-10 18:56:25 - [TEST_STEP][PASSED] - verifyElementVisible(findTestObject("4. Payment/Payment_CC/Verify_Success_OrderID")): Object 'Object Repository/4. Payment/Payment_CC/Verify_Success_OrderID' is visible

2022-05-10 18:56:25 - [MESSAGE][PASSED] - Object 'Object Repository/4. Payment/Payment_CC/Verify_Success_OrderID' is visible

2022-05-10 18:56:25 - [TEST_STEP][PASSED] - verifyElementVisible(findTestObject("4. Payment/Payment_CC/Verify_Success_Redirectingbackautomatically_in1second")): Object 'Object Repository/4. Payment/Payment_CC/Verify_Success_Redirectingbackautomatically_in1second' is visible

2022-05-10 18:56:25 - [MESSAGE][PASSED] - Object 'Object Repository/4. Payment/Payment_CC/Verify_Success_Redirectingbackautomatically_in1second' is visible

2022-05-10 18:56:25 - [TEST_STEP][PASSED] - click(findTestObject("4. Payment/Payment_CC/Button_BackToMerchantsWeb")): Object: 'Object Repository/4. Payment/Payment_CC/Button_BackToMerchantsWeb' is clicked on

2022-05-10 18:56:26 - [MESSAGE][PASSED] - Object: 'Object Repository/4. Payment/Payment_CC/Button_BackToMerchantsWeb' is clicked on

2022-05-10 18:56:26 - [TEST_STEP][PASSED] - verifyElementVisible(findTestObject("4. Payment/Payment_CC/Verify_ThankYou"), STOP_ON_FAILURE): Object 'Object Repository/4. Payment/Payment_CC/Verify_ThankYou' is visible

2022-05-10 18:56:26 - [MESSAGE][PASSED] - Object 'Object Repository/4. Payment/Payment_CC/Verify_ThankYou' is visible

2022-05-10 18:56:26 - [TEST_STEP][PASSED] - closeBrowser(): Browser is closed

2022-05-10 18:56:27 - [MESSAGE][PASSED] - Browser is closed]]></system-out>
         <system-err><![CDATA[]]></system-err>
      </testcase>
      <testcase name="Test Cases/SmallProject1_Version2/TC37_UserSuccessPaidUsingCC_WithPromoMidtrans" time="87.159" classname="Test Cases/SmallProject1_Version2/TC37_UserSuccessPaidUsingCC_WithPromoMidtrans" status="FAILED">
         <failure type="FAILED" message="Test Cases/SmallProject1_Version2/TC37_UserSuccessPaidUsingCC_WithPromoMidtrans FAILED.
Reason:
com.kms.katalon.core.exception.StepFailedException: Verify element text of test object 'Object Repository/4. Payment/Payment_CC/a_IssuingBank/Verify_Amount_IssuingBank' FAILED.
	at com.kms.katalon.core.webui.keyword.internal.WebUIKeywordMain.stepFailed(WebUIKeywordMain.groovy:64)
	at com.kms.katalon.core.webui.keyword.internal.WebUIKeywordMain.runKeyword(WebUIKeywordMain.groovy:26)
	at com.kms.katalon.core.webui.keyword.builtin.VerifyElementTextKeyword.verifyElementText(VerifyElementTextKeyword.groovy:72)
	at com.kms.katalon.core.webui.keyword.builtin.VerifyElementTextKeyword.execute(VerifyElementTextKeyword.groovy:40)
	at com.kms.katalon.core.keyword.internal.KeywordExecutor.executeKeywordForPlatform(KeywordExecutor.groovy:74)
	at com.kms.katalon.core.webui.keyword.WebUiBuiltInKeywords.verifyElementText(WebUiBuiltInKeywords.groovy:4749)
	at com.kms.katalon.core.webui.keyword.WebUiBuiltInKeywords$verifyElementText$4.call(Unknown Source)
	at TC37_UserSuccessPaidUsingCC_WithPromoMidtrans.run(TC37_UserSuccessPaidUsingCC_WithPromoMidtrans:85)
	at com.kms.katalon.core.main.ScriptEngine.run(ScriptEngine.java:194)
	at com.kms.katalon.core.main.ScriptEngine.runScriptAsRawText(ScriptEngine.java:119)
	at com.kms.katalon.core.main.TestCaseExecutor.runScript(TestCaseExecutor.java:442)
	at com.kms.katalon.core.main.TestCaseExecutor.doExecute(TestCaseExecutor.java:433)
	at com.kms.katalon.core.main.TestCaseExecutor.processExecutionPhase(TestCaseExecutor.java:412)
	at com.kms.katalon.core.main.TestCaseExecutor.accessMainPhase(TestCaseExecutor.java:404)
	at com.kms.katalon.core.main.TestCaseExecutor.execute(TestCaseExecutor.java:281)
	at com.kms.katalon.core.main.TestSuiteExecutor.accessTestCaseMainPhase(TestSuiteExecutor.java:202)
	at com.kms.katalon.core.main.TestSuiteExecutor.accessTestSuiteMainPhase(TestSuiteExecutor.java:164)
	at com.kms.katalon.core.main.TestSuiteExecutor.execute(TestSuiteExecutor.java:105)
	at com.kms.katalon.core.main.TestCaseMain.startTestSuite(TestCaseMain.java:185)
	at com.kms.katalon.core.main.TestCaseMain$startTestSuite$0.call(Unknown Source)
	at TempTestSuite1652183590598.run(TempTestSuite1652183590598.groovy:36)
Caused by: com.kms.katalon.core.exception.StepFailedException: com.kms.katalon.core.webui.exception.WebElementNotFoundException: Web element with id: 'Object Repository/4. Payment/Payment_CC/a_IssuingBank/Verify_Amount_IssuingBank' located by '//p[@id='txn_amount']' not found
	at com.kms.katalon.core.webui.keyword.internal.WebUIKeywordMain.stepFailed(WebUIKeywordMain.groovy:64)
	at com.kms.katalon.core.webui.keyword.builtin.VerifyElementTextKeyword$_verifyElementText_closure1.doCall(VerifyElementTextKeyword.groovy:64)
	at com.kms.katalon.core.webui.keyword.builtin.VerifyElementTextKeyword$_verifyElementText_closure1.call(VerifyElementTextKeyword.groovy)
	at com.kms.katalon.core.webui.keyword.internal.WebUIKeywordMain.runKeyword(WebUIKeywordMain.groovy:20)
	... 19 more
"/>
         <system-out><![CDATA[2022-05-10 18:56:27 - [TEST_CASE][FAILED] - Test Cases/SmallProject1_Version2/TC37_UserSuccessPaidUsingCC_WithPromoMidtrans: Test Cases/SmallProject1_Version2/TC37_UserSuccessPaidUsingCC_WithPromoMidtrans FAILED.
Reason:
com.kms.katalon.core.exception.StepFailedException: Verify element text of test object 'Object Repository/4. Payment/Payment_CC/a_IssuingBank/Verify_Amount_IssuingBank' FAILED.
	at com.kms.katalon.core.webui.keyword.internal.WebUIKeywordMain.stepFailed(WebUIKeywordMain.groovy:64)
	at com.kms.katalon.core.webui.keyword.internal.WebUIKeywordMain.runKeyword(WebUIKeywordMain.groovy:26)
	at com.kms.katalon.core.webui.keyword.builtin.VerifyElementTextKeyword.verifyElementText(VerifyElementTextKeyword.groovy:72)
	at com.kms.katalon.core.webui.keyword.builtin.VerifyElementTextKeyword.execute(VerifyElementTextKeyword.groovy:40)
	at com.kms.katalon.core.keyword.internal.KeywordExecutor.executeKeywordForPlatform(KeywordExecutor.groovy:74)
	at com.kms.katalon.core.webui.keyword.WebUiBuiltInKeywords.verifyElementText(WebUiBuiltInKeywords.groovy:4749)
	at com.kms.katalon.core.webui.keyword.WebUiBuiltInKeywords$verifyElementText$4.call(Unknown Source)
	at TC37_UserSuccessPaidUsingCC_WithPromoMidtrans.run(TC37_UserSuccessPaidUsingCC_WithPromoMidtrans:85)
	at com.kms.katalon.core.main.ScriptEngine.run(ScriptEngine.java:194)
	at com.kms.katalon.core.main.ScriptEngine.runScriptAsRawText(ScriptEngine.java:119)
	at com.kms.katalon.core.main.TestCaseExecutor.runScript(TestCaseExecutor.java:442)
	at com.kms.katalon.core.main.TestCaseExecutor.doExecute(TestCaseExecutor.java:433)
	at com.kms.katalon.core.main.TestCaseExecutor.processExecutionPhase(TestCaseExecutor.java:412)
	at com.kms.katalon.core.main.TestCaseExecutor.accessMainPhase(TestCaseExecutor.java:404)
	at com.kms.katalon.core.main.TestCaseExecutor.execute(TestCaseExecutor.java:281)
	at com.kms.katalon.core.main.TestSuiteExecutor.accessTestCaseMainPhase(TestSuiteExecutor.java:202)
	at com.kms.katalon.core.main.TestSuiteExecutor.accessTestSuiteMainPhase(TestSuiteExecutor.java:164)
	at com.kms.katalon.core.main.TestSuiteExecutor.execute(TestSuiteExecutor.java:105)
	at com.kms.katalon.core.main.TestCaseMain.startTestSuite(TestCaseMain.java:185)
	at com.kms.katalon.core.main.TestCaseMain$startTestSuite$0.call(Unknown Source)
	at TempTestSuite1652183590598.run(TempTestSuite1652183590598.groovy:36)
Caused by: com.kms.katalon.core.exception.StepFailedException: com.kms.katalon.core.webui.exception.WebElementNotFoundException: Web element with id: 'Object Repository/4. Payment/Payment_CC/a_IssuingBank/Verify_Amount_IssuingBank' located by '//p[@id='txn_amount']' not found
	at com.kms.katalon.core.webui.keyword.internal.WebUIKeywordMain.stepFailed(WebUIKeywordMain.groovy:64)
	at com.kms.katalon.core.webui.keyword.builtin.VerifyElementTextKeyword$_verifyElementText_closure1.doCall(VerifyElementTextKeyword.groovy:64)
	at com.kms.katalon.core.webui.keyword.builtin.VerifyElementTextKeyword$_verifyElementText_closure1.call(VerifyElementTextKeyword.groovy)
	at com.kms.katalon.core.webui.keyword.internal.WebUIKeywordMain.runKeyword(WebUIKeywordMain.groovy:20)
	... 19 more


2022-05-10 18:56:27 - [TEST_STEP][PASSED] - callTestCase(findTestCase("SmallProject1_Version2/TC32_UserSuccessCheckout"), [:], STOP_ON_FAILURE): Call Test Case 'Test Cases/SmallProject1_Version2/TC32_UserSuccessCheckout' successfully

2022-05-10 18:56:27 - [TEST_CASE][PASSED] - Test Cases/SmallProject1_Version2/TC32_UserSuccessCheckout: Test Cases/SmallProject1_Version2/TC32_UserSuccessCheckout

2022-05-10 18:56:27 - [TEST_STEP][PASSED] - openBrowser(""): Browser is opened with url: ''

2022-05-10 18:56:27 - [MESSAGE][INFO] - Starting 'Chrome' driver

2022-05-10 18:56:27 - [MESSAGE][INFO] - Action delay is set to 0 milliseconds

2022-05-10 18:56:29 - [MESSAGE][PASSED] - Browser is opened with url: ''

2022-05-10 18:56:29 - [TEST_STEP][PASSED] - maximizeWindow(): Current window maximized

2022-05-10 18:56:29 - [MESSAGE][PASSED] - Current window maximized

2022-05-10 18:56:29 - [TEST_STEP][PASSED] - navigateToUrl("https://demo.midtrans.com/"): Navigate to 'https://demo.midtrans.com/' successfully

2022-05-10 18:56:29 - [MESSAGE][PASSED] - Navigate to 'https://demo.midtrans.com/' successfully

2022-05-10 18:56:29 - [TEST_STEP][PASSED] - click(findTestObject("3. Checkout/a_BUY NOW")): Object: 'Object Repository/3. Checkout/a_BUY NOW' is clicked on

2022-05-10 18:56:30 - [MESSAGE][PASSED] - Object: 'Object Repository/3. Checkout/a_BUY NOW' is clicked on

2022-05-10 18:56:30 - [TEST_STEP][PASSED] - verifyElementVisibleInViewport(findTestObject("3. Checkout/Verify_ShoppingCart"), 0): Object 'Object Repository/3. Checkout/Verify_ShoppingCart' is present and visible in viewport

2022-05-10 18:56:30 - [MESSAGE][WARNING] - Timeout '0' is invalid. Using default page load timeout: '30'

2022-05-10 18:56:31 - [MESSAGE][PASSED] - Object 'Object Repository/3. Checkout/Verify_ShoppingCart' is present and visible in viewport

2022-05-10 18:56:31 - [TEST_STEP][PASSED] - verifyElementText(findTestObject("3. Checkout/Verify_TotalAmount"), "20,000"): Actual text and expected text of test object 'Object Repository/3. Checkout/Verify_TotalAmount' are matched.

2022-05-10 18:56:31 - [MESSAGE][PASSED] - Actual text and expected text of test object 'Object Repository/3. Checkout/Verify_TotalAmount' are matched.

2022-05-10 18:56:31 - [TEST_STEP][PASSED] - verifyElementText(findTestObject("3. Checkout/Verify_CustomerDetail"), "Customer Details"): Actual text and expected text of test object 'Object Repository/3. Checkout/Verify_CustomerDetail' are matched.

2022-05-10 18:56:31 - [MESSAGE][PASSED] - Actual text and expected text of test object 'Object Repository/3. Checkout/Verify_CustomerDetail' are matched.

2022-05-10 18:56:31 - [TEST_STEP][PASSED] - setText(findTestObject("3. Checkout/Field_Name"), Name): Text 'Yulia' is set on object 'Object Repository/3. Checkout/Field_Name'

2022-05-10 18:56:32 - [MESSAGE][PASSED] - Text 'Yulia' is set on object 'Object Repository/3. Checkout/Field_Name'

2022-05-10 18:56:32 - [TEST_STEP][PASSED] - setText(findTestObject("3. Checkout/Field_Email"), Email): Text 'yulia@email.com' is set on object 'Object Repository/3. Checkout/Field_Email'

2022-05-10 18:56:33 - [MESSAGE][PASSED] - Text 'yulia@email.com' is set on object 'Object Repository/3. Checkout/Field_Email'

2022-05-10 18:56:33 - [TEST_STEP][PASSED] - setText(findTestObject("3. Checkout/Field_Phone"), Phone): Text '081234567890' is set on object 'Object Repository/3. Checkout/Field_Phone'

2022-05-10 18:56:33 - [MESSAGE][PASSED] - Text '081234567890' is set on object 'Object Repository/3. Checkout/Field_Phone'

2022-05-10 18:56:33 - [TEST_STEP][PASSED] - setText(findTestObject("3. Checkout/Field_City"), City): Text 'Jakarta' is set on object 'Object Repository/3. Checkout/Field_City'

2022-05-10 18:56:34 - [MESSAGE][PASSED] - Text 'Jakarta' is set on object 'Object Repository/3. Checkout/Field_City'

2022-05-10 18:56:34 - [TEST_STEP][PASSED] - setText(findTestObject("3. Checkout/Field_Address"), Address): Text 'Jalan Jend. Sudirman Kav 10' is set on object 'Object Repository/3. Checkout/Field_Address'

2022-05-10 18:56:35 - [MESSAGE][PASSED] - Text 'Jalan Jend. Sudirman Kav 10' is set on object 'Object Repository/3. Checkout/Field_Address'

2022-05-10 18:56:35 - [TEST_STEP][PASSED] - setText(findTestObject("3. Checkout/Field_PostalCode"), PostalCode): Text '12345' is set on object 'Object Repository/3. Checkout/Field_PostalCode'

2022-05-10 18:56:35 - [MESSAGE][PASSED] - Text '12345' is set on object 'Object Repository/3. Checkout/Field_PostalCode'

2022-05-10 18:56:35 - [TEST_STEP][PASSED] - click(findTestObject("3. Checkout/Button_Checkout")): Object: 'Object Repository/3. Checkout/Button_Checkout' is clicked on

2022-05-10 18:56:36 - [MESSAGE][PASSED] - Object: 'Object Repository/3. Checkout/Button_Checkout' is clicked on

2022-05-10 18:56:36 - [TEST_STEP][PASSED] - delay(1): Delayed 1 second(s)

2022-05-10 18:56:37 - [MESSAGE][PASSED] - Delayed 1 second(s)

2022-05-10 18:56:37 - [TEST_STEP][PASSED] - takeFullPageScreenshot(): Taking screenshot successfully

2022-05-10 18:56:37 - [MESSAGE][INFO] - 0 hidden object(s)

2022-05-10 18:56:37 - [MESSAGE][PASSED] - Taking screenshot successfully
[[ATTACHMENT|C:\\Users\\220005\\Katalon Studio\\SmallProject1_Yulia\\Reports\\20220510_185310\\TS03 - Payment Method - CreditDebit Card\\20220510_185310\\1652183797233.png]]

2022-05-10 18:56:37 - [TEST_STEP][PASSED] - verifyElementVisible(findTestObject("5. PopUp Detail/Time_PayWithin"), STOP_ON_FAILURE): Object 'Object Repository/5. PopUp Detail/Time_PayWithin' is visible

2022-05-10 18:56:38 - [MESSAGE][PASSED] - Object 'Object Repository/5. PopUp Detail/Time_PayWithin' is visible

2022-05-10 18:56:38 - [TEST_STEP][PASSED] - verifyElementVisible(findTestObject("5. PopUp Detail/Verify_OrderID_PopUp")): Object 'Object Repository/5. PopUp Detail/Verify_OrderID_PopUp' is visible

2022-05-10 18:56:38 - [MESSAGE][PASSED] - Object 'Object Repository/5. PopUp Detail/Verify_OrderID_PopUp' is visible

2022-05-10 18:56:38 - [TEST_STEP][PASSED] - verifyElementVisible(findTestObject("3. Checkout/Verify_MethodList")): Object 'Object Repository/3. Checkout/Verify_MethodList' is visible

2022-05-10 18:56:39 - [MESSAGE][PASSED] - Object 'Object Repository/3. Checkout/Verify_MethodList' is visible

2022-05-10 18:56:39 - [MESSAGE][PASSED] - Call Test Case 'Test Cases/SmallProject1_Version2/TC32_UserSuccessCheckout' successfully

2022-05-10 18:56:39 - [TEST_STEP][PASSED] - verifyElementVisible(findTestObject("4. Payment/Payment_CC/Title_CC")): Object 'Object Repository/4. Payment/Payment_CC/Title_CC' is visible

2022-05-10 18:56:39 - [MESSAGE][PASSED] - Object 'Object Repository/4. Payment/Payment_CC/Title_CC' is visible

2022-05-10 18:56:39 - [TEST_STEP][PASSED] - verifyElementVisible(findTestObject("4. Payment/Payment_CC/Logo_CC")): Object 'Object Repository/4. Payment/Payment_CC/Logo_CC' is visible

2022-05-10 18:56:40 - [MESSAGE][PASSED] - Object 'Object Repository/4. Payment/Payment_CC/Logo_CC' is visible

2022-05-10 18:56:40 - [TEST_STEP][PASSED] - click(findTestObject("4. Payment/Payment_CC/a_CreditDebit CardPay with Visa, MasterCard, JCB, or Amexpromo")): Object: 'Object Repository/4. Payment/Payment_CC/a_CreditDebit CardPay with Visa, MasterCard, JCB, or Amexpromo' is clicked on

2022-05-10 18:56:40 - [MESSAGE][PASSED] - Object: 'Object Repository/4. Payment/Payment_CC/a_CreditDebit CardPay with Visa, MasterCard, JCB, or Amexpromo' is clicked on

2022-05-10 18:56:40 - [TEST_STEP][PASSED] - delay(1): Delayed 1 second(s)

2022-05-10 18:56:41 - [MESSAGE][PASSED] - Delayed 1 second(s)

2022-05-10 18:56:41 - [TEST_STEP][PASSED] - takeFullPageScreenshot(): Taking screenshot successfully

2022-05-10 18:56:42 - [MESSAGE][INFO] - 0 hidden object(s)

2022-05-10 18:56:42 - [MESSAGE][PASSED] - Taking screenshot successfully
[[ATTACHMENT|C:\\Users\\220005\\Katalon Studio\\SmallProject1_Yulia\\Reports\\20220510_185310\\TS03 - Payment Method - CreditDebit Card\\20220510_185310\\1652183801603.png]]

2022-05-10 18:56:42 - [TEST_STEP][PASSED] - verifyElementText(findTestObject("4. Payment/Payment_CC/Header_CreditDebitCard"), "Credit/debit card"): Actual text and expected text of test object 'Object Repository/4. Payment/Payment_CC/Header_CreditDebitCard' are matched.

2022-05-10 18:56:42 - [MESSAGE][PASSED] - Actual text and expected text of test object 'Object Repository/4. Payment/Payment_CC/Header_CreditDebitCard' are matched.

2022-05-10 18:56:42 - [TEST_STEP][PASSED] - verifyElementNotClickable(findTestObject("4. Payment/Payment_CC/Promo_Installment"), STOP_ON_FAILURE): Object 'Object Repository/4. Payment/Payment_CC/Promo_Installment' is NOT clickable

2022-05-10 18:56:42 - [MESSAGE][PASSED] - Object 'Object Repository/4. Payment/Payment_CC/Promo_Installment' is NOT clickable

2022-05-10 18:56:42 - [TEST_STEP][PASSED] - verifyElementNotClickable(findTestObject("4. Payment/Payment_CC/Promo_10Persen"), STOP_ON_FAILURE): Object 'Object Repository/4. Payment/Payment_CC/Promo_10Persen' is NOT clickable

2022-05-10 18:56:43 - [MESSAGE][PASSED] - Object 'Object Repository/4. Payment/Payment_CC/Promo_10Persen' is NOT clickable

2022-05-10 18:56:43 - [TEST_STEP][PASSED] - verifyElementNotClickable(findTestObject("4. Payment/Payment_CC/Promo_Midtrans"), STOP_ON_FAILURE): Object 'Object Repository/4. Payment/Payment_CC/Promo_Midtrans' is NOT clickable

2022-05-10 18:56:43 - [MESSAGE][PASSED] - Object 'Object Repository/4. Payment/Payment_CC/Promo_Midtrans' is NOT clickable

2022-05-10 18:56:43 - [TEST_STEP][PASSED] - verifyElementNotClickable(findTestObject("4. Payment/Payment_CC/Promo_MasterCard"), STOP_ON_FAILURE): Object 'Object Repository/4. Payment/Payment_CC/Promo_MasterCard' is NOT clickable

2022-05-10 18:56:44 - [MESSAGE][PASSED] - Object 'Object Repository/4. Payment/Payment_CC/Promo_MasterCard' is NOT clickable

2022-05-10 18:56:44 - [TEST_STEP][PASSED] - verifyElementNotClickable(findTestObject("4. Payment/Payment_CC/Promo_10Rupiah"), STOP_ON_FAILURE): Object 'Object Repository/4. Payment/Payment_CC/Promo_10Rupiah' is NOT clickable

2022-05-10 18:56:44 - [MESSAGE][PASSED] - Object 'Object Repository/4. Payment/Payment_CC/Promo_10Rupiah' is NOT clickable

2022-05-10 18:56:44 - [TEST_STEP][PASSED] - verifyElementClickable(findTestObject("4. Payment/Payment_CC/No_Promo"), STOP_ON_FAILURE): Object 'Object Repository/4. Payment/Payment_CC/No_Promo' is clickable

2022-05-10 18:56:44 - [MESSAGE][PASSED] - Object 'Object Repository/4. Payment/Payment_CC/No_Promo' is clickable

2022-05-10 18:56:44 - [TEST_STEP][PASSED] - setText(findTestObject("4. Payment/Payment_CC/Field_CardNumber"), findTestData("Success_CardNumber").getValue(1, 1)): Text '4811111111111114' is set on object 'Object Repository/4. Payment/Payment_CC/Field_CardNumber'

2022-05-10 18:56:45 - [MESSAGE][PASSED] - Text '4811111111111114' is set on object 'Object Repository/4. Payment/Payment_CC/Field_CardNumber'

2022-05-10 18:56:45 - [TEST_STEP][PASSED] - setText(findTestObject("4. Payment/Payment_CC/Field_ExpireDate"), findTestData("Success_CardNumber").getValue(2, 1)): Text '05/22' is set on object 'Object Repository/4. Payment/Payment_CC/Field_ExpireDate'

2022-05-10 18:56:46 - [MESSAGE][PASSED] - Text '05/22' is set on object 'Object Repository/4. Payment/Payment_CC/Field_ExpireDate'

2022-05-10 18:56:46 - [TEST_STEP][PASSED] - setText(findTestObject("4. Payment/Payment_CC/Field_CVV"), findTestData("Success_CardNumber").getValue(3, 1)): Text '123' is set on object 'Object Repository/4. Payment/Payment_CC/Field_CVV'

2022-05-10 18:56:46 - [MESSAGE][PASSED] - Text '123' is set on object 'Object Repository/4. Payment/Payment_CC/Field_CVV'

2022-05-10 18:56:46 - [TEST_STEP][PASSED] - verifyElementVisible(findTestObject("4. Payment/Payment_CC/Banner_Visa_AfterInputCardNumber")): Object 'Object Repository/4. Payment/Payment_CC/Banner_Visa_AfterInputCardNumber' is visible

2022-05-10 18:56:47 - [MESSAGE][PASSED] - Object 'Object Repository/4. Payment/Payment_CC/Banner_Visa_AfterInputCardNumber' is visible

2022-05-10 18:56:47 - [TEST_STEP][PASSED] - verifyElementNotClickable(findTestObject("4. Payment/Payment_CC/Promo_MasterCard"), STOP_ON_FAILURE): Object 'Object Repository/4. Payment/Payment_CC/Promo_MasterCard' is NOT clickable

2022-05-10 18:56:47 - [MESSAGE][PASSED] - Object 'Object Repository/4. Payment/Payment_CC/Promo_MasterCard' is NOT clickable

2022-05-10 18:56:47 - [TEST_STEP][PASSED] - enhancedClick(findTestObject("4. Payment/Payment_CC/Promo_Midtrans")): Object: 'Object Repository/4. Payment/Payment_CC/Promo_Midtrans' is clicked on

2022-05-10 18:57:18 - [MESSAGE][PASSED] - Object: 'Object Repository/4. Payment/Payment_CC/Promo_Midtrans' is clicked on

2022-05-10 18:57:18 - [TEST_STEP][PASSED] - click(findTestObject("5. PopUp Detail/Button_Float_Down")): Object: 'Object Repository/5. PopUp Detail/Button_Float_Down' is clicked on

2022-05-10 18:57:18 - [MESSAGE][PASSED] - Object: 'Object Repository/5. PopUp Detail/Button_Float_Down' is clicked on

2022-05-10 18:57:18 - [TEST_STEP][PASSED] - verifyElementText(findTestObject("5. PopUp Detail/Verify_AmountMidtransPillow"), "Rp20.000"): Actual text and expected text of test object 'Object Repository/5. PopUp Detail/Verify_AmountMidtransPillow' are matched.

2022-05-10 18:57:19 - [MESSAGE][PASSED] - Actual text and expected text of test object 'Object Repository/5. PopUp Detail/Verify_AmountMidtransPillow' are matched.

2022-05-10 18:57:19 - [TEST_STEP][PASSED] - verifyElementText(findTestObject("5. PopUp Detail/Verify_TotalAmount_Summary"), "Rp20.000"): Actual text and expected text of test object 'Object Repository/5. PopUp Detail/Verify_TotalAmount_Summary' are matched.

2022-05-10 18:57:19 - [MESSAGE][PASSED] - Actual text and expected text of test object 'Object Repository/5. PopUp Detail/Verify_TotalAmount_Summary' are matched.

2022-05-10 18:57:19 - [TEST_STEP][PASSED] - verifyElementText(findTestObject("4. Payment/Payment_CC/Verify_Promo"), "Rp2.000"): Actual text and expected text of test object 'Object Repository/4. Payment/Payment_CC/Verify_Promo' are matched.

2022-05-10 18:57:20 - [MESSAGE][PASSED] - Actual text and expected text of test object 'Object Repository/4. Payment/Payment_CC/Verify_Promo' are matched.

2022-05-10 18:57:20 - [TEST_STEP][PASSED] - total1 = verifyElementText(findTestObject("4. Payment/Payment_CC/Verify_Total_AfterPromo"), "Rp18.000"): Actual text and expected text of test object 'Object Repository/4. Payment/Payment_CC/Verify_Total_AfterPromo' are matched.

2022-05-10 18:57:20 - [MESSAGE][PASSED] - Actual text and expected text of test object 'Object Repository/4. Payment/Payment_CC/Verify_Total_AfterPromo' are matched.

2022-05-10 18:57:20 - [TEST_STEP][PASSED] - total2 = verifyElementText(findTestObject("5. PopUp Detail/Verify_TotalAmount_PopUp"), "Rp18.000"): Actual text and expected text of test object 'Object Repository/5. PopUp Detail/Verify_TotalAmount_PopUp' are matched.

2022-05-10 18:57:20 - [MESSAGE][PASSED] - Actual text and expected text of test object 'Object Repository/5. PopUp Detail/Verify_TotalAmount_PopUp' are matched.

2022-05-10 18:57:20 - [TEST_STEP][PASSED] - verifyEqual(total1, total2, STOP_ON_FAILURE): Actual object 'true' and expected object 'true' are equal

2022-05-10 18:57:20 - [MESSAGE][PASSED] - Actual object 'true' and expected object 'true' are equal

2022-05-10 18:57:20 - [TEST_STEP][PASSED] - verifyElementText(findTestObject("5. PopUp Detail/Verify_Name_Summary"), Name): Actual text and expected text of test object 'Object Repository/5. PopUp Detail/Verify_Name_Summary' are matched.

2022-05-10 18:57:21 - [MESSAGE][PASSED] - Actual text and expected text of test object 'Object Repository/5. PopUp Detail/Verify_Name_Summary' are matched.

2022-05-10 18:57:21 - [TEST_STEP][PASSED] - verifyElementText(findTestObject("5. PopUp Detail/Verify_Addess_Summary"), Address_2): Actual text and expected text of test object 'Object Repository/5. PopUp Detail/Verify_Addess_Summary' are matched.

2022-05-10 18:57:21 - [MESSAGE][PASSED] - Actual text and expected text of test object 'Object Repository/5. PopUp Detail/Verify_Addess_Summary' are matched.

2022-05-10 18:57:21 - [TEST_STEP][PASSED] - verifyElementText(findTestObject("5. PopUp Detail/Verify_Phone_Summary"), Phone_2): Actual text and expected text of test object 'Object Repository/5. PopUp Detail/Verify_Phone_Summary' are matched.

2022-05-10 18:57:22 - [MESSAGE][PASSED] - Actual text and expected text of test object 'Object Repository/5. PopUp Detail/Verify_Phone_Summary' are matched.

2022-05-10 18:57:22 - [TEST_STEP][PASSED] - click(findTestObject("5. PopUp Detail/Button_Float_Up")): Object: 'Object Repository/5. PopUp Detail/Button_Float_Up' is clicked on

2022-05-10 18:57:22 - [MESSAGE][PASSED] - Object: 'Object Repository/5. PopUp Detail/Button_Float_Up' is clicked on

2022-05-10 18:57:22 - [TEST_STEP][PASSED] - click(findTestObject("5. PopUp Detail/Button_PayNow")): Object: 'Object Repository/5. PopUp Detail/Button_PayNow' is clicked on

2022-05-10 18:57:23 - [MESSAGE][PASSED] - Object: 'Object Repository/5. PopUp Detail/Button_PayNow' is clicked on

2022-05-10 18:57:23 - [TEST_STEP][FAILED] - verifyElementText(findTestObject("4. Payment/Payment_CC/a_IssuingBank/Verify_Amount_IssuingBank"), "18000.00"): Verify element text of test object 'Object Repository/4. Payment/Payment_CC/a_IssuingBank/Verify_Amount_IssuingBank' FAILED. (Root cause: com.kms.katalon.core.exception.StepFailedException: Verify element text of test object 'Object Repository/4. Payment/Payment_CC/a_IssuingBank/Verify_Amount_IssuingBank' FAILED.
	at com.kms.katalon.core.webui.keyword.internal.WebUIKeywordMain.stepFailed(WebUIKeywordMain.groovy:64)
	at com.kms.katalon.core.webui.keyword.internal.WebUIKeywordMain.runKeyword(WebUIKeywordMain.groovy:26)
	at com.kms.katalon.core.webui.keyword.builtin.VerifyElementTextKeyword.verifyElementText(VerifyElementTextKeyword.groovy:72)
	at com.kms.katalon.core.webui.keyword.builtin.VerifyElementTextKeyword.execute(VerifyElementTextKeyword.groovy:40)
	at com.kms.katalon.core.keyword.internal.KeywordExecutor.executeKeywordForPlatform(KeywordExecutor.groovy:74)
	at com.kms.katalon.core.webui.keyword.WebUiBuiltInKeywords.verifyElementText(WebUiBuiltInKeywords.groovy:4749)
	at com.kms.katalon.core.webui.keyword.WebUiBuiltInKeywords$verifyElementText$4.call(Unknown Source)
	at TC37_UserSuccessPaidUsingCC_WithPromoMidtrans.run(TC37_UserSuccessPaidUsingCC_WithPromoMidtrans:85)
	at com.kms.katalon.core.main.ScriptEngine.run(ScriptEngine.java:194)
	at com.kms.katalon.core.main.ScriptEngine.runScriptAsRawText(ScriptEngine.java:119)
	at com.kms.katalon.core.main.TestCaseExecutor.runScript(TestCaseExecutor.java:442)
	at com.kms.katalon.core.main.TestCaseExecutor.doExecute(TestCaseExecutor.java:433)
	at com.kms.katalon.core.main.TestCaseExecutor.processExecutionPhase(TestCaseExecutor.java:412)
	at com.kms.katalon.core.main.TestCaseExecutor.accessMainPhase(TestCaseExecutor.java:404)
	at com.kms.katalon.core.main.TestCaseExecutor.execute(TestCaseExecutor.java:281)
	at com.kms.katalon.core.main.TestSuiteExecutor.accessTestCaseMainPhase(TestSuiteExecutor.java:202)
	at com.kms.katalon.core.main.TestSuiteExecutor.accessTestSuiteMainPhase(TestSuiteExecutor.java:164)
	at com.kms.katalon.core.main.TestSuiteExecutor.execute(TestSuiteExecutor.java:105)
	at com.kms.katalon.core.main.TestCaseMain.startTestSuite(TestCaseMain.java:185)
	at com.kms.katalon.core.main.TestCaseMain$startTestSuite$0.call(Unknown Source)
	at TempTestSuite1652183590598.run(TempTestSuite1652183590598.groovy:36)
Caused by: com.kms.katalon.core.exception.StepFailedException: com.kms.katalon.core.webui.exception.WebElementNotFoundException: Web element with id: 'Object Repository/4. Payment/Payment_CC/a_IssuingBank/Verify_Amount_IssuingBank' located by '//p[@id='txn_amount']' not found
	at com.kms.katalon.core.webui.keyword.internal.WebUIKeywordMain.stepFailed(WebUIKeywordMain.groovy:64)
	at com.kms.katalon.core.webui.keyword.builtin.VerifyElementTextKeyword$_verifyElementText_closure1.doCall(VerifyElementTextKeyword.groovy:64)
	at com.kms.katalon.core.webui.keyword.builtin.VerifyElementTextKeyword$_verifyElementText_closure1.call(VerifyElementTextKeyword.groovy)
	at com.kms.katalon.core.webui.keyword.internal.WebUIKeywordMain.runKeyword(WebUIKeywordMain.groovy:20)
	... 19 more
)

2022-05-10 18:57:54 - [MESSAGE][INFO] - Unable to find the element located by 'By.xpath: //p[@id='txn_amount']'. Please recheck the objects properties to make sure the desired element is located. 

2022-05-10 18:57:54 - [MESSAGE][FAILED] - com.kms.katalon.core.webui.exception.WebElementNotFoundException: Web element with id: 'Object Repository/4. Payment/Payment_CC/a_IssuingBank/Verify_Amount_IssuingBank' located by '//p[@id='txn_amount']' not found (Root cause: com.kms.katalon.core.exception.StepFailedException: com.kms.katalon.core.webui.exception.WebElementNotFoundException: Web element with id: 'Object Repository/4. Payment/Payment_CC/a_IssuingBank/Verify_Amount_IssuingBank' located by '//p[@id='txn_amount']' not found
	at com.kms.katalon.core.webui.keyword.internal.WebUIKeywordMain.stepFailed(WebUIKeywordMain.groovy:64)
	at com.kms.katalon.core.webui.keyword.builtin.VerifyElementTextKeyword$_verifyElementText_closure1.doCall(VerifyElementTextKeyword.groovy:64)
	at com.kms.katalon.core.webui.keyword.builtin.VerifyElementTextKeyword$_verifyElementText_closure1.call(VerifyElementTextKeyword.groovy)
	at com.kms.katalon.core.webui.keyword.internal.WebUIKeywordMain.runKeyword(WebUIKeywordMain.groovy:20)
	at com.kms.katalon.core.webui.keyword.builtin.VerifyElementTextKeyword.verifyElementText(VerifyElementTextKeyword.groovy:72)
	at com.kms.katalon.core.webui.keyword.builtin.VerifyElementTextKeyword.execute(VerifyElementTextKeyword.groovy:40)
	at com.kms.katalon.core.keyword.internal.KeywordExecutor.executeKeywordForPlatform(KeywordExecutor.groovy:74)
	at com.kms.katalon.core.webui.keyword.WebUiBuiltInKeywords.verifyElementText(WebUiBuiltInKeywords.groovy:4749)
	at com.kms.katalon.core.webui.keyword.WebUiBuiltInKeywords$verifyElementText$4.call(Unknown Source)
	at TC37_UserSuccessPaidUsingCC_WithPromoMidtrans.run(TC37_UserSuccessPaidUsingCC_WithPromoMidtrans:85)
	at com.kms.katalon.core.main.ScriptEngine.run(ScriptEngine.java:194)
	at com.kms.katalon.core.main.ScriptEngine.runScriptAsRawText(ScriptEngine.java:119)
	at com.kms.katalon.core.main.TestCaseExecutor.runScript(TestCaseExecutor.java:442)
	at com.kms.katalon.core.main.TestCaseExecutor.doExecute(TestCaseExecutor.java:433)
	at com.kms.katalon.core.main.TestCaseExecutor.processExecutionPhase(TestCaseExecutor.java:412)
	at com.kms.katalon.core.main.TestCaseExecutor.accessMainPhase(TestCaseExecutor.java:404)
	at com.kms.katalon.core.main.TestCaseExecutor.execute(TestCaseExecutor.java:281)
	at com.kms.katalon.core.main.TestSuiteExecutor.accessTestCaseMainPhase(TestSuiteExecutor.java:202)
	at com.kms.katalon.core.main.TestSuiteExecutor.accessTestSuiteMainPhase(TestSuiteExecutor.java:164)
	at com.kms.katalon.core.main.TestSuiteExecutor.execute(TestSuiteExecutor.java:105)
	at com.kms.katalon.core.main.TestCaseMain.startTestSuite(TestCaseMain.java:185)
	at com.kms.katalon.core.main.TestCaseMain$startTestSuite$0.call(Unknown Source)
	at TempTestSuite1652183590598.run(TempTestSuite1652183590598.groovy:36)
)
[[ATTACHMENT|C:\\Users\\220005\\Katalon Studio\\SmallProject1_Yulia\\Reports\\20220510_185310\\TS03 - Payment Method - CreditDebit Card\\20220510_185310\\1652183874508.png]]

2022-05-10 18:57:54 - [MESSAGE][FAILED] - Verify element text of test object 'Object Repository/4. Payment/Payment_CC/a_IssuingBank/Verify_Amount_IssuingBank' FAILED. (Root cause: com.kms.katalon.core.exception.StepFailedException: Verify element text of test object 'Object Repository/4. Payment/Payment_CC/a_IssuingBank/Verify_Amount_IssuingBank' FAILED.
	at com.kms.katalon.core.webui.keyword.internal.WebUIKeywordMain.stepFailed(WebUIKeywordMain.groovy:64)
	at com.kms.katalon.core.webui.keyword.internal.WebUIKeywordMain.runKeyword(WebUIKeywordMain.groovy:26)
	at com.kms.katalon.core.webui.keyword.builtin.VerifyElementTextKeyword.verifyElementText(VerifyElementTextKeyword.groovy:72)
	at com.kms.katalon.core.webui.keyword.builtin.VerifyElementTextKeyword.execute(VerifyElementTextKeyword.groovy:40)
	at com.kms.katalon.core.keyword.internal.KeywordExecutor.executeKeywordForPlatform(KeywordExecutor.groovy:74)
	at com.kms.katalon.core.webui.keyword.WebUiBuiltInKeywords.verifyElementText(WebUiBuiltInKeywords.groovy:4749)
	at com.kms.katalon.core.webui.keyword.WebUiBuiltInKeywords$verifyElementText$4.call(Unknown Source)
	at TC37_UserSuccessPaidUsingCC_WithPromoMidtrans.run(TC37_UserSuccessPaidUsingCC_WithPromoMidtrans:85)
	at com.kms.katalon.core.main.ScriptEngine.run(ScriptEngine.java:194)
	at com.kms.katalon.core.main.ScriptEngine.runScriptAsRawText(ScriptEngine.java:119)
	at com.kms.katalon.core.main.TestCaseExecutor.runScript(TestCaseExecutor.java:442)
	at com.kms.katalon.core.main.TestCaseExecutor.doExecute(TestCaseExecutor.java:433)
	at com.kms.katalon.core.main.TestCaseExecutor.processExecutionPhase(TestCaseExecutor.java:412)
	at com.kms.katalon.core.main.TestCaseExecutor.accessMainPhase(TestCaseExecutor.java:404)
	at com.kms.katalon.core.main.TestCaseExecutor.execute(TestCaseExecutor.java:281)
	at com.kms.katalon.core.main.TestSuiteExecutor.accessTestCaseMainPhase(TestSuiteExecutor.java:202)
	at com.kms.katalon.core.main.TestSuiteExecutor.accessTestSuiteMainPhase(TestSuiteExecutor.java:164)
	at com.kms.katalon.core.main.TestSuiteExecutor.execute(TestSuiteExecutor.java:105)
	at com.kms.katalon.core.main.TestCaseMain.startTestSuite(TestCaseMain.java:185)
	at com.kms.katalon.core.main.TestCaseMain$startTestSuite$0.call(Unknown Source)
	at TempTestSuite1652183590598.run(TempTestSuite1652183590598.groovy:36)
Caused by: com.kms.katalon.core.exception.StepFailedException: com.kms.katalon.core.webui.exception.WebElementNotFoundException: Web element with id: 'Object Repository/4. Payment/Payment_CC/a_IssuingBank/Verify_Amount_IssuingBank' located by '//p[@id='txn_amount']' not found
	at com.kms.katalon.core.webui.keyword.internal.WebUIKeywordMain.stepFailed(WebUIKeywordMain.groovy:64)
	at com.kms.katalon.core.webui.keyword.builtin.VerifyElementTextKeyword$_verifyElementText_closure1.doCall(VerifyElementTextKeyword.groovy:64)
	at com.kms.katalon.core.webui.keyword.builtin.VerifyElementTextKeyword$_verifyElementText_closure1.call(VerifyElementTextKeyword.groovy)
	at com.kms.katalon.core.webui.keyword.internal.WebUIKeywordMain.runKeyword(WebUIKeywordMain.groovy:20)
	... 19 more
)
[[ATTACHMENT|C:\\Users\\220005\\Katalon Studio\\SmallProject1_Yulia\\Reports\\20220510_185310\\TS03 - Payment Method - CreditDebit Card\\20220510_185310\\1652183874690.png]]]]></system-out>
         <system-err><![CDATA[2022-05-10 18:56:27 - [TEST_CASE][FAILED] - Test Cases/SmallProject1_Version2/TC37_UserSuccessPaidUsingCC_WithPromoMidtrans: Test Cases/SmallProject1_Version2/TC37_UserSuccessPaidUsingCC_WithPromoMidtrans FAILED.
Reason:
com.kms.katalon.core.exception.StepFailedException: Verify element text of test object 'Object Repository/4. Payment/Payment_CC/a_IssuingBank/Verify_Amount_IssuingBank' FAILED.
	at com.kms.katalon.core.webui.keyword.internal.WebUIKeywordMain.stepFailed(WebUIKeywordMain.groovy:64)
	at com.kms.katalon.core.webui.keyword.internal.WebUIKeywordMain.runKeyword(WebUIKeywordMain.groovy:26)
	at com.kms.katalon.core.webui.keyword.builtin.VerifyElementTextKeyword.verifyElementText(VerifyElementTextKeyword.groovy:72)
	at com.kms.katalon.core.webui.keyword.builtin.VerifyElementTextKeyword.execute(VerifyElementTextKeyword.groovy:40)
	at com.kms.katalon.core.keyword.internal.KeywordExecutor.executeKeywordForPlatform(KeywordExecutor.groovy:74)
	at com.kms.katalon.core.webui.keyword.WebUiBuiltInKeywords.verifyElementText(WebUiBuiltInKeywords.groovy:4749)
	at com.kms.katalon.core.webui.keyword.WebUiBuiltInKeywords$verifyElementText$4.call(Unknown Source)
	at TC37_UserSuccessPaidUsingCC_WithPromoMidtrans.run(TC37_UserSuccessPaidUsingCC_WithPromoMidtrans:85)
	at com.kms.katalon.core.main.ScriptEngine.run(ScriptEngine.java:194)
	at com.kms.katalon.core.main.ScriptEngine.runScriptAsRawText(ScriptEngine.java:119)
	at com.kms.katalon.core.main.TestCaseExecutor.runScript(TestCaseExecutor.java:442)
	at com.kms.katalon.core.main.TestCaseExecutor.doExecute(TestCaseExecutor.java:433)
	at com.kms.katalon.core.main.TestCaseExecutor.processExecutionPhase(TestCaseExecutor.java:412)
	at com.kms.katalon.core.main.TestCaseExecutor.accessMainPhase(TestCaseExecutor.java:404)
	at com.kms.katalon.core.main.TestCaseExecutor.execute(TestCaseExecutor.java:281)
	at com.kms.katalon.core.main.TestSuiteExecutor.accessTestCaseMainPhase(TestSuiteExecutor.java:202)
	at com.kms.katalon.core.main.TestSuiteExecutor.accessTestSuiteMainPhase(TestSuiteExecutor.java:164)
	at com.kms.katalon.core.main.TestSuiteExecutor.execute(TestSuiteExecutor.java:105)
	at com.kms.katalon.core.main.TestCaseMain.startTestSuite(TestCaseMain.java:185)
	at com.kms.katalon.core.main.TestCaseMain$startTestSuite$0.call(Unknown Source)
	at TempTestSuite1652183590598.run(TempTestSuite1652183590598.groovy:36)
Caused by: com.kms.katalon.core.exception.StepFailedException: com.kms.katalon.core.webui.exception.WebElementNotFoundException: Web element with id: 'Object Repository/4. Payment/Payment_CC/a_IssuingBank/Verify_Amount_IssuingBank' located by '//p[@id='txn_amount']' not found
	at com.kms.katalon.core.webui.keyword.internal.WebUIKeywordMain.stepFailed(WebUIKeywordMain.groovy:64)
	at com.kms.katalon.core.webui.keyword.builtin.VerifyElementTextKeyword$_verifyElementText_closure1.doCall(VerifyElementTextKeyword.groovy:64)
	at com.kms.katalon.core.webui.keyword.builtin.VerifyElementTextKeyword$_verifyElementText_closure1.call(VerifyElementTextKeyword.groovy)
	at com.kms.katalon.core.webui.keyword.internal.WebUIKeywordMain.runKeyword(WebUIKeywordMain.groovy:20)
	... 19 more]]></system-err>
      </testcase>
      <testcase name="Test Cases/SmallProject1_Version2/TC38_UserSuccessPaidUsingCC_WithPromo10Rupiah" time="61.633" classname="Test Cases/SmallProject1_Version2/TC38_UserSuccessPaidUsingCC_WithPromo10Rupiah" status="PASSED">
         <system-out><![CDATA[2022-05-10 18:57:54 - [TEST_CASE][PASSED] - Test Cases/SmallProject1_Version2/TC38_UserSuccessPaidUsingCC_WithPromo10Rupiah: Test Cases/SmallProject1_Version2/TC38_UserSuccessPaidUsingCC_WithPromo10Rupiah

2022-05-10 18:57:55 - [TEST_STEP][PASSED] - callTestCase(findTestCase("SmallProject1_Version2/TC32_UserSuccessCheckout"), [:], STOP_ON_FAILURE): Call Test Case 'Test Cases/SmallProject1_Version2/TC32_UserSuccessCheckout' successfully

2022-05-10 18:57:55 - [TEST_CASE][PASSED] - Test Cases/SmallProject1_Version2/TC32_UserSuccessCheckout: Test Cases/SmallProject1_Version2/TC32_UserSuccessCheckout

2022-05-10 18:57:55 - [TEST_STEP][PASSED] - openBrowser(""): Browser is opened with url: ''

2022-05-10 18:57:55 - [MESSAGE][WARNING] - A browser is already opened. Closing browser and opening a new one

2022-05-10 18:57:55 - [MESSAGE][INFO] - Starting 'Chrome' driver

2022-05-10 18:57:55 - [MESSAGE][INFO] - Action delay is set to 0 milliseconds

2022-05-10 18:57:56 - [MESSAGE][PASSED] - Browser is opened with url: ''

2022-05-10 18:57:56 - [TEST_STEP][PASSED] - maximizeWindow(): Current window maximized

2022-05-10 18:57:57 - [MESSAGE][PASSED] - Current window maximized

2022-05-10 18:57:57 - [TEST_STEP][PASSED] - navigateToUrl("https://demo.midtrans.com/"): Navigate to 'https://demo.midtrans.com/' successfully

2022-05-10 18:57:57 - [MESSAGE][PASSED] - Navigate to 'https://demo.midtrans.com/' successfully

2022-05-10 18:57:57 - [TEST_STEP][PASSED] - click(findTestObject("3. Checkout/a_BUY NOW")): Object: 'Object Repository/3. Checkout/a_BUY NOW' is clicked on

2022-05-10 18:57:58 - [MESSAGE][PASSED] - Object: 'Object Repository/3. Checkout/a_BUY NOW' is clicked on

2022-05-10 18:57:58 - [TEST_STEP][PASSED] - verifyElementVisibleInViewport(findTestObject("3. Checkout/Verify_ShoppingCart"), 0): Object 'Object Repository/3. Checkout/Verify_ShoppingCart' is present and visible in viewport

2022-05-10 18:57:58 - [MESSAGE][WARNING] - Timeout '0' is invalid. Using default page load timeout: '30'

2022-05-10 18:57:58 - [MESSAGE][PASSED] - Object 'Object Repository/3. Checkout/Verify_ShoppingCart' is present and visible in viewport

2022-05-10 18:57:58 - [TEST_STEP][PASSED] - verifyElementText(findTestObject("3. Checkout/Verify_TotalAmount"), "20,000"): Actual text and expected text of test object 'Object Repository/3. Checkout/Verify_TotalAmount' are matched.

2022-05-10 18:57:59 - [MESSAGE][PASSED] - Actual text and expected text of test object 'Object Repository/3. Checkout/Verify_TotalAmount' are matched.

2022-05-10 18:57:59 - [TEST_STEP][PASSED] - verifyElementText(findTestObject("3. Checkout/Verify_CustomerDetail"), "Customer Details"): Actual text and expected text of test object 'Object Repository/3. Checkout/Verify_CustomerDetail' are matched.

2022-05-10 18:57:59 - [MESSAGE][PASSED] - Actual text and expected text of test object 'Object Repository/3. Checkout/Verify_CustomerDetail' are matched.

2022-05-10 18:57:59 - [TEST_STEP][PASSED] - setText(findTestObject("3. Checkout/Field_Name"), Name): Text 'Yulia' is set on object 'Object Repository/3. Checkout/Field_Name'

2022-05-10 18:58:00 - [MESSAGE][PASSED] - Text 'Yulia' is set on object 'Object Repository/3. Checkout/Field_Name'

2022-05-10 18:58:00 - [TEST_STEP][PASSED] - setText(findTestObject("3. Checkout/Field_Email"), Email): Text 'yulia@email.com' is set on object 'Object Repository/3. Checkout/Field_Email'

2022-05-10 18:58:00 - [MESSAGE][PASSED] - Text 'yulia@email.com' is set on object 'Object Repository/3. Checkout/Field_Email'

2022-05-10 18:58:00 - [TEST_STEP][PASSED] - setText(findTestObject("3. Checkout/Field_Phone"), Phone): Text '081234567890' is set on object 'Object Repository/3. Checkout/Field_Phone'

2022-05-10 18:58:01 - [MESSAGE][PASSED] - Text '081234567890' is set on object 'Object Repository/3. Checkout/Field_Phone'

2022-05-10 18:58:01 - [TEST_STEP][PASSED] - setText(findTestObject("3. Checkout/Field_City"), City): Text 'Jakarta' is set on object 'Object Repository/3. Checkout/Field_City'

2022-05-10 18:58:02 - [MESSAGE][PASSED] - Text 'Jakarta' is set on object 'Object Repository/3. Checkout/Field_City'

2022-05-10 18:58:02 - [TEST_STEP][PASSED] - setText(findTestObject("3. Checkout/Field_Address"), Address): Text 'Jalan Jend. Sudirman Kav 10' is set on object 'Object Repository/3. Checkout/Field_Address'

2022-05-10 18:58:02 - [MESSAGE][PASSED] - Text 'Jalan Jend. Sudirman Kav 10' is set on object 'Object Repository/3. Checkout/Field_Address'

2022-05-10 18:58:02 - [TEST_STEP][PASSED] - setText(findTestObject("3. Checkout/Field_PostalCode"), PostalCode): Text '12345' is set on object 'Object Repository/3. Checkout/Field_PostalCode'

2022-05-10 18:58:03 - [MESSAGE][PASSED] - Text '12345' is set on object 'Object Repository/3. Checkout/Field_PostalCode'

2022-05-10 18:58:03 - [TEST_STEP][PASSED] - click(findTestObject("3. Checkout/Button_Checkout")): Object: 'Object Repository/3. Checkout/Button_Checkout' is clicked on

2022-05-10 18:58:03 - [MESSAGE][PASSED] - Object: 'Object Repository/3. Checkout/Button_Checkout' is clicked on

2022-05-10 18:58:03 - [TEST_STEP][PASSED] - delay(1): Delayed 1 second(s)

2022-05-10 18:58:04 - [MESSAGE][PASSED] - Delayed 1 second(s)

2022-05-10 18:58:04 - [TEST_STEP][PASSED] - takeFullPageScreenshot(): Taking screenshot successfully

2022-05-10 18:58:05 - [MESSAGE][INFO] - 0 hidden object(s)

2022-05-10 18:58:05 - [MESSAGE][PASSED] - Taking screenshot successfully
[[ATTACHMENT|C:\\Users\\220005\\Katalon Studio\\SmallProject1_Yulia\\Reports\\20220510_185310\\TS03 - Payment Method - CreditDebit Card\\20220510_185310\\1652183884837.png]]

2022-05-10 18:58:05 - [TEST_STEP][PASSED] - verifyElementVisible(findTestObject("5. PopUp Detail/Time_PayWithin"), STOP_ON_FAILURE): Object 'Object Repository/5. PopUp Detail/Time_PayWithin' is visible

2022-05-10 18:58:05 - [MESSAGE][PASSED] - Object 'Object Repository/5. PopUp Detail/Time_PayWithin' is visible

2022-05-10 18:58:05 - [TEST_STEP][PASSED] - verifyElementVisible(findTestObject("5. PopUp Detail/Verify_OrderID_PopUp")): Object 'Object Repository/5. PopUp Detail/Verify_OrderID_PopUp' is visible

2022-05-10 18:58:06 - [MESSAGE][PASSED] - Object 'Object Repository/5. PopUp Detail/Verify_OrderID_PopUp' is visible

2022-05-10 18:58:06 - [TEST_STEP][PASSED] - verifyElementVisible(findTestObject("3. Checkout/Verify_MethodList")): Object 'Object Repository/3. Checkout/Verify_MethodList' is visible

2022-05-10 18:58:06 - [MESSAGE][PASSED] - Object 'Object Repository/3. Checkout/Verify_MethodList' is visible

2022-05-10 18:58:06 - [MESSAGE][PASSED] - Call Test Case 'Test Cases/SmallProject1_Version2/TC32_UserSuccessCheckout' successfully

2022-05-10 18:58:06 - [TEST_STEP][PASSED] - verifyElementVisible(findTestObject("4. Payment/Payment_CC/Title_CC")): Object 'Object Repository/4. Payment/Payment_CC/Title_CC' is visible

2022-05-10 18:58:07 - [MESSAGE][PASSED] - Object 'Object Repository/4. Payment/Payment_CC/Title_CC' is visible

2022-05-10 18:58:07 - [TEST_STEP][PASSED] - verifyElementVisible(findTestObject("4. Payment/Payment_CC/Logo_CC")): Object 'Object Repository/4. Payment/Payment_CC/Logo_CC' is visible

2022-05-10 18:58:07 - [MESSAGE][PASSED] - Object 'Object Repository/4. Payment/Payment_CC/Logo_CC' is visible

2022-05-10 18:58:07 - [TEST_STEP][PASSED] - click(findTestObject("4. Payment/Payment_CC/a_CreditDebit CardPay with Visa, MasterCard, JCB, or Amexpromo")): Object: 'Object Repository/4. Payment/Payment_CC/a_CreditDebit CardPay with Visa, MasterCard, JCB, or Amexpromo' is clicked on

2022-05-10 18:58:08 - [MESSAGE][PASSED] - Object: 'Object Repository/4. Payment/Payment_CC/a_CreditDebit CardPay with Visa, MasterCard, JCB, or Amexpromo' is clicked on

2022-05-10 18:58:08 - [TEST_STEP][PASSED] - delay(1): Delayed 1 second(s)

2022-05-10 18:58:09 - [MESSAGE][PASSED] - Delayed 1 second(s)

2022-05-10 18:58:09 - [TEST_STEP][PASSED] - takeFullPageScreenshot(): Taking screenshot successfully

2022-05-10 18:58:09 - [MESSAGE][INFO] - 0 hidden object(s)

2022-05-10 18:58:09 - [MESSAGE][PASSED] - Taking screenshot successfully
[[ATTACHMENT|C:\\Users\\220005\\Katalon Studio\\SmallProject1_Yulia\\Reports\\20220510_185310\\TS03 - Payment Method - CreditDebit Card\\20220510_185310\\1652183889200.png]]

2022-05-10 18:58:09 - [TEST_STEP][PASSED] - verifyElementText(findTestObject("4. Payment/Payment_CC/Header_CreditDebitCard"), "Credit/debit card"): Actual text and expected text of test object 'Object Repository/4. Payment/Payment_CC/Header_CreditDebitCard' are matched.

2022-05-10 18:58:10 - [MESSAGE][PASSED] - Actual text and expected text of test object 'Object Repository/4. Payment/Payment_CC/Header_CreditDebitCard' are matched.

2022-05-10 18:58:10 - [TEST_STEP][PASSED] - verifyElementNotClickable(findTestObject("4. Payment/Payment_CC/Promo_Installment"), STOP_ON_FAILURE): Object 'Object Repository/4. Payment/Payment_CC/Promo_Installment' is NOT clickable

2022-05-10 18:58:10 - [MESSAGE][PASSED] - Object 'Object Repository/4. Payment/Payment_CC/Promo_Installment' is NOT clickable

2022-05-10 18:58:10 - [TEST_STEP][PASSED] - verifyElementNotClickable(findTestObject("4. Payment/Payment_CC/Promo_10Persen"), STOP_ON_FAILURE): Object 'Object Repository/4. Payment/Payment_CC/Promo_10Persen' is NOT clickable

2022-05-10 18:58:10 - [MESSAGE][PASSED] - Object 'Object Repository/4. Payment/Payment_CC/Promo_10Persen' is NOT clickable

2022-05-10 18:58:10 - [TEST_STEP][PASSED] - verifyElementNotClickable(findTestObject("4. Payment/Payment_CC/Promo_Midtrans"), STOP_ON_FAILURE): Object 'Object Repository/4. Payment/Payment_CC/Promo_Midtrans' is NOT clickable

2022-05-10 18:58:11 - [MESSAGE][PASSED] - Object 'Object Repository/4. Payment/Payment_CC/Promo_Midtrans' is NOT clickable

2022-05-10 18:58:11 - [TEST_STEP][PASSED] - verifyElementNotClickable(findTestObject("4. Payment/Payment_CC/Promo_MasterCard"), STOP_ON_FAILURE): Object 'Object Repository/4. Payment/Payment_CC/Promo_MasterCard' is NOT clickable

2022-05-10 18:58:11 - [MESSAGE][PASSED] - Object 'Object Repository/4. Payment/Payment_CC/Promo_MasterCard' is NOT clickable

2022-05-10 18:58:11 - [TEST_STEP][PASSED] - verifyElementNotClickable(findTestObject("4. Payment/Payment_CC/Promo_10Rupiah"), STOP_ON_FAILURE): Object 'Object Repository/4. Payment/Payment_CC/Promo_10Rupiah' is NOT clickable

2022-05-10 18:58:12 - [MESSAGE][PASSED] - Object 'Object Repository/4. Payment/Payment_CC/Promo_10Rupiah' is NOT clickable

2022-05-10 18:58:12 - [TEST_STEP][PASSED] - verifyElementClickable(findTestObject("4. Payment/Payment_CC/No_Promo"), STOP_ON_FAILURE): Object 'Object Repository/4. Payment/Payment_CC/No_Promo' is clickable

2022-05-10 18:58:12 - [MESSAGE][PASSED] - Object 'Object Repository/4. Payment/Payment_CC/No_Promo' is clickable

2022-05-10 18:58:12 - [TEST_STEP][PASSED] - setText(findTestObject("4. Payment/Payment_CC/Field_CardNumber"), findTestData("Success_CardNumber").getValue(1, 1)): Text '4811111111111114' is set on object 'Object Repository/4. Payment/Payment_CC/Field_CardNumber'

2022-05-10 18:58:13 - [MESSAGE][PASSED] - Text '4811111111111114' is set on object 'Object Repository/4. Payment/Payment_CC/Field_CardNumber'

2022-05-10 18:58:13 - [TEST_STEP][PASSED] - setText(findTestObject("4. Payment/Payment_CC/Field_ExpireDate"), findTestData("Success_CardNumber").getValue(2, 1)): Text '05/22' is set on object 'Object Repository/4. Payment/Payment_CC/Field_ExpireDate'

2022-05-10 18:58:13 - [MESSAGE][PASSED] - Text '05/22' is set on object 'Object Repository/4. Payment/Payment_CC/Field_ExpireDate'

2022-05-10 18:58:13 - [TEST_STEP][PASSED] - setText(findTestObject("4. Payment/Payment_CC/Field_CVV"), findTestData("Success_CardNumber").getValue(3, 1)): Text '123' is set on object 'Object Repository/4. Payment/Payment_CC/Field_CVV'

2022-05-10 18:58:14 - [MESSAGE][PASSED] - Text '123' is set on object 'Object Repository/4. Payment/Payment_CC/Field_CVV'

2022-05-10 18:58:14 - [TEST_STEP][PASSED] - verifyElementVisible(findTestObject("4. Payment/Payment_CC/Banner_Visa_AfterInputCardNumber")): Object 'Object Repository/4. Payment/Payment_CC/Banner_Visa_AfterInputCardNumber' is visible

2022-05-10 18:58:14 - [MESSAGE][PASSED] - Object 'Object Repository/4. Payment/Payment_CC/Banner_Visa_AfterInputCardNumber' is visible

2022-05-10 18:58:14 - [TEST_STEP][PASSED] - verifyElementNotClickable(findTestObject("4. Payment/Payment_CC/Promo_MasterCard"), STOP_ON_FAILURE): Object 'Object Repository/4. Payment/Payment_CC/Promo_MasterCard' is NOT clickable

2022-05-10 18:58:14 - [MESSAGE][PASSED] - Object 'Object Repository/4. Payment/Payment_CC/Promo_MasterCard' is NOT clickable

2022-05-10 18:58:14 - [TEST_STEP][PASSED] - enhancedClick(findTestObject("4. Payment/Payment_CC/Promo_10Rupiah")): Object: 'Object Repository/4. Payment/Payment_CC/Promo_10Rupiah' is clicked on

2022-05-10 18:58:45 - [MESSAGE][PASSED] - Object: 'Object Repository/4. Payment/Payment_CC/Promo_10Rupiah' is clicked on

2022-05-10 18:58:45 - [TEST_STEP][PASSED] - click(findTestObject("5. PopUp Detail/Button_Float_Down")): Object: 'Object Repository/5. PopUp Detail/Button_Float_Down' is clicked on

2022-05-10 18:58:46 - [MESSAGE][PASSED] - Object: 'Object Repository/5. PopUp Detail/Button_Float_Down' is clicked on

2022-05-10 18:58:46 - [TEST_STEP][PASSED] - verifyElementText(findTestObject("5. PopUp Detail/Verify_AmountMidtransPillow"), "Rp20.000"): Actual text and expected text of test object 'Object Repository/5. PopUp Detail/Verify_AmountMidtransPillow' are matched.

2022-05-10 18:58:46 - [MESSAGE][PASSED] - Actual text and expected text of test object 'Object Repository/5. PopUp Detail/Verify_AmountMidtransPillow' are matched.

2022-05-10 18:58:46 - [TEST_STEP][PASSED] - verifyElementText(findTestObject("5. PopUp Detail/Verify_TotalAmount_Summary"), "Rp20.000"): Actual text and expected text of test object 'Object Repository/5. PopUp Detail/Verify_TotalAmount_Summary' are matched.

2022-05-10 18:58:47 - [MESSAGE][PASSED] - Actual text and expected text of test object 'Object Repository/5. PopUp Detail/Verify_TotalAmount_Summary' are matched.

2022-05-10 18:58:47 - [TEST_STEP][PASSED] - verifyElementText(findTestObject("4. Payment/Payment_CC/Verify_Promo"), "Rp10"): Actual text and expected text of test object 'Object Repository/4. Payment/Payment_CC/Verify_Promo' are matched.

2022-05-10 18:58:47 - [MESSAGE][PASSED] - Actual text and expected text of test object 'Object Repository/4. Payment/Payment_CC/Verify_Promo' are matched.

2022-05-10 18:58:47 - [TEST_STEP][PASSED] - total1 = verifyElementText(findTestObject("4. Payment/Payment_CC/Verify_Total_AfterPromo"), "Rp19.990"): Actual text and expected text of test object 'Object Repository/4. Payment/Payment_CC/Verify_Total_AfterPromo' are matched.

2022-05-10 18:58:47 - [MESSAGE][PASSED] - Actual text and expected text of test object 'Object Repository/4. Payment/Payment_CC/Verify_Total_AfterPromo' are matched.

2022-05-10 18:58:47 - [TEST_STEP][PASSED] - total2 = verifyElementText(findTestObject("5. PopUp Detail/Verify_TotalAmount_PopUp"), "Rp19.990"): Actual text and expected text of test object 'Object Repository/5. PopUp Detail/Verify_TotalAmount_PopUp' are matched.

2022-05-10 18:58:48 - [MESSAGE][PASSED] - Actual text and expected text of test object 'Object Repository/5. PopUp Detail/Verify_TotalAmount_PopUp' are matched.

2022-05-10 18:58:48 - [TEST_STEP][PASSED] - verifyEqual(total1, total2, STOP_ON_FAILURE): Actual object 'true' and expected object 'true' are equal

2022-05-10 18:58:48 - [MESSAGE][PASSED] - Actual object 'true' and expected object 'true' are equal

2022-05-10 18:58:48 - [TEST_STEP][PASSED] - verifyElementText(findTestObject("5. PopUp Detail/Verify_Name_Summary"), Name): Actual text and expected text of test object 'Object Repository/5. PopUp Detail/Verify_Name_Summary' are matched.

2022-05-10 18:58:48 - [MESSAGE][PASSED] - Actual text and expected text of test object 'Object Repository/5. PopUp Detail/Verify_Name_Summary' are matched.

2022-05-10 18:58:48 - [TEST_STEP][PASSED] - verifyElementText(findTestObject("5. PopUp Detail/Verify_Addess_Summary"), Address_2): Actual text and expected text of test object 'Object Repository/5. PopUp Detail/Verify_Addess_Summary' are matched.

2022-05-10 18:58:49 - [MESSAGE][PASSED] - Actual text and expected text of test object 'Object Repository/5. PopUp Detail/Verify_Addess_Summary' are matched.

2022-05-10 18:58:49 - [TEST_STEP][PASSED] - verifyElementText(findTestObject("5. PopUp Detail/Verify_Phone_Summary"), Phone_2): Actual text and expected text of test object 'Object Repository/5. PopUp Detail/Verify_Phone_Summary' are matched.

2022-05-10 18:58:49 - [MESSAGE][PASSED] - Actual text and expected text of test object 'Object Repository/5. PopUp Detail/Verify_Phone_Summary' are matched.

2022-05-10 18:58:49 - [TEST_STEP][PASSED] - click(findTestObject("5. PopUp Detail/Button_Float_Up")): Object: 'Object Repository/5. PopUp Detail/Button_Float_Up' is clicked on

2022-05-10 18:58:50 - [MESSAGE][PASSED] - Object: 'Object Repository/5. PopUp Detail/Button_Float_Up' is clicked on

2022-05-10 18:58:50 - [TEST_STEP][PASSED] - click(findTestObject("5. PopUp Detail/Button_PayNow")): Object: 'Object Repository/5. PopUp Detail/Button_PayNow' is clicked on

2022-05-10 18:58:50 - [MESSAGE][PASSED] - Object: 'Object Repository/5. PopUp Detail/Button_PayNow' is clicked on

2022-05-10 18:58:50 - [TEST_STEP][PASSED] - verifyElementText(findTestObject("4. Payment/Payment_CC/a_IssuingBank/Verify_Amount_IssuingBank"), "19990.00"): Actual text and expected text of test object 'Object Repository/4. Payment/Payment_CC/a_IssuingBank/Verify_Amount_IssuingBank' are matched.

2022-05-10 18:58:51 - [MESSAGE][PASSED] - Actual text and expected text of test object 'Object Repository/4. Payment/Payment_CC/a_IssuingBank/Verify_Amount_IssuingBank' are matched.

2022-05-10 18:58:51 - [TEST_STEP][PASSED] - setEncryptedText(findTestObject("4. Payment/Payment_CC/a_IssuingBank/input_Password_PaRes"), "4tAN/DuJV7Y="): Text ****** has been set on object 'Object Repository/4. Payment/Payment_CC/a_IssuingBank/input_Password_PaRes'

2022-05-10 18:58:52 - [MESSAGE][PASSED] - Text ****** has been set on object 'Object Repository/4. Payment/Payment_CC/a_IssuingBank/input_Password_PaRes'

2022-05-10 18:58:52 - [TEST_STEP][PASSED] - click(findTestObject("4. Payment/Payment_CC/a_IssuingBank/Button_OK")): Object: 'Object Repository/4. Payment/Payment_CC/a_IssuingBank/Button_OK' is clicked on

2022-05-10 18:58:53 - [MESSAGE][PASSED] - Object: 'Object Repository/4. Payment/Payment_CC/a_IssuingBank/Button_OK' is clicked on

2022-05-10 18:58:53 - [TEST_STEP][PASSED] - verifyElementText(findTestObject("4. Payment/Payment_CC/Verify_Success_TextPaymentSuccessful"), "Payment successful"): Actual text and expected text of test object 'Object Repository/4. Payment/Payment_CC/Verify_Success_TextPaymentSuccessful' are matched.

2022-05-10 18:58:53 - [MESSAGE][PASSED] - Actual text and expected text of test object 'Object Repository/4. Payment/Payment_CC/Verify_Success_TextPaymentSuccessful' are matched.

2022-05-10 18:58:53 - [TEST_STEP][PASSED] - verifyElementText(findTestObject("4. Payment/Payment_CC/Verify_Success_TotalPrice"), "Rp19.990"): Actual text and expected text of test object 'Object Repository/4. Payment/Payment_CC/Verify_Success_TotalPrice' are matched.

2022-05-10 18:58:53 - [MESSAGE][PASSED] - Actual text and expected text of test object 'Object Repository/4. Payment/Payment_CC/Verify_Success_TotalPrice' are matched.

2022-05-10 18:58:53 - [TEST_STEP][PASSED] - verifyElementVisible(findTestObject("4. Payment/Payment_CC/Verify_Success_OrderID")): Object 'Object Repository/4. Payment/Payment_CC/Verify_Success_OrderID' is visible

2022-05-10 18:58:54 - [MESSAGE][PASSED] - Object 'Object Repository/4. Payment/Payment_CC/Verify_Success_OrderID' is visible

2022-05-10 18:58:54 - [TEST_STEP][PASSED] - verifyElementVisible(findTestObject("4. Payment/Payment_CC/Verify_Success_Redirectingbackautomatically_in1second")): Object 'Object Repository/4. Payment/Payment_CC/Verify_Success_Redirectingbackautomatically_in1second' is visible

2022-05-10 18:58:54 - [MESSAGE][PASSED] - Object 'Object Repository/4. Payment/Payment_CC/Verify_Success_Redirectingbackautomatically_in1second' is visible

2022-05-10 18:58:54 - [TEST_STEP][PASSED] - click(findTestObject("4. Payment/Payment_CC/Button_BackToMerchantsWeb")): Object: 'Object Repository/4. Payment/Payment_CC/Button_BackToMerchantsWeb' is clicked on

2022-05-10 18:58:55 - [MESSAGE][PASSED] - Object: 'Object Repository/4. Payment/Payment_CC/Button_BackToMerchantsWeb' is clicked on

2022-05-10 18:58:55 - [TEST_STEP][PASSED] - verifyElementVisible(findTestObject("4. Payment/Payment_CC/Verify_ThankYou"), STOP_ON_FAILURE): Object 'Object Repository/4. Payment/Payment_CC/Verify_ThankYou' is visible

2022-05-10 18:58:55 - [MESSAGE][PASSED] - Object 'Object Repository/4. Payment/Payment_CC/Verify_ThankYou' is visible

2022-05-10 18:58:55 - [TEST_STEP][PASSED] - closeBrowser(): Browser is closed

2022-05-10 18:58:56 - [MESSAGE][PASSED] - Browser is closed]]></system-out>
         <system-err><![CDATA[]]></system-err>
      </testcase>
      <testcase name="Test Cases/SmallProject1_Version2/TC40_UserProcessPromo_QuotaFullyUsed" time="60.569" classname="Test Cases/SmallProject1_Version2/TC40_UserProcessPromo_QuotaFullyUsed" status="PASSED">
         <system-out><![CDATA[2022-05-10 18:58:56 - [TEST_CASE][PASSED] - Test Cases/SmallProject1_Version2/TC40_UserProcessPromo_QuotaFullyUsed: Test Cases/SmallProject1_Version2/TC40_UserProcessPromo_QuotaFullyUsed

2022-05-10 18:58:56 - [TEST_STEP][PASSED] - callTestCase(findTestCase("SmallProject1_Version2/TC32_UserSuccessCheckout"), [:], STOP_ON_FAILURE): Call Test Case 'Test Cases/SmallProject1_Version2/TC32_UserSuccessCheckout' successfully

2022-05-10 18:58:56 - [TEST_CASE][PASSED] - Test Cases/SmallProject1_Version2/TC32_UserSuccessCheckout: Test Cases/SmallProject1_Version2/TC32_UserSuccessCheckout

2022-05-10 18:58:56 - [TEST_STEP][PASSED] - openBrowser(""): Browser is opened with url: ''

2022-05-10 18:58:56 - [MESSAGE][INFO] - Starting 'Chrome' driver

2022-05-10 18:58:56 - [MESSAGE][INFO] - Action delay is set to 0 milliseconds

2022-05-10 18:58:57 - [MESSAGE][PASSED] - Browser is opened with url: ''

2022-05-10 18:58:57 - [TEST_STEP][PASSED] - maximizeWindow(): Current window maximized

2022-05-10 18:58:58 - [MESSAGE][PASSED] - Current window maximized

2022-05-10 18:58:58 - [TEST_STEP][PASSED] - navigateToUrl("https://demo.midtrans.com/"): Navigate to 'https://demo.midtrans.com/' successfully

2022-05-10 18:58:58 - [MESSAGE][PASSED] - Navigate to 'https://demo.midtrans.com/' successfully

2022-05-10 18:58:58 - [TEST_STEP][PASSED] - click(findTestObject("3. Checkout/a_BUY NOW")): Object: 'Object Repository/3. Checkout/a_BUY NOW' is clicked on

2022-05-10 18:58:59 - [MESSAGE][PASSED] - Object: 'Object Repository/3. Checkout/a_BUY NOW' is clicked on

2022-05-10 18:58:59 - [TEST_STEP][PASSED] - verifyElementVisibleInViewport(findTestObject("3. Checkout/Verify_ShoppingCart"), 0): Object 'Object Repository/3. Checkout/Verify_ShoppingCart' is present and visible in viewport

2022-05-10 18:58:59 - [MESSAGE][WARNING] - Timeout '0' is invalid. Using default page load timeout: '30'

2022-05-10 18:58:59 - [MESSAGE][PASSED] - Object 'Object Repository/3. Checkout/Verify_ShoppingCart' is present and visible in viewport

2022-05-10 18:58:59 - [TEST_STEP][PASSED] - verifyElementText(findTestObject("3. Checkout/Verify_TotalAmount"), "20,000"): Actual text and expected text of test object 'Object Repository/3. Checkout/Verify_TotalAmount' are matched.

2022-05-10 18:59:00 - [MESSAGE][PASSED] - Actual text and expected text of test object 'Object Repository/3. Checkout/Verify_TotalAmount' are matched.

2022-05-10 18:59:00 - [TEST_STEP][PASSED] - verifyElementText(findTestObject("3. Checkout/Verify_CustomerDetail"), "Customer Details"): Actual text and expected text of test object 'Object Repository/3. Checkout/Verify_CustomerDetail' are matched.

2022-05-10 18:59:00 - [MESSAGE][PASSED] - Actual text and expected text of test object 'Object Repository/3. Checkout/Verify_CustomerDetail' are matched.

2022-05-10 18:59:00 - [TEST_STEP][PASSED] - setText(findTestObject("3. Checkout/Field_Name"), Name): Text 'Yulia' is set on object 'Object Repository/3. Checkout/Field_Name'

2022-05-10 18:59:01 - [MESSAGE][PASSED] - Text 'Yulia' is set on object 'Object Repository/3. Checkout/Field_Name'

2022-05-10 18:59:01 - [TEST_STEP][PASSED] - setText(findTestObject("3. Checkout/Field_Email"), Email): Text 'yulia@email.com' is set on object 'Object Repository/3. Checkout/Field_Email'

2022-05-10 18:59:01 - [MESSAGE][PASSED] - Text 'yulia@email.com' is set on object 'Object Repository/3. Checkout/Field_Email'

2022-05-10 18:59:01 - [TEST_STEP][PASSED] - setText(findTestObject("3. Checkout/Field_Phone"), Phone): Text '081234567890' is set on object 'Object Repository/3. Checkout/Field_Phone'

2022-05-10 18:59:02 - [MESSAGE][PASSED] - Text '081234567890' is set on object 'Object Repository/3. Checkout/Field_Phone'

2022-05-10 18:59:02 - [TEST_STEP][PASSED] - setText(findTestObject("3. Checkout/Field_City"), City): Text 'Jakarta' is set on object 'Object Repository/3. Checkout/Field_City'

2022-05-10 18:59:03 - [MESSAGE][PASSED] - Text 'Jakarta' is set on object 'Object Repository/3. Checkout/Field_City'

2022-05-10 18:59:03 - [TEST_STEP][PASSED] - setText(findTestObject("3. Checkout/Field_Address"), Address): Text 'Jalan Jend. Sudirman Kav 10' is set on object 'Object Repository/3. Checkout/Field_Address'

2022-05-10 18:59:04 - [MESSAGE][PASSED] - Text 'Jalan Jend. Sudirman Kav 10' is set on object 'Object Repository/3. Checkout/Field_Address'

2022-05-10 18:59:04 - [TEST_STEP][PASSED] - setText(findTestObject("3. Checkout/Field_PostalCode"), PostalCode): Text '12345' is set on object 'Object Repository/3. Checkout/Field_PostalCode'

2022-05-10 18:59:04 - [MESSAGE][PASSED] - Text '12345' is set on object 'Object Repository/3. Checkout/Field_PostalCode'

2022-05-10 18:59:04 - [TEST_STEP][PASSED] - click(findTestObject("3. Checkout/Button_Checkout")): Object: 'Object Repository/3. Checkout/Button_Checkout' is clicked on

2022-05-10 18:59:05 - [MESSAGE][PASSED] - Object: 'Object Repository/3. Checkout/Button_Checkout' is clicked on

2022-05-10 18:59:05 - [TEST_STEP][PASSED] - delay(1): Delayed 1 second(s)

2022-05-10 18:59:06 - [MESSAGE][PASSED] - Delayed 1 second(s)

2022-05-10 18:59:06 - [TEST_STEP][PASSED] - takeFullPageScreenshot(): Taking screenshot successfully

2022-05-10 18:59:06 - [MESSAGE][INFO] - 0 hidden object(s)

2022-05-10 18:59:06 - [MESSAGE][PASSED] - Taking screenshot successfully
[[ATTACHMENT|C:\\Users\\220005\\Katalon Studio\\SmallProject1_Yulia\\Reports\\20220510_185310\\TS03 - Payment Method - CreditDebit Card\\20220510_185310\\1652183946055.png]]

2022-05-10 18:59:06 - [TEST_STEP][PASSED] - verifyElementVisible(findTestObject("5. PopUp Detail/Time_PayWithin"), STOP_ON_FAILURE): Object 'Object Repository/5. PopUp Detail/Time_PayWithin' is visible

2022-05-10 18:59:07 - [MESSAGE][PASSED] - Object 'Object Repository/5. PopUp Detail/Time_PayWithin' is visible

2022-05-10 18:59:07 - [TEST_STEP][PASSED] - verifyElementVisible(findTestObject("5. PopUp Detail/Verify_OrderID_PopUp")): Object 'Object Repository/5. PopUp Detail/Verify_OrderID_PopUp' is visible

2022-05-10 18:59:07 - [MESSAGE][PASSED] - Object 'Object Repository/5. PopUp Detail/Verify_OrderID_PopUp' is visible

2022-05-10 18:59:07 - [TEST_STEP][PASSED] - verifyElementVisible(findTestObject("3. Checkout/Verify_MethodList")): Object 'Object Repository/3. Checkout/Verify_MethodList' is visible

2022-05-10 18:59:08 - [MESSAGE][PASSED] - Object 'Object Repository/3. Checkout/Verify_MethodList' is visible

2022-05-10 18:59:08 - [MESSAGE][PASSED] - Call Test Case 'Test Cases/SmallProject1_Version2/TC32_UserSuccessCheckout' successfully

2022-05-10 18:59:08 - [TEST_STEP][PASSED] - verifyElementVisible(findTestObject("4. Payment/Payment_CC/Title_CC")): Object 'Object Repository/4. Payment/Payment_CC/Title_CC' is visible

2022-05-10 18:59:08 - [MESSAGE][PASSED] - Object 'Object Repository/4. Payment/Payment_CC/Title_CC' is visible

2022-05-10 18:59:08 - [TEST_STEP][PASSED] - verifyElementVisible(findTestObject("4. Payment/Payment_CC/Logo_CC")): Object 'Object Repository/4. Payment/Payment_CC/Logo_CC' is visible

2022-05-10 18:59:08 - [MESSAGE][PASSED] - Object 'Object Repository/4. Payment/Payment_CC/Logo_CC' is visible

2022-05-10 18:59:08 - [TEST_STEP][PASSED] - click(findTestObject("4. Payment/Payment_CC/a_CreditDebit CardPay with Visa, MasterCard, JCB, or Amexpromo")): Object: 'Object Repository/4. Payment/Payment_CC/a_CreditDebit CardPay with Visa, MasterCard, JCB, or Amexpromo' is clicked on

2022-05-10 18:59:09 - [MESSAGE][PASSED] - Object: 'Object Repository/4. Payment/Payment_CC/a_CreditDebit CardPay with Visa, MasterCard, JCB, or Amexpromo' is clicked on

2022-05-10 18:59:09 - [TEST_STEP][PASSED] - verifyElementText(findTestObject("4. Payment/Payment_CC/Header_CreditDebitCard"), "Credit/debit card"): Actual text and expected text of test object 'Object Repository/4. Payment/Payment_CC/Header_CreditDebitCard' are matched.

2022-05-10 18:59:09 - [MESSAGE][PASSED] - Actual text and expected text of test object 'Object Repository/4. Payment/Payment_CC/Header_CreditDebitCard' are matched.

2022-05-10 18:59:09 - [TEST_STEP][PASSED] - verifyElementNotClickable(findTestObject("4. Payment/Payment_CC/Promo_Installment"), STOP_ON_FAILURE): Object 'Object Repository/4. Payment/Payment_CC/Promo_Installment' is NOT clickable

2022-05-10 18:59:10 - [MESSAGE][PASSED] - Object 'Object Repository/4. Payment/Payment_CC/Promo_Installment' is NOT clickable

2022-05-10 18:59:10 - [TEST_STEP][PASSED] - verifyElementNotClickable(findTestObject("4. Payment/Payment_CC/Promo_10Persen"), STOP_ON_FAILURE): Object 'Object Repository/4. Payment/Payment_CC/Promo_10Persen' is NOT clickable

2022-05-10 18:59:10 - [MESSAGE][PASSED] - Object 'Object Repository/4. Payment/Payment_CC/Promo_10Persen' is NOT clickable

2022-05-10 18:59:10 - [TEST_STEP][PASSED] - verifyElementNotClickable(findTestObject("4. Payment/Payment_CC/Promo_Midtrans"), STOP_ON_FAILURE): Object 'Object Repository/4. Payment/Payment_CC/Promo_Midtrans' is NOT clickable

2022-05-10 18:59:11 - [MESSAGE][PASSED] - Object 'Object Repository/4. Payment/Payment_CC/Promo_Midtrans' is NOT clickable

2022-05-10 18:59:11 - [TEST_STEP][PASSED] - verifyElementNotClickable(findTestObject("4. Payment/Payment_CC/Promo_MasterCard"), STOP_ON_FAILURE): Object 'Object Repository/4. Payment/Payment_CC/Promo_MasterCard' is NOT clickable

2022-05-10 18:59:11 - [MESSAGE][PASSED] - Object 'Object Repository/4. Payment/Payment_CC/Promo_MasterCard' is NOT clickable

2022-05-10 18:59:11 - [TEST_STEP][PASSED] - verifyElementNotClickable(findTestObject("4. Payment/Payment_CC/Promo_10Rupiah"), STOP_ON_FAILURE): Object 'Object Repository/4. Payment/Payment_CC/Promo_10Rupiah' is NOT clickable

2022-05-10 18:59:11 - [MESSAGE][PASSED] - Object 'Object Repository/4. Payment/Payment_CC/Promo_10Rupiah' is NOT clickable

2022-05-10 18:59:11 - [TEST_STEP][PASSED] - verifyElementClickable(findTestObject("4. Payment/Payment_CC/No_Promo"), STOP_ON_FAILURE): Object 'Object Repository/4. Payment/Payment_CC/No_Promo' is clickable

2022-05-10 18:59:12 - [MESSAGE][PASSED] - Object 'Object Repository/4. Payment/Payment_CC/No_Promo' is clickable

2022-05-10 18:59:12 - [TEST_STEP][PASSED] - setText(findTestObject("4. Payment/Payment_CC/Field_CardNumber"), findTestData("Success_CardNumber").getValue(1, 1)): Text '4811111111111114' is set on object 'Object Repository/4. Payment/Payment_CC/Field_CardNumber'

2022-05-10 18:59:12 - [MESSAGE][PASSED] - Text '4811111111111114' is set on object 'Object Repository/4. Payment/Payment_CC/Field_CardNumber'

2022-05-10 18:59:12 - [TEST_STEP][PASSED] - setText(findTestObject("4. Payment/Payment_CC/Field_ExpireDate"), findTestData("Success_CardNumber").getValue(2, 1)): Text '05/22' is set on object 'Object Repository/4. Payment/Payment_CC/Field_ExpireDate'

2022-05-10 18:59:13 - [MESSAGE][PASSED] - Text '05/22' is set on object 'Object Repository/4. Payment/Payment_CC/Field_ExpireDate'

2022-05-10 18:59:13 - [TEST_STEP][PASSED] - setText(findTestObject("4. Payment/Payment_CC/Field_CVV"), findTestData("Success_CardNumber").getValue(3, 1)): Text '123' is set on object 'Object Repository/4. Payment/Payment_CC/Field_CVV'

2022-05-10 18:59:13 - [MESSAGE][PASSED] - Text '123' is set on object 'Object Repository/4. Payment/Payment_CC/Field_CVV'

2022-05-10 18:59:13 - [TEST_STEP][PASSED] - verifyElementVisible(findTestObject("4. Payment/Payment_CC/Banner_Visa_AfterInputCardNumber")): Object 'Object Repository/4. Payment/Payment_CC/Banner_Visa_AfterInputCardNumber' is visible

2022-05-10 18:59:14 - [MESSAGE][PASSED] - Object 'Object Repository/4. Payment/Payment_CC/Banner_Visa_AfterInputCardNumber' is visible

2022-05-10 18:59:14 - [TEST_STEP][PASSED] - verifyElementNotClickable(findTestObject("4. Payment/Payment_CC/Promo_MasterCard"), STOP_ON_FAILURE): Object 'Object Repository/4. Payment/Payment_CC/Promo_MasterCard' is NOT clickable

2022-05-10 18:59:14 - [MESSAGE][PASSED] - Object 'Object Repository/4. Payment/Payment_CC/Promo_MasterCard' is NOT clickable

2022-05-10 18:59:14 - [TEST_STEP][PASSED] - enhancedClick(findTestObject("4. Payment/Payment_CC/Promo_Midtrans")): Object: 'Object Repository/4. Payment/Payment_CC/Promo_Midtrans' is clicked on

2022-05-10 18:59:45 - [MESSAGE][PASSED] - Object: 'Object Repository/4. Payment/Payment_CC/Promo_Midtrans' is clicked on

2022-05-10 18:59:45 - [TEST_STEP][PASSED] - click(findTestObject("5. PopUp Detail/Button_Float_Down")): Object: 'Object Repository/5. PopUp Detail/Button_Float_Down' is clicked on

2022-05-10 18:59:46 - [MESSAGE][PASSED] - Object: 'Object Repository/5. PopUp Detail/Button_Float_Down' is clicked on

2022-05-10 18:59:46 - [TEST_STEP][PASSED] - verifyElementText(findTestObject("5. PopUp Detail/Verify_AmountMidtransPillow"), "Rp20.000"): Actual text and expected text of test object 'Object Repository/5. PopUp Detail/Verify_AmountMidtransPillow' are matched.

2022-05-10 18:59:46 - [MESSAGE][PASSED] - Actual text and expected text of test object 'Object Repository/5. PopUp Detail/Verify_AmountMidtransPillow' are matched.

2022-05-10 18:59:46 - [TEST_STEP][PASSED] - verifyElementText(findTestObject("5. PopUp Detail/Verify_TotalAmount_Summary"), "Rp20.000"): Actual text and expected text of test object 'Object Repository/5. PopUp Detail/Verify_TotalAmount_Summary' are matched.

2022-05-10 18:59:47 - [MESSAGE][PASSED] - Actual text and expected text of test object 'Object Repository/5. PopUp Detail/Verify_TotalAmount_Summary' are matched.

2022-05-10 18:59:47 - [TEST_STEP][PASSED] - verifyElementText(findTestObject("4. Payment/Payment_CC/Verify_Promo"), "Rp2.000"): Actual text and expected text of test object 'Object Repository/4. Payment/Payment_CC/Verify_Promo' are matched.

2022-05-10 18:59:47 - [MESSAGE][PASSED] - Actual text and expected text of test object 'Object Repository/4. Payment/Payment_CC/Verify_Promo' are matched.

2022-05-10 18:59:47 - [TEST_STEP][PASSED] - total1 = verifyElementText(findTestObject("4. Payment/Payment_CC/Verify_Total_AfterPromo"), "Rp18.000"): Actual text and expected text of test object 'Object Repository/4. Payment/Payment_CC/Verify_Total_AfterPromo' are matched.

2022-05-10 18:59:47 - [MESSAGE][PASSED] - Actual text and expected text of test object 'Object Repository/4. Payment/Payment_CC/Verify_Total_AfterPromo' are matched.

2022-05-10 18:59:47 - [TEST_STEP][PASSED] - total2 = verifyElementText(findTestObject("5. PopUp Detail/Verify_TotalAmount_PopUp"), "Rp18.000"): Actual text and expected text of test object 'Object Repository/5. PopUp Detail/Verify_TotalAmount_PopUp' are matched.

2022-05-10 18:59:48 - [MESSAGE][PASSED] - Actual text and expected text of test object 'Object Repository/5. PopUp Detail/Verify_TotalAmount_PopUp' are matched.

2022-05-10 18:59:48 - [TEST_STEP][PASSED] - verifyEqual(total1, total2, STOP_ON_FAILURE): Actual object 'true' and expected object 'true' are equal

2022-05-10 18:59:48 - [MESSAGE][PASSED] - Actual object 'true' and expected object 'true' are equal

2022-05-10 18:59:48 - [TEST_STEP][PASSED] - verifyElementText(findTestObject("5. PopUp Detail/Verify_Name_Summary"), Name): Actual text and expected text of test object 'Object Repository/5. PopUp Detail/Verify_Name_Summary' are matched.

2022-05-10 18:59:48 - [MESSAGE][PASSED] - Actual text and expected text of test object 'Object Repository/5. PopUp Detail/Verify_Name_Summary' are matched.

2022-05-10 18:59:48 - [TEST_STEP][PASSED] - verifyElementText(findTestObject("5. PopUp Detail/Verify_Addess_Summary"), Address_2): Actual text and expected text of test object 'Object Repository/5. PopUp Detail/Verify_Addess_Summary' are matched.

2022-05-10 18:59:49 - [MESSAGE][PASSED] - Actual text and expected text of test object 'Object Repository/5. PopUp Detail/Verify_Addess_Summary' are matched.

2022-05-10 18:59:49 - [TEST_STEP][PASSED] - verifyElementText(findTestObject("5. PopUp Detail/Verify_Phone_Summary"), Phone_2): Actual text and expected text of test object 'Object Repository/5. PopUp Detail/Verify_Phone_Summary' are matched.

2022-05-10 18:59:49 - [MESSAGE][PASSED] - Actual text and expected text of test object 'Object Repository/5. PopUp Detail/Verify_Phone_Summary' are matched.

2022-05-10 18:59:49 - [TEST_STEP][PASSED] - click(findTestObject("5. PopUp Detail/Button_Float_Up")): Object: 'Object Repository/5. PopUp Detail/Button_Float_Up' is clicked on

2022-05-10 18:59:49 - [MESSAGE][PASSED] - Object: 'Object Repository/5. PopUp Detail/Button_Float_Up' is clicked on

2022-05-10 18:59:49 - [TEST_STEP][PASSED] - click(findTestObject("5. PopUp Detail/Button_PayNow")): Object: 'Object Repository/5. PopUp Detail/Button_PayNow' is clicked on

2022-05-10 18:59:50 - [MESSAGE][PASSED] - Object: 'Object Repository/5. PopUp Detail/Button_PayNow' is clicked on

2022-05-10 18:59:50 - [TEST_STEP][PASSED] - verifyElementVisible(findTestObject("4. Payment/Payment_CC/Verify_Dialog_PromoQuotaFull")): Object 'Object Repository/4. Payment/Payment_CC/Verify_Dialog_PromoQuotaFull' is visible

2022-05-10 18:59:50 - [MESSAGE][PASSED] - Object 'Object Repository/4. Payment/Payment_CC/Verify_Dialog_PromoQuotaFull' is visible

2022-05-10 18:59:50 - [TEST_STEP][PASSED] - click(findTestObject("4. Payment/Payment_CC/Button_Proceed_Promo")): Object: 'Object Repository/4. Payment/Payment_CC/Button_Proceed_Promo' is clicked on

2022-05-10 18:59:51 - [MESSAGE][PASSED] - Object: 'Object Repository/4. Payment/Payment_CC/Button_Proceed_Promo' is clicked on

2022-05-10 18:59:51 - [TEST_STEP][PASSED] - verifyElementText(findTestObject("4. Payment/Payment_CC/a_IssuingBank/Verify_Amount_IssuingBank"), "20000.00"): Actual text and expected text of test object 'Object Repository/4. Payment/Payment_CC/a_IssuingBank/Verify_Amount_IssuingBank' are matched.

2022-05-10 18:59:52 - [MESSAGE][PASSED] - Actual text and expected text of test object 'Object Repository/4. Payment/Payment_CC/a_IssuingBank/Verify_Amount_IssuingBank' are matched.

2022-05-10 18:59:52 - [TEST_STEP][PASSED] - setEncryptedText(findTestObject("4. Payment/Payment_CC/a_IssuingBank/input_Password_PaRes"), "4tAN/DuJV7Y="): Text ****** has been set on object 'Object Repository/4. Payment/Payment_CC/a_IssuingBank/input_Password_PaRes'

2022-05-10 18:59:52 - [MESSAGE][PASSED] - Text ****** has been set on object 'Object Repository/4. Payment/Payment_CC/a_IssuingBank/input_Password_PaRes'

2022-05-10 18:59:52 - [TEST_STEP][PASSED] - click(findTestObject("4. Payment/Payment_CC/a_IssuingBank/Button_OK")): Object: 'Object Repository/4. Payment/Payment_CC/a_IssuingBank/Button_OK' is clicked on

2022-05-10 18:59:53 - [MESSAGE][PASSED] - Object: 'Object Repository/4. Payment/Payment_CC/a_IssuingBank/Button_OK' is clicked on

2022-05-10 18:59:53 - [TEST_STEP][PASSED] - verifyElementText(findTestObject("4. Payment/Payment_CC/Verify_Success_TextPaymentSuccessful"), "Payment successful"): Actual text and expected text of test object 'Object Repository/4. Payment/Payment_CC/Verify_Success_TextPaymentSuccessful' are matched.

2022-05-10 18:59:54 - [MESSAGE][PASSED] - Actual text and expected text of test object 'Object Repository/4. Payment/Payment_CC/Verify_Success_TextPaymentSuccessful' are matched.

2022-05-10 18:59:54 - [TEST_STEP][PASSED] - verifyElementText(findTestObject("4. Payment/Payment_CC/Verify_Success_TotalPrice"), "Rp20.000"): Actual text and expected text of test object 'Object Repository/4. Payment/Payment_CC/Verify_Success_TotalPrice' are matched.

2022-05-10 18:59:54 - [MESSAGE][PASSED] - Actual text and expected text of test object 'Object Repository/4. Payment/Payment_CC/Verify_Success_TotalPrice' are matched.

2022-05-10 18:59:54 - [TEST_STEP][PASSED] - verifyElementVisible(findTestObject("4. Payment/Payment_CC/Verify_Success_OrderID")): Object 'Object Repository/4. Payment/Payment_CC/Verify_Success_OrderID' is visible

2022-05-10 18:59:54 - [MESSAGE][PASSED] - Object 'Object Repository/4. Payment/Payment_CC/Verify_Success_OrderID' is visible

2022-05-10 18:59:54 - [TEST_STEP][PASSED] - verifyElementVisible(findTestObject("4. Payment/Payment_CC/Verify_Success_Redirectingbackautomatically_in1second")): Object 'Object Repository/4. Payment/Payment_CC/Verify_Success_Redirectingbackautomatically_in1second' is visible

2022-05-10 18:59:55 - [MESSAGE][PASSED] - Object 'Object Repository/4. Payment/Payment_CC/Verify_Success_Redirectingbackautomatically_in1second' is visible

2022-05-10 18:59:55 - [TEST_STEP][PASSED] - click(findTestObject("4. Payment/Payment_CC/Button_BackToMerchantsWeb")): Object: 'Object Repository/4. Payment/Payment_CC/Button_BackToMerchantsWeb' is clicked on

2022-05-10 18:59:55 - [MESSAGE][PASSED] - Object: 'Object Repository/4. Payment/Payment_CC/Button_BackToMerchantsWeb' is clicked on

2022-05-10 18:59:55 - [TEST_STEP][PASSED] - verifyElementVisible(findTestObject("4. Payment/Payment_CC/Verify_ThankYou"), STOP_ON_FAILURE): Object 'Object Repository/4. Payment/Payment_CC/Verify_ThankYou' is visible

2022-05-10 18:59:56 - [MESSAGE][PASSED] - Object 'Object Repository/4. Payment/Payment_CC/Verify_ThankYou' is visible

2022-05-10 18:59:56 - [TEST_STEP][PASSED] - closeBrowser(): Browser is closed

2022-05-10 18:59:57 - [MESSAGE][PASSED] - Browser is closed]]></system-out>
         <system-err><![CDATA[]]></system-err>
      </testcase>
      <testcase name="Test Cases/SmallProject1_Version2/TC41_UserNotProcessPromo_QuotaFullyUsed" time="56.03" classname="Test Cases/SmallProject1_Version2/TC41_UserNotProcessPromo_QuotaFullyUsed" status="PASSED">
         <system-out><![CDATA[2022-05-10 18:59:57 - [TEST_CASE][PASSED] - Test Cases/SmallProject1_Version2/TC41_UserNotProcessPromo_QuotaFullyUsed: Test Cases/SmallProject1_Version2/TC41_UserNotProcessPromo_QuotaFullyUsed

2022-05-10 18:59:57 - [TEST_STEP][PASSED] - callTestCase(findTestCase("SmallProject1_Version2/TC32_UserSuccessCheckout"), [:], STOP_ON_FAILURE): Call Test Case 'Test Cases/SmallProject1_Version2/TC32_UserSuccessCheckout' successfully

2022-05-10 18:59:57 - [TEST_CASE][PASSED] - Test Cases/SmallProject1_Version2/TC32_UserSuccessCheckout: Test Cases/SmallProject1_Version2/TC32_UserSuccessCheckout

2022-05-10 18:59:57 - [TEST_STEP][PASSED] - openBrowser(""): Browser is opened with url: ''

2022-05-10 18:59:57 - [MESSAGE][INFO] - Starting 'Chrome' driver

2022-05-10 18:59:57 - [MESSAGE][INFO] - Action delay is set to 0 milliseconds

2022-05-10 18:59:58 - [MESSAGE][PASSED] - Browser is opened with url: ''

2022-05-10 18:59:58 - [TEST_STEP][PASSED] - maximizeWindow(): Current window maximized

2022-05-10 18:59:58 - [MESSAGE][PASSED] - Current window maximized

2022-05-10 18:59:58 - [TEST_STEP][PASSED] - navigateToUrl("https://demo.midtrans.com/"): Navigate to 'https://demo.midtrans.com/' successfully

2022-05-10 18:59:59 - [MESSAGE][PASSED] - Navigate to 'https://demo.midtrans.com/' successfully

2022-05-10 18:59:59 - [TEST_STEP][PASSED] - click(findTestObject("3. Checkout/a_BUY NOW")): Object: 'Object Repository/3. Checkout/a_BUY NOW' is clicked on

2022-05-10 18:59:59 - [MESSAGE][PASSED] - Object: 'Object Repository/3. Checkout/a_BUY NOW' is clicked on

2022-05-10 18:59:59 - [TEST_STEP][PASSED] - verifyElementVisibleInViewport(findTestObject("3. Checkout/Verify_ShoppingCart"), 0): Object 'Object Repository/3. Checkout/Verify_ShoppingCart' is present and visible in viewport

2022-05-10 18:59:59 - [MESSAGE][WARNING] - Timeout '0' is invalid. Using default page load timeout: '30'

2022-05-10 19:00:00 - [MESSAGE][PASSED] - Object 'Object Repository/3. Checkout/Verify_ShoppingCart' is present and visible in viewport

2022-05-10 19:00:00 - [TEST_STEP][PASSED] - verifyElementText(findTestObject("3. Checkout/Verify_TotalAmount"), "20,000"): Actual text and expected text of test object 'Object Repository/3. Checkout/Verify_TotalAmount' are matched.

2022-05-10 19:00:00 - [MESSAGE][PASSED] - Actual text and expected text of test object 'Object Repository/3. Checkout/Verify_TotalAmount' are matched.

2022-05-10 19:00:00 - [TEST_STEP][PASSED] - verifyElementText(findTestObject("3. Checkout/Verify_CustomerDetail"), "Customer Details"): Actual text and expected text of test object 'Object Repository/3. Checkout/Verify_CustomerDetail' are matched.

2022-05-10 19:00:01 - [MESSAGE][PASSED] - Actual text and expected text of test object 'Object Repository/3. Checkout/Verify_CustomerDetail' are matched.

2022-05-10 19:00:01 - [TEST_STEP][PASSED] - setText(findTestObject("3. Checkout/Field_Name"), Name): Text 'Yulia' is set on object 'Object Repository/3. Checkout/Field_Name'

2022-05-10 19:00:01 - [MESSAGE][PASSED] - Text 'Yulia' is set on object 'Object Repository/3. Checkout/Field_Name'

2022-05-10 19:00:01 - [TEST_STEP][PASSED] - setText(findTestObject("3. Checkout/Field_Email"), Email): Text 'yulia@email.com' is set on object 'Object Repository/3. Checkout/Field_Email'

2022-05-10 19:00:02 - [MESSAGE][PASSED] - Text 'yulia@email.com' is set on object 'Object Repository/3. Checkout/Field_Email'

2022-05-10 19:00:02 - [TEST_STEP][PASSED] - setText(findTestObject("3. Checkout/Field_Phone"), Phone): Text '081234567890' is set on object 'Object Repository/3. Checkout/Field_Phone'

2022-05-10 19:00:03 - [MESSAGE][PASSED] - Text '081234567890' is set on object 'Object Repository/3. Checkout/Field_Phone'

2022-05-10 19:00:03 - [TEST_STEP][PASSED] - setText(findTestObject("3. Checkout/Field_City"), City): Text 'Jakarta' is set on object 'Object Repository/3. Checkout/Field_City'

2022-05-10 19:00:03 - [MESSAGE][PASSED] - Text 'Jakarta' is set on object 'Object Repository/3. Checkout/Field_City'

2022-05-10 19:00:03 - [TEST_STEP][PASSED] - setText(findTestObject("3. Checkout/Field_Address"), Address): Text 'Jalan Jend. Sudirman Kav 10' is set on object 'Object Repository/3. Checkout/Field_Address'

2022-05-10 19:00:04 - [MESSAGE][PASSED] - Text 'Jalan Jend. Sudirman Kav 10' is set on object 'Object Repository/3. Checkout/Field_Address'

2022-05-10 19:00:04 - [TEST_STEP][PASSED] - setText(findTestObject("3. Checkout/Field_PostalCode"), PostalCode): Text '12345' is set on object 'Object Repository/3. Checkout/Field_PostalCode'

2022-05-10 19:00:05 - [MESSAGE][PASSED] - Text '12345' is set on object 'Object Repository/3. Checkout/Field_PostalCode'

2022-05-10 19:00:05 - [TEST_STEP][PASSED] - click(findTestObject("3. Checkout/Button_Checkout")): Object: 'Object Repository/3. Checkout/Button_Checkout' is clicked on

2022-05-10 19:00:05 - [MESSAGE][PASSED] - Object: 'Object Repository/3. Checkout/Button_Checkout' is clicked on

2022-05-10 19:00:05 - [TEST_STEP][PASSED] - delay(1): Delayed 1 second(s)

2022-05-10 19:00:06 - [MESSAGE][PASSED] - Delayed 1 second(s)

2022-05-10 19:00:06 - [TEST_STEP][PASSED] - takeFullPageScreenshot(): Taking screenshot successfully

2022-05-10 19:00:07 - [MESSAGE][INFO] - 0 hidden object(s)

2022-05-10 19:00:07 - [MESSAGE][PASSED] - Taking screenshot successfully
[[ATTACHMENT|C:\\Users\\220005\\Katalon Studio\\SmallProject1_Yulia\\Reports\\20220510_185310\\TS03 - Payment Method - CreditDebit Card\\20220510_185310\\1652184006718.png]]

2022-05-10 19:00:07 - [TEST_STEP][PASSED] - verifyElementVisible(findTestObject("5. PopUp Detail/Time_PayWithin"), STOP_ON_FAILURE): Object 'Object Repository/5. PopUp Detail/Time_PayWithin' is visible

2022-05-10 19:00:07 - [MESSAGE][PASSED] - Object 'Object Repository/5. PopUp Detail/Time_PayWithin' is visible

2022-05-10 19:00:07 - [TEST_STEP][PASSED] - verifyElementVisible(findTestObject("5. PopUp Detail/Verify_OrderID_PopUp")): Object 'Object Repository/5. PopUp Detail/Verify_OrderID_PopUp' is visible

2022-05-10 19:00:08 - [MESSAGE][PASSED] - Object 'Object Repository/5. PopUp Detail/Verify_OrderID_PopUp' is visible

2022-05-10 19:00:08 - [TEST_STEP][PASSED] - verifyElementVisible(findTestObject("3. Checkout/Verify_MethodList")): Object 'Object Repository/3. Checkout/Verify_MethodList' is visible

2022-05-10 19:00:08 - [MESSAGE][PASSED] - Object 'Object Repository/3. Checkout/Verify_MethodList' is visible

2022-05-10 19:00:08 - [MESSAGE][PASSED] - Call Test Case 'Test Cases/SmallProject1_Version2/TC32_UserSuccessCheckout' successfully

2022-05-10 19:00:08 - [TEST_STEP][PASSED] - verifyElementVisible(findTestObject("4. Payment/Payment_CC/Title_CC")): Object 'Object Repository/4. Payment/Payment_CC/Title_CC' is visible

2022-05-10 19:00:09 - [MESSAGE][PASSED] - Object 'Object Repository/4. Payment/Payment_CC/Title_CC' is visible

2022-05-10 19:00:09 - [TEST_STEP][PASSED] - verifyElementVisible(findTestObject("4. Payment/Payment_CC/Logo_CC")): Object 'Object Repository/4. Payment/Payment_CC/Logo_CC' is visible

2022-05-10 19:00:09 - [MESSAGE][PASSED] - Object 'Object Repository/4. Payment/Payment_CC/Logo_CC' is visible

2022-05-10 19:00:09 - [TEST_STEP][PASSED] - click(findTestObject("4. Payment/Payment_CC/a_CreditDebit CardPay with Visa, MasterCard, JCB, or Amexpromo")): Object: 'Object Repository/4. Payment/Payment_CC/a_CreditDebit CardPay with Visa, MasterCard, JCB, or Amexpromo' is clicked on

2022-05-10 19:00:10 - [MESSAGE][PASSED] - Object: 'Object Repository/4. Payment/Payment_CC/a_CreditDebit CardPay with Visa, MasterCard, JCB, or Amexpromo' is clicked on

2022-05-10 19:00:10 - [TEST_STEP][PASSED] - verifyElementText(findTestObject("4. Payment/Payment_CC/Header_CreditDebitCard"), "Credit/debit card"): Actual text and expected text of test object 'Object Repository/4. Payment/Payment_CC/Header_CreditDebitCard' are matched.

2022-05-10 19:00:10 - [MESSAGE][PASSED] - Actual text and expected text of test object 'Object Repository/4. Payment/Payment_CC/Header_CreditDebitCard' are matched.

2022-05-10 19:00:10 - [TEST_STEP][PASSED] - verifyElementNotClickable(findTestObject("4. Payment/Payment_CC/Promo_Installment"), STOP_ON_FAILURE): Object 'Object Repository/4. Payment/Payment_CC/Promo_Installment' is NOT clickable

2022-05-10 19:00:10 - [MESSAGE][PASSED] - Object 'Object Repository/4. Payment/Payment_CC/Promo_Installment' is NOT clickable

2022-05-10 19:00:10 - [TEST_STEP][PASSED] - verifyElementNotClickable(findTestObject("4. Payment/Payment_CC/Promo_10Persen"), STOP_ON_FAILURE): Object 'Object Repository/4. Payment/Payment_CC/Promo_10Persen' is NOT clickable

2022-05-10 19:00:11 - [MESSAGE][PASSED] - Object 'Object Repository/4. Payment/Payment_CC/Promo_10Persen' is NOT clickable

2022-05-10 19:00:11 - [TEST_STEP][PASSED] - verifyElementNotClickable(findTestObject("4. Payment/Payment_CC/Promo_Midtrans"), STOP_ON_FAILURE): Object 'Object Repository/4. Payment/Payment_CC/Promo_Midtrans' is NOT clickable

2022-05-10 19:00:11 - [MESSAGE][PASSED] - Object 'Object Repository/4. Payment/Payment_CC/Promo_Midtrans' is NOT clickable

2022-05-10 19:00:11 - [TEST_STEP][PASSED] - verifyElementNotClickable(findTestObject("4. Payment/Payment_CC/Promo_MasterCard"), STOP_ON_FAILURE): Object 'Object Repository/4. Payment/Payment_CC/Promo_MasterCard' is NOT clickable

2022-05-10 19:00:12 - [MESSAGE][PASSED] - Object 'Object Repository/4. Payment/Payment_CC/Promo_MasterCard' is NOT clickable

2022-05-10 19:00:12 - [TEST_STEP][PASSED] - verifyElementNotClickable(findTestObject("4. Payment/Payment_CC/Promo_10Rupiah"), STOP_ON_FAILURE): Object 'Object Repository/4. Payment/Payment_CC/Promo_10Rupiah' is NOT clickable

2022-05-10 19:00:12 - [MESSAGE][PASSED] - Object 'Object Repository/4. Payment/Payment_CC/Promo_10Rupiah' is NOT clickable

2022-05-10 19:00:12 - [TEST_STEP][PASSED] - verifyElementClickable(findTestObject("4. Payment/Payment_CC/No_Promo"), STOP_ON_FAILURE): Object 'Object Repository/4. Payment/Payment_CC/No_Promo' is clickable

2022-05-10 19:00:12 - [MESSAGE][PASSED] - Object 'Object Repository/4. Payment/Payment_CC/No_Promo' is clickable

2022-05-10 19:00:12 - [TEST_STEP][PASSED] - setText(findTestObject("4. Payment/Payment_CC/Field_CardNumber"), findTestData("Success_CardNumber").getValue(1, 1)): Text '4811111111111114' is set on object 'Object Repository/4. Payment/Payment_CC/Field_CardNumber'

2022-05-10 19:00:13 - [MESSAGE][PASSED] - Text '4811111111111114' is set on object 'Object Repository/4. Payment/Payment_CC/Field_CardNumber'

2022-05-10 19:00:13 - [TEST_STEP][PASSED] - setText(findTestObject("4. Payment/Payment_CC/Field_ExpireDate"), findTestData("Success_CardNumber").getValue(2, 1)): Text '05/22' is set on object 'Object Repository/4. Payment/Payment_CC/Field_ExpireDate'

2022-05-10 19:00:14 - [MESSAGE][PASSED] - Text '05/22' is set on object 'Object Repository/4. Payment/Payment_CC/Field_ExpireDate'

2022-05-10 19:00:14 - [TEST_STEP][PASSED] - setText(findTestObject("4. Payment/Payment_CC/Field_CVV"), findTestData("Success_CardNumber").getValue(3, 1)): Text '123' is set on object 'Object Repository/4. Payment/Payment_CC/Field_CVV'

2022-05-10 19:00:14 - [MESSAGE][PASSED] - Text '123' is set on object 'Object Repository/4. Payment/Payment_CC/Field_CVV'

2022-05-10 19:00:14 - [TEST_STEP][PASSED] - verifyElementVisible(findTestObject("4. Payment/Payment_CC/Banner_Visa_AfterInputCardNumber")): Object 'Object Repository/4. Payment/Payment_CC/Banner_Visa_AfterInputCardNumber' is visible

2022-05-10 19:00:15 - [MESSAGE][PASSED] - Object 'Object Repository/4. Payment/Payment_CC/Banner_Visa_AfterInputCardNumber' is visible

2022-05-10 19:00:15 - [TEST_STEP][PASSED] - verifyElementNotClickable(findTestObject("4. Payment/Payment_CC/Promo_MasterCard"), STOP_ON_FAILURE): Object 'Object Repository/4. Payment/Payment_CC/Promo_MasterCard' is NOT clickable

2022-05-10 19:00:15 - [MESSAGE][PASSED] - Object 'Object Repository/4. Payment/Payment_CC/Promo_MasterCard' is NOT clickable

2022-05-10 19:00:15 - [TEST_STEP][PASSED] - enhancedClick(findTestObject("4. Payment/Payment_CC/Promo_Midtrans")): Object: 'Object Repository/4. Payment/Payment_CC/Promo_Midtrans' is clicked on

2022-05-10 19:00:46 - [MESSAGE][PASSED] - Object: 'Object Repository/4. Payment/Payment_CC/Promo_Midtrans' is clicked on

2022-05-10 19:00:46 - [TEST_STEP][PASSED] - click(findTestObject("5. PopUp Detail/Button_Float_Down")): Object: 'Object Repository/5. PopUp Detail/Button_Float_Down' is clicked on

2022-05-10 19:00:46 - [MESSAGE][PASSED] - Object: 'Object Repository/5. PopUp Detail/Button_Float_Down' is clicked on

2022-05-10 19:00:46 - [TEST_STEP][PASSED] - verifyElementText(findTestObject("5. PopUp Detail/Verify_AmountMidtransPillow"), "Rp20.000"): Actual text and expected text of test object 'Object Repository/5. PopUp Detail/Verify_AmountMidtransPillow' are matched.

2022-05-10 19:00:47 - [MESSAGE][PASSED] - Actual text and expected text of test object 'Object Repository/5. PopUp Detail/Verify_AmountMidtransPillow' are matched.

2022-05-10 19:00:47 - [TEST_STEP][PASSED] - verifyElementText(findTestObject("5. PopUp Detail/Verify_TotalAmount_Summary"), "Rp20.000"): Actual text and expected text of test object 'Object Repository/5. PopUp Detail/Verify_TotalAmount_Summary' are matched.

2022-05-10 19:00:47 - [MESSAGE][PASSED] - Actual text and expected text of test object 'Object Repository/5. PopUp Detail/Verify_TotalAmount_Summary' are matched.

2022-05-10 19:00:47 - [TEST_STEP][PASSED] - verifyElementText(findTestObject("4. Payment/Payment_CC/Verify_Promo"), "Rp2.000"): Actual text and expected text of test object 'Object Repository/4. Payment/Payment_CC/Verify_Promo' are matched.

2022-05-10 19:00:47 - [MESSAGE][PASSED] - Actual text and expected text of test object 'Object Repository/4. Payment/Payment_CC/Verify_Promo' are matched.

2022-05-10 19:00:48 - [TEST_STEP][PASSED] - total1 = verifyElementText(findTestObject("4. Payment/Payment_CC/Verify_Total_AfterPromo"), "Rp18.000"): Actual text and expected text of test object 'Object Repository/4. Payment/Payment_CC/Verify_Total_AfterPromo' are matched.

2022-05-10 19:00:48 - [MESSAGE][PASSED] - Actual text and expected text of test object 'Object Repository/4. Payment/Payment_CC/Verify_Total_AfterPromo' are matched.

2022-05-10 19:00:48 - [TEST_STEP][PASSED] - total2 = verifyElementText(findTestObject("5. PopUp Detail/Verify_TotalAmount_PopUp"), "Rp18.000"): Actual text and expected text of test object 'Object Repository/5. PopUp Detail/Verify_TotalAmount_PopUp' are matched.

2022-05-10 19:00:48 - [MESSAGE][PASSED] - Actual text and expected text of test object 'Object Repository/5. PopUp Detail/Verify_TotalAmount_PopUp' are matched.

2022-05-10 19:00:48 - [TEST_STEP][PASSED] - verifyEqual(total1, total2, STOP_ON_FAILURE): Actual object 'true' and expected object 'true' are equal

2022-05-10 19:00:48 - [MESSAGE][PASSED] - Actual object 'true' and expected object 'true' are equal

2022-05-10 19:00:48 - [TEST_STEP][PASSED] - verifyElementText(findTestObject("5. PopUp Detail/Verify_Name_Summary"), Name): Actual text and expected text of test object 'Object Repository/5. PopUp Detail/Verify_Name_Summary' are matched.

2022-05-10 19:00:49 - [MESSAGE][PASSED] - Actual text and expected text of test object 'Object Repository/5. PopUp Detail/Verify_Name_Summary' are matched.

2022-05-10 19:00:49 - [TEST_STEP][PASSED] - verifyElementText(findTestObject("5. PopUp Detail/Verify_Addess_Summary"), Address_2): Actual text and expected text of test object 'Object Repository/5. PopUp Detail/Verify_Addess_Summary' are matched.

2022-05-10 19:00:49 - [MESSAGE][PASSED] - Actual text and expected text of test object 'Object Repository/5. PopUp Detail/Verify_Addess_Summary' are matched.

2022-05-10 19:00:49 - [TEST_STEP][PASSED] - verifyElementText(findTestObject("5. PopUp Detail/Verify_Phone_Summary"), Phone_2): Actual text and expected text of test object 'Object Repository/5. PopUp Detail/Verify_Phone_Summary' are matched.

2022-05-10 19:00:50 - [MESSAGE][PASSED] - Actual text and expected text of test object 'Object Repository/5. PopUp Detail/Verify_Phone_Summary' are matched.

2022-05-10 19:00:50 - [TEST_STEP][PASSED] - click(findTestObject("5. PopUp Detail/Button_Float_Up")): Object: 'Object Repository/5. PopUp Detail/Button_Float_Up' is clicked on

2022-05-10 19:00:50 - [MESSAGE][PASSED] - Object: 'Object Repository/5. PopUp Detail/Button_Float_Up' is clicked on

2022-05-10 19:00:50 - [TEST_STEP][PASSED] - click(findTestObject("5. PopUp Detail/Button_PayNow")): Object: 'Object Repository/5. PopUp Detail/Button_PayNow' is clicked on

2022-05-10 19:00:51 - [MESSAGE][PASSED] - Object: 'Object Repository/5. PopUp Detail/Button_PayNow' is clicked on

2022-05-10 19:00:51 - [TEST_STEP][PASSED] - verifyElementVisible(findTestObject("4. Payment/Payment_CC/Verify_Dialog_PromoQuotaFull")): Object 'Object Repository/4. Payment/Payment_CC/Verify_Dialog_PromoQuotaFull' is visible

2022-05-10 19:00:51 - [MESSAGE][PASSED] - Object 'Object Repository/4. Payment/Payment_CC/Verify_Dialog_PromoQuotaFull' is visible

2022-05-10 19:00:51 - [TEST_STEP][PASSED] - click(findTestObject("4. Payment/Payment_CC/Button_Back_Promo")): Object: 'Object Repository/4. Payment/Payment_CC/Button_Back_Promo' is clicked on

2022-05-10 19:00:51 - [MESSAGE][PASSED] - Object: 'Object Repository/4. Payment/Payment_CC/Button_Back_Promo' is clicked on

2022-05-10 19:00:51 - [TEST_STEP][PASSED] - verifyElementVisible(findTestObject("4. Payment/Payment_CC/Header_CreditDebitCard"), STOP_ON_FAILURE): Object 'Object Repository/4. Payment/Payment_CC/Header_CreditDebitCard' is visible

2022-05-10 19:00:52 - [MESSAGE][PASSED] - Object 'Object Repository/4. Payment/Payment_CC/Header_CreditDebitCard' is visible

2022-05-10 19:00:52 - [TEST_STEP][PASSED] - closeBrowser(): Browser is closed

2022-05-10 19:00:53 - [MESSAGE][PASSED] - Browser is closed]]></system-out>
         <system-err><![CDATA[]]></system-err>
      </testcase>
      <testcase name="Test Cases/SmallProject1_Version2/TC42_UserPayUsing_DeniedCreditCard" time="26.807" classname="Test Cases/SmallProject1_Version2/TC42_UserPayUsing_DeniedCreditCard" status="PASSED">
         <system-out><![CDATA[2022-05-10 19:00:53 - [TEST_CASE][PASSED] - Test Cases/SmallProject1_Version2/TC42_UserPayUsing_DeniedCreditCard: Test Cases/SmallProject1_Version2/TC42_UserPayUsing_DeniedCreditCard

2022-05-10 19:00:53 - [TEST_STEP][PASSED] - callTestCase(findTestCase("SmallProject1_Version2/TC32_UserSuccessCheckout"), [:], STOP_ON_FAILURE): Call Test Case 'Test Cases/SmallProject1_Version2/TC32_UserSuccessCheckout' successfully

2022-05-10 19:00:53 - [TEST_CASE][PASSED] - Test Cases/SmallProject1_Version2/TC32_UserSuccessCheckout: Test Cases/SmallProject1_Version2/TC32_UserSuccessCheckout

2022-05-10 19:00:53 - [TEST_STEP][PASSED] - openBrowser(""): Browser is opened with url: ''

2022-05-10 19:00:53 - [MESSAGE][INFO] - Starting 'Chrome' driver

2022-05-10 19:00:53 - [MESSAGE][INFO] - Action delay is set to 0 milliseconds

2022-05-10 19:00:54 - [MESSAGE][PASSED] - Browser is opened with url: ''

2022-05-10 19:00:54 - [TEST_STEP][PASSED] - maximizeWindow(): Current window maximized

2022-05-10 19:00:54 - [MESSAGE][PASSED] - Current window maximized

2022-05-10 19:00:54 - [TEST_STEP][PASSED] - navigateToUrl("https://demo.midtrans.com/"): Navigate to 'https://demo.midtrans.com/' successfully

2022-05-10 19:00:55 - [MESSAGE][PASSED] - Navigate to 'https://demo.midtrans.com/' successfully

2022-05-10 19:00:55 - [TEST_STEP][PASSED] - click(findTestObject("3. Checkout/a_BUY NOW")): Object: 'Object Repository/3. Checkout/a_BUY NOW' is clicked on

2022-05-10 19:00:55 - [MESSAGE][PASSED] - Object: 'Object Repository/3. Checkout/a_BUY NOW' is clicked on

2022-05-10 19:00:55 - [TEST_STEP][PASSED] - verifyElementVisibleInViewport(findTestObject("3. Checkout/Verify_ShoppingCart"), 0): Object 'Object Repository/3. Checkout/Verify_ShoppingCart' is present and visible in viewport

2022-05-10 19:00:55 - [MESSAGE][WARNING] - Timeout '0' is invalid. Using default page load timeout: '30'

2022-05-10 19:00:56 - [MESSAGE][PASSED] - Object 'Object Repository/3. Checkout/Verify_ShoppingCart' is present and visible in viewport

2022-05-10 19:00:56 - [TEST_STEP][PASSED] - verifyElementText(findTestObject("3. Checkout/Verify_TotalAmount"), "20,000"): Actual text and expected text of test object 'Object Repository/3. Checkout/Verify_TotalAmount' are matched.

2022-05-10 19:00:56 - [MESSAGE][PASSED] - Actual text and expected text of test object 'Object Repository/3. Checkout/Verify_TotalAmount' are matched.

2022-05-10 19:00:56 - [TEST_STEP][PASSED] - verifyElementText(findTestObject("3. Checkout/Verify_CustomerDetail"), "Customer Details"): Actual text and expected text of test object 'Object Repository/3. Checkout/Verify_CustomerDetail' are matched.

2022-05-10 19:00:57 - [MESSAGE][PASSED] - Actual text and expected text of test object 'Object Repository/3. Checkout/Verify_CustomerDetail' are matched.

2022-05-10 19:00:57 - [TEST_STEP][PASSED] - setText(findTestObject("3. Checkout/Field_Name"), Name): Text 'Yulia' is set on object 'Object Repository/3. Checkout/Field_Name'

2022-05-10 19:00:57 - [MESSAGE][PASSED] - Text 'Yulia' is set on object 'Object Repository/3. Checkout/Field_Name'

2022-05-10 19:00:57 - [TEST_STEP][PASSED] - setText(findTestObject("3. Checkout/Field_Email"), Email): Text 'yulia@email.com' is set on object 'Object Repository/3. Checkout/Field_Email'

2022-05-10 19:00:58 - [MESSAGE][PASSED] - Text 'yulia@email.com' is set on object 'Object Repository/3. Checkout/Field_Email'

2022-05-10 19:00:58 - [TEST_STEP][PASSED] - setText(findTestObject("3. Checkout/Field_Phone"), Phone): Text '081234567890' is set on object 'Object Repository/3. Checkout/Field_Phone'

2022-05-10 19:00:59 - [MESSAGE][PASSED] - Text '081234567890' is set on object 'Object Repository/3. Checkout/Field_Phone'

2022-05-10 19:00:59 - [TEST_STEP][PASSED] - setText(findTestObject("3. Checkout/Field_City"), City): Text 'Jakarta' is set on object 'Object Repository/3. Checkout/Field_City'

2022-05-10 19:00:59 - [MESSAGE][PASSED] - Text 'Jakarta' is set on object 'Object Repository/3. Checkout/Field_City'

2022-05-10 19:00:59 - [TEST_STEP][PASSED] - setText(findTestObject("3. Checkout/Field_Address"), Address): Text 'Jalan Jend. Sudirman Kav 10' is set on object 'Object Repository/3. Checkout/Field_Address'

2022-05-10 19:01:00 - [MESSAGE][PASSED] - Text 'Jalan Jend. Sudirman Kav 10' is set on object 'Object Repository/3. Checkout/Field_Address'

2022-05-10 19:01:00 - [TEST_STEP][PASSED] - setText(findTestObject("3. Checkout/Field_PostalCode"), PostalCode): Text '12345' is set on object 'Object Repository/3. Checkout/Field_PostalCode'

2022-05-10 19:01:01 - [MESSAGE][PASSED] - Text '12345' is set on object 'Object Repository/3. Checkout/Field_PostalCode'

2022-05-10 19:01:01 - [TEST_STEP][PASSED] - click(findTestObject("3. Checkout/Button_Checkout")): Object: 'Object Repository/3. Checkout/Button_Checkout' is clicked on

2022-05-10 19:01:01 - [MESSAGE][PASSED] - Object: 'Object Repository/3. Checkout/Button_Checkout' is clicked on

2022-05-10 19:01:01 - [TEST_STEP][PASSED] - delay(1): Delayed 1 second(s)

2022-05-10 19:01:02 - [MESSAGE][PASSED] - Delayed 1 second(s)

2022-05-10 19:01:02 - [TEST_STEP][PASSED] - takeFullPageScreenshot(): Taking screenshot successfully

2022-05-10 19:01:03 - [MESSAGE][INFO] - 0 hidden object(s)

2022-05-10 19:01:03 - [MESSAGE][PASSED] - Taking screenshot successfully
[[ATTACHMENT|C:\\Users\\220005\\Katalon Studio\\SmallProject1_Yulia\\Reports\\20220510_185310\\TS03 - Payment Method - CreditDebit Card\\20220510_185310\\1652184062709.png]]

2022-05-10 19:01:03 - [TEST_STEP][PASSED] - verifyElementVisible(findTestObject("5. PopUp Detail/Time_PayWithin"), STOP_ON_FAILURE): Object 'Object Repository/5. PopUp Detail/Time_PayWithin' is visible

2022-05-10 19:01:03 - [MESSAGE][PASSED] - Object 'Object Repository/5. PopUp Detail/Time_PayWithin' is visible

2022-05-10 19:01:03 - [TEST_STEP][PASSED] - verifyElementVisible(findTestObject("5. PopUp Detail/Verify_OrderID_PopUp")): Object 'Object Repository/5. PopUp Detail/Verify_OrderID_PopUp' is visible

2022-05-10 19:01:04 - [MESSAGE][PASSED] - Object 'Object Repository/5. PopUp Detail/Verify_OrderID_PopUp' is visible

2022-05-10 19:01:04 - [TEST_STEP][PASSED] - verifyElementVisible(findTestObject("3. Checkout/Verify_MethodList")): Object 'Object Repository/3. Checkout/Verify_MethodList' is visible

2022-05-10 19:01:04 - [MESSAGE][PASSED] - Object 'Object Repository/3. Checkout/Verify_MethodList' is visible

2022-05-10 19:01:04 - [MESSAGE][PASSED] - Call Test Case 'Test Cases/SmallProject1_Version2/TC32_UserSuccessCheckout' successfully

2022-05-10 19:01:04 - [TEST_STEP][PASSED] - verifyElementVisible(findTestObject("4. Payment/Payment_CC/Title_CC")): Object 'Object Repository/4. Payment/Payment_CC/Title_CC' is visible

2022-05-10 19:01:05 - [MESSAGE][PASSED] - Object 'Object Repository/4. Payment/Payment_CC/Title_CC' is visible

2022-05-10 19:01:05 - [TEST_STEP][PASSED] - verifyElementVisible(findTestObject("4. Payment/Payment_CC/Logo_CC")): Object 'Object Repository/4. Payment/Payment_CC/Logo_CC' is visible

2022-05-10 19:01:05 - [MESSAGE][PASSED] - Object 'Object Repository/4. Payment/Payment_CC/Logo_CC' is visible

2022-05-10 19:01:05 - [TEST_STEP][PASSED] - click(findTestObject("4. Payment/Payment_CC/a_CreditDebit CardPay with Visa, MasterCard, JCB, or Amexpromo")): Object: 'Object Repository/4. Payment/Payment_CC/a_CreditDebit CardPay with Visa, MasterCard, JCB, or Amexpromo' is clicked on

2022-05-10 19:01:06 - [MESSAGE][PASSED] - Object: 'Object Repository/4. Payment/Payment_CC/a_CreditDebit CardPay with Visa, MasterCard, JCB, or Amexpromo' is clicked on

2022-05-10 19:01:06 - [TEST_STEP][PASSED] - verifyElementText(findTestObject("4. Payment/Payment_CC/Header_CreditDebitCard"), "Credit/debit card"): Actual text and expected text of test object 'Object Repository/4. Payment/Payment_CC/Header_CreditDebitCard' are matched.

2022-05-10 19:01:06 - [MESSAGE][PASSED] - Actual text and expected text of test object 'Object Repository/4. Payment/Payment_CC/Header_CreditDebitCard' are matched.

2022-05-10 19:01:06 - [TEST_STEP][PASSED] - verifyElementNotClickable(findTestObject("4. Payment/Payment_CC/Promo_Installment"), STOP_ON_FAILURE): Object 'Object Repository/4. Payment/Payment_CC/Promo_Installment' is NOT clickable

2022-05-10 19:01:06 - [MESSAGE][PASSED] - Object 'Object Repository/4. Payment/Payment_CC/Promo_Installment' is NOT clickable

2022-05-10 19:01:07 - [TEST_STEP][PASSED] - verifyElementNotClickable(findTestObject("4. Payment/Payment_CC/Promo_10Persen"), STOP_ON_FAILURE): Object 'Object Repository/4. Payment/Payment_CC/Promo_10Persen' is NOT clickable

2022-05-10 19:01:07 - [MESSAGE][PASSED] - Object 'Object Repository/4. Payment/Payment_CC/Promo_10Persen' is NOT clickable

2022-05-10 19:01:07 - [TEST_STEP][PASSED] - verifyElementNotClickable(findTestObject("4. Payment/Payment_CC/Promo_Midtrans"), STOP_ON_FAILURE): Object 'Object Repository/4. Payment/Payment_CC/Promo_Midtrans' is NOT clickable

2022-05-10 19:01:07 - [MESSAGE][PASSED] - Object 'Object Repository/4. Payment/Payment_CC/Promo_Midtrans' is NOT clickable

2022-05-10 19:01:07 - [TEST_STEP][PASSED] - verifyElementNotClickable(findTestObject("4. Payment/Payment_CC/Promo_MasterCard"), STOP_ON_FAILURE): Object 'Object Repository/4. Payment/Payment_CC/Promo_MasterCard' is NOT clickable

2022-05-10 19:01:08 - [MESSAGE][PASSED] - Object 'Object Repository/4. Payment/Payment_CC/Promo_MasterCard' is NOT clickable

2022-05-10 19:01:08 - [TEST_STEP][PASSED] - verifyElementNotClickable(findTestObject("4. Payment/Payment_CC/Promo_10Rupiah"), STOP_ON_FAILURE): Object 'Object Repository/4. Payment/Payment_CC/Promo_10Rupiah' is NOT clickable

2022-05-10 19:01:08 - [MESSAGE][PASSED] - Object 'Object Repository/4. Payment/Payment_CC/Promo_10Rupiah' is NOT clickable

2022-05-10 19:01:08 - [TEST_STEP][PASSED] - verifyElementClickable(findTestObject("4. Payment/Payment_CC/No_Promo"), STOP_ON_FAILURE): Object 'Object Repository/4. Payment/Payment_CC/No_Promo' is clickable

2022-05-10 19:01:09 - [MESSAGE][PASSED] - Object 'Object Repository/4. Payment/Payment_CC/No_Promo' is clickable

2022-05-10 19:01:09 - [TEST_STEP][PASSED] - setText(findTestObject("4. Payment/Payment_CC/Field_CardNumber"), findTestData("Denied_CardNumber").getValue(1, 1)): Text '4911111111111113' is set on object 'Object Repository/4. Payment/Payment_CC/Field_CardNumber'

2022-05-10 19:01:09 - [MESSAGE][PASSED] - Text '4911111111111113' is set on object 'Object Repository/4. Payment/Payment_CC/Field_CardNumber'

2022-05-10 19:01:09 - [TEST_STEP][PASSED] - setText(findTestObject("4. Payment/Payment_CC/Field_ExpireDate"), findTestData("Denied_CardNumber").getValue(2, 1)): Text '05/22' is set on object 'Object Repository/4. Payment/Payment_CC/Field_ExpireDate'

2022-05-10 19:01:10 - [MESSAGE][PASSED] - Text '05/22' is set on object 'Object Repository/4. Payment/Payment_CC/Field_ExpireDate'

2022-05-10 19:01:10 - [TEST_STEP][PASSED] - setText(findTestObject("4. Payment/Payment_CC/Field_CVV"), findTestData("Denied_CardNumber").getValue(3, 1)): Text '123' is set on object 'Object Repository/4. Payment/Payment_CC/Field_CVV'

2022-05-10 19:01:10 - [MESSAGE][PASSED] - Text '123' is set on object 'Object Repository/4. Payment/Payment_CC/Field_CVV'

2022-05-10 19:01:10 - [TEST_STEP][PASSED] - verifyElementVisible(findTestObject("4. Payment/Payment_CC/Banner_Visa_AfterInputCardNumber")): Object 'Object Repository/4. Payment/Payment_CC/Banner_Visa_AfterInputCardNumber' is visible

2022-05-10 19:01:11 - [MESSAGE][PASSED] - Object 'Object Repository/4. Payment/Payment_CC/Banner_Visa_AfterInputCardNumber' is visible

2022-05-10 19:01:11 - [TEST_STEP][PASSED] - verifyElementNotClickable(findTestObject("4. Payment/Payment_CC/Promo_MasterCard"), STOP_ON_FAILURE): Object 'Object Repository/4. Payment/Payment_CC/Promo_MasterCard' is NOT clickable

2022-05-10 19:01:11 - [MESSAGE][PASSED] - Object 'Object Repository/4. Payment/Payment_CC/Promo_MasterCard' is NOT clickable

2022-05-10 19:01:11 - [TEST_STEP][PASSED] - fieldSuccess = getAttribute(findTestObject("Object Repository/4. Payment/Payment_CC/FieldBlack_CardNumber"), "xpath"): Attribute 'xpath' of object 'Object Repository/4. Payment/Payment_CC/FieldBlack_CardNumber' is: 'null'

2022-05-10 19:01:12 - [MESSAGE][PASSED] - Attribute 'xpath' of object 'Object Repository/4. Payment/Payment_CC/FieldBlack_CardNumber' is: 'null'

2022-05-10 19:01:12 - [TEST_STEP][PASSED] - click(findTestObject("5. PopUp Detail/Button_PayNow")): Object: 'Object Repository/5. PopUp Detail/Button_PayNow' is clicked on

2022-05-10 19:01:12 - [MESSAGE][PASSED] - Object: 'Object Repository/5. PopUp Detail/Button_PayNow' is clicked on

2022-05-10 19:01:12 - [TEST_STEP][PASSED] - setEncryptedText(findTestObject("4. Payment/Payment_CC/a_IssuingBank/input_Password_PaRes"), "4tAN/DuJV7Y="): Text ****** has been set on object 'Object Repository/4. Payment/Payment_CC/a_IssuingBank/input_Password_PaRes'

2022-05-10 19:01:13 - [MESSAGE][PASSED] - Text ****** has been set on object 'Object Repository/4. Payment/Payment_CC/a_IssuingBank/input_Password_PaRes'

2022-05-10 19:01:13 - [TEST_STEP][PASSED] - click(findTestObject("4. Payment/Payment_CC/a_IssuingBank/Button_OK")): Object: 'Object Repository/4. Payment/Payment_CC/a_IssuingBank/Button_OK' is clicked on

2022-05-10 19:01:14 - [MESSAGE][PASSED] - Object: 'Object Repository/4. Payment/Payment_CC/a_IssuingBank/Button_OK' is clicked on

2022-05-10 19:01:14 - [TEST_STEP][PASSED] - fieldFailed = getAttribute(findTestObject("Object Repository/4. Payment/Payment_CC/FieldRed_CardNumber"), "xpath"): Attribute 'xpath' of object 'Object Repository/4. Payment/Payment_CC/FieldRed_CardNumber' is: 'null'

2022-05-10 19:01:15 - [MESSAGE][PASSED] - Attribute 'xpath' of object 'Object Repository/4. Payment/Payment_CC/FieldRed_CardNumber' is: 'null'

2022-05-10 19:01:15 - [TEST_STEP][PASSED] - verifyNotMatch(fieldSuccess, fieldFailed, false): Actual text 'null' and expected text 'null' are not matched 

2022-05-10 19:01:15 - [MESSAGE][PASSED] - Actual text 'null' and expected text 'null' are not matched 

2022-05-10 19:01:15 - [TEST_STEP][PASSED] - scrollToElement(findTestObject("4. Payment/Payment_CC/FieldRed_CardNumber"), 8): Scroll to object 'Object Repository/4. Payment/Payment_CC/FieldRed_CardNumber' successfully

2022-05-10 19:01:15 - [MESSAGE][PASSED] - Scroll to object 'Object Repository/4. Payment/Payment_CC/FieldRed_CardNumber' successfully

2022-05-10 19:01:15 - [TEST_STEP][PASSED] - verifyElementText(findTestObject("4. Payment/Payment_CC/DeniedCard_WarningMessage"), "Card got declined by the bank. Try using another card/payment method."): Actual text and expected text of test object 'Object Repository/4. Payment/Payment_CC/DeniedCard_WarningMessage' are matched.

2022-05-10 19:01:16 - [MESSAGE][PASSED] - Actual text and expected text of test object 'Object Repository/4. Payment/Payment_CC/DeniedCard_WarningMessage' are matched.

2022-05-10 19:01:16 - [TEST_STEP][PASSED] - delay(3): Delayed 3 second(s)

2022-05-10 19:01:19 - [MESSAGE][PASSED] - Delayed 3 second(s)

2022-05-10 19:01:19 - [TEST_STEP][PASSED] - closeBrowser(): Browser is closed

2022-05-10 19:01:19 - [MESSAGE][PASSED] - Browser is closed]]></system-out>
         <system-err><![CDATA[]]></system-err>
      </testcase>
      <testcase name="Test Cases/SmallProject1_Version2/TC46_UserSelectMethod_CC_WithoutInputCredentialCCData" time="23.167" classname="Test Cases/SmallProject1_Version2/TC46_UserSelectMethod_CC_WithoutInputCredentialCCData" status="PASSED">
         <system-out><![CDATA[2022-05-10 19:01:19 - [TEST_CASE][PASSED] - Test Cases/SmallProject1_Version2/TC46_UserSelectMethod_CC_WithoutInputCredentialCCData: Test Cases/SmallProject1_Version2/TC46_UserSelectMethod_CC_WithoutInputCredentialCCData

2022-05-10 19:01:20 - [TEST_STEP][PASSED] - callTestCase(findTestCase("SmallProject1_Version2/TC32_UserSuccessCheckout"), [:], STOP_ON_FAILURE): Call Test Case 'Test Cases/SmallProject1_Version2/TC32_UserSuccessCheckout' successfully

2022-05-10 19:01:20 - [TEST_CASE][PASSED] - Test Cases/SmallProject1_Version2/TC32_UserSuccessCheckout: Test Cases/SmallProject1_Version2/TC32_UserSuccessCheckout

2022-05-10 19:01:20 - [TEST_STEP][PASSED] - openBrowser(""): Browser is opened with url: ''

2022-05-10 19:01:20 - [MESSAGE][INFO] - Starting 'Chrome' driver

2022-05-10 19:01:20 - [MESSAGE][INFO] - Action delay is set to 0 milliseconds

2022-05-10 19:01:21 - [MESSAGE][PASSED] - Browser is opened with url: ''

2022-05-10 19:01:21 - [TEST_STEP][PASSED] - maximizeWindow(): Current window maximized

2022-05-10 19:01:21 - [MESSAGE][PASSED] - Current window maximized

2022-05-10 19:01:21 - [TEST_STEP][PASSED] - navigateToUrl("https://demo.midtrans.com/"): Navigate to 'https://demo.midtrans.com/' successfully

2022-05-10 19:01:21 - [MESSAGE][PASSED] - Navigate to 'https://demo.midtrans.com/' successfully

2022-05-10 19:01:21 - [TEST_STEP][PASSED] - click(findTestObject("3. Checkout/a_BUY NOW")): Object: 'Object Repository/3. Checkout/a_BUY NOW' is clicked on

2022-05-10 19:01:22 - [MESSAGE][PASSED] - Object: 'Object Repository/3. Checkout/a_BUY NOW' is clicked on

2022-05-10 19:01:22 - [TEST_STEP][PASSED] - verifyElementVisibleInViewport(findTestObject("3. Checkout/Verify_ShoppingCart"), 0): Object 'Object Repository/3. Checkout/Verify_ShoppingCart' is present and visible in viewport

2022-05-10 19:01:22 - [MESSAGE][WARNING] - Timeout '0' is invalid. Using default page load timeout: '30'

2022-05-10 19:01:23 - [MESSAGE][PASSED] - Object 'Object Repository/3. Checkout/Verify_ShoppingCart' is present and visible in viewport

2022-05-10 19:01:23 - [TEST_STEP][PASSED] - verifyElementText(findTestObject("3. Checkout/Verify_TotalAmount"), "20,000"): Actual text and expected text of test object 'Object Repository/3. Checkout/Verify_TotalAmount' are matched.

2022-05-10 19:01:23 - [MESSAGE][PASSED] - Actual text and expected text of test object 'Object Repository/3. Checkout/Verify_TotalAmount' are matched.

2022-05-10 19:01:23 - [TEST_STEP][PASSED] - verifyElementText(findTestObject("3. Checkout/Verify_CustomerDetail"), "Customer Details"): Actual text and expected text of test object 'Object Repository/3. Checkout/Verify_CustomerDetail' are matched.

2022-05-10 19:01:23 - [MESSAGE][PASSED] - Actual text and expected text of test object 'Object Repository/3. Checkout/Verify_CustomerDetail' are matched.

2022-05-10 19:01:23 - [TEST_STEP][PASSED] - setText(findTestObject("3. Checkout/Field_Name"), Name): Text 'Yulia' is set on object 'Object Repository/3. Checkout/Field_Name'

2022-05-10 19:01:24 - [MESSAGE][PASSED] - Text 'Yulia' is set on object 'Object Repository/3. Checkout/Field_Name'

2022-05-10 19:01:24 - [TEST_STEP][PASSED] - setText(findTestObject("3. Checkout/Field_Email"), Email): Text 'yulia@email.com' is set on object 'Object Repository/3. Checkout/Field_Email'

2022-05-10 19:01:25 - [MESSAGE][PASSED] - Text 'yulia@email.com' is set on object 'Object Repository/3. Checkout/Field_Email'

2022-05-10 19:01:25 - [TEST_STEP][PASSED] - setText(findTestObject("3. Checkout/Field_Phone"), Phone): Text '081234567890' is set on object 'Object Repository/3. Checkout/Field_Phone'

2022-05-10 19:01:25 - [MESSAGE][PASSED] - Text '081234567890' is set on object 'Object Repository/3. Checkout/Field_Phone'

2022-05-10 19:01:25 - [TEST_STEP][PASSED] - setText(findTestObject("3. Checkout/Field_City"), City): Text 'Jakarta' is set on object 'Object Repository/3. Checkout/Field_City'

2022-05-10 19:01:26 - [MESSAGE][PASSED] - Text 'Jakarta' is set on object 'Object Repository/3. Checkout/Field_City'

2022-05-10 19:01:26 - [TEST_STEP][PASSED] - setText(findTestObject("3. Checkout/Field_Address"), Address): Text 'Jalan Jend. Sudirman Kav 10' is set on object 'Object Repository/3. Checkout/Field_Address'

2022-05-10 19:01:27 - [MESSAGE][PASSED] - Text 'Jalan Jend. Sudirman Kav 10' is set on object 'Object Repository/3. Checkout/Field_Address'

2022-05-10 19:01:27 - [TEST_STEP][PASSED] - setText(findTestObject("3. Checkout/Field_PostalCode"), PostalCode): Text '12345' is set on object 'Object Repository/3. Checkout/Field_PostalCode'

2022-05-10 19:01:28 - [MESSAGE][PASSED] - Text '12345' is set on object 'Object Repository/3. Checkout/Field_PostalCode'

2022-05-10 19:01:28 - [TEST_STEP][PASSED] - click(findTestObject("3. Checkout/Button_Checkout")): Object: 'Object Repository/3. Checkout/Button_Checkout' is clicked on

2022-05-10 19:01:28 - [MESSAGE][PASSED] - Object: 'Object Repository/3. Checkout/Button_Checkout' is clicked on

2022-05-10 19:01:28 - [TEST_STEP][PASSED] - delay(1): Delayed 1 second(s)

2022-05-10 19:01:29 - [MESSAGE][PASSED] - Delayed 1 second(s)

2022-05-10 19:01:29 - [TEST_STEP][PASSED] - takeFullPageScreenshot(): Taking screenshot successfully

2022-05-10 19:01:29 - [MESSAGE][INFO] - 0 hidden object(s)

2022-05-10 19:01:30 - [MESSAGE][PASSED] - Taking screenshot successfully
[[ATTACHMENT|C:\\Users\\220005\\Katalon Studio\\SmallProject1_Yulia\\Reports\\20220510_185310\\TS03 - Payment Method - CreditDebit Card\\20220510_185310\\1652184089436.png]]

2022-05-10 19:01:30 - [TEST_STEP][PASSED] - verifyElementVisible(findTestObject("5. PopUp Detail/Time_PayWithin"), STOP_ON_FAILURE): Object 'Object Repository/5. PopUp Detail/Time_PayWithin' is visible

2022-05-10 19:01:30 - [MESSAGE][PASSED] - Object 'Object Repository/5. PopUp Detail/Time_PayWithin' is visible

2022-05-10 19:01:30 - [TEST_STEP][PASSED] - verifyElementVisible(findTestObject("5. PopUp Detail/Verify_OrderID_PopUp")): Object 'Object Repository/5. PopUp Detail/Verify_OrderID_PopUp' is visible

2022-05-10 19:01:30 - [MESSAGE][PASSED] - Object 'Object Repository/5. PopUp Detail/Verify_OrderID_PopUp' is visible

2022-05-10 19:01:30 - [TEST_STEP][PASSED] - verifyElementVisible(findTestObject("3. Checkout/Verify_MethodList")): Object 'Object Repository/3. Checkout/Verify_MethodList' is visible

2022-05-10 19:01:31 - [MESSAGE][PASSED] - Object 'Object Repository/3. Checkout/Verify_MethodList' is visible

2022-05-10 19:01:31 - [MESSAGE][PASSED] - Call Test Case 'Test Cases/SmallProject1_Version2/TC32_UserSuccessCheckout' successfully

2022-05-10 19:01:31 - [TEST_STEP][PASSED] - verifyElementVisible(findTestObject("4. Payment/Payment_CC/Title_CC")): Object 'Object Repository/4. Payment/Payment_CC/Title_CC' is visible

2022-05-10 19:01:31 - [MESSAGE][PASSED] - Object 'Object Repository/4. Payment/Payment_CC/Title_CC' is visible

2022-05-10 19:01:31 - [TEST_STEP][PASSED] - verifyElementVisible(findTestObject("4. Payment/Payment_CC/Logo_CC")): Object 'Object Repository/4. Payment/Payment_CC/Logo_CC' is visible

2022-05-10 19:01:32 - [MESSAGE][PASSED] - Object 'Object Repository/4. Payment/Payment_CC/Logo_CC' is visible

2022-05-10 19:01:32 - [TEST_STEP][PASSED] - click(findTestObject("4. Payment/Payment_CC/a_CreditDebit CardPay with Visa, MasterCard, JCB, or Amexpromo")): Object: 'Object Repository/4. Payment/Payment_CC/a_CreditDebit CardPay with Visa, MasterCard, JCB, or Amexpromo' is clicked on

2022-05-10 19:01:32 - [MESSAGE][PASSED] - Object: 'Object Repository/4. Payment/Payment_CC/a_CreditDebit CardPay with Visa, MasterCard, JCB, or Amexpromo' is clicked on

2022-05-10 19:01:32 - [TEST_STEP][PASSED] - verifyElementText(findTestObject("4. Payment/Payment_CC/Header_CreditDebitCard"), "Credit/debit card"): Actual text and expected text of test object 'Object Repository/4. Payment/Payment_CC/Header_CreditDebitCard' are matched.

2022-05-10 19:01:33 - [MESSAGE][PASSED] - Actual text and expected text of test object 'Object Repository/4. Payment/Payment_CC/Header_CreditDebitCard' are matched.

2022-05-10 19:01:33 - [TEST_STEP][PASSED] - verifyElementNotClickable(findTestObject("4. Payment/Payment_CC/Promo_Installment"), STOP_ON_FAILURE): Object 'Object Repository/4. Payment/Payment_CC/Promo_Installment' is NOT clickable

2022-05-10 19:01:33 - [MESSAGE][PASSED] - Object 'Object Repository/4. Payment/Payment_CC/Promo_Installment' is NOT clickable

2022-05-10 19:01:33 - [TEST_STEP][PASSED] - verifyElementNotClickable(findTestObject("4. Payment/Payment_CC/Promo_10Persen"), STOP_ON_FAILURE): Object 'Object Repository/4. Payment/Payment_CC/Promo_10Persen' is NOT clickable

2022-05-10 19:01:34 - [MESSAGE][PASSED] - Object 'Object Repository/4. Payment/Payment_CC/Promo_10Persen' is NOT clickable

2022-05-10 19:01:34 - [TEST_STEP][PASSED] - verifyElementNotClickable(findTestObject("4. Payment/Payment_CC/Promo_Midtrans"), STOP_ON_FAILURE): Object 'Object Repository/4. Payment/Payment_CC/Promo_Midtrans' is NOT clickable

2022-05-10 19:01:34 - [MESSAGE][PASSED] - Object 'Object Repository/4. Payment/Payment_CC/Promo_Midtrans' is NOT clickable

2022-05-10 19:01:34 - [TEST_STEP][PASSED] - verifyElementNotClickable(findTestObject("4. Payment/Payment_CC/Promo_MasterCard"), STOP_ON_FAILURE): Object 'Object Repository/4. Payment/Payment_CC/Promo_MasterCard' is NOT clickable

2022-05-10 19:01:34 - [MESSAGE][PASSED] - Object 'Object Repository/4. Payment/Payment_CC/Promo_MasterCard' is NOT clickable

2022-05-10 19:01:34 - [TEST_STEP][PASSED] - verifyElementNotClickable(findTestObject("4. Payment/Payment_CC/Promo_10Rupiah"), STOP_ON_FAILURE): Object 'Object Repository/4. Payment/Payment_CC/Promo_10Rupiah' is NOT clickable

2022-05-10 19:01:35 - [MESSAGE][PASSED] - Object 'Object Repository/4. Payment/Payment_CC/Promo_10Rupiah' is NOT clickable

2022-05-10 19:01:35 - [TEST_STEP][PASSED] - verifyElementClickable(findTestObject("4. Payment/Payment_CC/No_Promo"), STOP_ON_FAILURE): Object 'Object Repository/4. Payment/Payment_CC/No_Promo' is clickable

2022-05-10 19:01:35 - [MESSAGE][PASSED] - Object 'Object Repository/4. Payment/Payment_CC/No_Promo' is clickable

2022-05-10 19:01:35 - [TEST_STEP][PASSED] - fieldSuccess1 = getAttribute(findTestObject("Object Repository/4. Payment/Payment_CC/FieldBlack_CardNumber"), "xpath"): Attribute 'xpath' of object 'Object Repository/4. Payment/Payment_CC/FieldBlack_CardNumber' is: 'null'

2022-05-10 19:01:36 - [MESSAGE][PASSED] - Attribute 'xpath' of object 'Object Repository/4. Payment/Payment_CC/FieldBlack_CardNumber' is: 'null'

2022-05-10 19:01:36 - [TEST_STEP][PASSED] - fieldSuccess2 = getAttribute(findTestObject("Object Repository/4. Payment/Payment_CC/FieldBlack_ExpirationDate"), "xpath"): Attribute 'xpath' of object 'Object Repository/4. Payment/Payment_CC/FieldBlack_ExpirationDate' is: 'null'

2022-05-10 19:01:36 - [MESSAGE][PASSED] - Attribute 'xpath' of object 'Object Repository/4. Payment/Payment_CC/FieldBlack_ExpirationDate' is: 'null'

2022-05-10 19:01:36 - [TEST_STEP][PASSED] - fieldSuccess3 = getAttribute(findTestObject("Object Repository/4. Payment/Payment_CC/FieldBlack_CVV"), "xpath"): Attribute 'xpath' of object 'Object Repository/4. Payment/Payment_CC/FieldBlack_CVV' is: 'null'

2022-05-10 19:01:37 - [MESSAGE][PASSED] - Attribute 'xpath' of object 'Object Repository/4. Payment/Payment_CC/FieldBlack_CVV' is: 'null'

2022-05-10 19:01:37 - [TEST_STEP][PASSED] - setText(findTestObject("4. Payment/Payment_CC/Field_CardNumber"), " "): Text ' ' is set on object 'Object Repository/4. Payment/Payment_CC/Field_CardNumber'

2022-05-10 19:01:37 - [MESSAGE][PASSED] - Text ' ' is set on object 'Object Repository/4. Payment/Payment_CC/Field_CardNumber'

2022-05-10 19:01:37 - [TEST_STEP][PASSED] - setText(findTestObject("4. Payment/Payment_CC/Field_ExpireDate"), " "): Text ' ' is set on object 'Object Repository/4. Payment/Payment_CC/Field_ExpireDate'

2022-05-10 19:01:38 - [MESSAGE][PASSED] - Text ' ' is set on object 'Object Repository/4. Payment/Payment_CC/Field_ExpireDate'

2022-05-10 19:01:38 - [TEST_STEP][PASSED] - setText(findTestObject("4. Payment/Payment_CC/Field_CVV"), " "): Text ' ' is set on object 'Object Repository/4. Payment/Payment_CC/Field_CVV'

2022-05-10 19:01:38 - [MESSAGE][PASSED] - Text ' ' is set on object 'Object Repository/4. Payment/Payment_CC/Field_CVV'

2022-05-10 19:01:38 - [TEST_STEP][PASSED] - click(findTestObject("4. Payment/Payment_CC/Click_Random")): Object: 'Object Repository/4. Payment/Payment_CC/Click_Random' is clicked on

2022-05-10 19:01:39 - [MESSAGE][PASSED] - Object: 'Object Repository/4. Payment/Payment_CC/Click_Random' is clicked on

2022-05-10 19:01:39 - [TEST_STEP][PASSED] - fieldFailed1 = getAttribute(findTestObject("Object Repository/4. Payment/Payment_CC/FieldRed_CardNumber"), "xpath"): Attribute 'xpath' of object 'Object Repository/4. Payment/Payment_CC/FieldRed_CardNumber' is: 'null'

2022-05-10 19:01:39 - [MESSAGE][PASSED] - Attribute 'xpath' of object 'Object Repository/4. Payment/Payment_CC/FieldRed_CardNumber' is: 'null'

2022-05-10 19:01:39 - [TEST_STEP][PASSED] - fieldFailed2 = getAttribute(findTestObject("Object Repository/4. Payment/Payment_CC/FieldRed_ExpirationDate"), "xpath"): Attribute 'xpath' of object 'Object Repository/4. Payment/Payment_CC/FieldRed_ExpirationDate' is: 'null'

2022-05-10 19:01:40 - [MESSAGE][PASSED] - Attribute 'xpath' of object 'Object Repository/4. Payment/Payment_CC/FieldRed_ExpirationDate' is: 'null'

2022-05-10 19:01:40 - [TEST_STEP][PASSED] - fieldFailed3 = getAttribute(findTestObject("Object Repository/4. Payment/Payment_CC/FieldRed_CVV"), "xpath"): Attribute 'xpath' of object 'Object Repository/4. Payment/Payment_CC/FieldRed_CVV' is: 'null'

2022-05-10 19:01:40 - [MESSAGE][PASSED] - Attribute 'xpath' of object 'Object Repository/4. Payment/Payment_CC/FieldRed_CVV' is: 'null'

2022-05-10 19:01:40 - [TEST_STEP][PASSED] - verifyNotMatch(fieldSuccess1, fieldFailed1, false): Actual text 'null' and expected text 'null' are not matched 

2022-05-10 19:01:40 - [MESSAGE][PASSED] - Actual text 'null' and expected text 'null' are not matched 

2022-05-10 19:01:40 - [TEST_STEP][PASSED] - verifyNotMatch(fieldSuccess2, fieldFailed2, false): Actual text 'null' and expected text 'null' are not matched 

2022-05-10 19:01:40 - [MESSAGE][PASSED] - Actual text 'null' and expected text 'null' are not matched 

2022-05-10 19:01:40 - [TEST_STEP][PASSED] - verifyNotMatch(fieldSuccess3, fieldFailed3, false): Actual text 'null' and expected text 'null' are not matched 

2022-05-10 19:01:40 - [MESSAGE][PASSED] - Actual text 'null' and expected text 'null' are not matched 

2022-05-10 19:01:40 - [TEST_STEP][PASSED] - verifyElementText(findTestObject("4. Payment/Payment_CC/TextFailed_CardNumber"), "Make sure your card number are correct."): Actual text and expected text of test object 'Object Repository/4. Payment/Payment_CC/TextFailed_CardNumber' are matched.

2022-05-10 19:01:40 - [MESSAGE][PASSED] - Actual text and expected text of test object 'Object Repository/4. Payment/Payment_CC/TextFailed_CardNumber' are matched.

2022-05-10 19:01:40 - [TEST_STEP][PASSED] - verifyElementText(findTestObject("4. Payment/Payment_CC/TextFailed_ExpirationDate"), "Invalid expiration detail."): Actual text and expected text of test object 'Object Repository/4. Payment/Payment_CC/TextFailed_ExpirationDate' are matched.

2022-05-10 19:01:41 - [MESSAGE][PASSED] - Actual text and expected text of test object 'Object Repository/4. Payment/Payment_CC/TextFailed_ExpirationDate' are matched.

2022-05-10 19:01:41 - [TEST_STEP][PASSED] - verifyElementText(findTestObject("4. Payment/Payment_CC/TextFailed_CVV"), "Invalid CVV."): Actual text and expected text of test object 'Object Repository/4. Payment/Payment_CC/TextFailed_CVV' are matched.

2022-05-10 19:01:41 - [MESSAGE][PASSED] - Actual text and expected text of test object 'Object Repository/4. Payment/Payment_CC/TextFailed_CVV' are matched.

2022-05-10 19:01:41 - [TEST_STEP][PASSED] - verifyElementNotVisibleInViewport(findTestObject("5. PopUp Detail/Button_PayNow"), 0): Object 'Object Repository/5. PopUp Detail/Button_PayNow' is present and NOT visible in viewport

2022-05-10 19:01:41 - [MESSAGE][WARNING] - Timeout '0' is invalid. Using default page load timeout: '30'

2022-05-10 19:01:42 - [MESSAGE][WARNING] - Timeout '0' is invalid. Using default page load timeout: '30'

2022-05-10 19:01:42 - [MESSAGE][PASSED] - Object 'Object Repository/5. PopUp Detail/Button_PayNow' is present and NOT visible in viewport

2022-05-10 19:01:42 - [TEST_STEP][PASSED] - closeBrowser(): Browser is closed

2022-05-10 19:01:43 - [MESSAGE][PASSED] - Browser is closed]]></system-out>
         <system-err><![CDATA[]]></system-err>
      </testcase>
      <testcase name="Test Cases/SmallProject1_Version2/TC57_UserResetTransactionTime_onIssuingBank" time="25.928" classname="Test Cases/SmallProject1_Version2/TC57_UserResetTransactionTime_onIssuingBank" status="PASSED">
         <system-out><![CDATA[2022-05-10 19:01:43 - [TEST_CASE][PASSED] - Test Cases/SmallProject1_Version2/TC57_UserResetTransactionTime_onIssuingBank: Test Cases/SmallProject1_Version2/TC57_UserResetTransactionTime_onIssuingBank

2022-05-10 19:01:43 - [TEST_STEP][PASSED] - callTestCase(findTestCase("SmallProject1_Version2/TC32_UserSuccessCheckout"), [:], STOP_ON_FAILURE): Call Test Case 'Test Cases/SmallProject1_Version2/TC32_UserSuccessCheckout' successfully

2022-05-10 19:01:43 - [TEST_CASE][PASSED] - Test Cases/SmallProject1_Version2/TC32_UserSuccessCheckout: Test Cases/SmallProject1_Version2/TC32_UserSuccessCheckout

2022-05-10 19:01:43 - [TEST_STEP][PASSED] - openBrowser(""): Browser is opened with url: ''

2022-05-10 19:01:43 - [MESSAGE][INFO] - Starting 'Chrome' driver

2022-05-10 19:01:43 - [MESSAGE][INFO] - Action delay is set to 0 milliseconds

2022-05-10 19:01:44 - [MESSAGE][PASSED] - Browser is opened with url: ''

2022-05-10 19:01:44 - [TEST_STEP][PASSED] - maximizeWindow(): Current window maximized

2022-05-10 19:01:44 - [MESSAGE][PASSED] - Current window maximized

2022-05-10 19:01:44 - [TEST_STEP][PASSED] - navigateToUrl("https://demo.midtrans.com/"): Navigate to 'https://demo.midtrans.com/' successfully

2022-05-10 19:01:45 - [MESSAGE][PASSED] - Navigate to 'https://demo.midtrans.com/' successfully

2022-05-10 19:01:45 - [TEST_STEP][PASSED] - click(findTestObject("3. Checkout/a_BUY NOW")): Object: 'Object Repository/3. Checkout/a_BUY NOW' is clicked on

2022-05-10 19:01:45 - [MESSAGE][PASSED] - Object: 'Object Repository/3. Checkout/a_BUY NOW' is clicked on

2022-05-10 19:01:45 - [TEST_STEP][PASSED] - verifyElementVisibleInViewport(findTestObject("3. Checkout/Verify_ShoppingCart"), 0): Object 'Object Repository/3. Checkout/Verify_ShoppingCart' is present and visible in viewport

2022-05-10 19:01:45 - [MESSAGE][WARNING] - Timeout '0' is invalid. Using default page load timeout: '30'

2022-05-10 19:01:46 - [MESSAGE][PASSED] - Object 'Object Repository/3. Checkout/Verify_ShoppingCart' is present and visible in viewport

2022-05-10 19:01:46 - [TEST_STEP][PASSED] - verifyElementText(findTestObject("3. Checkout/Verify_TotalAmount"), "20,000"): Actual text and expected text of test object 'Object Repository/3. Checkout/Verify_TotalAmount' are matched.

2022-05-10 19:01:46 - [MESSAGE][PASSED] - Actual text and expected text of test object 'Object Repository/3. Checkout/Verify_TotalAmount' are matched.

2022-05-10 19:01:46 - [TEST_STEP][PASSED] - verifyElementText(findTestObject("3. Checkout/Verify_CustomerDetail"), "Customer Details"): Actual text and expected text of test object 'Object Repository/3. Checkout/Verify_CustomerDetail' are matched.

2022-05-10 19:01:47 - [MESSAGE][PASSED] - Actual text and expected text of test object 'Object Repository/3. Checkout/Verify_CustomerDetail' are matched.

2022-05-10 19:01:47 - [TEST_STEP][PASSED] - setText(findTestObject("3. Checkout/Field_Name"), Name): Text 'Yulia' is set on object 'Object Repository/3. Checkout/Field_Name'

2022-05-10 19:01:47 - [MESSAGE][PASSED] - Text 'Yulia' is set on object 'Object Repository/3. Checkout/Field_Name'

2022-05-10 19:01:47 - [TEST_STEP][PASSED] - setText(findTestObject("3. Checkout/Field_Email"), Email): Text 'yulia@email.com' is set on object 'Object Repository/3. Checkout/Field_Email'

2022-05-10 19:01:48 - [MESSAGE][PASSED] - Text 'yulia@email.com' is set on object 'Object Repository/3. Checkout/Field_Email'

2022-05-10 19:01:48 - [TEST_STEP][PASSED] - setText(findTestObject("3. Checkout/Field_Phone"), Phone): Text '081234567890' is set on object 'Object Repository/3. Checkout/Field_Phone'

2022-05-10 19:01:49 - [MESSAGE][PASSED] - Text '081234567890' is set on object 'Object Repository/3. Checkout/Field_Phone'

2022-05-10 19:01:49 - [TEST_STEP][PASSED] - setText(findTestObject("3. Checkout/Field_City"), City): Text 'Jakarta' is set on object 'Object Repository/3. Checkout/Field_City'

2022-05-10 19:01:49 - [MESSAGE][PASSED] - Text 'Jakarta' is set on object 'Object Repository/3. Checkout/Field_City'

2022-05-10 19:01:49 - [TEST_STEP][PASSED] - setText(findTestObject("3. Checkout/Field_Address"), Address): Text 'Jalan Jend. Sudirman Kav 10' is set on object 'Object Repository/3. Checkout/Field_Address'

2022-05-10 19:01:50 - [MESSAGE][PASSED] - Text 'Jalan Jend. Sudirman Kav 10' is set on object 'Object Repository/3. Checkout/Field_Address'

2022-05-10 19:01:50 - [TEST_STEP][PASSED] - setText(findTestObject("3. Checkout/Field_PostalCode"), PostalCode): Text '12345' is set on object 'Object Repository/3. Checkout/Field_PostalCode'

2022-05-10 19:01:51 - [MESSAGE][PASSED] - Text '12345' is set on object 'Object Repository/3. Checkout/Field_PostalCode'

2022-05-10 19:01:51 - [TEST_STEP][PASSED] - click(findTestObject("3. Checkout/Button_Checkout")): Object: 'Object Repository/3. Checkout/Button_Checkout' is clicked on

2022-05-10 19:01:51 - [MESSAGE][PASSED] - Object: 'Object Repository/3. Checkout/Button_Checkout' is clicked on

2022-05-10 19:01:51 - [TEST_STEP][PASSED] - delay(1): Delayed 1 second(s)

2022-05-10 19:01:52 - [MESSAGE][PASSED] - Delayed 1 second(s)

2022-05-10 19:01:52 - [TEST_STEP][PASSED] - takeFullPageScreenshot(): Taking screenshot successfully

2022-05-10 19:01:53 - [MESSAGE][INFO] - 0 hidden object(s)

2022-05-10 19:01:53 - [MESSAGE][PASSED] - Taking screenshot successfully
[[ATTACHMENT|C:\\Users\\220005\\Katalon Studio\\SmallProject1_Yulia\\Reports\\20220510_185310\\TS03 - Payment Method - CreditDebit Card\\20220510_185310\\1652184112678.png]]

2022-05-10 19:01:53 - [TEST_STEP][PASSED] - verifyElementVisible(findTestObject("5. PopUp Detail/Time_PayWithin"), STOP_ON_FAILURE): Object 'Object Repository/5. PopUp Detail/Time_PayWithin' is visible

2022-05-10 19:01:53 - [MESSAGE][PASSED] - Object 'Object Repository/5. PopUp Detail/Time_PayWithin' is visible

2022-05-10 19:01:53 - [TEST_STEP][PASSED] - verifyElementVisible(findTestObject("5. PopUp Detail/Verify_OrderID_PopUp")): Object 'Object Repository/5. PopUp Detail/Verify_OrderID_PopUp' is visible

2022-05-10 19:01:54 - [MESSAGE][PASSED] - Object 'Object Repository/5. PopUp Detail/Verify_OrderID_PopUp' is visible

2022-05-10 19:01:54 - [TEST_STEP][PASSED] - verifyElementVisible(findTestObject("3. Checkout/Verify_MethodList")): Object 'Object Repository/3. Checkout/Verify_MethodList' is visible

2022-05-10 19:01:54 - [MESSAGE][PASSED] - Object 'Object Repository/3. Checkout/Verify_MethodList' is visible

2022-05-10 19:01:54 - [MESSAGE][PASSED] - Call Test Case 'Test Cases/SmallProject1_Version2/TC32_UserSuccessCheckout' successfully

2022-05-10 19:01:54 - [TEST_STEP][PASSED] - verifyElementVisible(findTestObject("4. Payment/Payment_CC/Title_CC")): Object 'Object Repository/4. Payment/Payment_CC/Title_CC' is visible

2022-05-10 19:01:55 - [MESSAGE][PASSED] - Object 'Object Repository/4. Payment/Payment_CC/Title_CC' is visible

2022-05-10 19:01:55 - [TEST_STEP][PASSED] - verifyElementVisible(findTestObject("4. Payment/Payment_CC/Logo_CC")): Object 'Object Repository/4. Payment/Payment_CC/Logo_CC' is visible

2022-05-10 19:01:55 - [MESSAGE][PASSED] - Object 'Object Repository/4. Payment/Payment_CC/Logo_CC' is visible

2022-05-10 19:01:55 - [TEST_STEP][PASSED] - click(findTestObject("4. Payment/Payment_CC/a_CreditDebit CardPay with Visa, MasterCard, JCB, or Amexpromo")): Object: 'Object Repository/4. Payment/Payment_CC/a_CreditDebit CardPay with Visa, MasterCard, JCB, or Amexpromo' is clicked on

2022-05-10 19:01:56 - [MESSAGE][PASSED] - Object: 'Object Repository/4. Payment/Payment_CC/a_CreditDebit CardPay with Visa, MasterCard, JCB, or Amexpromo' is clicked on

2022-05-10 19:01:56 - [TEST_STEP][PASSED] - verifyElementText(findTestObject("4. Payment/Payment_CC/Header_CreditDebitCard"), "Credit/debit card"): Actual text and expected text of test object 'Object Repository/4. Payment/Payment_CC/Header_CreditDebitCard' are matched.

2022-05-10 19:01:56 - [MESSAGE][PASSED] - Actual text and expected text of test object 'Object Repository/4. Payment/Payment_CC/Header_CreditDebitCard' are matched.

2022-05-10 19:01:56 - [TEST_STEP][PASSED] - verifyElementNotClickable(findTestObject("4. Payment/Payment_CC/Promo_Installment"), STOP_ON_FAILURE): Object 'Object Repository/4. Payment/Payment_CC/Promo_Installment' is NOT clickable

2022-05-10 19:01:57 - [MESSAGE][PASSED] - Object 'Object Repository/4. Payment/Payment_CC/Promo_Installment' is NOT clickable

2022-05-10 19:01:57 - [TEST_STEP][PASSED] - verifyElementNotClickable(findTestObject("4. Payment/Payment_CC/Promo_10Persen"), STOP_ON_FAILURE): Object 'Object Repository/4. Payment/Payment_CC/Promo_10Persen' is NOT clickable

2022-05-10 19:01:57 - [MESSAGE][PASSED] - Object 'Object Repository/4. Payment/Payment_CC/Promo_10Persen' is NOT clickable

2022-05-10 19:01:57 - [TEST_STEP][PASSED] - verifyElementNotClickable(findTestObject("4. Payment/Payment_CC/Promo_Midtrans")): Object 'Object Repository/4. Payment/Payment_CC/Promo_Midtrans' is NOT clickable

2022-05-10 19:01:57 - [MESSAGE][PASSED] - Object 'Object Repository/4. Payment/Payment_CC/Promo_Midtrans' is NOT clickable

2022-05-10 19:01:57 - [TEST_STEP][PASSED] - verifyElementNotClickable(findTestObject("4. Payment/Payment_CC/Promo_MasterCard"), STOP_ON_FAILURE): Object 'Object Repository/4. Payment/Payment_CC/Promo_MasterCard' is NOT clickable

2022-05-10 19:01:58 - [MESSAGE][PASSED] - Object 'Object Repository/4. Payment/Payment_CC/Promo_MasterCard' is NOT clickable

2022-05-10 19:01:58 - [TEST_STEP][PASSED] - verifyElementNotClickable(findTestObject("4. Payment/Payment_CC/Promo_10Rupiah"), STOP_ON_FAILURE): Object 'Object Repository/4. Payment/Payment_CC/Promo_10Rupiah' is NOT clickable

2022-05-10 19:01:58 - [MESSAGE][PASSED] - Object 'Object Repository/4. Payment/Payment_CC/Promo_10Rupiah' is NOT clickable

2022-05-10 19:01:58 - [TEST_STEP][PASSED] - verifyElementClickable(findTestObject("4. Payment/Payment_CC/No_Promo"), STOP_ON_FAILURE): Object 'Object Repository/4. Payment/Payment_CC/No_Promo' is clickable

2022-05-10 19:01:59 - [MESSAGE][PASSED] - Object 'Object Repository/4. Payment/Payment_CC/No_Promo' is clickable

2022-05-10 19:01:59 - [TEST_STEP][PASSED] - setText(findTestObject("4. Payment/Payment_CC/Field_CardNumber"), findTestData("Success_CardNumber").getValue(1, 1)): Text '4811111111111114' is set on object 'Object Repository/4. Payment/Payment_CC/Field_CardNumber'

2022-05-10 19:01:59 - [MESSAGE][PASSED] - Text '4811111111111114' is set on object 'Object Repository/4. Payment/Payment_CC/Field_CardNumber'

2022-05-10 19:01:59 - [TEST_STEP][PASSED] - setText(findTestObject("4. Payment/Payment_CC/Field_ExpireDate"), findTestData("Success_CardNumber").getValue(2, 1)): Text '05/22' is set on object 'Object Repository/4. Payment/Payment_CC/Field_ExpireDate'

2022-05-10 19:02:00 - [MESSAGE][PASSED] - Text '05/22' is set on object 'Object Repository/4. Payment/Payment_CC/Field_ExpireDate'

2022-05-10 19:02:00 - [TEST_STEP][PASSED] - setText(findTestObject("4. Payment/Payment_CC/Field_CVV"), findTestData("Success_CardNumber").getValue(3, 1)): Text '123' is set on object 'Object Repository/4. Payment/Payment_CC/Field_CVV'

2022-05-10 19:02:00 - [MESSAGE][PASSED] - Text '123' is set on object 'Object Repository/4. Payment/Payment_CC/Field_CVV'

2022-05-10 19:02:00 - [TEST_STEP][PASSED] - verifyElementVisible(findTestObject("4. Payment/Payment_CC/Banner_Visa_AfterInputCardNumber")): Object 'Object Repository/4. Payment/Payment_CC/Banner_Visa_AfterInputCardNumber' is visible

2022-05-10 19:02:01 - [MESSAGE][PASSED] - Object 'Object Repository/4. Payment/Payment_CC/Banner_Visa_AfterInputCardNumber' is visible

2022-05-10 19:02:01 - [TEST_STEP][PASSED] - verifyElementNotClickable(findTestObject("4. Payment/Payment_CC/Promo_MasterCard"), STOP_ON_FAILURE): Object 'Object Repository/4. Payment/Payment_CC/Promo_MasterCard' is NOT clickable

2022-05-10 19:02:01 - [MESSAGE][PASSED] - Object 'Object Repository/4. Payment/Payment_CC/Promo_MasterCard' is NOT clickable

2022-05-10 19:02:01 - [TEST_STEP][PASSED] - click(findTestObject("5. PopUp Detail/Button_PayNow")): Object: 'Object Repository/5. PopUp Detail/Button_PayNow' is clicked on

2022-05-10 19:02:02 - [MESSAGE][PASSED] - Object: 'Object Repository/5. PopUp Detail/Button_PayNow' is clicked on

2022-05-10 19:02:02 - [TEST_STEP][PASSED] - verifyElementText(findTestObject("4. Payment/Payment_CC/a_IssuingBank/Verify_Amount_IssuingBank"), "15000.00"): Actual text and expected text of test object 'Object Repository/4. Payment/Payment_CC/a_IssuingBank/Verify_Amount_IssuingBank' are matched.

2022-05-10 19:02:03 - [MESSAGE][PASSED] - Actual text and expected text of test object 'Object Repository/4. Payment/Payment_CC/a_IssuingBank/Verify_Amount_IssuingBank' are matched.

2022-05-10 19:02:03 - [TEST_STEP][PASSED] - setEncryptedText(findTestObject("4. Payment/Payment_CC/a_IssuingBank/input_Password_PaRes"), "4tAN/DuJV7Y="): Text ****** has been set on object 'Object Repository/4. Payment/Payment_CC/a_IssuingBank/input_Password_PaRes'

2022-05-10 19:02:04 - [MESSAGE][PASSED] - Text ****** has been set on object 'Object Repository/4. Payment/Payment_CC/a_IssuingBank/input_Password_PaRes'

2022-05-10 19:02:04 - [TEST_STEP][PASSED] - click(findTestObject("4. Payment/Payment_CC/a_IssuingBank/Button_Resend")): Object: 'Object Repository/4. Payment/Payment_CC/a_IssuingBank/Button_Resend' is clicked on

2022-05-10 19:02:04 - [MESSAGE][PASSED] - Object: 'Object Repository/4. Payment/Payment_CC/a_IssuingBank/Button_Resend' is clicked on

2022-05-10 19:02:04 - [TEST_STEP][PASSED] - verifyElementText(findTestObject("4. Payment/Payment_CC/a_IssuingBank/Verify_ResetTransactionTime"), "04 : 59"): Actual text and expected text of test object 'Object Repository/4. Payment/Payment_CC/a_IssuingBank/Verify_ResetTransactionTime' are matched.

2022-05-10 19:02:05 - [MESSAGE][PASSED] - Actual text and expected text of test object 'Object Repository/4. Payment/Payment_CC/a_IssuingBank/Verify_ResetTransactionTime' are matched.

2022-05-10 19:02:05 - [TEST_STEP][PASSED] - delay(3): Delayed 3 second(s)

2022-05-10 19:02:08 - [MESSAGE][PASSED] - Delayed 3 second(s)

2022-05-10 19:02:08 - [TEST_STEP][PASSED] - closeBrowser(): Browser is closed

2022-05-10 19:02:08 - [MESSAGE][PASSED] - Browser is closed]]></system-out>
         <system-err><![CDATA[]]></system-err>
      </testcase>
      <testcase name="Test Cases/SmallProject1_Version2/TC58_UserCancelPayment_onIssuingBank" time="22.912" classname="Test Cases/SmallProject1_Version2/TC58_UserCancelPayment_onIssuingBank" status="PASSED">
         <system-out><![CDATA[2022-05-10 19:02:08 - [TEST_CASE][PASSED] - Test Cases/SmallProject1_Version2/TC58_UserCancelPayment_onIssuingBank: Test Cases/SmallProject1_Version2/TC58_UserCancelPayment_onIssuingBank

2022-05-10 19:02:09 - [TEST_STEP][PASSED] - callTestCase(findTestCase("SmallProject1_Version2/TC32_UserSuccessCheckout"), [:], STOP_ON_FAILURE): Call Test Case 'Test Cases/SmallProject1_Version2/TC32_UserSuccessCheckout' successfully

2022-05-10 19:02:09 - [TEST_CASE][PASSED] - Test Cases/SmallProject1_Version2/TC32_UserSuccessCheckout: Test Cases/SmallProject1_Version2/TC32_UserSuccessCheckout

2022-05-10 19:02:09 - [TEST_STEP][PASSED] - openBrowser(""): Browser is opened with url: ''

2022-05-10 19:02:09 - [MESSAGE][INFO] - Starting 'Chrome' driver

2022-05-10 19:02:09 - [MESSAGE][INFO] - Action delay is set to 0 milliseconds

2022-05-10 19:02:10 - [MESSAGE][PASSED] - Browser is opened with url: ''

2022-05-10 19:02:10 - [TEST_STEP][PASSED] - maximizeWindow(): Current window maximized

2022-05-10 19:02:10 - [MESSAGE][PASSED] - Current window maximized

2022-05-10 19:02:10 - [TEST_STEP][PASSED] - navigateToUrl("https://demo.midtrans.com/"): Navigate to 'https://demo.midtrans.com/' successfully

2022-05-10 19:02:11 - [MESSAGE][PASSED] - Navigate to 'https://demo.midtrans.com/' successfully

2022-05-10 19:02:11 - [TEST_STEP][PASSED] - click(findTestObject("3. Checkout/a_BUY NOW")): Object: 'Object Repository/3. Checkout/a_BUY NOW' is clicked on

2022-05-10 19:02:11 - [MESSAGE][PASSED] - Object: 'Object Repository/3. Checkout/a_BUY NOW' is clicked on

2022-05-10 19:02:11 - [TEST_STEP][PASSED] - verifyElementVisibleInViewport(findTestObject("3. Checkout/Verify_ShoppingCart"), 0): Object 'Object Repository/3. Checkout/Verify_ShoppingCart' is present and visible in viewport

2022-05-10 19:02:11 - [MESSAGE][WARNING] - Timeout '0' is invalid. Using default page load timeout: '30'

2022-05-10 19:02:12 - [MESSAGE][PASSED] - Object 'Object Repository/3. Checkout/Verify_ShoppingCart' is present and visible in viewport

2022-05-10 19:02:12 - [TEST_STEP][PASSED] - verifyElementText(findTestObject("3. Checkout/Verify_TotalAmount"), "20,000"): Actual text and expected text of test object 'Object Repository/3. Checkout/Verify_TotalAmount' are matched.

2022-05-10 19:02:12 - [MESSAGE][PASSED] - Actual text and expected text of test object 'Object Repository/3. Checkout/Verify_TotalAmount' are matched.

2022-05-10 19:02:12 - [TEST_STEP][PASSED] - verifyElementText(findTestObject("3. Checkout/Verify_CustomerDetail"), "Customer Details"): Actual text and expected text of test object 'Object Repository/3. Checkout/Verify_CustomerDetail' are matched.

2022-05-10 19:02:13 - [MESSAGE][PASSED] - Actual text and expected text of test object 'Object Repository/3. Checkout/Verify_CustomerDetail' are matched.

2022-05-10 19:02:13 - [TEST_STEP][PASSED] - setText(findTestObject("3. Checkout/Field_Name"), Name): Text 'Yulia' is set on object 'Object Repository/3. Checkout/Field_Name'

2022-05-10 19:02:13 - [MESSAGE][PASSED] - Text 'Yulia' is set on object 'Object Repository/3. Checkout/Field_Name'

2022-05-10 19:02:13 - [TEST_STEP][PASSED] - setText(findTestObject("3. Checkout/Field_Email"), Email): Text 'yulia@email.com' is set on object 'Object Repository/3. Checkout/Field_Email'

2022-05-10 19:02:14 - [MESSAGE][PASSED] - Text 'yulia@email.com' is set on object 'Object Repository/3. Checkout/Field_Email'

2022-05-10 19:02:14 - [TEST_STEP][PASSED] - setText(findTestObject("3. Checkout/Field_Phone"), Phone): Text '081234567890' is set on object 'Object Repository/3. Checkout/Field_Phone'

2022-05-10 19:02:15 - [MESSAGE][PASSED] - Text '081234567890' is set on object 'Object Repository/3. Checkout/Field_Phone'

2022-05-10 19:02:15 - [TEST_STEP][PASSED] - setText(findTestObject("3. Checkout/Field_City"), City): Text 'Jakarta' is set on object 'Object Repository/3. Checkout/Field_City'

2022-05-10 19:02:15 - [MESSAGE][PASSED] - Text 'Jakarta' is set on object 'Object Repository/3. Checkout/Field_City'

2022-05-10 19:02:15 - [TEST_STEP][PASSED] - setText(findTestObject("3. Checkout/Field_Address"), Address): Text 'Jalan Jend. Sudirman Kav 10' is set on object 'Object Repository/3. Checkout/Field_Address'

2022-05-10 19:02:16 - [MESSAGE][PASSED] - Text 'Jalan Jend. Sudirman Kav 10' is set on object 'Object Repository/3. Checkout/Field_Address'

2022-05-10 19:02:16 - [TEST_STEP][PASSED] - setText(findTestObject("3. Checkout/Field_PostalCode"), PostalCode): Text '12345' is set on object 'Object Repository/3. Checkout/Field_PostalCode'

2022-05-10 19:02:17 - [MESSAGE][PASSED] - Text '12345' is set on object 'Object Repository/3. Checkout/Field_PostalCode'

2022-05-10 19:02:17 - [TEST_STEP][PASSED] - click(findTestObject("3. Checkout/Button_Checkout")): Object: 'Object Repository/3. Checkout/Button_Checkout' is clicked on

2022-05-10 19:02:17 - [MESSAGE][PASSED] - Object: 'Object Repository/3. Checkout/Button_Checkout' is clicked on

2022-05-10 19:02:17 - [TEST_STEP][PASSED] - delay(1): Delayed 1 second(s)

2022-05-10 19:02:18 - [MESSAGE][PASSED] - Delayed 1 second(s)

2022-05-10 19:02:18 - [TEST_STEP][PASSED] - takeFullPageScreenshot(): Taking screenshot successfully

2022-05-10 19:02:19 - [MESSAGE][INFO] - 0 hidden object(s)

2022-05-10 19:02:19 - [MESSAGE][PASSED] - Taking screenshot successfully
[[ATTACHMENT|C:\\Users\\220005\\Katalon Studio\\SmallProject1_Yulia\\Reports\\20220510_185310\\TS03 - Payment Method - CreditDebit Card\\20220510_185310\\1652184138676.png]]

2022-05-10 19:02:19 - [TEST_STEP][PASSED] - verifyElementVisible(findTestObject("5. PopUp Detail/Time_PayWithin"), STOP_ON_FAILURE): Object 'Object Repository/5. PopUp Detail/Time_PayWithin' is visible

2022-05-10 19:02:19 - [MESSAGE][PASSED] - Object 'Object Repository/5. PopUp Detail/Time_PayWithin' is visible

2022-05-10 19:02:19 - [TEST_STEP][PASSED] - verifyElementVisible(findTestObject("5. PopUp Detail/Verify_OrderID_PopUp")): Object 'Object Repository/5. PopUp Detail/Verify_OrderID_PopUp' is visible

2022-05-10 19:02:20 - [MESSAGE][PASSED] - Object 'Object Repository/5. PopUp Detail/Verify_OrderID_PopUp' is visible

2022-05-10 19:02:20 - [TEST_STEP][PASSED] - verifyElementVisible(findTestObject("3. Checkout/Verify_MethodList")): Object 'Object Repository/3. Checkout/Verify_MethodList' is visible

2022-05-10 19:02:20 - [MESSAGE][PASSED] - Object 'Object Repository/3. Checkout/Verify_MethodList' is visible

2022-05-10 19:02:20 - [MESSAGE][PASSED] - Call Test Case 'Test Cases/SmallProject1_Version2/TC32_UserSuccessCheckout' successfully

2022-05-10 19:02:20 - [TEST_STEP][PASSED] - verifyElementVisible(findTestObject("4. Payment/Payment_CC/Title_CC")): Object 'Object Repository/4. Payment/Payment_CC/Title_CC' is visible

2022-05-10 19:02:21 - [MESSAGE][PASSED] - Object 'Object Repository/4. Payment/Payment_CC/Title_CC' is visible

2022-05-10 19:02:21 - [TEST_STEP][PASSED] - verifyElementVisible(findTestObject("4. Payment/Payment_CC/Logo_CC")): Object 'Object Repository/4. Payment/Payment_CC/Logo_CC' is visible

2022-05-10 19:02:21 - [MESSAGE][PASSED] - Object 'Object Repository/4. Payment/Payment_CC/Logo_CC' is visible

2022-05-10 19:02:21 - [TEST_STEP][PASSED] - click(findTestObject("4. Payment/Payment_CC/a_CreditDebit CardPay with Visa, MasterCard, JCB, or Amexpromo")): Object: 'Object Repository/4. Payment/Payment_CC/a_CreditDebit CardPay with Visa, MasterCard, JCB, or Amexpromo' is clicked on

2022-05-10 19:02:22 - [MESSAGE][PASSED] - Object: 'Object Repository/4. Payment/Payment_CC/a_CreditDebit CardPay with Visa, MasterCard, JCB, or Amexpromo' is clicked on

2022-05-10 19:02:22 - [TEST_STEP][PASSED] - verifyElementText(findTestObject("4. Payment/Payment_CC/Header_CreditDebitCard"), "Credit/debit card"): Actual text and expected text of test object 'Object Repository/4. Payment/Payment_CC/Header_CreditDebitCard' are matched.

2022-05-10 19:02:22 - [MESSAGE][PASSED] - Actual text and expected text of test object 'Object Repository/4. Payment/Payment_CC/Header_CreditDebitCard' are matched.

2022-05-10 19:02:22 - [TEST_STEP][PASSED] - verifyElementNotClickable(findTestObject("4. Payment/Payment_CC/Promo_Installment"), STOP_ON_FAILURE): Object 'Object Repository/4. Payment/Payment_CC/Promo_Installment' is NOT clickable

2022-05-10 19:02:22 - [MESSAGE][PASSED] - Object 'Object Repository/4. Payment/Payment_CC/Promo_Installment' is NOT clickable

2022-05-10 19:02:22 - [TEST_STEP][PASSED] - verifyElementNotClickable(findTestObject("4. Payment/Payment_CC/Promo_10Persen"), STOP_ON_FAILURE): Object 'Object Repository/4. Payment/Payment_CC/Promo_10Persen' is NOT clickable

2022-05-10 19:02:23 - [MESSAGE][PASSED] - Object 'Object Repository/4. Payment/Payment_CC/Promo_10Persen' is NOT clickable

2022-05-10 19:02:23 - [TEST_STEP][PASSED] - verifyElementNotClickable(findTestObject("4. Payment/Payment_CC/Promo_Midtrans")): Object 'Object Repository/4. Payment/Payment_CC/Promo_Midtrans' is NOT clickable

2022-05-10 19:02:23 - [MESSAGE][PASSED] - Object 'Object Repository/4. Payment/Payment_CC/Promo_Midtrans' is NOT clickable

2022-05-10 19:02:23 - [TEST_STEP][PASSED] - verifyElementNotClickable(findTestObject("4. Payment/Payment_CC/Promo_MasterCard"), STOP_ON_FAILURE): Object 'Object Repository/4. Payment/Payment_CC/Promo_MasterCard' is NOT clickable

2022-05-10 19:02:24 - [MESSAGE][PASSED] - Object 'Object Repository/4. Payment/Payment_CC/Promo_MasterCard' is NOT clickable

2022-05-10 19:02:24 - [TEST_STEP][PASSED] - verifyElementNotClickable(findTestObject("4. Payment/Payment_CC/Promo_10Rupiah"), STOP_ON_FAILURE): Object 'Object Repository/4. Payment/Payment_CC/Promo_10Rupiah' is NOT clickable

2022-05-10 19:02:24 - [MESSAGE][PASSED] - Object 'Object Repository/4. Payment/Payment_CC/Promo_10Rupiah' is NOT clickable

2022-05-10 19:02:24 - [TEST_STEP][PASSED] - verifyElementClickable(findTestObject("4. Payment/Payment_CC/No_Promo"), STOP_ON_FAILURE): Object 'Object Repository/4. Payment/Payment_CC/No_Promo' is clickable

2022-05-10 19:02:25 - [MESSAGE][PASSED] - Object 'Object Repository/4. Payment/Payment_CC/No_Promo' is clickable

2022-05-10 19:02:25 - [TEST_STEP][PASSED] - setText(findTestObject("4. Payment/Payment_CC/Field_CardNumber"), findTestData("Success_CardNumber").getValue(1, 1)): Text '4811111111111114' is set on object 'Object Repository/4. Payment/Payment_CC/Field_CardNumber'

2022-05-10 19:02:25 - [MESSAGE][PASSED] - Text '4811111111111114' is set on object 'Object Repository/4. Payment/Payment_CC/Field_CardNumber'

2022-05-10 19:02:25 - [TEST_STEP][PASSED] - setText(findTestObject("4. Payment/Payment_CC/Field_ExpireDate"), findTestData("Success_CardNumber").getValue(2, 1)): Text '05/22' is set on object 'Object Repository/4. Payment/Payment_CC/Field_ExpireDate'

2022-05-10 19:02:26 - [MESSAGE][PASSED] - Text '05/22' is set on object 'Object Repository/4. Payment/Payment_CC/Field_ExpireDate'

2022-05-10 19:02:26 - [TEST_STEP][PASSED] - setText(findTestObject("4. Payment/Payment_CC/Field_CVV"), findTestData("Success_CardNumber").getValue(3, 1)): Text '123' is set on object 'Object Repository/4. Payment/Payment_CC/Field_CVV'

2022-05-10 19:02:26 - [MESSAGE][PASSED] - Text '123' is set on object 'Object Repository/4. Payment/Payment_CC/Field_CVV'

2022-05-10 19:02:26 - [TEST_STEP][PASSED] - verifyElementVisible(findTestObject("4. Payment/Payment_CC/Banner_Visa_AfterInputCardNumber")): Object 'Object Repository/4. Payment/Payment_CC/Banner_Visa_AfterInputCardNumber' is visible

2022-05-10 19:02:27 - [MESSAGE][PASSED] - Object 'Object Repository/4. Payment/Payment_CC/Banner_Visa_AfterInputCardNumber' is visible

2022-05-10 19:02:27 - [TEST_STEP][PASSED] - verifyElementNotClickable(findTestObject("4. Payment/Payment_CC/Promo_MasterCard"), STOP_ON_FAILURE): Object 'Object Repository/4. Payment/Payment_CC/Promo_MasterCard' is NOT clickable

2022-05-10 19:02:27 - [MESSAGE][PASSED] - Object 'Object Repository/4. Payment/Payment_CC/Promo_MasterCard' is NOT clickable

2022-05-10 19:02:27 - [TEST_STEP][PASSED] - click(findTestObject("5. PopUp Detail/Button_PayNow")): Object: 'Object Repository/5. PopUp Detail/Button_PayNow' is clicked on

2022-05-10 19:02:28 - [MESSAGE][PASSED] - Object: 'Object Repository/5. PopUp Detail/Button_PayNow' is clicked on

2022-05-10 19:02:28 - [TEST_STEP][PASSED] - verifyElementText(findTestObject("4. Payment/Payment_CC/a_IssuingBank/Verify_Amount_IssuingBank"), "15000.00"): Actual text and expected text of test object 'Object Repository/4. Payment/Payment_CC/a_IssuingBank/Verify_Amount_IssuingBank' are matched.

2022-05-10 19:02:29 - [MESSAGE][PASSED] - Actual text and expected text of test object 'Object Repository/4. Payment/Payment_CC/a_IssuingBank/Verify_Amount_IssuingBank' are matched.

2022-05-10 19:02:29 - [TEST_STEP][PASSED] - setEncryptedText(findTestObject("4. Payment/Payment_CC/a_IssuingBank/input_Password_PaRes"), "4tAN/DuJV7Y="): Text ****** has been set on object 'Object Repository/4. Payment/Payment_CC/a_IssuingBank/input_Password_PaRes'

2022-05-10 19:02:29 - [MESSAGE][PASSED] - Text ****** has been set on object 'Object Repository/4. Payment/Payment_CC/a_IssuingBank/input_Password_PaRes'

2022-05-10 19:02:29 - [TEST_STEP][PASSED] - click(findTestObject("4. Payment/Payment_CC/a_IssuingBank/Button_Cancel_IssuingBank")): Object: 'Object Repository/4. Payment/Payment_CC/a_IssuingBank/Button_Cancel_IssuingBank' is clicked on

2022-05-10 19:02:30 - [MESSAGE][PASSED] - Object: 'Object Repository/4. Payment/Payment_CC/a_IssuingBank/Button_Cancel_IssuingBank' is clicked on

2022-05-10 19:02:30 - [TEST_STEP][PASSED] - verifyElementText(findTestObject("4. Payment/Payment_CC/Header_CreditDebitCard"), "Credit/debit card"): Actual text and expected text of test object 'Object Repository/4. Payment/Payment_CC/Header_CreditDebitCard' are matched.

2022-05-10 19:02:31 - [MESSAGE][PASSED] - Actual text and expected text of test object 'Object Repository/4. Payment/Payment_CC/Header_CreditDebitCard' are matched.

2022-05-10 19:02:31 - [TEST_STEP][PASSED] - closeBrowser(): Browser is closed

2022-05-10 19:02:31 - [MESSAGE][PASSED] - Browser is closed]]></system-out>
         <system-err><![CDATA[]]></system-err>
      </testcase>
      <system-out><![CDATA[2022-05-10 18:53:20 - [TEST_SUITE][FAILED] - TS03 - Payment Method - CreditDebit Card: Test Cases/SmallProject1_Version2/TC37_UserSuccessPaidUsingCC_WithPromoMidtrans FAILED.
Reason:
com.kms.katalon.core.exception.StepFailedException: Verify element text of test object 'Object Repository/4. Payment/Payment_CC/a_IssuingBank/Verify_Amount_IssuingBank' FAILED.
	at com.kms.katalon.core.webui.keyword.internal.WebUIKeywordMain.stepFailed(WebUIKeywordMain.groovy:64)
	at com.kms.katalon.core.webui.keyword.internal.WebUIKeywordMain.runKeyword(WebUIKeywordMain.groovy:26)
	at com.kms.katalon.core.webui.keyword.builtin.VerifyElementTextKeyword.verifyElementText(VerifyElementTextKeyword.groovy:72)
	at com.kms.katalon.core.webui.keyword.builtin.VerifyElementTextKeyword.execute(VerifyElementTextKeyword.groovy:40)
	at com.kms.katalon.core.keyword.internal.KeywordExecutor.executeKeywordForPlatform(KeywordExecutor.groovy:74)
	at com.kms.katalon.core.webui.keyword.WebUiBuiltInKeywords.verifyElementText(WebUiBuiltInKeywords.groovy:4749)
	at com.kms.katalon.core.webui.keyword.WebUiBuiltInKeywords$verifyElementText$4.call(Unknown Source)
	at TC37_UserSuccessPaidUsingCC_WithPromoMidtrans.run(TC37_UserSuccessPaidUsingCC_WithPromoMidtrans:85)
	at com.kms.katalon.core.main.ScriptEngine.run(ScriptEngine.java:194)
	at com.kms.katalon.core.main.ScriptEngine.runScriptAsRawText(ScriptEngine.java:119)
	at com.kms.katalon.core.main.TestCaseExecutor.runScript(TestCaseExecutor.java:442)
	at com.kms.katalon.core.main.TestCaseExecutor.doExecute(TestCaseExecutor.java:433)
	at com.kms.katalon.core.main.TestCaseExecutor.processExecutionPhase(TestCaseExecutor.java:412)
	at com.kms.katalon.core.main.TestCaseExecutor.accessMainPhase(TestCaseExecutor.java:404)
	at com.kms.katalon.core.main.TestCaseExecutor.execute(TestCaseExecutor.java:281)
	at com.kms.katalon.core.main.TestSuiteExecutor.accessTestCaseMainPhase(TestSuiteExecutor.java:202)
	at com.kms.katalon.core.main.TestSuiteExecutor.accessTestSuiteMainPhase(TestSuiteExecutor.java:164)
	at com.kms.katalon.core.main.TestSuiteExecutor.execute(TestSuiteExecutor.java:105)
	at com.kms.katalon.core.main.TestCaseMain.startTestSuite(TestCaseMain.java:185)
	at com.kms.katalon.core.main.TestCaseMain$startTestSuite$0.call(Unknown Source)
	at TempTestSuite1652183590598.run(TempTestSuite1652183590598.groovy:36)
Caused by: com.kms.katalon.core.exception.StepFailedException: com.kms.katalon.core.webui.exception.WebElementNotFoundException: Web element with id: 'Object Repository/4. Payment/Payment_CC/a_IssuingBank/Verify_Amount_IssuingBank' located by '//p[@id='txn_amount']' not found
	at com.kms.katalon.core.webui.keyword.internal.WebUIKeywordMain.stepFailed(WebUIKeywordMain.groovy:64)
	at com.kms.katalon.core.webui.keyword.builtin.VerifyElementTextKeyword$_verifyElementText_closure1.doCall(VerifyElementTextKeyword.groovy:64)
	at com.kms.katalon.core.webui.keyword.builtin.VerifyElementTextKeyword$_verifyElementText_closure1.call(VerifyElementTextKeyword.groovy)
	at com.kms.katalon.core.webui.keyword.internal.WebUIKeywordMain.runKeyword(WebUIKeywordMain.groovy:20)
	... 19 more]]></system-out>
      <system-err><![CDATA[2022-05-10 18:53:20 - [TEST_SUITE][FAILED] - TS03 - Payment Method - CreditDebit Card: Test Cases/SmallProject1_Version2/TC37_UserSuccessPaidUsingCC_WithPromoMidtrans FAILED.
Reason:
com.kms.katalon.core.exception.StepFailedException: Verify element text of test object 'Object Repository/4. Payment/Payment_CC/a_IssuingBank/Verify_Amount_IssuingBank' FAILED.
	at com.kms.katalon.core.webui.keyword.internal.WebUIKeywordMain.stepFailed(WebUIKeywordMain.groovy:64)
	at com.kms.katalon.core.webui.keyword.internal.WebUIKeywordMain.runKeyword(WebUIKeywordMain.groovy:26)
	at com.kms.katalon.core.webui.keyword.builtin.VerifyElementTextKeyword.verifyElementText(VerifyElementTextKeyword.groovy:72)
	at com.kms.katalon.core.webui.keyword.builtin.VerifyElementTextKeyword.execute(VerifyElementTextKeyword.groovy:40)
	at com.kms.katalon.core.keyword.internal.KeywordExecutor.executeKeywordForPlatform(KeywordExecutor.groovy:74)
	at com.kms.katalon.core.webui.keyword.WebUiBuiltInKeywords.verifyElementText(WebUiBuiltInKeywords.groovy:4749)
	at com.kms.katalon.core.webui.keyword.WebUiBuiltInKeywords$verifyElementText$4.call(Unknown Source)
	at TC37_UserSuccessPaidUsingCC_WithPromoMidtrans.run(TC37_UserSuccessPaidUsingCC_WithPromoMidtrans:85)
	at com.kms.katalon.core.main.ScriptEngine.run(ScriptEngine.java:194)
	at com.kms.katalon.core.main.ScriptEngine.runScriptAsRawText(ScriptEngine.java:119)
	at com.kms.katalon.core.main.TestCaseExecutor.runScript(TestCaseExecutor.java:442)
	at com.kms.katalon.core.main.TestCaseExecutor.doExecute(TestCaseExecutor.java:433)
	at com.kms.katalon.core.main.TestCaseExecutor.processExecutionPhase(TestCaseExecutor.java:412)
	at com.kms.katalon.core.main.TestCaseExecutor.accessMainPhase(TestCaseExecutor.java:404)
	at com.kms.katalon.core.main.TestCaseExecutor.execute(TestCaseExecutor.java:281)
	at com.kms.katalon.core.main.TestSuiteExecutor.accessTestCaseMainPhase(TestSuiteExecutor.java:202)
	at com.kms.katalon.core.main.TestSuiteExecutor.accessTestSuiteMainPhase(TestSuiteExecutor.java:164)
	at com.kms.katalon.core.main.TestSuiteExecutor.execute(TestSuiteExecutor.java:105)
	at com.kms.katalon.core.main.TestCaseMain.startTestSuite(TestCaseMain.java:185)
	at com.kms.katalon.core.main.TestCaseMain$startTestSuite$0.call(Unknown Source)
	at TempTestSuite1652183590598.run(TempTestSuite1652183590598.groovy:36)
Caused by: com.kms.katalon.core.exception.StepFailedException: com.kms.katalon.core.webui.exception.WebElementNotFoundException: Web element with id: 'Object Repository/4. Payment/Payment_CC/a_IssuingBank/Verify_Amount_IssuingBank' located by '//p[@id='txn_amount']' not found
	at com.kms.katalon.core.webui.keyword.internal.WebUIKeywordMain.stepFailed(WebUIKeywordMain.groovy:64)
	at com.kms.katalon.core.webui.keyword.builtin.VerifyElementTextKeyword$_verifyElementText_closure1.doCall(VerifyElementTextKeyword.groovy:64)
	at com.kms.katalon.core.webui.keyword.builtin.VerifyElementTextKeyword$_verifyElementText_closure1.call(VerifyElementTextKeyword.groovy)
	at com.kms.katalon.core.webui.keyword.internal.WebUIKeywordMain.runKeyword(WebUIKeywordMain.groovy:20)
	... 19 more]]></system-err>
   </testsuite>
</testsuites>
