<?xml version="1.0" encoding="UTF-8"?>
<testsuites name="TS03 - Payment Method - Mart" time="58.423" tests="2" failures="0" errors="0">
   <testsuite name="TS03 - Payment Method - Mart" tests="2" failures="0" errors="0" time="58.423" skipped="0" timestamp="2022-05-10 19:46:03" hostname="220005 - LAP-IT-ROBI.mshome.net" id="Test Suites/TS03 - Payment Method - Mart">
      <properties>
         <property name="deviceName" value=""/>
         <property name="devicePlatform" value=""/>
         <property name="logFolder" value="C:\\Users\\220005\\Katalon Studio\\SmallProject1_Yulia\\Reports\\20220510_194554\\TS03 - Payment Method - Mart\\20220510_194554"/>
         <property name="logFiles" value="C:\\Users\\220005\\Katalon Studio\\SmallProject1_Yulia\\Reports\\20220510_194554\\TS03 - Payment Method - Mart\\20220510_194554\\execution0.log"/>
         <property name="attachments" value="C:\\Users\\220005\\Katalon Studio\\SmallProject1_Yulia\\Reports\\20220510_194554\\TS03 - Payment Method - Mart\\20220510_194554\\1652186775195.png, C:\\Users\\220005\\Katalon Studio\\SmallProject1_Yulia\\Reports\\20220510_194554\\TS03 - Payment Method - Mart\\20220510_194554\\1652186779691.png, C:\\Users\\220005\\Katalon Studio\\SmallProject1_Yulia\\Reports\\20220510_194554\\TS03 - Payment Method - Mart\\20220510_194554\\1652186803969.png, C:\\Users\\220005\\Katalon Studio\\SmallProject1_Yulia\\Reports\\20220510_194554\\TS03 - Payment Method - Mart\\20220510_194554\\1652186808286.png"/>
         <property name="hostName" value="220005 - LAP-IT-ROBI.mshome.net"/>
         <property name="os" value="Windows 10 64bit"/>
         <property name="katalonVersion" value="8.2.5.208"/>
         <property name="browser" value="Chrome 101.0.4951.54"/>
         <property name="hostAddress" value="172.22.208.1"/>
         <property name="sessionId" value="9b74112c7c7eb1dcd6a2e54870da37a3"/>
         <property name="seleniumVersion" value="3.141.59"/>
         <property name="proxyInformation" value="ProxyInformation { proxyOption=NO_PROXY, proxyServerType=HTTP, username=, password=********, proxyServerAddress=, proxyServerPort=0, executionList=&quot;&quot;, isApplyToDesiredCapabilities=true }"/>
         <property name="platform" value="Windows 10"/>
      </properties>
      <testcase name="Test Cases/SmallProject1_Version2/TC76_UserSelectMethod_Indomaret" time="30.596" classname="Test Cases/SmallProject1_Version2/TC76_UserSelectMethod_Indomaret" status="PASSED">
         <system-out><![CDATA[2022-05-10 19:46:03 - [TEST_CASE][PASSED] - Test Cases/SmallProject1_Version2/TC76_UserSelectMethod_Indomaret: Test Cases/SmallProject1_Version2/TC76_UserSelectMethod_Indomaret

2022-05-10 19:46:04 - [TEST_STEP][PASSED] - callTestCase(findTestCase("SmallProject1_Version2/TC32_UserSuccessCheckout"), [:], STOP_ON_FAILURE): Call Test Case 'Test Cases/SmallProject1_Version2/TC32_UserSuccessCheckout' successfully

2022-05-10 19:46:04 - [TEST_CASE][PASSED] - Test Cases/SmallProject1_Version2/TC32_UserSuccessCheckout: Test Cases/SmallProject1_Version2/TC32_UserSuccessCheckout

2022-05-10 19:46:04 - [TEST_STEP][PASSED] - openBrowser(""): Browser is opened with url: ''

2022-05-10 19:46:04 - [MESSAGE][INFO] - Starting 'Chrome' driver

2022-05-10 19:46:04 - [MESSAGE][INFO] - Action delay is set to 0 milliseconds

2022-05-10 19:46:06 - [MESSAGE][PASSED] - Browser is opened with url: ''

2022-05-10 19:46:06 - [TEST_STEP][PASSED] - maximizeWindow(): Current window maximized

2022-05-10 19:46:06 - [MESSAGE][PASSED] - Current window maximized

2022-05-10 19:46:06 - [TEST_STEP][PASSED] - navigateToUrl("https://demo.midtrans.com/"): Navigate to 'https://demo.midtrans.com/' successfully

2022-05-10 19:46:07 - [MESSAGE][PASSED] - Navigate to 'https://demo.midtrans.com/' successfully

2022-05-10 19:46:07 - [TEST_STEP][PASSED] - click(findTestObject("3. Checkout/a_BUY NOW")): Object: 'Object Repository/3. Checkout/a_BUY NOW' is clicked on

2022-05-10 19:46:08 - [MESSAGE][PASSED] - Object: 'Object Repository/3. Checkout/a_BUY NOW' is clicked on

2022-05-10 19:46:08 - [TEST_STEP][PASSED] - verifyElementVisibleInViewport(findTestObject("3. Checkout/Verify_ShoppingCart"), 0): Object 'Object Repository/3. Checkout/Verify_ShoppingCart' is present and visible in viewport

2022-05-10 19:46:08 - [MESSAGE][WARNING] - Timeout '0' is invalid. Using default page load timeout: '30'

2022-05-10 19:46:08 - [MESSAGE][PASSED] - Object 'Object Repository/3. Checkout/Verify_ShoppingCart' is present and visible in viewport

2022-05-10 19:46:08 - [TEST_STEP][PASSED] - verifyElementText(findTestObject("3. Checkout/Verify_TotalAmount"), "20,000"): Actual text and expected text of test object 'Object Repository/3. Checkout/Verify_TotalAmount' are matched.

2022-05-10 19:46:09 - [MESSAGE][PASSED] - Actual text and expected text of test object 'Object Repository/3. Checkout/Verify_TotalAmount' are matched.

2022-05-10 19:46:09 - [TEST_STEP][PASSED] - verifyElementText(findTestObject("3. Checkout/Verify_CustomerDetail"), "Customer Details"): Actual text and expected text of test object 'Object Repository/3. Checkout/Verify_CustomerDetail' are matched.

2022-05-10 19:46:09 - [MESSAGE][PASSED] - Actual text and expected text of test object 'Object Repository/3. Checkout/Verify_CustomerDetail' are matched.

2022-05-10 19:46:09 - [TEST_STEP][PASSED] - setText(findTestObject("3. Checkout/Field_Name"), Name): Text 'Yulia' is set on object 'Object Repository/3. Checkout/Field_Name'

2022-05-10 19:46:10 - [MESSAGE][PASSED] - Text 'Yulia' is set on object 'Object Repository/3. Checkout/Field_Name'

2022-05-10 19:46:10 - [TEST_STEP][PASSED] - setText(findTestObject("3. Checkout/Field_Email"), Email): Text 'yulia@email.com' is set on object 'Object Repository/3. Checkout/Field_Email'

2022-05-10 19:46:10 - [MESSAGE][PASSED] - Text 'yulia@email.com' is set on object 'Object Repository/3. Checkout/Field_Email'

2022-05-10 19:46:10 - [TEST_STEP][PASSED] - setText(findTestObject("3. Checkout/Field_Phone"), Phone): Text '081234567890' is set on object 'Object Repository/3. Checkout/Field_Phone'

2022-05-10 19:46:11 - [MESSAGE][PASSED] - Text '081234567890' is set on object 'Object Repository/3. Checkout/Field_Phone'

2022-05-10 19:46:11 - [TEST_STEP][PASSED] - setText(findTestObject("3. Checkout/Field_City"), City): Text 'Jakarta' is set on object 'Object Repository/3. Checkout/Field_City'

2022-05-10 19:46:12 - [MESSAGE][PASSED] - Text 'Jakarta' is set on object 'Object Repository/3. Checkout/Field_City'

2022-05-10 19:46:12 - [TEST_STEP][PASSED] - setText(findTestObject("3. Checkout/Field_Address"), Address): Text 'Jalan Jend. Sudirman Kav 10' is set on object 'Object Repository/3. Checkout/Field_Address'

2022-05-10 19:46:13 - [MESSAGE][PASSED] - Text 'Jalan Jend. Sudirman Kav 10' is set on object 'Object Repository/3. Checkout/Field_Address'

2022-05-10 19:46:13 - [TEST_STEP][PASSED] - setText(findTestObject("3. Checkout/Field_PostalCode"), PostalCode): Text '12345' is set on object 'Object Repository/3. Checkout/Field_PostalCode'

2022-05-10 19:46:13 - [MESSAGE][PASSED] - Text '12345' is set on object 'Object Repository/3. Checkout/Field_PostalCode'

2022-05-10 19:46:13 - [TEST_STEP][PASSED] - click(findTestObject("3. Checkout/Button_Checkout")): Object: 'Object Repository/3. Checkout/Button_Checkout' is clicked on

2022-05-10 19:46:14 - [MESSAGE][PASSED] - Object: 'Object Repository/3. Checkout/Button_Checkout' is clicked on

2022-05-10 19:46:14 - [TEST_STEP][PASSED] - delay(1): Delayed 1 second(s)

2022-05-10 19:46:15 - [MESSAGE][PASSED] - Delayed 1 second(s)

2022-05-10 19:46:15 - [TEST_STEP][PASSED] - takeFullPageScreenshot(): Taking screenshot successfully

2022-05-10 19:46:15 - [MESSAGE][INFO] - 0 hidden object(s)

2022-05-10 19:46:15 - [MESSAGE][PASSED] - Taking screenshot successfully
[[ATTACHMENT|C:\\Users\\220005\\Katalon Studio\\SmallProject1_Yulia\\Reports\\20220510_194554\\TS03 - Payment Method - Mart\\20220510_194554\\1652186775195.png]]

2022-05-10 19:46:15 - [TEST_STEP][PASSED] - verifyElementVisible(findTestObject("5. PopUp Detail/Time_PayWithin"), STOP_ON_FAILURE): Object 'Object Repository/5. PopUp Detail/Time_PayWithin' is visible

2022-05-10 19:46:16 - [MESSAGE][PASSED] - Object 'Object Repository/5. PopUp Detail/Time_PayWithin' is visible

2022-05-10 19:46:16 - [TEST_STEP][PASSED] - verifyElementVisible(findTestObject("5. PopUp Detail/Verify_OrderID_PopUp")): Object 'Object Repository/5. PopUp Detail/Verify_OrderID_PopUp' is visible

2022-05-10 19:46:16 - [MESSAGE][PASSED] - Object 'Object Repository/5. PopUp Detail/Verify_OrderID_PopUp' is visible

2022-05-10 19:46:16 - [TEST_STEP][PASSED] - verifyElementVisible(findTestObject("3. Checkout/Verify_MethodList")): Object 'Object Repository/3. Checkout/Verify_MethodList' is visible

2022-05-10 19:46:17 - [MESSAGE][PASSED] - Object 'Object Repository/3. Checkout/Verify_MethodList' is visible

2022-05-10 19:46:17 - [MESSAGE][PASSED] - Call Test Case 'Test Cases/SmallProject1_Version2/TC32_UserSuccessCheckout' successfully

2022-05-10 19:46:17 - [TEST_STEP][PASSED] - verifyElementVisible(findTestObject("4. Payment/Payment_Mart/Title_Indomaret")): Object 'Object Repository/4. Payment/Payment_Mart/Title_Indomaret' is visible

2022-05-10 19:46:17 - [MESSAGE][PASSED] - Object 'Object Repository/4. Payment/Payment_Mart/Title_Indomaret' is visible

2022-05-10 19:46:17 - [TEST_STEP][PASSED] - verifyElementVisible(findTestObject("4. Payment/Payment_Mart/Logo_Indomaret")): Object 'Object Repository/4. Payment/Payment_Mart/Logo_Indomaret' is visible

2022-05-10 19:46:18 - [MESSAGE][PASSED] - Object 'Object Repository/4. Payment/Payment_Mart/Logo_Indomaret' is visible

2022-05-10 19:46:18 - [TEST_STEP][PASSED] - click(findTestObject("4. Payment/Payment_Mart/Button_Indomaret")): Object: 'Object Repository/4. Payment/Payment_Mart/Button_Indomaret' is clicked on

2022-05-10 19:46:18 - [MESSAGE][PASSED] - Object: 'Object Repository/4. Payment/Payment_Mart/Button_Indomaret' is clicked on

2022-05-10 19:46:18 - [TEST_STEP][PASSED] - delay(1): Delayed 1 second(s)

2022-05-10 19:46:19 - [MESSAGE][PASSED] - Delayed 1 second(s)

2022-05-10 19:46:19 - [TEST_STEP][PASSED] - takeFullPageScreenshot(): Taking screenshot successfully

2022-05-10 19:46:20 - [MESSAGE][INFO] - 0 hidden object(s)

2022-05-10 19:46:20 - [MESSAGE][PASSED] - Taking screenshot successfully
[[ATTACHMENT|C:\\Users\\220005\\Katalon Studio\\SmallProject1_Yulia\\Reports\\20220510_194554\\TS03 - Payment Method - Mart\\20220510_194554\\1652186779691.png]]

2022-05-10 19:46:20 - [TEST_STEP][PASSED] - verifyElementText(findTestObject("4. Payment/a_Header_Details"), "Indomaret"): Actual text and expected text of test object 'Object Repository/4. Payment/a_Header_Details' are matched.

2022-05-10 19:46:20 - [MESSAGE][PASSED] - Actual text and expected text of test object 'Object Repository/4. Payment/a_Header_Details' are matched.

2022-05-10 19:46:20 - [TEST_STEP][PASSED] - verifyElementVisible(findTestObject("4. Payment/Payment_ATMBankTransfer/Desc_AllBank"), STOP_ON_FAILURE): Object 'Object Repository/4. Payment/Payment_ATMBankTransfer/Desc_AllBank' is visible

2022-05-10 19:46:21 - [MESSAGE][PASSED] - Object 'Object Repository/4. Payment/Payment_ATMBankTransfer/Desc_AllBank' is visible

2022-05-10 19:46:21 - [TEST_STEP][PASSED] - delay(3): Delayed 3 second(s)

2022-05-10 19:46:24 - [MESSAGE][PASSED] - Delayed 3 second(s)

2022-05-10 19:46:24 - [TEST_STEP][PASSED] - verifyElementVisible(findTestObject("4. Payment/Payment_Mart/PaymentCode_IndoAlfaMart")): Object 'Object Repository/4. Payment/Payment_Mart/PaymentCode_IndoAlfaMart' is visible

2022-05-10 19:46:24 - [MESSAGE][PASSED] - Object 'Object Repository/4. Payment/Payment_Mart/PaymentCode_IndoAlfaMart' is visible

2022-05-10 19:46:24 - [TEST_STEP][PASSED] - verifyElementClickable(findTestObject("4. Payment/Payment_ATMBankTransfer/Button_Copy")): Object 'Object Repository/4. Payment/Payment_ATMBankTransfer/Button_Copy' is clickable

2022-05-10 19:46:24 - [MESSAGE][PASSED] - Object 'Object Repository/4. Payment/Payment_ATMBankTransfer/Button_Copy' is clickable

2022-05-10 19:46:24 - [TEST_STEP][PASSED] - verifyElementVisible(findTestObject("4. Payment/Payment_Mart/IMG_PaymentBarcode")): Object 'Object Repository/4. Payment/Payment_Mart/IMG_PaymentBarcode' is visible

2022-05-10 19:46:25 - [MESSAGE][PASSED] - Object 'Object Repository/4. Payment/Payment_Mart/IMG_PaymentBarcode' is visible

2022-05-10 19:46:25 - [TEST_STEP][PASSED] - click(findTestObject("5. PopUp Detail/Button_Float_Down")): Object: 'Object Repository/5. PopUp Detail/Button_Float_Down' is clicked on

2022-05-10 19:46:25 - [MESSAGE][PASSED] - Object: 'Object Repository/5. PopUp Detail/Button_Float_Down' is clicked on

2022-05-10 19:46:25 - [TEST_STEP][PASSED] - verifyElementText(findTestObject("5. PopUp Detail/Verify_AmountMidtransPillow"), "Rp20.000"): Actual text and expected text of test object 'Object Repository/5. PopUp Detail/Verify_AmountMidtransPillow' are matched.

2022-05-10 19:46:26 - [MESSAGE][PASSED] - Actual text and expected text of test object 'Object Repository/5. PopUp Detail/Verify_AmountMidtransPillow' are matched.

2022-05-10 19:46:26 - [TEST_STEP][PASSED] - total1 = verifyElementText(findTestObject("5. PopUp Detail/Verify_TotalAmount_PopUp"), "Rp20.000"): Actual text and expected text of test object 'Object Repository/5. PopUp Detail/Verify_TotalAmount_PopUp' are matched.

2022-05-10 19:46:26 - [MESSAGE][PASSED] - Actual text and expected text of test object 'Object Repository/5. PopUp Detail/Verify_TotalAmount_PopUp' are matched.

2022-05-10 19:46:26 - [TEST_STEP][PASSED] - total2 = verifyElementText(findTestObject("5. PopUp Detail/Verify_TotalAmount_Summary"), "Rp20.000"): Actual text and expected text of test object 'Object Repository/5. PopUp Detail/Verify_TotalAmount_Summary' are matched.

2022-05-10 19:46:27 - [MESSAGE][PASSED] - Actual text and expected text of test object 'Object Repository/5. PopUp Detail/Verify_TotalAmount_Summary' are matched.

2022-05-10 19:46:27 - [TEST_STEP][PASSED] - verifyEqual(total1, total2, STOP_ON_FAILURE): Actual object 'true' and expected object 'true' are equal

2022-05-10 19:46:27 - [MESSAGE][PASSED] - Actual object 'true' and expected object 'true' are equal

2022-05-10 19:46:27 - [TEST_STEP][PASSED] - verifyElementText(findTestObject("5. PopUp Detail/Verify_Name_Summary"), Name): Actual text and expected text of test object 'Object Repository/5. PopUp Detail/Verify_Name_Summary' are matched.

2022-05-10 19:46:27 - [MESSAGE][PASSED] - Actual text and expected text of test object 'Object Repository/5. PopUp Detail/Verify_Name_Summary' are matched.

2022-05-10 19:46:27 - [TEST_STEP][PASSED] - verifyElementText(findTestObject("5. PopUp Detail/Verify_Addess_Summary"), Address_2): Actual text and expected text of test object 'Object Repository/5. PopUp Detail/Verify_Addess_Summary' are matched.

2022-05-10 19:46:27 - [MESSAGE][PASSED] - Actual text and expected text of test object 'Object Repository/5. PopUp Detail/Verify_Addess_Summary' are matched.

2022-05-10 19:46:27 - [TEST_STEP][PASSED] - verifyElementText(findTestObject("5. PopUp Detail/Verify_Phone_Summary"), Phone_2): Actual text and expected text of test object 'Object Repository/5. PopUp Detail/Verify_Phone_Summary' are matched.

2022-05-10 19:46:28 - [MESSAGE][PASSED] - Actual text and expected text of test object 'Object Repository/5. PopUp Detail/Verify_Phone_Summary' are matched.

2022-05-10 19:46:28 - [TEST_STEP][PASSED] - click(findTestObject("5. PopUp Detail/Button_Float_Up")): Object: 'Object Repository/5. PopUp Detail/Button_Float_Up' is clicked on

2022-05-10 19:46:28 - [MESSAGE][PASSED] - Object: 'Object Repository/5. PopUp Detail/Button_Float_Up' is clicked on

2022-05-10 19:46:28 - [TEST_STEP][PASSED] - click(findTestObject("4. Payment/a_Button_HowToPay")): Object: 'Object Repository/4. Payment/a_Button_HowToPay' is clicked on

2022-05-10 19:46:29 - [MESSAGE][PASSED] - Object: 'Object Repository/4. Payment/a_Button_HowToPay' is clicked on

2022-05-10 19:46:29 - [TEST_STEP][PASSED] - verifyElementText(findTestObject("4. Payment/Payment_Mart/Verify_Step1_Mart"), "Tap Download payment info to get a copy of your unique payment details."): Actual text and expected text of test object 'Object Repository/4. Payment/Payment_Mart/Verify_Step1_Mart' are matched.

2022-05-10 19:46:29 - [MESSAGE][PASSED] - Actual text and expected text of test object 'Object Repository/4. Payment/Payment_Mart/Verify_Step1_Mart' are matched.

2022-05-10 19:46:29 - [TEST_STEP][PASSED] - verifyElementText(findTestObject("4. Payment/Payment_Mart/Verify_Step2_Mart"), "If you’re going to pay on the counter, go to the nearest Indomaret store and show your payment code/barcode to the cashier."): Actual text and expected text of test object 'Object Repository/4. Payment/Payment_Mart/Verify_Step2_Mart' are matched.

2022-05-10 19:46:30 - [MESSAGE][PASSED] - Actual text and expected text of test object 'Object Repository/4. Payment/Payment_Mart/Verify_Step2_Mart' are matched.

2022-05-10 19:46:30 - [TEST_STEP][PASSED] - verifyElementText(findTestObject("4. Payment/Payment_Mart/Verify_Step3_Mart"), "The cashier will confirm your transaction details. Once your transaction is successful, you’ll receive the payment confirmation e-mail."): Actual text and expected text of test object 'Object Repository/4. Payment/Payment_Mart/Verify_Step3_Mart' are matched.

2022-05-10 19:46:30 - [MESSAGE][PASSED] - Actual text and expected text of test object 'Object Repository/4. Payment/Payment_Mart/Verify_Step3_Mart' are matched.

2022-05-10 19:46:30 - [TEST_STEP][PASSED] - verifyElementText(findTestObject("4. Payment/Payment_Mart/Verify_Step4_Mart"), "If you’re going to pay via i.saku, open the app and tap Bayar."): Actual text and expected text of test object 'Object Repository/4. Payment/Payment_Mart/Verify_Step4_Mart' are matched.

2022-05-10 19:46:31 - [MESSAGE][PASSED] - Actual text and expected text of test object 'Object Repository/4. Payment/Payment_Mart/Verify_Step4_Mart' are matched.

2022-05-10 19:46:31 - [TEST_STEP][PASSED] - verifyElementText(findTestObject("4. Payment/Payment_Mart/Verify_Step5_Mart"), "Choose the merchant you’d like to pay to, and enter your payment code."): Actual text and expected text of test object 'Object Repository/4. Payment/Payment_Mart/Verify_Step5_Mart' are matched.

2022-05-10 19:46:31 - [MESSAGE][PASSED] - Actual text and expected text of test object 'Object Repository/4. Payment/Payment_Mart/Verify_Step5_Mart' are matched.

2022-05-10 19:46:31 - [TEST_STEP][PASSED] - verifyElementText(findTestObject("4. Payment/Payment_Mart/Verify_Step6_Mart"), "Tap Selanjutnya and check your transaction details."): Actual text and expected text of test object 'Object Repository/4. Payment/Payment_Mart/Verify_Step6_Mart' are matched.

2022-05-10 19:46:31 - [MESSAGE][PASSED] - Actual text and expected text of test object 'Object Repository/4. Payment/Payment_Mart/Verify_Step6_Mart' are matched.

2022-05-10 19:46:31 - [TEST_STEP][PASSED] - verifyElementText(findTestObject("4. Payment/Payment_Mart/Verify_Step7_Mart"), "Tap Bayar sekarang to confirm your payment."): Actual text and expected text of test object 'Object Repository/4. Payment/Payment_Mart/Verify_Step7_Mart' are matched.

2022-05-10 19:46:32 - [MESSAGE][PASSED] - Actual text and expected text of test object 'Object Repository/4. Payment/Payment_Mart/Verify_Step7_Mart' are matched.

2022-05-10 19:46:32 - [TEST_STEP][PASSED] - verifyElementText(findTestObject("4. Payment/Payment_Mart/Verify_Step8_Mart"), "Please keep your Indomaret payment receipt in case you’ll need further help via support."): Actual text and expected text of test object 'Object Repository/4. Payment/Payment_Mart/Verify_Step8_Mart' are matched.

2022-05-10 19:46:32 - [MESSAGE][PASSED] - Actual text and expected text of test object 'Object Repository/4. Payment/Payment_Mart/Verify_Step8_Mart' are matched.

2022-05-10 19:46:32 - [TEST_STEP][PASSED] - click(findTestObject("4. Payment/Payment_Mart/Button_CloseThisPage")): Object: 'Object Repository/4. Payment/Payment_Mart/Button_CloseThisPage' is clicked on

2022-05-10 19:46:33 - [MESSAGE][PASSED] - Object: 'Object Repository/4. Payment/Payment_Mart/Button_CloseThisPage' is clicked on

2022-05-10 19:46:33 - [TEST_STEP][PASSED] - verifyElementVisible(findTestObject("4. Payment/Payment_ATMBankTransfer/Verify_BookedPayment"), STOP_ON_FAILURE): Object 'Object Repository/4. Payment/Payment_ATMBankTransfer/Verify_BookedPayment' is visible

2022-05-10 19:46:33 - [MESSAGE][PASSED] - Object 'Object Repository/4. Payment/Payment_ATMBankTransfer/Verify_BookedPayment' is visible

2022-05-10 19:46:33 - [TEST_STEP][PASSED] - closeBrowser(): Browser is closed

2022-05-10 19:46:34 - [MESSAGE][PASSED] - Browser is closed]]></system-out>
         <system-err><![CDATA[]]></system-err>
      </testcase>
      <testcase name="Test Cases/SmallProject1_Version2/TC78_UserSelectMethod_AlfaGroup" time="27.561" classname="Test Cases/SmallProject1_Version2/TC78_UserSelectMethod_AlfaGroup" status="PASSED">
         <system-out><![CDATA[2022-05-10 19:46:34 - [TEST_CASE][PASSED] - Test Cases/SmallProject1_Version2/TC78_UserSelectMethod_AlfaGroup: Test Cases/SmallProject1_Version2/TC78_UserSelectMethod_AlfaGroup

2022-05-10 19:46:34 - [TEST_STEP][PASSED] - callTestCase(findTestCase("SmallProject1_Version2/TC32_UserSuccessCheckout"), [:], STOP_ON_FAILURE): Call Test Case 'Test Cases/SmallProject1_Version2/TC32_UserSuccessCheckout' successfully

2022-05-10 19:46:34 - [TEST_CASE][PASSED] - Test Cases/SmallProject1_Version2/TC32_UserSuccessCheckout: Test Cases/SmallProject1_Version2/TC32_UserSuccessCheckout

2022-05-10 19:46:34 - [TEST_STEP][PASSED] - openBrowser(""): Browser is opened with url: ''

2022-05-10 19:46:34 - [MESSAGE][INFO] - Starting 'Chrome' driver

2022-05-10 19:46:34 - [MESSAGE][INFO] - Action delay is set to 0 milliseconds

2022-05-10 19:46:35 - [MESSAGE][PASSED] - Browser is opened with url: ''

2022-05-10 19:46:35 - [TEST_STEP][PASSED] - maximizeWindow(): Current window maximized

2022-05-10 19:46:36 - [MESSAGE][PASSED] - Current window maximized

2022-05-10 19:46:36 - [TEST_STEP][PASSED] - navigateToUrl("https://demo.midtrans.com/"): Navigate to 'https://demo.midtrans.com/' successfully

2022-05-10 19:46:36 - [MESSAGE][PASSED] - Navigate to 'https://demo.midtrans.com/' successfully

2022-05-10 19:46:36 - [TEST_STEP][PASSED] - click(findTestObject("3. Checkout/a_BUY NOW")): Object: 'Object Repository/3. Checkout/a_BUY NOW' is clicked on

2022-05-10 19:46:37 - [MESSAGE][PASSED] - Object: 'Object Repository/3. Checkout/a_BUY NOW' is clicked on

2022-05-10 19:46:37 - [TEST_STEP][PASSED] - verifyElementVisibleInViewport(findTestObject("3. Checkout/Verify_ShoppingCart"), 0): Object 'Object Repository/3. Checkout/Verify_ShoppingCart' is present and visible in viewport

2022-05-10 19:46:37 - [MESSAGE][WARNING] - Timeout '0' is invalid. Using default page load timeout: '30'

2022-05-10 19:46:37 - [MESSAGE][PASSED] - Object 'Object Repository/3. Checkout/Verify_ShoppingCart' is present and visible in viewport

2022-05-10 19:46:37 - [TEST_STEP][PASSED] - verifyElementText(findTestObject("3. Checkout/Verify_TotalAmount"), "20,000"): Actual text and expected text of test object 'Object Repository/3. Checkout/Verify_TotalAmount' are matched.

2022-05-10 19:46:38 - [MESSAGE][PASSED] - Actual text and expected text of test object 'Object Repository/3. Checkout/Verify_TotalAmount' are matched.

2022-05-10 19:46:38 - [TEST_STEP][PASSED] - verifyElementText(findTestObject("3. Checkout/Verify_CustomerDetail"), "Customer Details"): Actual text and expected text of test object 'Object Repository/3. Checkout/Verify_CustomerDetail' are matched.

2022-05-10 19:46:38 - [MESSAGE][PASSED] - Actual text and expected text of test object 'Object Repository/3. Checkout/Verify_CustomerDetail' are matched.

2022-05-10 19:46:38 - [TEST_STEP][PASSED] - setText(findTestObject("3. Checkout/Field_Name"), Name): Text 'Yulia' is set on object 'Object Repository/3. Checkout/Field_Name'

2022-05-10 19:46:39 - [MESSAGE][PASSED] - Text 'Yulia' is set on object 'Object Repository/3. Checkout/Field_Name'

2022-05-10 19:46:39 - [TEST_STEP][PASSED] - setText(findTestObject("3. Checkout/Field_Email"), Email): Text 'yulia@email.com' is set on object 'Object Repository/3. Checkout/Field_Email'

2022-05-10 19:46:39 - [MESSAGE][PASSED] - Text 'yulia@email.com' is set on object 'Object Repository/3. Checkout/Field_Email'

2022-05-10 19:46:39 - [TEST_STEP][PASSED] - setText(findTestObject("3. Checkout/Field_Phone"), Phone): Text '081234567890' is set on object 'Object Repository/3. Checkout/Field_Phone'

2022-05-10 19:46:40 - [MESSAGE][PASSED] - Text '081234567890' is set on object 'Object Repository/3. Checkout/Field_Phone'

2022-05-10 19:46:40 - [TEST_STEP][PASSED] - setText(findTestObject("3. Checkout/Field_City"), City): Text 'Jakarta' is set on object 'Object Repository/3. Checkout/Field_City'

2022-05-10 19:46:41 - [MESSAGE][PASSED] - Text 'Jakarta' is set on object 'Object Repository/3. Checkout/Field_City'

2022-05-10 19:46:41 - [TEST_STEP][PASSED] - setText(findTestObject("3. Checkout/Field_Address"), Address): Text 'Jalan Jend. Sudirman Kav 10' is set on object 'Object Repository/3. Checkout/Field_Address'

2022-05-10 19:46:41 - [MESSAGE][PASSED] - Text 'Jalan Jend. Sudirman Kav 10' is set on object 'Object Repository/3. Checkout/Field_Address'

2022-05-10 19:46:41 - [TEST_STEP][PASSED] - setText(findTestObject("3. Checkout/Field_PostalCode"), PostalCode): Text '12345' is set on object 'Object Repository/3. Checkout/Field_PostalCode'

2022-05-10 19:46:42 - [MESSAGE][PASSED] - Text '12345' is set on object 'Object Repository/3. Checkout/Field_PostalCode'

2022-05-10 19:46:42 - [TEST_STEP][PASSED] - click(findTestObject("3. Checkout/Button_Checkout")): Object: 'Object Repository/3. Checkout/Button_Checkout' is clicked on

2022-05-10 19:46:42 - [MESSAGE][PASSED] - Object: 'Object Repository/3. Checkout/Button_Checkout' is clicked on

2022-05-10 19:46:42 - [TEST_STEP][PASSED] - delay(1): Delayed 1 second(s)

2022-05-10 19:46:43 - [MESSAGE][PASSED] - Delayed 1 second(s)

2022-05-10 19:46:43 - [TEST_STEP][PASSED] - takeFullPageScreenshot(): Taking screenshot successfully

2022-05-10 19:46:44 - [MESSAGE][INFO] - 0 hidden object(s)

2022-05-10 19:46:44 - [MESSAGE][PASSED] - Taking screenshot successfully
[[ATTACHMENT|C:\\Users\\220005\\Katalon Studio\\SmallProject1_Yulia\\Reports\\20220510_194554\\TS03 - Payment Method - Mart\\20220510_194554\\1652186803969.png]]

2022-05-10 19:46:44 - [TEST_STEP][PASSED] - verifyElementVisible(findTestObject("5. PopUp Detail/Time_PayWithin"), STOP_ON_FAILURE): Object 'Object Repository/5. PopUp Detail/Time_PayWithin' is visible

2022-05-10 19:46:45 - [MESSAGE][PASSED] - Object 'Object Repository/5. PopUp Detail/Time_PayWithin' is visible

2022-05-10 19:46:45 - [TEST_STEP][PASSED] - verifyElementVisible(findTestObject("5. PopUp Detail/Verify_OrderID_PopUp")): Object 'Object Repository/5. PopUp Detail/Verify_OrderID_PopUp' is visible

2022-05-10 19:46:45 - [MESSAGE][PASSED] - Object 'Object Repository/5. PopUp Detail/Verify_OrderID_PopUp' is visible

2022-05-10 19:46:45 - [TEST_STEP][PASSED] - verifyElementVisible(findTestObject("3. Checkout/Verify_MethodList")): Object 'Object Repository/3. Checkout/Verify_MethodList' is visible

2022-05-10 19:46:45 - [MESSAGE][PASSED] - Object 'Object Repository/3. Checkout/Verify_MethodList' is visible

2022-05-10 19:46:45 - [MESSAGE][PASSED] - Call Test Case 'Test Cases/SmallProject1_Version2/TC32_UserSuccessCheckout' successfully

2022-05-10 19:46:45 - [TEST_STEP][PASSED] - verifyElementVisible(findTestObject("4. Payment/Payment_Mart/Title_Alfa")): Object 'Object Repository/4. Payment/Payment_Mart/Title_Alfa' is visible

2022-05-10 19:46:46 - [MESSAGE][PASSED] - Object 'Object Repository/4. Payment/Payment_Mart/Title_Alfa' is visible

2022-05-10 19:46:46 - [TEST_STEP][PASSED] - verifyElementVisible(findTestObject("4. Payment/Payment_Mart/Logo_Alfa")): Object 'Object Repository/4. Payment/Payment_Mart/Logo_Alfa' is visible

2022-05-10 19:46:46 - [MESSAGE][PASSED] - Object 'Object Repository/4. Payment/Payment_Mart/Logo_Alfa' is visible

2022-05-10 19:46:46 - [TEST_STEP][PASSED] - click(findTestObject("4. Payment/Payment_Mart/Button_Alfa")): Object: 'Object Repository/4. Payment/Payment_Mart/Button_Alfa' is clicked on

2022-05-10 19:46:47 - [MESSAGE][PASSED] - Object: 'Object Repository/4. Payment/Payment_Mart/Button_Alfa' is clicked on

2022-05-10 19:46:47 - [TEST_STEP][PASSED] - delay(1): Delayed 1 second(s)

2022-05-10 19:46:48 - [MESSAGE][PASSED] - Delayed 1 second(s)

2022-05-10 19:46:48 - [TEST_STEP][PASSED] - takeFullPageScreenshot(): Taking screenshot successfully

2022-05-10 19:46:48 - [MESSAGE][INFO] - 0 hidden object(s)

2022-05-10 19:46:48 - [MESSAGE][PASSED] - Taking screenshot successfully
[[ATTACHMENT|C:\\Users\\220005\\Katalon Studio\\SmallProject1_Yulia\\Reports\\20220510_194554\\TS03 - Payment Method - Mart\\20220510_194554\\1652186808286.png]]

2022-05-10 19:46:48 - [TEST_STEP][PASSED] - verifyElementText(findTestObject("4. Payment/a_Header_Details"), "Alfa Group"): Actual text and expected text of test object 'Object Repository/4. Payment/a_Header_Details' are matched.

2022-05-10 19:46:49 - [MESSAGE][PASSED] - Actual text and expected text of test object 'Object Repository/4. Payment/a_Header_Details' are matched.

2022-05-10 19:46:49 - [TEST_STEP][PASSED] - verifyElementVisible(findTestObject("4. Payment/Payment_ATMBankTransfer/Desc_AllBank"), STOP_ON_FAILURE): Object 'Object Repository/4. Payment/Payment_ATMBankTransfer/Desc_AllBank' is visible

2022-05-10 19:46:49 - [MESSAGE][PASSED] - Object 'Object Repository/4. Payment/Payment_ATMBankTransfer/Desc_AllBank' is visible

2022-05-10 19:46:49 - [TEST_STEP][PASSED] - delay(3): Delayed 3 second(s)

2022-05-10 19:46:52 - [MESSAGE][PASSED] - Delayed 3 second(s)

2022-05-10 19:46:52 - [TEST_STEP][PASSED] - verifyElementVisible(findTestObject("4. Payment/Payment_Mart/PaymentCode_IndoAlfaMart")): Object 'Object Repository/4. Payment/Payment_Mart/PaymentCode_IndoAlfaMart' is visible

2022-05-10 19:46:53 - [MESSAGE][PASSED] - Object 'Object Repository/4. Payment/Payment_Mart/PaymentCode_IndoAlfaMart' is visible

2022-05-10 19:46:53 - [TEST_STEP][PASSED] - verifyElementClickable(findTestObject("4. Payment/Payment_ATMBankTransfer/Button_Copy")): Object 'Object Repository/4. Payment/Payment_ATMBankTransfer/Button_Copy' is clickable

2022-05-10 19:46:53 - [MESSAGE][PASSED] - Object 'Object Repository/4. Payment/Payment_ATMBankTransfer/Button_Copy' is clickable

2022-05-10 19:46:53 - [TEST_STEP][PASSED] - verifyElementVisible(findTestObject("4. Payment/Payment_Mart/IMG_PaymentBarcode")): Object 'Object Repository/4. Payment/Payment_Mart/IMG_PaymentBarcode' is visible

2022-05-10 19:46:53 - [MESSAGE][PASSED] - Object 'Object Repository/4. Payment/Payment_Mart/IMG_PaymentBarcode' is visible

2022-05-10 19:46:53 - [TEST_STEP][PASSED] - click(findTestObject("5. PopUp Detail/Button_Float_Down")): Object: 'Object Repository/5. PopUp Detail/Button_Float_Down' is clicked on

2022-05-10 19:46:54 - [MESSAGE][PASSED] - Object: 'Object Repository/5. PopUp Detail/Button_Float_Down' is clicked on

2022-05-10 19:46:54 - [TEST_STEP][PASSED] - verifyElementText(findTestObject("5. PopUp Detail/Verify_AmountMidtransPillow"), "Rp20.000"): Actual text and expected text of test object 'Object Repository/5. PopUp Detail/Verify_AmountMidtransPillow' are matched.

2022-05-10 19:46:54 - [MESSAGE][PASSED] - Actual text and expected text of test object 'Object Repository/5. PopUp Detail/Verify_AmountMidtransPillow' are matched.

2022-05-10 19:46:54 - [TEST_STEP][PASSED] - total1 = verifyElementText(findTestObject("5. PopUp Detail/Verify_TotalAmount_PopUp"), "Rp20.000"): Actual text and expected text of test object 'Object Repository/5. PopUp Detail/Verify_TotalAmount_PopUp' are matched.

2022-05-10 19:46:55 - [MESSAGE][PASSED] - Actual text and expected text of test object 'Object Repository/5. PopUp Detail/Verify_TotalAmount_PopUp' are matched.

2022-05-10 19:46:55 - [TEST_STEP][PASSED] - total2 = verifyElementText(findTestObject("5. PopUp Detail/Verify_TotalAmount_Summary"), "Rp20.000"): Actual text and expected text of test object 'Object Repository/5. PopUp Detail/Verify_TotalAmount_Summary' are matched.

2022-05-10 19:46:55 - [MESSAGE][PASSED] - Actual text and expected text of test object 'Object Repository/5. PopUp Detail/Verify_TotalAmount_Summary' are matched.

2022-05-10 19:46:55 - [TEST_STEP][PASSED] - verifyEqual(total1, total2, STOP_ON_FAILURE): Actual object 'true' and expected object 'true' are equal

2022-05-10 19:46:55 - [MESSAGE][PASSED] - Actual object 'true' and expected object 'true' are equal

2022-05-10 19:46:55 - [TEST_STEP][PASSED] - verifyElementText(findTestObject("5. PopUp Detail/Verify_Name_Summary"), Name): Actual text and expected text of test object 'Object Repository/5. PopUp Detail/Verify_Name_Summary' are matched.

2022-05-10 19:46:55 - [MESSAGE][PASSED] - Actual text and expected text of test object 'Object Repository/5. PopUp Detail/Verify_Name_Summary' are matched.

2022-05-10 19:46:55 - [TEST_STEP][PASSED] - verifyElementText(findTestObject("5. PopUp Detail/Verify_Addess_Summary"), Address_2): Actual text and expected text of test object 'Object Repository/5. PopUp Detail/Verify_Addess_Summary' are matched.

2022-05-10 19:46:56 - [MESSAGE][PASSED] - Actual text and expected text of test object 'Object Repository/5. PopUp Detail/Verify_Addess_Summary' are matched.

2022-05-10 19:46:56 - [TEST_STEP][PASSED] - verifyElementText(findTestObject("5. PopUp Detail/Verify_Phone_Summary"), Phone_2): Actual text and expected text of test object 'Object Repository/5. PopUp Detail/Verify_Phone_Summary' are matched.

2022-05-10 19:46:56 - [MESSAGE][PASSED] - Actual text and expected text of test object 'Object Repository/5. PopUp Detail/Verify_Phone_Summary' are matched.

2022-05-10 19:46:56 - [TEST_STEP][PASSED] - click(findTestObject("5. PopUp Detail/Button_Float_Up")): Object: 'Object Repository/5. PopUp Detail/Button_Float_Up' is clicked on

2022-05-10 19:46:57 - [MESSAGE][PASSED] - Object: 'Object Repository/5. PopUp Detail/Button_Float_Up' is clicked on

2022-05-10 19:46:57 - [TEST_STEP][PASSED] - click(findTestObject("4. Payment/a_Button_HowToPay")): Object: 'Object Repository/4. Payment/a_Button_HowToPay' is clicked on

2022-05-10 19:46:57 - [MESSAGE][PASSED] - Object: 'Object Repository/4. Payment/a_Button_HowToPay' is clicked on

2022-05-10 19:46:57 - [TEST_STEP][PASSED] - verifyElementText(findTestObject("4. Payment/Payment_Mart/Verify_Step1_Mart"), "Tap Download payment info to get a copy of your unique payment details."): Actual text and expected text of test object 'Object Repository/4. Payment/Payment_Mart/Verify_Step1_Mart' are matched.

2022-05-10 19:46:58 - [MESSAGE][PASSED] - Actual text and expected text of test object 'Object Repository/4. Payment/Payment_Mart/Verify_Step1_Mart' are matched.

2022-05-10 19:46:58 - [TEST_STEP][PASSED] - verifyElementText(findTestObject("4. Payment/Payment_Mart/Verify_Step2_Mart"), "Go to the nearest Alfamart/Alfamidi/Dan+Dan store near you and show your barcode/payment code to the cashier."): Actual text and expected text of test object 'Object Repository/4. Payment/Payment_Mart/Verify_Step2_Mart' are matched.

2022-05-10 19:46:58 - [MESSAGE][PASSED] - Actual text and expected text of test object 'Object Repository/4. Payment/Payment_Mart/Verify_Step2_Mart' are matched.

2022-05-10 19:46:58 - [TEST_STEP][PASSED] - verifyElementText(findTestObject("4. Payment/Payment_Mart/Verify_Step3_Mart"), "The cashier will confirm your transaction details."): Actual text and expected text of test object 'Object Repository/4. Payment/Payment_Mart/Verify_Step3_Mart' are matched.

2022-05-10 19:46:59 - [MESSAGE][PASSED] - Actual text and expected text of test object 'Object Repository/4. Payment/Payment_Mart/Verify_Step3_Mart' are matched.

2022-05-10 19:46:59 - [TEST_STEP][PASSED] - verifyElementText(findTestObject("4. Payment/Payment_Mart/Verify_Step4_Mart"), "Confirm your payment with the cashier."): Actual text and expected text of test object 'Object Repository/4. Payment/Payment_Mart/Verify_Step4_Mart' are matched.

2022-05-10 19:46:59 - [MESSAGE][PASSED] - Actual text and expected text of test object 'Object Repository/4. Payment/Payment_Mart/Verify_Step4_Mart' are matched.

2022-05-10 19:46:59 - [TEST_STEP][PASSED] - verifyElementText(findTestObject("4. Payment/Payment_Mart/Verify_Step5_Mart"), "Once your transaction is successful, you'll receive the payment confirmation e-mail."): Actual text and expected text of test object 'Object Repository/4. Payment/Payment_Mart/Verify_Step5_Mart' are matched.

2022-05-10 19:46:59 - [MESSAGE][PASSED] - Actual text and expected text of test object 'Object Repository/4. Payment/Payment_Mart/Verify_Step5_Mart' are matched.

2022-05-10 19:46:59 - [TEST_STEP][PASSED] - verifyElementText(findTestObject("4. Payment/Payment_Mart/Verify_Step6_Mart"), "Please keep your Alfamart payment receipt in case you'll need further help via support."): Actual text and expected text of test object 'Object Repository/4. Payment/Payment_Mart/Verify_Step6_Mart' are matched.

2022-05-10 19:47:00 - [MESSAGE][PASSED] - Actual text and expected text of test object 'Object Repository/4. Payment/Payment_Mart/Verify_Step6_Mart' are matched.

2022-05-10 19:47:00 - [TEST_STEP][PASSED] - click(findTestObject("4. Payment/Payment_Mart/Button_CloseThisPage")): Object: 'Object Repository/4. Payment/Payment_Mart/Button_CloseThisPage' is clicked on

2022-05-10 19:47:00 - [MESSAGE][PASSED] - Object: 'Object Repository/4. Payment/Payment_Mart/Button_CloseThisPage' is clicked on

2022-05-10 19:47:00 - [TEST_STEP][PASSED] - verifyElementVisible(findTestObject("4. Payment/Payment_ATMBankTransfer/Verify_BookedPayment"), STOP_ON_FAILURE): Object 'Object Repository/4. Payment/Payment_ATMBankTransfer/Verify_BookedPayment' is visible

2022-05-10 19:47:01 - [MESSAGE][PASSED] - Object 'Object Repository/4. Payment/Payment_ATMBankTransfer/Verify_BookedPayment' is visible

2022-05-10 19:47:01 - [TEST_STEP][PASSED] - closeBrowser(): Browser is closed

2022-05-10 19:47:01 - [MESSAGE][PASSED] - Browser is closed]]></system-out>
         <system-err><![CDATA[]]></system-err>
      </testcase>
      <system-out><![CDATA[2022-05-10 19:46:03 - [TEST_SUITE][PASSED] - TS03 - Payment Method - Mart: Test Cases/SmallProject1_Version2/TC78_UserSelectMethod_AlfaGroup]]></system-out>
      <system-err><![CDATA[]]></system-err>
   </testsuite>
</testsuites>
