<?xml version="1.0" encoding="UTF-8"?>
<testsuites name="TS03 - Checkout" time="86.765" tests="6" failures="1" errors="0">
   <testsuite name="TS03 - Checkout" tests="6" failures="1" errors="0" time="86.765" skipped="0" timestamp="2022-05-10 18:34:00" hostname="220005 - LAP-IT-ROBI.mshome.net" id="Test Suites/TS03 - Checkout">
      <properties>
         <property name="deviceName" value=""/>
         <property name="devicePlatform" value=""/>
         <property name="logFolder" value="C:\\Users\\220005\\Katalon Studio\\SmallProject1_Yulia\\Reports\\20220510_183349\\TS03 - Checkout\\20220510_183349"/>
         <property name="logFiles" value="C:\\Users\\220005\\Katalon Studio\\SmallProject1_Yulia\\Reports\\20220510_183349\\TS03 - Checkout\\20220510_183349\\execution0.log"/>
         <property name="attachments" value="C:\\Users\\220005\\Katalon Studio\\SmallProject1_Yulia\\Reports\\20220510_183349\\TS03 - Checkout\\20220510_183349\\1652182488804.png, C:\\Users\\220005\\Katalon Studio\\SmallProject1_Yulia\\Reports\\20220510_183349\\TS03 - Checkout\\20220510_183349\\1652182488973.png, C:\\Users\\220005\\Katalon Studio\\SmallProject1_Yulia\\Reports\\20220510_183349\\TS03 - Checkout\\20220510_183349\\1652182524823.png"/>
         <property name="hostName" value="220005 - LAP-IT-ROBI.mshome.net"/>
         <property name="os" value="Windows 10 64bit"/>
         <property name="katalonVersion" value="8.2.5.208"/>
         <property name="browser" value="Chrome 101.0.4951.54"/>
         <property name="hostAddress" value="172.22.208.1"/>
         <property name="sessionId" value="45fd580dfd63fc9f392e980543aa8358"/>
         <property name="seleniumVersion" value="3.141.59"/>
         <property name="proxyInformation" value="ProxyInformation { proxyOption=NO_PROXY, proxyServerType=HTTP, username=, password=********, proxyServerAddress=, proxyServerPort=0, executionList=&quot;&quot;, isApplyToDesiredCapabilities=true }"/>
         <property name="platform" value="Windows 10"/>
      </properties>
      <testcase name="Test Cases/SmallProject1_Version2/TC11_UserCheckout_WithInvalidEmailFormat" time="10.004" classname="Test Cases/SmallProject1_Version2/TC11_UserCheckout_WithInvalidEmailFormat" status="PASSED">
         <system-out><![CDATA[2022-05-10 18:34:00 - [TEST_CASE][PASSED] - Test Cases/SmallProject1_Version2/TC11_UserCheckout_WithInvalidEmailFormat: Test Cases/SmallProject1_Version2/TC11_UserCheckout_WithInvalidEmailFormat

2022-05-10 18:34:00 - [TEST_STEP][PASSED] - openBrowser(""): Browser is opened with url: ''

2022-05-10 18:34:00 - [MESSAGE][INFO] - Starting 'Chrome' driver

2022-05-10 18:34:00 - [MESSAGE][INFO] - Action delay is set to 0 milliseconds

2022-05-10 18:34:02 - [MESSAGE][PASSED] - Browser is opened with url: ''

2022-05-10 18:34:02 - [TEST_STEP][PASSED] - maximizeWindow(): Current window maximized

2022-05-10 18:34:03 - [MESSAGE][PASSED] - Current window maximized

2022-05-10 18:34:03 - [TEST_STEP][PASSED] - navigateToUrl("https://demo.midtrans.com/"): Navigate to 'https://demo.midtrans.com/' successfully

2022-05-10 18:34:03 - [MESSAGE][PASSED] - Navigate to 'https://demo.midtrans.com/' successfully

2022-05-10 18:34:03 - [TEST_STEP][PASSED] - click(findTestObject("3. Checkout/a_BUY NOW")): Object: 'Object Repository/3. Checkout/a_BUY NOW' is clicked on

2022-05-10 18:34:04 - [MESSAGE][PASSED] - Object: 'Object Repository/3. Checkout/a_BUY NOW' is clicked on

2022-05-10 18:34:04 - [TEST_STEP][PASSED] - setText(findTestObject("3. Checkout/Field_Name"), Name): Text 'Yulia' is set on object 'Object Repository/3. Checkout/Field_Name'

2022-05-10 18:34:05 - [MESSAGE][PASSED] - Text 'Yulia' is set on object 'Object Repository/3. Checkout/Field_Name'

2022-05-10 18:34:05 - [TEST_STEP][PASSED] - setText(findTestObject("3. Checkout/Field_Email"), "yuliasaja"): Text 'yuliasaja' is set on object 'Object Repository/3. Checkout/Field_Email'

2022-05-10 18:34:05 - [MESSAGE][PASSED] - Text 'yuliasaja' is set on object 'Object Repository/3. Checkout/Field_Email'

2022-05-10 18:34:05 - [TEST_STEP][PASSED] - setText(findTestObject("3. Checkout/Field_Phone"), Phone): Text '081234567890' is set on object 'Object Repository/3. Checkout/Field_Phone'

2022-05-10 18:34:06 - [MESSAGE][PASSED] - Text '081234567890' is set on object 'Object Repository/3. Checkout/Field_Phone'

2022-05-10 18:34:06 - [TEST_STEP][PASSED] - setText(findTestObject("3. Checkout/Field_City"), City): Text 'Jakarta' is set on object 'Object Repository/3. Checkout/Field_City'

2022-05-10 18:34:07 - [MESSAGE][PASSED] - Text 'Jakarta' is set on object 'Object Repository/3. Checkout/Field_City'

2022-05-10 18:34:07 - [TEST_STEP][PASSED] - setText(findTestObject("3. Checkout/Field_Address"), Address): Text 'Jalan Jend. Sudirman Kav 10' is set on object 'Object Repository/3. Checkout/Field_Address'

2022-05-10 18:34:07 - [MESSAGE][PASSED] - Text 'Jalan Jend. Sudirman Kav 10' is set on object 'Object Repository/3. Checkout/Field_Address'

2022-05-10 18:34:07 - [TEST_STEP][PASSED] - setText(findTestObject("3. Checkout/Field_PostalCode"), PostalCode): Text '12345' is set on object 'Object Repository/3. Checkout/Field_PostalCode'

2022-05-10 18:34:08 - [MESSAGE][PASSED] - Text '12345' is set on object 'Object Repository/3. Checkout/Field_PostalCode'

2022-05-10 18:34:08 - [TEST_STEP][PASSED] - click(findTestObject("3. Checkout/Button_Checkout")): Object: 'Object Repository/3. Checkout/Button_Checkout' is clicked on

2022-05-10 18:34:08 - [MESSAGE][PASSED] - Object: 'Object Repository/3. Checkout/Button_Checkout' is clicked on

2022-05-10 18:34:08 - [TEST_STEP][PASSED] - verifyElementVisible(findTestObject("3. Checkout/AlertMessage"), STOP_ON_FAILURE): Object 'Object Repository/3. Checkout/AlertMessage' is visible

2022-05-10 18:34:09 - [MESSAGE][PASSED] - Object 'Object Repository/3. Checkout/AlertMessage' is visible

2022-05-10 18:34:09 - [TEST_STEP][PASSED] - closeBrowser(): Browser is closed

2022-05-10 18:34:10 - [MESSAGE][PASSED] - Browser is closed]]></system-out>
         <system-err><![CDATA[]]></system-err>
      </testcase>
      <testcase name="Test Cases/SmallProject1_Version2/TC14_UserCheckout_WithInvalidPhoneNumber" time="38.745" classname="Test Cases/SmallProject1_Version2/TC14_UserCheckout_WithInvalidPhoneNumber" status="FAILED">
         <failure type="FAILED" message="Test Cases/SmallProject1_Version2/TC14_UserCheckout_WithInvalidPhoneNumber FAILED.
Reason:
com.kms.katalon.core.exception.StepFailedException: Unable to verify object 'Object Repository/3. Checkout/AlertMessage' is visible
	at com.kms.katalon.core.webui.keyword.internal.WebUIKeywordMain.stepFailed(WebUIKeywordMain.groovy:64)
	at com.kms.katalon.core.webui.keyword.internal.WebUIKeywordMain.runKeyword(WebUIKeywordMain.groovy:26)
	at com.kms.katalon.core.webui.keyword.builtin.VerifyElementVisibleKeyword.verifyElementVisible(VerifyElementVisibleKeyword.groovy:97)
	at com.kms.katalon.core.webui.keyword.builtin.VerifyElementVisibleKeyword.execute(VerifyElementVisibleKeyword.groovy:67)
	at com.kms.katalon.core.keyword.internal.KeywordExecutor.executeKeywordForPlatform(KeywordExecutor.groovy:74)
	at com.kms.katalon.core.webui.keyword.WebUiBuiltInKeywords.verifyElementVisible(WebUiBuiltInKeywords.groovy:362)
	at com.kms.katalon.core.webui.keyword.WebUiBuiltInKeywords$verifyElementVisible$4.call(Unknown Source)
	at TC14_UserCheckout_WithInvalidPhoneNumber.run(TC14_UserCheckout_WithInvalidPhoneNumber:42)
	at com.kms.katalon.core.main.ScriptEngine.run(ScriptEngine.java:194)
	at com.kms.katalon.core.main.ScriptEngine.runScriptAsRawText(ScriptEngine.java:119)
	at com.kms.katalon.core.main.TestCaseExecutor.runScript(TestCaseExecutor.java:442)
	at com.kms.katalon.core.main.TestCaseExecutor.doExecute(TestCaseExecutor.java:433)
	at com.kms.katalon.core.main.TestCaseExecutor.processExecutionPhase(TestCaseExecutor.java:412)
	at com.kms.katalon.core.main.TestCaseExecutor.accessMainPhase(TestCaseExecutor.java:404)
	at com.kms.katalon.core.main.TestCaseExecutor.execute(TestCaseExecutor.java:281)
	at com.kms.katalon.core.main.TestSuiteExecutor.accessTestCaseMainPhase(TestSuiteExecutor.java:202)
	at com.kms.katalon.core.main.TestSuiteExecutor.accessTestSuiteMainPhase(TestSuiteExecutor.java:164)
	at com.kms.katalon.core.main.TestSuiteExecutor.execute(TestSuiteExecutor.java:105)
	at com.kms.katalon.core.main.TestCaseMain.startTestSuite(TestCaseMain.java:185)
	at com.kms.katalon.core.main.TestCaseMain$startTestSuite$0.call(Unknown Source)
	at TempTestSuite1652182429733.run(TempTestSuite1652182429733.groovy:36)
Caused by: com.kms.katalon.core.exception.StepFailedException: Web element with id: 'Object Repository/3. Checkout/AlertMessage' located by '//*[@id=&quot;container&quot;]/div/div/div[1]/div[2]/div/div[2]/div' not found
	at com.kms.katalon.core.webui.keyword.internal.WebUIKeywordMain.stepFailed(WebUIKeywordMain.groovy:64)
	at com.kms.katalon.core.webui.keyword.builtin.VerifyElementVisibleKeyword$_verifyElementVisible_closure1.doCall(VerifyElementVisibleKeyword.groovy:89)
	at com.kms.katalon.core.webui.keyword.builtin.VerifyElementVisibleKeyword$_verifyElementVisible_closure1.call(VerifyElementVisibleKeyword.groovy)
	at com.kms.katalon.core.webui.keyword.internal.WebUIKeywordMain.runKeyword(WebUIKeywordMain.groovy:20)
	... 19 more
"/>
         <system-out><![CDATA[2022-05-10 18:34:10 - [TEST_CASE][FAILED] - Test Cases/SmallProject1_Version2/TC14_UserCheckout_WithInvalidPhoneNumber: Test Cases/SmallProject1_Version2/TC14_UserCheckout_WithInvalidPhoneNumber FAILED.
Reason:
com.kms.katalon.core.exception.StepFailedException: Unable to verify object 'Object Repository/3. Checkout/AlertMessage' is visible
	at com.kms.katalon.core.webui.keyword.internal.WebUIKeywordMain.stepFailed(WebUIKeywordMain.groovy:64)
	at com.kms.katalon.core.webui.keyword.internal.WebUIKeywordMain.runKeyword(WebUIKeywordMain.groovy:26)
	at com.kms.katalon.core.webui.keyword.builtin.VerifyElementVisibleKeyword.verifyElementVisible(VerifyElementVisibleKeyword.groovy:97)
	at com.kms.katalon.core.webui.keyword.builtin.VerifyElementVisibleKeyword.execute(VerifyElementVisibleKeyword.groovy:67)
	at com.kms.katalon.core.keyword.internal.KeywordExecutor.executeKeywordForPlatform(KeywordExecutor.groovy:74)
	at com.kms.katalon.core.webui.keyword.WebUiBuiltInKeywords.verifyElementVisible(WebUiBuiltInKeywords.groovy:362)
	at com.kms.katalon.core.webui.keyword.WebUiBuiltInKeywords$verifyElementVisible$4.call(Unknown Source)
	at TC14_UserCheckout_WithInvalidPhoneNumber.run(TC14_UserCheckout_WithInvalidPhoneNumber:42)
	at com.kms.katalon.core.main.ScriptEngine.run(ScriptEngine.java:194)
	at com.kms.katalon.core.main.ScriptEngine.runScriptAsRawText(ScriptEngine.java:119)
	at com.kms.katalon.core.main.TestCaseExecutor.runScript(TestCaseExecutor.java:442)
	at com.kms.katalon.core.main.TestCaseExecutor.doExecute(TestCaseExecutor.java:433)
	at com.kms.katalon.core.main.TestCaseExecutor.processExecutionPhase(TestCaseExecutor.java:412)
	at com.kms.katalon.core.main.TestCaseExecutor.accessMainPhase(TestCaseExecutor.java:404)
	at com.kms.katalon.core.main.TestCaseExecutor.execute(TestCaseExecutor.java:281)
	at com.kms.katalon.core.main.TestSuiteExecutor.accessTestCaseMainPhase(TestSuiteExecutor.java:202)
	at com.kms.katalon.core.main.TestSuiteExecutor.accessTestSuiteMainPhase(TestSuiteExecutor.java:164)
	at com.kms.katalon.core.main.TestSuiteExecutor.execute(TestSuiteExecutor.java:105)
	at com.kms.katalon.core.main.TestCaseMain.startTestSuite(TestCaseMain.java:185)
	at com.kms.katalon.core.main.TestCaseMain$startTestSuite$0.call(Unknown Source)
	at TempTestSuite1652182429733.run(TempTestSuite1652182429733.groovy:36)
Caused by: com.kms.katalon.core.exception.StepFailedException: Web element with id: 'Object Repository/3. Checkout/AlertMessage' located by '//*[@id="container"]/div/div/div[1]/div[2]/div/div[2]/div' not found
	at com.kms.katalon.core.webui.keyword.internal.WebUIKeywordMain.stepFailed(WebUIKeywordMain.groovy:64)
	at com.kms.katalon.core.webui.keyword.builtin.VerifyElementVisibleKeyword$_verifyElementVisible_closure1.doCall(VerifyElementVisibleKeyword.groovy:89)
	at com.kms.katalon.core.webui.keyword.builtin.VerifyElementVisibleKeyword$_verifyElementVisible_closure1.call(VerifyElementVisibleKeyword.groovy)
	at com.kms.katalon.core.webui.keyword.internal.WebUIKeywordMain.runKeyword(WebUIKeywordMain.groovy:20)
	... 19 more


2022-05-10 18:34:10 - [TEST_STEP][PASSED] - openBrowser(""): Browser is opened with url: ''

2022-05-10 18:34:10 - [MESSAGE][INFO] - Starting 'Chrome' driver

2022-05-10 18:34:10 - [MESSAGE][INFO] - Action delay is set to 0 milliseconds

2022-05-10 18:34:11 - [MESSAGE][PASSED] - Browser is opened with url: ''

2022-05-10 18:34:11 - [TEST_STEP][PASSED] - maximizeWindow(): Current window maximized

2022-05-10 18:34:11 - [MESSAGE][PASSED] - Current window maximized

2022-05-10 18:34:11 - [TEST_STEP][PASSED] - navigateToUrl("https://demo.midtrans.com/"): Navigate to 'https://demo.midtrans.com/' successfully

2022-05-10 18:34:12 - [MESSAGE][PASSED] - Navigate to 'https://demo.midtrans.com/' successfully

2022-05-10 18:34:12 - [TEST_STEP][PASSED] - click(findTestObject("3. Checkout/a_BUY NOW")): Object: 'Object Repository/3. Checkout/a_BUY NOW' is clicked on

2022-05-10 18:34:12 - [MESSAGE][PASSED] - Object: 'Object Repository/3. Checkout/a_BUY NOW' is clicked on

2022-05-10 18:34:12 - [TEST_STEP][PASSED] - setText(findTestObject("3. Checkout/Field_Name"), Name): Text 'Yulia' is set on object 'Object Repository/3. Checkout/Field_Name'

2022-05-10 18:34:13 - [MESSAGE][PASSED] - Text 'Yulia' is set on object 'Object Repository/3. Checkout/Field_Name'

2022-05-10 18:34:13 - [TEST_STEP][PASSED] - setText(findTestObject("3. Checkout/Field_Email"), Email): Text 'yulia@email.com' is set on object 'Object Repository/3. Checkout/Field_Email'

2022-05-10 18:34:14 - [MESSAGE][PASSED] - Text 'yulia@email.com' is set on object 'Object Repository/3. Checkout/Field_Email'

2022-05-10 18:34:14 - [TEST_STEP][PASSED] - setText(findTestObject("3. Checkout/Field_Phone"), "qwerty123!@#"): Text 'qwerty123!@#' is set on object 'Object Repository/3. Checkout/Field_Phone'

2022-05-10 18:34:15 - [MESSAGE][PASSED] - Text 'qwerty123!@#' is set on object 'Object Repository/3. Checkout/Field_Phone'

2022-05-10 18:34:15 - [TEST_STEP][PASSED] - setText(findTestObject("3. Checkout/Field_City"), City): Text 'Jakarta' is set on object 'Object Repository/3. Checkout/Field_City'

2022-05-10 18:34:15 - [MESSAGE][PASSED] - Text 'Jakarta' is set on object 'Object Repository/3. Checkout/Field_City'

2022-05-10 18:34:15 - [TEST_STEP][PASSED] - setText(findTestObject("3. Checkout/Field_Address"), Address): Text 'Jalan Jend. Sudirman Kav 10' is set on object 'Object Repository/3. Checkout/Field_Address'

2022-05-10 18:34:16 - [MESSAGE][PASSED] - Text 'Jalan Jend. Sudirman Kav 10' is set on object 'Object Repository/3. Checkout/Field_Address'

2022-05-10 18:34:16 - [TEST_STEP][PASSED] - setText(findTestObject("3. Checkout/Field_PostalCode"), PostalCode): Text '12345' is set on object 'Object Repository/3. Checkout/Field_PostalCode'

2022-05-10 18:34:17 - [MESSAGE][PASSED] - Text '12345' is set on object 'Object Repository/3. Checkout/Field_PostalCode'

2022-05-10 18:34:17 - [TEST_STEP][PASSED] - click(findTestObject("3. Checkout/Button_Checkout")): Object: 'Object Repository/3. Checkout/Button_Checkout' is clicked on

2022-05-10 18:34:17 - [MESSAGE][PASSED] - Object: 'Object Repository/3. Checkout/Button_Checkout' is clicked on

2022-05-10 18:34:17 - [TEST_STEP][FAILED] - verifyElementVisible(findTestObject("3. Checkout/AlertMessage"), STOP_ON_FAILURE): Unable to verify object 'Object Repository/3. Checkout/AlertMessage' is visible (Root cause: com.kms.katalon.core.exception.StepFailedException: Unable to verify object 'Object Repository/3. Checkout/AlertMessage' is visible
	at com.kms.katalon.core.webui.keyword.internal.WebUIKeywordMain.stepFailed(WebUIKeywordMain.groovy:64)
	at com.kms.katalon.core.webui.keyword.internal.WebUIKeywordMain.runKeyword(WebUIKeywordMain.groovy:26)
	at com.kms.katalon.core.webui.keyword.builtin.VerifyElementVisibleKeyword.verifyElementVisible(VerifyElementVisibleKeyword.groovy:97)
	at com.kms.katalon.core.webui.keyword.builtin.VerifyElementVisibleKeyword.execute(VerifyElementVisibleKeyword.groovy:67)
	at com.kms.katalon.core.keyword.internal.KeywordExecutor.executeKeywordForPlatform(KeywordExecutor.groovy:74)
	at com.kms.katalon.core.webui.keyword.WebUiBuiltInKeywords.verifyElementVisible(WebUiBuiltInKeywords.groovy:362)
	at com.kms.katalon.core.webui.keyword.WebUiBuiltInKeywords$verifyElementVisible$4.call(Unknown Source)
	at TC14_UserCheckout_WithInvalidPhoneNumber.run(TC14_UserCheckout_WithInvalidPhoneNumber:42)
	at com.kms.katalon.core.main.ScriptEngine.run(ScriptEngine.java:194)
	at com.kms.katalon.core.main.ScriptEngine.runScriptAsRawText(ScriptEngine.java:119)
	at com.kms.katalon.core.main.TestCaseExecutor.runScript(TestCaseExecutor.java:442)
	at com.kms.katalon.core.main.TestCaseExecutor.doExecute(TestCaseExecutor.java:433)
	at com.kms.katalon.core.main.TestCaseExecutor.processExecutionPhase(TestCaseExecutor.java:412)
	at com.kms.katalon.core.main.TestCaseExecutor.accessMainPhase(TestCaseExecutor.java:404)
	at com.kms.katalon.core.main.TestCaseExecutor.execute(TestCaseExecutor.java:281)
	at com.kms.katalon.core.main.TestSuiteExecutor.accessTestCaseMainPhase(TestSuiteExecutor.java:202)
	at com.kms.katalon.core.main.TestSuiteExecutor.accessTestSuiteMainPhase(TestSuiteExecutor.java:164)
	at com.kms.katalon.core.main.TestSuiteExecutor.execute(TestSuiteExecutor.java:105)
	at com.kms.katalon.core.main.TestCaseMain.startTestSuite(TestCaseMain.java:185)
	at com.kms.katalon.core.main.TestCaseMain$startTestSuite$0.call(Unknown Source)
	at TempTestSuite1652182429733.run(TempTestSuite1652182429733.groovy:36)
Caused by: com.kms.katalon.core.exception.StepFailedException: Web element with id: 'Object Repository/3. Checkout/AlertMessage' located by '//*[@id="container"]/div/div/div[1]/div[2]/div/div[2]/div' not found
	at com.kms.katalon.core.webui.keyword.internal.WebUIKeywordMain.stepFailed(WebUIKeywordMain.groovy:64)
	at com.kms.katalon.core.webui.keyword.builtin.VerifyElementVisibleKeyword$_verifyElementVisible_closure1.doCall(VerifyElementVisibleKeyword.groovy:89)
	at com.kms.katalon.core.webui.keyword.builtin.VerifyElementVisibleKeyword$_verifyElementVisible_closure1.call(VerifyElementVisibleKeyword.groovy)
	at com.kms.katalon.core.webui.keyword.internal.WebUIKeywordMain.runKeyword(WebUIKeywordMain.groovy:20)
	... 19 more
)

2022-05-10 18:34:48 - [MESSAGE][INFO] - Unable to find the element located by 'By.xpath: //*[@id="container"]/div/div/div[1]/div[2]/div/div[2]/div'. Please recheck the objects properties to make sure the desired element is located. 

2022-05-10 18:34:48 - [MESSAGE][FAILED] - Web element with id: 'Object Repository/3. Checkout/AlertMessage' located by '//*[@id="container"]/div/div/div[1]/div[2]/div/div[2]/div' not found (Root cause: com.kms.katalon.core.exception.StepFailedException: Web element with id: 'Object Repository/3. Checkout/AlertMessage' located by '//*[@id="container"]/div/div/div[1]/div[2]/div/div[2]/div' not found
	at com.kms.katalon.core.webui.keyword.internal.WebUIKeywordMain.stepFailed(WebUIKeywordMain.groovy:64)
	at com.kms.katalon.core.webui.keyword.builtin.VerifyElementVisibleKeyword$_verifyElementVisible_closure1.doCall(VerifyElementVisibleKeyword.groovy:89)
	at com.kms.katalon.core.webui.keyword.builtin.VerifyElementVisibleKeyword$_verifyElementVisible_closure1.call(VerifyElementVisibleKeyword.groovy)
	at com.kms.katalon.core.webui.keyword.internal.WebUIKeywordMain.runKeyword(WebUIKeywordMain.groovy:20)
	at com.kms.katalon.core.webui.keyword.builtin.VerifyElementVisibleKeyword.verifyElementVisible(VerifyElementVisibleKeyword.groovy:97)
	at com.kms.katalon.core.webui.keyword.builtin.VerifyElementVisibleKeyword.execute(VerifyElementVisibleKeyword.groovy:67)
	at com.kms.katalon.core.keyword.internal.KeywordExecutor.executeKeywordForPlatform(KeywordExecutor.groovy:74)
	at com.kms.katalon.core.webui.keyword.WebUiBuiltInKeywords.verifyElementVisible(WebUiBuiltInKeywords.groovy:362)
	at com.kms.katalon.core.webui.keyword.WebUiBuiltInKeywords$verifyElementVisible$4.call(Unknown Source)
	at TC14_UserCheckout_WithInvalidPhoneNumber.run(TC14_UserCheckout_WithInvalidPhoneNumber:42)
	at com.kms.katalon.core.main.ScriptEngine.run(ScriptEngine.java:194)
	at com.kms.katalon.core.main.ScriptEngine.runScriptAsRawText(ScriptEngine.java:119)
	at com.kms.katalon.core.main.TestCaseExecutor.runScript(TestCaseExecutor.java:442)
	at com.kms.katalon.core.main.TestCaseExecutor.doExecute(TestCaseExecutor.java:433)
	at com.kms.katalon.core.main.TestCaseExecutor.processExecutionPhase(TestCaseExecutor.java:412)
	at com.kms.katalon.core.main.TestCaseExecutor.accessMainPhase(TestCaseExecutor.java:404)
	at com.kms.katalon.core.main.TestCaseExecutor.execute(TestCaseExecutor.java:281)
	at com.kms.katalon.core.main.TestSuiteExecutor.accessTestCaseMainPhase(TestSuiteExecutor.java:202)
	at com.kms.katalon.core.main.TestSuiteExecutor.accessTestSuiteMainPhase(TestSuiteExecutor.java:164)
	at com.kms.katalon.core.main.TestSuiteExecutor.execute(TestSuiteExecutor.java:105)
	at com.kms.katalon.core.main.TestCaseMain.startTestSuite(TestCaseMain.java:185)
	at com.kms.katalon.core.main.TestCaseMain$startTestSuite$0.call(Unknown Source)
	at TempTestSuite1652182429733.run(TempTestSuite1652182429733.groovy:36)
)
[[ATTACHMENT|C:\\Users\\220005\\Katalon Studio\\SmallProject1_Yulia\\Reports\\20220510_183349\\TS03 - Checkout\\20220510_183349\\1652182488804.png]]

2022-05-10 18:34:49 - [MESSAGE][FAILED] - Unable to verify object 'Object Repository/3. Checkout/AlertMessage' is visible (Root cause: com.kms.katalon.core.exception.StepFailedException: Unable to verify object 'Object Repository/3. Checkout/AlertMessage' is visible
	at com.kms.katalon.core.webui.keyword.internal.WebUIKeywordMain.stepFailed(WebUIKeywordMain.groovy:64)
	at com.kms.katalon.core.webui.keyword.internal.WebUIKeywordMain.runKeyword(WebUIKeywordMain.groovy:26)
	at com.kms.katalon.core.webui.keyword.builtin.VerifyElementVisibleKeyword.verifyElementVisible(VerifyElementVisibleKeyword.groovy:97)
	at com.kms.katalon.core.webui.keyword.builtin.VerifyElementVisibleKeyword.execute(VerifyElementVisibleKeyword.groovy:67)
	at com.kms.katalon.core.keyword.internal.KeywordExecutor.executeKeywordForPlatform(KeywordExecutor.groovy:74)
	at com.kms.katalon.core.webui.keyword.WebUiBuiltInKeywords.verifyElementVisible(WebUiBuiltInKeywords.groovy:362)
	at com.kms.katalon.core.webui.keyword.WebUiBuiltInKeywords$verifyElementVisible$4.call(Unknown Source)
	at TC14_UserCheckout_WithInvalidPhoneNumber.run(TC14_UserCheckout_WithInvalidPhoneNumber:42)
	at com.kms.katalon.core.main.ScriptEngine.run(ScriptEngine.java:194)
	at com.kms.katalon.core.main.ScriptEngine.runScriptAsRawText(ScriptEngine.java:119)
	at com.kms.katalon.core.main.TestCaseExecutor.runScript(TestCaseExecutor.java:442)
	at com.kms.katalon.core.main.TestCaseExecutor.doExecute(TestCaseExecutor.java:433)
	at com.kms.katalon.core.main.TestCaseExecutor.processExecutionPhase(TestCaseExecutor.java:412)
	at com.kms.katalon.core.main.TestCaseExecutor.accessMainPhase(TestCaseExecutor.java:404)
	at com.kms.katalon.core.main.TestCaseExecutor.execute(TestCaseExecutor.java:281)
	at com.kms.katalon.core.main.TestSuiteExecutor.accessTestCaseMainPhase(TestSuiteExecutor.java:202)
	at com.kms.katalon.core.main.TestSuiteExecutor.accessTestSuiteMainPhase(TestSuiteExecutor.java:164)
	at com.kms.katalon.core.main.TestSuiteExecutor.execute(TestSuiteExecutor.java:105)
	at com.kms.katalon.core.main.TestCaseMain.startTestSuite(TestCaseMain.java:185)
	at com.kms.katalon.core.main.TestCaseMain$startTestSuite$0.call(Unknown Source)
	at TempTestSuite1652182429733.run(TempTestSuite1652182429733.groovy:36)
Caused by: com.kms.katalon.core.exception.StepFailedException: Web element with id: 'Object Repository/3. Checkout/AlertMessage' located by '//*[@id="container"]/div/div/div[1]/div[2]/div/div[2]/div' not found
	at com.kms.katalon.core.webui.keyword.internal.WebUIKeywordMain.stepFailed(WebUIKeywordMain.groovy:64)
	at com.kms.katalon.core.webui.keyword.builtin.VerifyElementVisibleKeyword$_verifyElementVisible_closure1.doCall(VerifyElementVisibleKeyword.groovy:89)
	at com.kms.katalon.core.webui.keyword.builtin.VerifyElementVisibleKeyword$_verifyElementVisible_closure1.call(VerifyElementVisibleKeyword.groovy)
	at com.kms.katalon.core.webui.keyword.internal.WebUIKeywordMain.runKeyword(WebUIKeywordMain.groovy:20)
	... 19 more
)
[[ATTACHMENT|C:\\Users\\220005\\Katalon Studio\\SmallProject1_Yulia\\Reports\\20220510_183349\\TS03 - Checkout\\20220510_183349\\1652182488973.png]]]]></system-out>
         <system-err><![CDATA[2022-05-10 18:34:10 - [TEST_CASE][FAILED] - Test Cases/SmallProject1_Version2/TC14_UserCheckout_WithInvalidPhoneNumber: Test Cases/SmallProject1_Version2/TC14_UserCheckout_WithInvalidPhoneNumber FAILED.
Reason:
com.kms.katalon.core.exception.StepFailedException: Unable to verify object 'Object Repository/3. Checkout/AlertMessage' is visible
	at com.kms.katalon.core.webui.keyword.internal.WebUIKeywordMain.stepFailed(WebUIKeywordMain.groovy:64)
	at com.kms.katalon.core.webui.keyword.internal.WebUIKeywordMain.runKeyword(WebUIKeywordMain.groovy:26)
	at com.kms.katalon.core.webui.keyword.builtin.VerifyElementVisibleKeyword.verifyElementVisible(VerifyElementVisibleKeyword.groovy:97)
	at com.kms.katalon.core.webui.keyword.builtin.VerifyElementVisibleKeyword.execute(VerifyElementVisibleKeyword.groovy:67)
	at com.kms.katalon.core.keyword.internal.KeywordExecutor.executeKeywordForPlatform(KeywordExecutor.groovy:74)
	at com.kms.katalon.core.webui.keyword.WebUiBuiltInKeywords.verifyElementVisible(WebUiBuiltInKeywords.groovy:362)
	at com.kms.katalon.core.webui.keyword.WebUiBuiltInKeywords$verifyElementVisible$4.call(Unknown Source)
	at TC14_UserCheckout_WithInvalidPhoneNumber.run(TC14_UserCheckout_WithInvalidPhoneNumber:42)
	at com.kms.katalon.core.main.ScriptEngine.run(ScriptEngine.java:194)
	at com.kms.katalon.core.main.ScriptEngine.runScriptAsRawText(ScriptEngine.java:119)
	at com.kms.katalon.core.main.TestCaseExecutor.runScript(TestCaseExecutor.java:442)
	at com.kms.katalon.core.main.TestCaseExecutor.doExecute(TestCaseExecutor.java:433)
	at com.kms.katalon.core.main.TestCaseExecutor.processExecutionPhase(TestCaseExecutor.java:412)
	at com.kms.katalon.core.main.TestCaseExecutor.accessMainPhase(TestCaseExecutor.java:404)
	at com.kms.katalon.core.main.TestCaseExecutor.execute(TestCaseExecutor.java:281)
	at com.kms.katalon.core.main.TestSuiteExecutor.accessTestCaseMainPhase(TestSuiteExecutor.java:202)
	at com.kms.katalon.core.main.TestSuiteExecutor.accessTestSuiteMainPhase(TestSuiteExecutor.java:164)
	at com.kms.katalon.core.main.TestSuiteExecutor.execute(TestSuiteExecutor.java:105)
	at com.kms.katalon.core.main.TestCaseMain.startTestSuite(TestCaseMain.java:185)
	at com.kms.katalon.core.main.TestCaseMain$startTestSuite$0.call(Unknown Source)
	at TempTestSuite1652182429733.run(TempTestSuite1652182429733.groovy:36)
Caused by: com.kms.katalon.core.exception.StepFailedException: Web element with id: 'Object Repository/3. Checkout/AlertMessage' located by '//*[@id="container"]/div/div/div[1]/div[2]/div/div[2]/div' not found
	at com.kms.katalon.core.webui.keyword.internal.WebUIKeywordMain.stepFailed(WebUIKeywordMain.groovy:64)
	at com.kms.katalon.core.webui.keyword.builtin.VerifyElementVisibleKeyword$_verifyElementVisible_closure1.doCall(VerifyElementVisibleKeyword.groovy:89)
	at com.kms.katalon.core.webui.keyword.builtin.VerifyElementVisibleKeyword$_verifyElementVisible_closure1.call(VerifyElementVisibleKeyword.groovy)
	at com.kms.katalon.core.webui.keyword.internal.WebUIKeywordMain.runKeyword(WebUIKeywordMain.groovy:20)
	... 19 more]]></system-err>
      </testcase>
      <testcase name="Test Cases/SmallProject1_Version2/TC28_UserCheckout_WithInvalidPostalCode" time="9.35" classname="Test Cases/SmallProject1_Version2/TC28_UserCheckout_WithInvalidPostalCode" status="PASSED">
         <system-out><![CDATA[2022-05-10 18:34:49 - [TEST_CASE][PASSED] - Test Cases/SmallProject1_Version2/TC28_UserCheckout_WithInvalidPostalCode: Test Cases/SmallProject1_Version2/TC28_UserCheckout_WithInvalidPostalCode

2022-05-10 18:34:49 - [TEST_STEP][PASSED] - openBrowser(""): Browser is opened with url: ''

2022-05-10 18:34:49 - [MESSAGE][WARNING] - A browser is already opened. Closing browser and opening a new one

2022-05-10 18:34:50 - [MESSAGE][INFO] - Starting 'Chrome' driver

2022-05-10 18:34:50 - [MESSAGE][INFO] - Action delay is set to 0 milliseconds

2022-05-10 18:34:51 - [MESSAGE][PASSED] - Browser is opened with url: ''

2022-05-10 18:34:51 - [TEST_STEP][PASSED] - maximizeWindow(): Current window maximized

2022-05-10 18:34:51 - [MESSAGE][PASSED] - Current window maximized

2022-05-10 18:34:51 - [TEST_STEP][PASSED] - navigateToUrl("https://demo.midtrans.com/"): Navigate to 'https://demo.midtrans.com/' successfully

2022-05-10 18:34:51 - [MESSAGE][PASSED] - Navigate to 'https://demo.midtrans.com/' successfully

2022-05-10 18:34:51 - [TEST_STEP][PASSED] - click(findTestObject("3. Checkout/a_BUY NOW")): Object: 'Object Repository/3. Checkout/a_BUY NOW' is clicked on

2022-05-10 18:34:52 - [MESSAGE][PASSED] - Object: 'Object Repository/3. Checkout/a_BUY NOW' is clicked on

2022-05-10 18:34:52 - [TEST_STEP][PASSED] - setText(findTestObject("3. Checkout/Field_Name"), Name): Text 'Yulia' is set on object 'Object Repository/3. Checkout/Field_Name'

2022-05-10 18:34:53 - [MESSAGE][PASSED] - Text 'Yulia' is set on object 'Object Repository/3. Checkout/Field_Name'

2022-05-10 18:34:53 - [TEST_STEP][PASSED] - setText(findTestObject("3. Checkout/Field_Email"), Email): Text 'yulia@email.com' is set on object 'Object Repository/3. Checkout/Field_Email'

2022-05-10 18:34:53 - [MESSAGE][PASSED] - Text 'yulia@email.com' is set on object 'Object Repository/3. Checkout/Field_Email'

2022-05-10 18:34:53 - [TEST_STEP][PASSED] - setText(findTestObject("3. Checkout/Field_Phone"), Phone): Text '081234567890' is set on object 'Object Repository/3. Checkout/Field_Phone'

2022-05-10 18:34:54 - [MESSAGE][PASSED] - Text '081234567890' is set on object 'Object Repository/3. Checkout/Field_Phone'

2022-05-10 18:34:54 - [TEST_STEP][PASSED] - setText(findTestObject("3. Checkout/Field_City"), City): Text 'Jakarta' is set on object 'Object Repository/3. Checkout/Field_City'

2022-05-10 18:34:55 - [MESSAGE][PASSED] - Text 'Jakarta' is set on object 'Object Repository/3. Checkout/Field_City'

2022-05-10 18:34:55 - [TEST_STEP][PASSED] - setText(findTestObject("3. Checkout/Field_Address"), Address): Text 'Jalan Jend. Sudirman Kav 10' is set on object 'Object Repository/3. Checkout/Field_Address'

2022-05-10 18:34:56 - [MESSAGE][PASSED] - Text 'Jalan Jend. Sudirman Kav 10' is set on object 'Object Repository/3. Checkout/Field_Address'

2022-05-10 18:34:56 - [TEST_STEP][PASSED] - setText(findTestObject("3. Checkout/Field_PostalCode"), "12345qwe#!"): Text '12345qwe#!' is set on object 'Object Repository/3. Checkout/Field_PostalCode'

2022-05-10 18:34:56 - [MESSAGE][PASSED] - Text '12345qwe#!' is set on object 'Object Repository/3. Checkout/Field_PostalCode'

2022-05-10 18:34:56 - [TEST_STEP][PASSED] - click(findTestObject("3. Checkout/Button_Checkout")): Object: 'Object Repository/3. Checkout/Button_Checkout' is clicked on

2022-05-10 18:34:57 - [MESSAGE][PASSED] - Object: 'Object Repository/3. Checkout/Button_Checkout' is clicked on

2022-05-10 18:34:57 - [TEST_STEP][PASSED] - verifyElementVisible(findTestObject("3. Checkout/AlertMessage"), STOP_ON_FAILURE): Object 'Object Repository/3. Checkout/AlertMessage' is visible

2022-05-10 18:34:57 - [MESSAGE][PASSED] - Object 'Object Repository/3. Checkout/AlertMessage' is visible

2022-05-10 18:34:57 - [TEST_STEP][PASSED] - closeBrowser(): Browser is closed

2022-05-10 18:34:58 - [MESSAGE][PASSED] - Browser is closed]]></system-out>
         <system-err><![CDATA[]]></system-err>
      </testcase>
      <testcase name="Test Cases/SmallProject1_Version2/TC31_UserCheckout_WithoutInputData" time="7.581" classname="Test Cases/SmallProject1_Version2/TC31_UserCheckout_WithoutInputData" status="PASSED">
         <system-out><![CDATA[2022-05-10 18:34:58 - [TEST_CASE][PASSED] - Test Cases/SmallProject1_Version2/TC31_UserCheckout_WithoutInputData: Test Cases/SmallProject1_Version2/TC31_UserCheckout_WithoutInputData

2022-05-10 18:34:58 - [TEST_STEP][PASSED] - openBrowser(""): Browser is opened with url: ''

2022-05-10 18:34:58 - [MESSAGE][INFO] - Starting 'Chrome' driver

2022-05-10 18:34:58 - [MESSAGE][INFO] - Action delay is set to 0 milliseconds

2022-05-10 18:34:59 - [MESSAGE][PASSED] - Browser is opened with url: ''

2022-05-10 18:34:59 - [TEST_STEP][PASSED] - navigateToUrl("https://demo.midtrans.com/"): Navigate to 'https://demo.midtrans.com/' successfully

2022-05-10 18:35:00 - [MESSAGE][PASSED] - Navigate to 'https://demo.midtrans.com/' successfully

2022-05-10 18:35:00 - [TEST_STEP][PASSED] - maximizeWindow(): Current window maximized

2022-05-10 18:35:00 - [MESSAGE][PASSED] - Current window maximized

2022-05-10 18:35:00 - [TEST_STEP][PASSED] - click(findTestObject("3. Checkout/a_BUY NOW")): Object: 'Object Repository/3. Checkout/a_BUY NOW' is clicked on

2022-05-10 18:35:00 - [MESSAGE][PASSED] - Object: 'Object Repository/3. Checkout/a_BUY NOW' is clicked on

2022-05-10 18:35:00 - [TEST_STEP][PASSED] - setText(findTestObject("3. Checkout/Field_Name"), " "): Text ' ' is set on object 'Object Repository/3. Checkout/Field_Name'

2022-05-10 18:35:01 - [MESSAGE][PASSED] - Text ' ' is set on object 'Object Repository/3. Checkout/Field_Name'

2022-05-10 18:35:01 - [TEST_STEP][PASSED] - setText(findTestObject("3. Checkout/Field_Email"), " "): Text ' ' is set on object 'Object Repository/3. Checkout/Field_Email'

2022-05-10 18:35:02 - [MESSAGE][PASSED] - Text ' ' is set on object 'Object Repository/3. Checkout/Field_Email'

2022-05-10 18:35:02 - [TEST_STEP][PASSED] - setText(findTestObject("3. Checkout/Field_Phone"), " "): Text ' ' is set on object 'Object Repository/3. Checkout/Field_Phone'

2022-05-10 18:35:02 - [MESSAGE][PASSED] - Text ' ' is set on object 'Object Repository/3. Checkout/Field_Phone'

2022-05-10 18:35:02 - [TEST_STEP][PASSED] - setText(findTestObject("3. Checkout/Field_City"), " "): Text ' ' is set on object 'Object Repository/3. Checkout/Field_City'

2022-05-10 18:35:03 - [MESSAGE][PASSED] - Text ' ' is set on object 'Object Repository/3. Checkout/Field_City'

2022-05-10 18:35:03 - [TEST_STEP][PASSED] - setText(findTestObject("3. Checkout/Field_Address"), " "): Text ' ' is set on object 'Object Repository/3. Checkout/Field_Address'

2022-05-10 18:35:04 - [MESSAGE][PASSED] - Text ' ' is set on object 'Object Repository/3. Checkout/Field_Address'

2022-05-10 18:35:04 - [TEST_STEP][PASSED] - click(findTestObject("3. Checkout/Button_Checkout")): Object: 'Object Repository/3. Checkout/Button_Checkout' is clicked on

2022-05-10 18:35:04 - [MESSAGE][PASSED] - Object: 'Object Repository/3. Checkout/Button_Checkout' is clicked on

2022-05-10 18:35:04 - [TEST_STEP][PASSED] - verifyElementVisible(findTestObject("3. Checkout/AlertMessage")): Object 'Object Repository/3. Checkout/AlertMessage' is visible

2022-05-10 18:35:05 - [MESSAGE][PASSED] - Object 'Object Repository/3. Checkout/AlertMessage' is visible

2022-05-10 18:35:05 - [TEST_STEP][PASSED] - closeBrowser(): Browser is closed

2022-05-10 18:35:06 - [MESSAGE][PASSED] - Browser is closed]]></system-out>
         <system-err><![CDATA[]]></system-err>
      </testcase>
      <testcase name="Test Cases/SmallProject1_Version2/TC33_UserCancelCheckout" time="9.447" classname="Test Cases/SmallProject1_Version2/TC33_UserCancelCheckout" status="PASSED">
         <system-out><![CDATA[2022-05-10 18:35:06 - [TEST_CASE][PASSED] - Test Cases/SmallProject1_Version2/TC33_UserCancelCheckout: Test Cases/SmallProject1_Version2/TC33_UserCancelCheckout

2022-05-10 18:35:06 - [TEST_STEP][PASSED] - openBrowser(""): Browser is opened with url: ''

2022-05-10 18:35:06 - [MESSAGE][INFO] - Starting 'Chrome' driver

2022-05-10 18:35:06 - [MESSAGE][INFO] - Action delay is set to 0 milliseconds

2022-05-10 18:35:07 - [MESSAGE][PASSED] - Browser is opened with url: ''

2022-05-10 18:35:07 - [TEST_STEP][PASSED] - maximizeWindow(): Current window maximized

2022-05-10 18:35:07 - [MESSAGE][PASSED] - Current window maximized

2022-05-10 18:35:07 - [TEST_STEP][PASSED] - navigateToUrl("https://demo.midtrans.com/"): Navigate to 'https://demo.midtrans.com/' successfully

2022-05-10 18:35:08 - [MESSAGE][PASSED] - Navigate to 'https://demo.midtrans.com/' successfully

2022-05-10 18:35:08 - [TEST_STEP][PASSED] - click(findTestObject("3. Checkout/a_BUY NOW")): Object: 'Object Repository/3. Checkout/a_BUY NOW' is clicked on

2022-05-10 18:35:08 - [MESSAGE][PASSED] - Object: 'Object Repository/3. Checkout/a_BUY NOW' is clicked on

2022-05-10 18:35:08 - [TEST_STEP][PASSED] - verifyElementText(findTestObject("3. Checkout/Verify_ShoppingCart"), "Shopping Cart  "): Actual text and expected text of test object 'Object Repository/3. Checkout/Verify_ShoppingCart' are matched.

2022-05-10 18:35:09 - [MESSAGE][PASSED] - Actual text and expected text of test object 'Object Repository/3. Checkout/Verify_ShoppingCart' are matched.

2022-05-10 18:35:09 - [TEST_STEP][PASSED] - verifyElementText(findTestObject("3. Checkout/Verify_TotalAmount"), "20,000"): Actual text and expected text of test object 'Object Repository/3. Checkout/Verify_TotalAmount' are matched.

2022-05-10 18:35:09 - [MESSAGE][PASSED] - Actual text and expected text of test object 'Object Repository/3. Checkout/Verify_TotalAmount' are matched.

2022-05-10 18:35:09 - [TEST_STEP][PASSED] - verifyElementText(findTestObject("3. Checkout/Verify_CustomerDetail"), "Customer Details"): Actual text and expected text of test object 'Object Repository/3. Checkout/Verify_CustomerDetail' are matched.

2022-05-10 18:35:09 - [MESSAGE][PASSED] - Actual text and expected text of test object 'Object Repository/3. Checkout/Verify_CustomerDetail' are matched.

2022-05-10 18:35:09 - [TEST_STEP][PASSED] - setText(findTestObject("3. Checkout/Field_Name"), Name): Text 'Yulia' is set on object 'Object Repository/3. Checkout/Field_Name'

2022-05-10 18:35:10 - [MESSAGE][PASSED] - Text 'Yulia' is set on object 'Object Repository/3. Checkout/Field_Name'

2022-05-10 18:35:10 - [TEST_STEP][PASSED] - setText(findTestObject("3. Checkout/Field_Email"), Email): Text 'yulia@email.com' is set on object 'Object Repository/3. Checkout/Field_Email'

2022-05-10 18:35:11 - [MESSAGE][PASSED] - Text 'yulia@email.com' is set on object 'Object Repository/3. Checkout/Field_Email'

2022-05-10 18:35:11 - [TEST_STEP][PASSED] - setText(findTestObject("3. Checkout/Field_Phone"), Phone): Text '081234567890' is set on object 'Object Repository/3. Checkout/Field_Phone'

2022-05-10 18:35:11 - [MESSAGE][PASSED] - Text '081234567890' is set on object 'Object Repository/3. Checkout/Field_Phone'

2022-05-10 18:35:11 - [TEST_STEP][PASSED] - setText(findTestObject("3. Checkout/Field_City"), City): Text 'Jakarta' is set on object 'Object Repository/3. Checkout/Field_City'

2022-05-10 18:35:12 - [MESSAGE][PASSED] - Text 'Jakarta' is set on object 'Object Repository/3. Checkout/Field_City'

2022-05-10 18:35:12 - [TEST_STEP][PASSED] - setText(findTestObject("3. Checkout/Field_Address"), Address): Text 'Jalan Jend. Sudirman Kav 10' is set on object 'Object Repository/3. Checkout/Field_Address'

2022-05-10 18:35:13 - [MESSAGE][PASSED] - Text 'Jalan Jend. Sudirman Kav 10' is set on object 'Object Repository/3. Checkout/Field_Address'

2022-05-10 18:35:13 - [TEST_STEP][PASSED] - setText(findTestObject("3. Checkout/Field_PostalCode"), PostalCode): Text '12345' is set on object 'Object Repository/3. Checkout/Field_PostalCode'

2022-05-10 18:35:13 - [MESSAGE][PASSED] - Text '12345' is set on object 'Object Repository/3. Checkout/Field_PostalCode'

2022-05-10 18:35:13 - [TEST_STEP][PASSED] - click(findTestObject("3. Checkout/Button_Cancel")): Object: 'Object Repository/3. Checkout/Button_Cancel' is clicked on

2022-05-10 18:35:14 - [MESSAGE][PASSED] - Object: 'Object Repository/3. Checkout/Button_Cancel' is clicked on

2022-05-10 18:35:14 - [TEST_STEP][PASSED] - verifyElementVisible(findTestObject("1. Homepage/Header_MidtransPillow_Homepage")): Object 'Object Repository/1. Homepage/Header_MidtransPillow_Homepage' is visible

2022-05-10 18:35:14 - [MESSAGE][PASSED] - Object 'Object Repository/1. Homepage/Header_MidtransPillow_Homepage' is visible

2022-05-10 18:35:14 - [TEST_STEP][PASSED] - closeBrowser(): Browser is closed

2022-05-10 18:35:15 - [MESSAGE][PASSED] - Browser is closed]]></system-out>
         <system-err><![CDATA[]]></system-err>
      </testcase>
      <testcase name="Test Cases/SmallProject1_Version2/TC32_UserSuccessCheckout" time="11.331" classname="Test Cases/SmallProject1_Version2/TC32_UserSuccessCheckout" status="PASSED">
         <system-out><![CDATA[2022-05-10 18:35:15 - [TEST_CASE][PASSED] - Test Cases/SmallProject1_Version2/TC32_UserSuccessCheckout: Test Cases/SmallProject1_Version2/TC32_UserSuccessCheckout

2022-05-10 18:35:15 - [TEST_STEP][PASSED] - openBrowser(""): Browser is opened with url: ''

2022-05-10 18:35:15 - [MESSAGE][INFO] - Starting 'Chrome' driver

2022-05-10 18:35:15 - [MESSAGE][INFO] - Action delay is set to 0 milliseconds

2022-05-10 18:35:16 - [MESSAGE][PASSED] - Browser is opened with url: ''

2022-05-10 18:35:16 - [TEST_STEP][PASSED] - maximizeWindow(): Current window maximized

2022-05-10 18:35:17 - [MESSAGE][PASSED] - Current window maximized

2022-05-10 18:35:17 - [TEST_STEP][PASSED] - navigateToUrl("https://demo.midtrans.com/"): Navigate to 'https://demo.midtrans.com/' successfully

2022-05-10 18:35:17 - [MESSAGE][PASSED] - Navigate to 'https://demo.midtrans.com/' successfully

2022-05-10 18:35:17 - [TEST_STEP][PASSED] - click(findTestObject("3. Checkout/a_BUY NOW")): Object: 'Object Repository/3. Checkout/a_BUY NOW' is clicked on

2022-05-10 18:35:18 - [MESSAGE][PASSED] - Object: 'Object Repository/3. Checkout/a_BUY NOW' is clicked on

2022-05-10 18:35:18 - [TEST_STEP][PASSED] - verifyElementVisibleInViewport(findTestObject("3. Checkout/Verify_ShoppingCart"), 0): Object 'Object Repository/3. Checkout/Verify_ShoppingCart' is present and visible in viewport

2022-05-10 18:35:18 - [MESSAGE][WARNING] - Timeout '0' is invalid. Using default page load timeout: '30'

2022-05-10 18:35:18 - [MESSAGE][PASSED] - Object 'Object Repository/3. Checkout/Verify_ShoppingCart' is present and visible in viewport

2022-05-10 18:35:18 - [TEST_STEP][PASSED] - verifyElementText(findTestObject("3. Checkout/Verify_TotalAmount"), "20,000"): Actual text and expected text of test object 'Object Repository/3. Checkout/Verify_TotalAmount' are matched.

2022-05-10 18:35:19 - [MESSAGE][PASSED] - Actual text and expected text of test object 'Object Repository/3. Checkout/Verify_TotalAmount' are matched.

2022-05-10 18:35:19 - [TEST_STEP][PASSED] - verifyElementText(findTestObject("3. Checkout/Verify_CustomerDetail"), "Customer Details"): Actual text and expected text of test object 'Object Repository/3. Checkout/Verify_CustomerDetail' are matched.

2022-05-10 18:35:19 - [MESSAGE][PASSED] - Actual text and expected text of test object 'Object Repository/3. Checkout/Verify_CustomerDetail' are matched.

2022-05-10 18:35:19 - [TEST_STEP][PASSED] - setText(findTestObject("3. Checkout/Field_Name"), Name): Text 'Yulia' is set on object 'Object Repository/3. Checkout/Field_Name'

2022-05-10 18:35:19 - [MESSAGE][PASSED] - Text 'Yulia' is set on object 'Object Repository/3. Checkout/Field_Name'

2022-05-10 18:35:19 - [TEST_STEP][PASSED] - setText(findTestObject("3. Checkout/Field_Email"), Email): Text 'yulia@email.com' is set on object 'Object Repository/3. Checkout/Field_Email'

2022-05-10 18:35:20 - [MESSAGE][PASSED] - Text 'yulia@email.com' is set on object 'Object Repository/3. Checkout/Field_Email'

2022-05-10 18:35:20 - [TEST_STEP][PASSED] - setText(findTestObject("3. Checkout/Field_Phone"), Phone): Text '081234567890' is set on object 'Object Repository/3. Checkout/Field_Phone'

2022-05-10 18:35:21 - [MESSAGE][PASSED] - Text '081234567890' is set on object 'Object Repository/3. Checkout/Field_Phone'

2022-05-10 18:35:21 - [TEST_STEP][PASSED] - setText(findTestObject("3. Checkout/Field_City"), City): Text 'Jakarta' is set on object 'Object Repository/3. Checkout/Field_City'

2022-05-10 18:35:22 - [MESSAGE][PASSED] - Text 'Jakarta' is set on object 'Object Repository/3. Checkout/Field_City'

2022-05-10 18:35:22 - [TEST_STEP][PASSED] - setText(findTestObject("3. Checkout/Field_Address"), Address): Text 'Jalan Jend. Sudirman Kav 10' is set on object 'Object Repository/3. Checkout/Field_Address'

2022-05-10 18:35:22 - [MESSAGE][PASSED] - Text 'Jalan Jend. Sudirman Kav 10' is set on object 'Object Repository/3. Checkout/Field_Address'

2022-05-10 18:35:22 - [TEST_STEP][PASSED] - setText(findTestObject("3. Checkout/Field_PostalCode"), PostalCode): Text '12345' is set on object 'Object Repository/3. Checkout/Field_PostalCode'

2022-05-10 18:35:23 - [MESSAGE][PASSED] - Text '12345' is set on object 'Object Repository/3. Checkout/Field_PostalCode'

2022-05-10 18:35:23 - [TEST_STEP][PASSED] - click(findTestObject("3. Checkout/Button_Checkout")): Object: 'Object Repository/3. Checkout/Button_Checkout' is clicked on

2022-05-10 18:35:23 - [MESSAGE][PASSED] - Object: 'Object Repository/3. Checkout/Button_Checkout' is clicked on

2022-05-10 18:35:23 - [TEST_STEP][PASSED] - delay(1): Delayed 1 second(s)

2022-05-10 18:35:24 - [MESSAGE][PASSED] - Delayed 1 second(s)

2022-05-10 18:35:24 - [TEST_STEP][PASSED] - takeFullPageScreenshot(): Taking screenshot successfully

2022-05-10 18:35:25 - [MESSAGE][INFO] - 0 hidden object(s)

2022-05-10 18:35:25 - [MESSAGE][PASSED] - Taking screenshot successfully
[[ATTACHMENT|C:\\Users\\220005\\Katalon Studio\\SmallProject1_Yulia\\Reports\\20220510_183349\\TS03 - Checkout\\20220510_183349\\1652182524823.png]]

2022-05-10 18:35:25 - [TEST_STEP][PASSED] - verifyElementVisible(findTestObject("5. PopUp Detail/Time_PayWithin"), STOP_ON_FAILURE): Object 'Object Repository/5. PopUp Detail/Time_PayWithin' is visible

2022-05-10 18:35:26 - [MESSAGE][PASSED] - Object 'Object Repository/5. PopUp Detail/Time_PayWithin' is visible

2022-05-10 18:35:26 - [TEST_STEP][PASSED] - verifyElementVisible(findTestObject("5. PopUp Detail/Verify_OrderID_PopUp")): Object 'Object Repository/5. PopUp Detail/Verify_OrderID_PopUp' is visible

2022-05-10 18:35:26 - [MESSAGE][PASSED] - Object 'Object Repository/5. PopUp Detail/Verify_OrderID_PopUp' is visible

2022-05-10 18:35:26 - [TEST_STEP][PASSED] - verifyElementVisible(findTestObject("3. Checkout/Verify_MethodList")): Object 'Object Repository/3. Checkout/Verify_MethodList' is visible

2022-05-10 18:35:26 - [MESSAGE][PASSED] - Object 'Object Repository/3. Checkout/Verify_MethodList' is visible]]></system-out>
         <system-err><![CDATA[]]></system-err>
      </testcase>
      <system-out><![CDATA[2022-05-10 18:34:00 - [TEST_SUITE][FAILED] - TS03 - Checkout: Test Cases/SmallProject1_Version2/TC14_UserCheckout_WithInvalidPhoneNumber FAILED.
Reason:
com.kms.katalon.core.exception.StepFailedException: Unable to verify object 'Object Repository/3. Checkout/AlertMessage' is visible
	at com.kms.katalon.core.webui.keyword.internal.WebUIKeywordMain.stepFailed(WebUIKeywordMain.groovy:64)
	at com.kms.katalon.core.webui.keyword.internal.WebUIKeywordMain.runKeyword(WebUIKeywordMain.groovy:26)
	at com.kms.katalon.core.webui.keyword.builtin.VerifyElementVisibleKeyword.verifyElementVisible(VerifyElementVisibleKeyword.groovy:97)
	at com.kms.katalon.core.webui.keyword.builtin.VerifyElementVisibleKeyword.execute(VerifyElementVisibleKeyword.groovy:67)
	at com.kms.katalon.core.keyword.internal.KeywordExecutor.executeKeywordForPlatform(KeywordExecutor.groovy:74)
	at com.kms.katalon.core.webui.keyword.WebUiBuiltInKeywords.verifyElementVisible(WebUiBuiltInKeywords.groovy:362)
	at com.kms.katalon.core.webui.keyword.WebUiBuiltInKeywords$verifyElementVisible$4.call(Unknown Source)
	at TC14_UserCheckout_WithInvalidPhoneNumber.run(TC14_UserCheckout_WithInvalidPhoneNumber:42)
	at com.kms.katalon.core.main.ScriptEngine.run(ScriptEngine.java:194)
	at com.kms.katalon.core.main.ScriptEngine.runScriptAsRawText(ScriptEngine.java:119)
	at com.kms.katalon.core.main.TestCaseExecutor.runScript(TestCaseExecutor.java:442)
	at com.kms.katalon.core.main.TestCaseExecutor.doExecute(TestCaseExecutor.java:433)
	at com.kms.katalon.core.main.TestCaseExecutor.processExecutionPhase(TestCaseExecutor.java:412)
	at com.kms.katalon.core.main.TestCaseExecutor.accessMainPhase(TestCaseExecutor.java:404)
	at com.kms.katalon.core.main.TestCaseExecutor.execute(TestCaseExecutor.java:281)
	at com.kms.katalon.core.main.TestSuiteExecutor.accessTestCaseMainPhase(TestSuiteExecutor.java:202)
	at com.kms.katalon.core.main.TestSuiteExecutor.accessTestSuiteMainPhase(TestSuiteExecutor.java:164)
	at com.kms.katalon.core.main.TestSuiteExecutor.execute(TestSuiteExecutor.java:105)
	at com.kms.katalon.core.main.TestCaseMain.startTestSuite(TestCaseMain.java:185)
	at com.kms.katalon.core.main.TestCaseMain$startTestSuite$0.call(Unknown Source)
	at TempTestSuite1652182429733.run(TempTestSuite1652182429733.groovy:36)
Caused by: com.kms.katalon.core.exception.StepFailedException: Web element with id: 'Object Repository/3. Checkout/AlertMessage' located by '//*[@id="container"]/div/div/div[1]/div[2]/div/div[2]/div' not found
	at com.kms.katalon.core.webui.keyword.internal.WebUIKeywordMain.stepFailed(WebUIKeywordMain.groovy:64)
	at com.kms.katalon.core.webui.keyword.builtin.VerifyElementVisibleKeyword$_verifyElementVisible_closure1.doCall(VerifyElementVisibleKeyword.groovy:89)
	at com.kms.katalon.core.webui.keyword.builtin.VerifyElementVisibleKeyword$_verifyElementVisible_closure1.call(VerifyElementVisibleKeyword.groovy)
	at com.kms.katalon.core.webui.keyword.internal.WebUIKeywordMain.runKeyword(WebUIKeywordMain.groovy:20)
	... 19 more]]></system-out>
      <system-err><![CDATA[2022-05-10 18:34:00 - [TEST_SUITE][FAILED] - TS03 - Checkout: Test Cases/SmallProject1_Version2/TC14_UserCheckout_WithInvalidPhoneNumber FAILED.
Reason:
com.kms.katalon.core.exception.StepFailedException: Unable to verify object 'Object Repository/3. Checkout/AlertMessage' is visible
	at com.kms.katalon.core.webui.keyword.internal.WebUIKeywordMain.stepFailed(WebUIKeywordMain.groovy:64)
	at com.kms.katalon.core.webui.keyword.internal.WebUIKeywordMain.runKeyword(WebUIKeywordMain.groovy:26)
	at com.kms.katalon.core.webui.keyword.builtin.VerifyElementVisibleKeyword.verifyElementVisible(VerifyElementVisibleKeyword.groovy:97)
	at com.kms.katalon.core.webui.keyword.builtin.VerifyElementVisibleKeyword.execute(VerifyElementVisibleKeyword.groovy:67)
	at com.kms.katalon.core.keyword.internal.KeywordExecutor.executeKeywordForPlatform(KeywordExecutor.groovy:74)
	at com.kms.katalon.core.webui.keyword.WebUiBuiltInKeywords.verifyElementVisible(WebUiBuiltInKeywords.groovy:362)
	at com.kms.katalon.core.webui.keyword.WebUiBuiltInKeywords$verifyElementVisible$4.call(Unknown Source)
	at TC14_UserCheckout_WithInvalidPhoneNumber.run(TC14_UserCheckout_WithInvalidPhoneNumber:42)
	at com.kms.katalon.core.main.ScriptEngine.run(ScriptEngine.java:194)
	at com.kms.katalon.core.main.ScriptEngine.runScriptAsRawText(ScriptEngine.java:119)
	at com.kms.katalon.core.main.TestCaseExecutor.runScript(TestCaseExecutor.java:442)
	at com.kms.katalon.core.main.TestCaseExecutor.doExecute(TestCaseExecutor.java:433)
	at com.kms.katalon.core.main.TestCaseExecutor.processExecutionPhase(TestCaseExecutor.java:412)
	at com.kms.katalon.core.main.TestCaseExecutor.accessMainPhase(TestCaseExecutor.java:404)
	at com.kms.katalon.core.main.TestCaseExecutor.execute(TestCaseExecutor.java:281)
	at com.kms.katalon.core.main.TestSuiteExecutor.accessTestCaseMainPhase(TestSuiteExecutor.java:202)
	at com.kms.katalon.core.main.TestSuiteExecutor.accessTestSuiteMainPhase(TestSuiteExecutor.java:164)
	at com.kms.katalon.core.main.TestSuiteExecutor.execute(TestSuiteExecutor.java:105)
	at com.kms.katalon.core.main.TestCaseMain.startTestSuite(TestCaseMain.java:185)
	at com.kms.katalon.core.main.TestCaseMain$startTestSuite$0.call(Unknown Source)
	at TempTestSuite1652182429733.run(TempTestSuite1652182429733.groovy:36)
Caused by: com.kms.katalon.core.exception.StepFailedException: Web element with id: 'Object Repository/3. Checkout/AlertMessage' located by '//*[@id="container"]/div/div/div[1]/div[2]/div/div[2]/div' not found
	at com.kms.katalon.core.webui.keyword.internal.WebUIKeywordMain.stepFailed(WebUIKeywordMain.groovy:64)
	at com.kms.katalon.core.webui.keyword.builtin.VerifyElementVisibleKeyword$_verifyElementVisible_closure1.doCall(VerifyElementVisibleKeyword.groovy:89)
	at com.kms.katalon.core.webui.keyword.builtin.VerifyElementVisibleKeyword$_verifyElementVisible_closure1.call(VerifyElementVisibleKeyword.groovy)
	at com.kms.katalon.core.webui.keyword.internal.WebUIKeywordMain.runKeyword(WebUIKeywordMain.groovy:20)
	... 19 more]]></system-err>
   </testsuite>
</testsuites>
